Epoch: 001/200   | Learning Rate 0.001000
Train Auc.: 0.4730 | Test Auc.: 0.4588
Train Loss.: 0.2508 | Test Loss.: 0.2509
Train Acc.: 0.4891 | Test Acc.: 0.4927
Epoch: 002/200   | Learning Rate 0.001000
Train Auc.: 0.9305 | Test Auc.: 0.9280
Train Loss.: 0.3653 | Test Loss.: 0.3642
Train Acc.: 0.4995 | Test Acc.: 0.5019
Epoch: 003/200   | Learning Rate 0.001000
Train Auc.: 0.2359 | Test Auc.: 0.2312
Train Loss.: 0.3352 | Test Loss.: 0.3366
Train Acc.: 0.5005 | Test Acc.: 0.4981
Epoch: 004/200   | Learning Rate 0.001000
Train Auc.: 0.8659 | Test Auc.: 0.8655
Train Loss.: 0.2195 | Test Loss.: 0.2192
Train Acc.: 0.7860 | Test Acc.: 0.7857
Epoch: 005/200   | Learning Rate 0.001000
Train Auc.: 0.8968 | Test Auc.: 0.8976
Train Loss.: 0.2442 | Test Loss.: 0.2435
Train Acc.: 0.4995 | Test Acc.: 0.5019
Epoch: 006/200   | Learning Rate 0.001000
Train Auc.: 0.8846 | Test Auc.: 0.8858
Train Loss.: 0.2140 | Test Loss.: 0.2137
Train Acc.: 0.5555 | Test Acc.: 0.5559
Epoch: 007/200   | Learning Rate 0.001000
Train Auc.: 0.8385 | Test Auc.: 0.8381
Train Loss.: 0.2097 | Test Loss.: 0.2095
Train Acc.: 0.7335 | Test Acc.: 0.7353
Epoch: 008/200   | Learning Rate 0.001000
Train Auc.: 0.8259 | Test Auc.: 0.8215
Train Loss.: 0.2135 | Test Loss.: 0.2141
Train Acc.: 0.6574 | Test Acc.: 0.6607
Epoch: 009/200   | Learning Rate 0.001000
Train Auc.: 0.8441 | Test Auc.: 0.8406
Train Loss.: 0.1869 | Test Loss.: 0.1873
Train Acc.: 0.7794 | Test Acc.: 0.7755
Epoch: 010/200   | Learning Rate 0.001000
Train Auc.: 0.8620 | Test Auc.: 0.8644
Train Loss.: 0.1896 | Test Loss.: 0.1886
Train Acc.: 0.7081 | Test Acc.: 0.7105
Epoch: 011/200   | Learning Rate 0.001000
Train Auc.: 0.8537 | Test Auc.: 0.8552
Train Loss.: 0.1857 | Test Loss.: 0.1851
Train Acc.: 0.7261 | Test Acc.: 0.7291
Epoch: 012/200   | Learning Rate 0.001000
Train Auc.: 0.8452 | Test Auc.: 0.8420
Train Loss.: 0.1719 | Test Loss.: 0.1733
Train Acc.: 0.7731 | Test Acc.: 0.7667
Epoch: 013/200   | Learning Rate 0.001000
Train Auc.: 0.8510 | Test Auc.: 0.8486
Train Loss.: 0.1678 | Test Loss.: 0.1699
Train Acc.: 0.7764 | Test Acc.: 0.7669
Epoch: 014/200   | Learning Rate 0.001000
Train Auc.: 0.8749 | Test Auc.: 0.8690
Train Loss.: 0.1500 | Test Loss.: 0.1533
Train Acc.: 0.7937 | Test Acc.: 0.7924
Epoch: 015/200   | Learning Rate 0.001000
Train Auc.: 0.8876 | Test Auc.: 0.8859
Train Loss.: 0.1512 | Test Loss.: 0.1525
Train Acc.: 0.7914 | Test Acc.: 0.7913
Epoch: 016/200   | Learning Rate 0.001000
Train Auc.: 0.8945 | Test Auc.: 0.8953
Train Loss.: 0.1318 | Test Loss.: 0.1326
Train Acc.: 0.8187 | Test Acc.: 0.8135
Epoch: 017/200   | Learning Rate 0.001000
Train Auc.: 0.8989 | Test Auc.: 0.8964
Train Loss.: 0.1323 | Test Loss.: 0.1334
Train Acc.: 0.8147 | Test Acc.: 0.8130
Epoch: 018/200   | Learning Rate 0.001000
Train Auc.: 0.9005 | Test Auc.: 0.8996
Train Loss.: 0.1281 | Test Loss.: 0.1286
Train Acc.: 0.8203 | Test Acc.: 0.8207
Epoch: 019/200   | Learning Rate 0.001000
Train Auc.: 0.9184 | Test Auc.: 0.9142
Train Loss.: 0.1160 | Test Loss.: 0.1188
Train Acc.: 0.8376 | Test Acc.: 0.8346
Epoch: 020/200   | Learning Rate 0.001000
Train Auc.: 0.9244 | Test Auc.: 0.9202
Train Loss.: 0.1202 | Test Loss.: 0.1232
Train Acc.: 0.8351 | Test Acc.: 0.8265
Epoch: 021/200   | Learning Rate 0.001000
Train Auc.: 0.9311 | Test Auc.: 0.9279
Train Loss.: 0.1060 | Test Loss.: 0.1085
Train Acc.: 0.8505 | Test Acc.: 0.8443
Epoch: 022/200   | Learning Rate 0.001000
Train Auc.: 0.9359 | Test Auc.: 0.9335
Train Loss.: 0.1047 | Test Loss.: 0.1066
Train Acc.: 0.8522 | Test Acc.: 0.8449
Epoch: 023/200   | Learning Rate 0.001000
Train Auc.: 0.9404 | Test Auc.: 0.9378
Train Loss.: 0.0958 | Test Loss.: 0.0976
Train Acc.: 0.8664 | Test Acc.: 0.8663
Epoch: 024/200   | Learning Rate 0.001000
Train Auc.: 0.9369 | Test Auc.: 0.9357
Train Loss.: 0.1095 | Test Loss.: 0.1107
Train Acc.: 0.8468 | Test Acc.: 0.8461
Epoch: 025/200   | Learning Rate 0.001000
Train Auc.: 0.9359 | Test Auc.: 0.9311
Train Loss.: 0.0993 | Test Loss.: 0.1028
Train Acc.: 0.8617 | Test Acc.: 0.8551
Epoch: 026/200   | Learning Rate 0.001000
Train Auc.: 0.9340 | Test Auc.: 0.9296
Train Loss.: 0.1102 | Test Loss.: 0.1137
Train Acc.: 0.8480 | Test Acc.: 0.8418
Epoch: 027/200   | Learning Rate 0.001000
Train Auc.: 0.9355 | Test Auc.: 0.9315
Train Loss.: 0.1007 | Test Loss.: 0.1032
Train Acc.: 0.8580 | Test Acc.: 0.8563
Epoch: 028/200   | Learning Rate 0.001000
Train Auc.: 0.9353 | Test Auc.: 0.9318
Train Loss.: 0.1071 | Test Loss.: 0.1098
Train Acc.: 0.8511 | Test Acc.: 0.8484
Epoch: 029/200   | Learning Rate 0.001000
Train Auc.: 0.9335 | Test Auc.: 0.9305
Train Loss.: 0.1076 | Test Loss.: 0.1107
Train Acc.: 0.8514 | Test Acc.: 0.8440
Epoch: 030/200   | Learning Rate 0.001000
Train Auc.: 0.9309 | Test Auc.: 0.9259
Train Loss.: 0.1066 | Test Loss.: 0.1097
Train Acc.: 0.8499 | Test Acc.: 0.8486
Epoch: 031/200   | Learning Rate 0.001000
Train Auc.: 0.9333 | Test Auc.: 0.9312
Train Loss.: 0.1055 | Test Loss.: 0.1073
Train Acc.: 0.8553 | Test Acc.: 0.8522
Epoch: 032/200   | Learning Rate 0.001000
Train Auc.: 0.9360 | Test Auc.: 0.9343
Train Loss.: 0.1002 | Test Loss.: 0.1014
Train Acc.: 0.8607 | Test Acc.: 0.8586
Epoch: 033/200   | Learning Rate 0.001000
Train Auc.: 0.9399 | Test Auc.: 0.9384
Train Loss.: 0.0964 | Test Loss.: 0.0973
Train Acc.: 0.8658 | Test Acc.: 0.8639
Epoch: 034/200   | Learning Rate 0.001000
Train Auc.: 0.9416 | Test Auc.: 0.9385
Train Loss.: 0.0988 | Test Loss.: 0.1009
Train Acc.: 0.8619 | Test Acc.: 0.8593
Epoch: 035/200   | Learning Rate 0.001000
Train Auc.: 0.9366 | Test Auc.: 0.9328
Train Loss.: 0.1014 | Test Loss.: 0.1045
Train Acc.: 0.8590 | Test Acc.: 0.8522
Epoch: 036/200   | Learning Rate 0.001000
Train Auc.: 0.9385 | Test Auc.: 0.9355
Train Loss.: 0.0971 | Test Loss.: 0.0994
Train Acc.: 0.8648 | Test Acc.: 0.8621
Epoch: 037/200   | Learning Rate 0.001000
Train Auc.: 0.9387 | Test Auc.: 0.9367
Train Loss.: 0.1043 | Test Loss.: 0.1062
Train Acc.: 0.8529 | Test Acc.: 0.8530
Epoch: 038/200   | Learning Rate 0.001000
Train Auc.: 0.9370 | Test Auc.: 0.9343
Train Loss.: 0.0987 | Test Loss.: 0.1000
Train Acc.: 0.8621 | Test Acc.: 0.8589
Epoch: 039/200   | Learning Rate 0.001000
Train Auc.: 0.9396 | Test Auc.: 0.9354
Train Loss.: 0.0965 | Test Loss.: 0.1000
Train Acc.: 0.8664 | Test Acc.: 0.8606
Epoch: 040/200   | Learning Rate 0.001000
Train Auc.: 0.9362 | Test Auc.: 0.9348
Train Loss.: 0.1098 | Test Loss.: 0.1105
Train Acc.: 0.8469 | Test Acc.: 0.8463
Epoch: 041/200   | Learning Rate 0.001000
Train Auc.: 0.9405 | Test Auc.: 0.9379
Train Loss.: 0.0955 | Test Loss.: 0.0980
Train Acc.: 0.8691 | Test Acc.: 0.8630
Epoch: 042/200   | Learning Rate 0.001000
Train Auc.: 0.9380 | Test Auc.: 0.9353
Train Loss.: 0.1026 | Test Loss.: 0.1042
Train Acc.: 0.8551 | Test Acc.: 0.8528
Epoch: 043/200   | Learning Rate 0.001000
Train Auc.: 0.9362 | Test Auc.: 0.9338
Train Loss.: 0.1010 | Test Loss.: 0.1028
Train Acc.: 0.8573 | Test Acc.: 0.8550
Epoch: 044/200   | Learning Rate 0.001000
Train Auc.: 0.9390 | Test Auc.: 0.9384
Train Loss.: 0.0971 | Test Loss.: 0.0973
Train Acc.: 0.8659 | Test Acc.: 0.8672
Epoch: 045/200   | Learning Rate 0.001000
Train Auc.: 0.9392 | Test Auc.: 0.9363
Train Loss.: 0.1001 | Test Loss.: 0.1024
Train Acc.: 0.8623 | Test Acc.: 0.8540
Epoch: 046/200   | Learning Rate 0.001000
Train Auc.: 0.9401 | Test Auc.: 0.9369
Train Loss.: 0.1010 | Test Loss.: 0.1032
Train Acc.: 0.8608 | Test Acc.: 0.8560
Epoch: 047/200   | Learning Rate 0.001000
Train Auc.: 0.9382 | Test Auc.: 0.9345
Train Loss.: 0.0986 | Test Loss.: 0.1015
Train Acc.: 0.8630 | Test Acc.: 0.8545
Epoch: 048/200   | Learning Rate 0.001000
Train Auc.: 0.9383 | Test Auc.: 0.9343
Train Loss.: 0.1048 | Test Loss.: 0.1067
Train Acc.: 0.8489 | Test Acc.: 0.8476
Epoch: 049/200   | Learning Rate 0.001000
Train Auc.: 0.9423 | Test Auc.: 0.9376
Train Loss.: 0.0974 | Test Loss.: 0.1011
Train Acc.: 0.8632 | Test Acc.: 0.8601
Epoch: 050/200   | Learning Rate 0.001000
Train Auc.: 0.9406 | Test Auc.: 0.9408
Train Loss.: 0.0960 | Test Loss.: 0.0959
Train Acc.: 0.8659 | Test Acc.: 0.8678
Epoch: 051/200   | Learning Rate 0.001000
Train Auc.: 0.9374 | Test Auc.: 0.9339
Train Loss.: 0.1061 | Test Loss.: 0.1085
Train Acc.: 0.8501 | Test Acc.: 0.8486
Epoch: 052/200   | Learning Rate 0.001000
Train Auc.: 0.9426 | Test Auc.: 0.9395
Train Loss.: 0.0983 | Test Loss.: 0.1009
Train Acc.: 0.8627 | Test Acc.: 0.8588
Epoch: 053/200   | Learning Rate 0.001000
Train Auc.: 0.9384 | Test Auc.: 0.9372
Train Loss.: 0.0983 | Test Loss.: 0.0988
Train Acc.: 0.8647 | Test Acc.: 0.8642
Epoch: 054/200   | Learning Rate 0.001000
Train Auc.: 0.9418 | Test Auc.: 0.9389
Train Loss.: 0.0962 | Test Loss.: 0.0977
Train Acc.: 0.8634 | Test Acc.: 0.8626
Epoch: 055/200   | Learning Rate 0.001000
Train Auc.: 0.9397 | Test Auc.: 0.9363
Train Loss.: 0.0976 | Test Loss.: 0.0999
Train Acc.: 0.8634 | Test Acc.: 0.8556
Epoch: 056/200   | Learning Rate 0.001000
Train Auc.: 0.9385 | Test Auc.: 0.9352
Train Loss.: 0.1003 | Test Loss.: 0.1028
Train Acc.: 0.8600 | Test Acc.: 0.8522
Epoch: 057/200   | Learning Rate 0.001000
Train Auc.: 0.9417 | Test Auc.: 0.9389
Train Loss.: 0.0969 | Test Loss.: 0.0990
Train Acc.: 0.8651 | Test Acc.: 0.8624
Epoch: 058/200   | Learning Rate 0.001000
Train Auc.: 0.9391 | Test Auc.: 0.9371
Train Loss.: 0.0974 | Test Loss.: 0.0983
Train Acc.: 0.8644 | Test Acc.: 0.8634
Epoch: 059/200   | Learning Rate 0.001000
Train Auc.: 0.9418 | Test Auc.: 0.9393
Train Loss.: 0.0967 | Test Loss.: 0.0976
Train Acc.: 0.8644 | Test Acc.: 0.8637
Epoch: 060/200   | Learning Rate 0.001000
Train Auc.: 0.9394 | Test Auc.: 0.9389
Train Loss.: 0.0984 | Test Loss.: 0.0986
Train Acc.: 0.8628 | Test Acc.: 0.8627
Epoch: 061/200   | Learning Rate 0.001000
Train Auc.: 0.9420 | Test Auc.: 0.9400
Train Loss.: 0.0943 | Test Loss.: 0.0957
Train Acc.: 0.8697 | Test Acc.: 0.8685
Epoch: 062/200   | Learning Rate 0.001000
Train Auc.: 0.9367 | Test Auc.: 0.9344
Train Loss.: 0.0994 | Test Loss.: 0.1003
Train Acc.: 0.8614 | Test Acc.: 0.8619
Epoch: 063/200   | Learning Rate 0.001000
Train Auc.: 0.9391 | Test Auc.: 0.9334
Train Loss.: 0.0984 | Test Loss.: 0.1022
Train Acc.: 0.8621 | Test Acc.: 0.8570
Epoch: 064/200   | Learning Rate 0.001000
Train Auc.: 0.9414 | Test Auc.: 0.9396
Train Loss.: 0.0957 | Test Loss.: 0.0964
Train Acc.: 0.8693 | Test Acc.: 0.8657
Epoch: 065/200   | Learning Rate 0.001000
Train Auc.: 0.9399 | Test Auc.: 0.9373
Train Loss.: 0.0962 | Test Loss.: 0.0986
Train Acc.: 0.8679 | Test Acc.: 0.8617
Epoch: 066/200   | Learning Rate 0.001000
Train Auc.: 0.9436 | Test Auc.: 0.9421
Train Loss.: 0.0938 | Test Loss.: 0.0945
Train Acc.: 0.8692 | Test Acc.: 0.8680
Epoch: 067/200   | Learning Rate 0.001000
Train Auc.: 0.9432 | Test Auc.: 0.9413
Train Loss.: 0.0962 | Test Loss.: 0.0978
Train Acc.: 0.8673 | Test Acc.: 0.8667
Epoch: 068/200   | Learning Rate 0.001000
Train Auc.: 0.9434 | Test Auc.: 0.9415
Train Loss.: 0.0958 | Test Loss.: 0.0972
Train Acc.: 0.8676 | Test Acc.: 0.8649
Epoch: 069/200   | Learning Rate 0.001000
Train Auc.: 0.9411 | Test Auc.: 0.9389
Train Loss.: 0.0966 | Test Loss.: 0.0989
Train Acc.: 0.8670 | Test Acc.: 0.8604
Epoch: 070/200   | Learning Rate 0.001000
Train Auc.: 0.9427 | Test Auc.: 0.9393
Train Loss.: 0.0951 | Test Loss.: 0.0978
Train Acc.: 0.8669 | Test Acc.: 0.8609
Epoch: 071/200   | Learning Rate 0.001000
Train Auc.: 0.9421 | Test Auc.: 0.9395
Train Loss.: 0.0977 | Test Loss.: 0.1001
Train Acc.: 0.8623 | Test Acc.: 0.8586
Epoch: 072/200   | Learning Rate 0.001000
Train Auc.: 0.9424 | Test Auc.: 0.9407
Train Loss.: 0.0952 | Test Loss.: 0.0964
Train Acc.: 0.8665 | Test Acc.: 0.8686
Epoch: 073/200   | Learning Rate 0.001000
Train Auc.: 0.9439 | Test Auc.: 0.9423
Train Loss.: 0.0930 | Test Loss.: 0.0945
Train Acc.: 0.8704 | Test Acc.: 0.8681
Epoch: 074/200   | Learning Rate 0.001000
Train Auc.: 0.9442 | Test Auc.: 0.9413
Train Loss.: 0.0942 | Test Loss.: 0.0960
Train Acc.: 0.8694 | Test Acc.: 0.8672
Epoch: 075/200   | Learning Rate 0.001000
Train Auc.: 0.9434 | Test Auc.: 0.9411
Train Loss.: 0.0967 | Test Loss.: 0.0985
Train Acc.: 0.8644 | Test Acc.: 0.8627
Epoch: 076/200   | Learning Rate 0.001000
Train Auc.: 0.9438 | Test Auc.: 0.9440
Train Loss.: 0.0937 | Test Loss.: 0.0935
Train Acc.: 0.8708 | Test Acc.: 0.8708
Epoch: 077/200   | Learning Rate 0.001000
Train Auc.: 0.9426 | Test Auc.: 0.9401
Train Loss.: 0.0941 | Test Loss.: 0.0957
Train Acc.: 0.8697 | Test Acc.: 0.8696
Epoch: 078/200   | Learning Rate 0.001000
Train Auc.: 0.9435 | Test Auc.: 0.9420
Train Loss.: 0.0942 | Test Loss.: 0.0959
Train Acc.: 0.8692 | Test Acc.: 0.8629
Epoch: 079/200   | Learning Rate 0.001000
Train Auc.: 0.9444 | Test Auc.: 0.9402
Train Loss.: 0.0929 | Test Loss.: 0.0962
Train Acc.: 0.8712 | Test Acc.: 0.8672
Epoch: 080/200   | Learning Rate 0.001000
Train Auc.: 0.9446 | Test Auc.: 0.9439
Train Loss.: 0.0922 | Test Loss.: 0.0925
Train Acc.: 0.8739 | Test Acc.: 0.8742
Epoch: 081/200   | Learning Rate 0.001000
Train Auc.: 0.9464 | Test Auc.: 0.9424
Train Loss.: 0.0908 | Test Loss.: 0.0942
Train Acc.: 0.8760 | Test Acc.: 0.8711
Epoch: 082/200   | Learning Rate 0.001000
Train Auc.: 0.9459 | Test Auc.: 0.9429
Train Loss.: 0.0942 | Test Loss.: 0.0966
Train Acc.: 0.8688 | Test Acc.: 0.8635
Epoch: 083/200   | Learning Rate 0.001000
Train Auc.: 0.9445 | Test Auc.: 0.9417
Train Loss.: 0.0940 | Test Loss.: 0.0959
Train Acc.: 0.8701 | Test Acc.: 0.8675
Epoch: 084/200   | Learning Rate 0.001000
Train Auc.: 0.9432 | Test Auc.: 0.9417
Train Loss.: 0.0931 | Test Loss.: 0.0936
Train Acc.: 0.8722 | Test Acc.: 0.8719
Epoch: 085/200   | Learning Rate 0.001000
Train Auc.: 0.9452 | Test Auc.: 0.9431
Train Loss.: 0.0919 | Test Loss.: 0.0936
Train Acc.: 0.8730 | Test Acc.: 0.8695
Epoch: 086/200   | Learning Rate 0.001000
Train Auc.: 0.9447 | Test Auc.: 0.9414
Train Loss.: 0.0923 | Test Loss.: 0.0944
Train Acc.: 0.8709 | Test Acc.: 0.8701
Epoch: 087/200   | Learning Rate 0.001000
Train Auc.: 0.9445 | Test Auc.: 0.9424
Train Loss.: 0.0921 | Test Loss.: 0.0936
Train Acc.: 0.8744 | Test Acc.: 0.8714
Epoch: 088/200   | Learning Rate 0.001000
Train Auc.: 0.9450 | Test Auc.: 0.9409
Train Loss.: 0.0915 | Test Loss.: 0.0946
Train Acc.: 0.8728 | Test Acc.: 0.8709
Epoch: 089/200   | Learning Rate 0.001000
Train Auc.: 0.9457 | Test Auc.: 0.9431
Train Loss.: 0.0909 | Test Loss.: 0.0922
Train Acc.: 0.8758 | Test Acc.: 0.8764
Epoch: 090/200   | Learning Rate 0.001000
Train Auc.: 0.9457 | Test Auc.: 0.9420
Train Loss.: 0.0959 | Test Loss.: 0.0982
Train Acc.: 0.8673 | Test Acc.: 0.8634
Epoch: 091/200   | Learning Rate 0.001000
Train Auc.: 0.9455 | Test Auc.: 0.9441
Train Loss.: 0.0912 | Test Loss.: 0.0918
Train Acc.: 0.8744 | Test Acc.: 0.8706
Epoch: 092/200   | Learning Rate 0.001000
Train Auc.: 0.9453 | Test Auc.: 0.9447
Train Loss.: 0.0923 | Test Loss.: 0.0927
Train Acc.: 0.8730 | Test Acc.: 0.8686
Epoch: 093/200   | Learning Rate 0.001000
Train Auc.: 0.9441 | Test Auc.: 0.9421
Train Loss.: 0.0936 | Test Loss.: 0.0956
Train Acc.: 0.8700 | Test Acc.: 0.8672
Epoch: 094/200   | Learning Rate 0.001000
Train Auc.: 0.9460 | Test Auc.: 0.9438
Train Loss.: 0.0909 | Test Loss.: 0.0927
Train Acc.: 0.8737 | Test Acc.: 0.8721
Epoch: 095/200   | Learning Rate 0.001000
Train Auc.: 0.9465 | Test Auc.: 0.9440
Train Loss.: 0.0910 | Test Loss.: 0.0931
Train Acc.: 0.8745 | Test Acc.: 0.8706
Epoch: 096/200   | Learning Rate 0.001000
Train Auc.: 0.9454 | Test Auc.: 0.9424
Train Loss.: 0.0934 | Test Loss.: 0.0954
Train Acc.: 0.8701 | Test Acc.: 0.8680
Epoch: 097/200   | Learning Rate 0.001000
Train Auc.: 0.9461 | Test Auc.: 0.9450
Train Loss.: 0.0936 | Test Loss.: 0.0940
Train Acc.: 0.8685 | Test Acc.: 0.8696
Epoch: 098/200   | Learning Rate 0.001000
Train Auc.: 0.9453 | Test Auc.: 0.9403
Train Loss.: 0.0913 | Test Loss.: 0.0954
Train Acc.: 0.8750 | Test Acc.: 0.8691
Epoch: 099/200   | Learning Rate 0.001000
Train Auc.: 0.9443 | Test Auc.: 0.9424
Train Loss.: 0.0928 | Test Loss.: 0.0939
Train Acc.: 0.8711 | Test Acc.: 0.8703
Epoch: 100/200   | Learning Rate 0.001000
Train Auc.: 0.9451 | Test Auc.: 0.9439
Train Loss.: 0.0918 | Test Loss.: 0.0926
Train Acc.: 0.8728 | Test Acc.: 0.8731
Epoch: 101/200   | Learning Rate 0.000900
Train Auc.: 0.9447 | Test Auc.: 0.9422
Train Loss.: 0.0920 | Test Loss.: 0.0932
Train Acc.: 0.8743 | Test Acc.: 0.8706
Epoch: 102/200   | Learning Rate 0.000900
Train Auc.: 0.9463 | Test Auc.: 0.9432
Train Loss.: 0.0908 | Test Loss.: 0.0934
Train Acc.: 0.8735 | Test Acc.: 0.8718
Epoch: 103/200   | Learning Rate 0.000900
Train Auc.: 0.9467 | Test Auc.: 0.9439
Train Loss.: 0.0925 | Test Loss.: 0.0938
Train Acc.: 0.8697 | Test Acc.: 0.8683
Epoch: 104/200   | Learning Rate 0.000900
Train Auc.: 0.9455 | Test Auc.: 0.9444
Train Loss.: 0.0914 | Test Loss.: 0.0925
Train Acc.: 0.8736 | Test Acc.: 0.8686
Epoch: 105/200   | Learning Rate 0.000900
Train Auc.: 0.9460 | Test Auc.: 0.9436
Train Loss.: 0.0916 | Test Loss.: 0.0938
Train Acc.: 0.8727 | Test Acc.: 0.8726
Epoch: 106/200   | Learning Rate 0.000900
Train Auc.: 0.9459 | Test Auc.: 0.9429
Train Loss.: 0.0907 | Test Loss.: 0.0933
Train Acc.: 0.8752 | Test Acc.: 0.8708
Epoch: 107/200   | Learning Rate 0.000900
Train Auc.: 0.9462 | Test Auc.: 0.9441
Train Loss.: 0.0909 | Test Loss.: 0.0928
Train Acc.: 0.8748 | Test Acc.: 0.8696
Epoch: 108/200   | Learning Rate 0.000900
Train Auc.: 0.9460 | Test Auc.: 0.9437
Train Loss.: 0.0908 | Test Loss.: 0.0929
Train Acc.: 0.8750 | Test Acc.: 0.8713
Epoch: 109/200   | Learning Rate 0.000900
Train Auc.: 0.9458 | Test Auc.: 0.9428
Train Loss.: 0.0924 | Test Loss.: 0.0944
Train Acc.: 0.8721 | Test Acc.: 0.8693
Epoch: 110/200   | Learning Rate 0.000900
Train Auc.: 0.9458 | Test Auc.: 0.9431
Train Loss.: 0.0910 | Test Loss.: 0.0933
Train Acc.: 0.8749 | Test Acc.: 0.8667
Epoch: 111/200   | Learning Rate 0.000900
Train Auc.: 0.9452 | Test Auc.: 0.9413
Train Loss.: 0.0915 | Test Loss.: 0.0947
Train Acc.: 0.8759 | Test Acc.: 0.8708
Epoch: 112/200   | Learning Rate 0.000900
Train Auc.: 0.9449 | Test Auc.: 0.9426
Train Loss.: 0.0938 | Test Loss.: 0.0954
Train Acc.: 0.8692 | Test Acc.: 0.8650
Epoch: 113/200   | Learning Rate 0.000900
Train Auc.: 0.9458 | Test Auc.: 0.9447
Train Loss.: 0.0913 | Test Loss.: 0.0922
Train Acc.: 0.8743 | Test Acc.: 0.8764
Epoch: 114/200   | Learning Rate 0.000900
Train Auc.: 0.9472 | Test Auc.: 0.9451
Train Loss.: 0.0898 | Test Loss.: 0.0912
Train Acc.: 0.8772 | Test Acc.: 0.8756
Epoch: 115/200   | Learning Rate 0.000900
Train Auc.: 0.9471 | Test Auc.: 0.9448
Train Loss.: 0.0911 | Test Loss.: 0.0927
Train Acc.: 0.8732 | Test Acc.: 0.8719
Epoch: 116/200   | Learning Rate 0.000900
Train Auc.: 0.9469 | Test Auc.: 0.9454
Train Loss.: 0.0918 | Test Loss.: 0.0926
Train Acc.: 0.8720 | Test Acc.: 0.8718
Epoch: 117/200   | Learning Rate 0.000900
Train Auc.: 0.9471 | Test Auc.: 0.9447
Train Loss.: 0.0897 | Test Loss.: 0.0913
Train Acc.: 0.8768 | Test Acc.: 0.8779
Epoch: 118/200   | Learning Rate 0.000900
Train Auc.: 0.9466 | Test Auc.: 0.9433
Train Loss.: 0.0902 | Test Loss.: 0.0925
Train Acc.: 0.8771 | Test Acc.: 0.8737
Epoch: 119/200   | Learning Rate 0.000900
Train Auc.: 0.9448 | Test Auc.: 0.9431
Train Loss.: 0.0936 | Test Loss.: 0.0943
Train Acc.: 0.8682 | Test Acc.: 0.8696
Epoch: 120/200   | Learning Rate 0.000900
Train Auc.: 0.9460 | Test Auc.: 0.9429
Train Loss.: 0.0905 | Test Loss.: 0.0928
Train Acc.: 0.8768 | Test Acc.: 0.8739
Epoch: 121/200   | Learning Rate 0.000900
Train Auc.: 0.9463 | Test Auc.: 0.9438
Train Loss.: 0.0907 | Test Loss.: 0.0927
Train Acc.: 0.8751 | Test Acc.: 0.8724
Epoch: 122/200   | Learning Rate 0.000900
Train Auc.: 0.9481 | Test Auc.: 0.9447
Train Loss.: 0.0899 | Test Loss.: 0.0925
Train Acc.: 0.8751 | Test Acc.: 0.8716
Epoch: 123/200   | Learning Rate 0.000900
Train Auc.: 0.9469 | Test Auc.: 0.9446
Train Loss.: 0.0902 | Test Loss.: 0.0920
Train Acc.: 0.8754 | Test Acc.: 0.8749
Epoch: 124/200   | Learning Rate 0.000900
Train Auc.: 0.9461 | Test Auc.: 0.9434
Train Loss.: 0.0905 | Test Loss.: 0.0926
Train Acc.: 0.8739 | Test Acc.: 0.8739
Epoch: 125/200   | Learning Rate 0.000900
Train Auc.: 0.9468 | Test Auc.: 0.9443
Train Loss.: 0.0899 | Test Loss.: 0.0922
Train Acc.: 0.8769 | Test Acc.: 0.8734
Epoch: 126/200   | Learning Rate 0.000900
Train Auc.: 0.9466 | Test Auc.: 0.9441
Train Loss.: 0.0900 | Test Loss.: 0.0919
Train Acc.: 0.8772 | Test Acc.: 0.8721
Epoch: 127/200   | Learning Rate 0.000900
Train Auc.: 0.9469 | Test Auc.: 0.9468
Train Loss.: 0.0896 | Test Loss.: 0.0896
Train Acc.: 0.8770 | Test Acc.: 0.8764
Epoch: 128/200   | Learning Rate 0.000900
Train Auc.: 0.9464 | Test Auc.: 0.9448
Train Loss.: 0.0915 | Test Loss.: 0.0924
Train Acc.: 0.8729 | Test Acc.: 0.8747
Epoch: 129/200   | Learning Rate 0.000900
Train Auc.: 0.9468 | Test Auc.: 0.9429
Train Loss.: 0.0902 | Test Loss.: 0.0935
Train Acc.: 0.8755 | Test Acc.: 0.8709
Epoch: 130/200   | Learning Rate 0.000900
Train Auc.: 0.9480 | Test Auc.: 0.9441
Train Loss.: 0.0893 | Test Loss.: 0.0921
Train Acc.: 0.8767 | Test Acc.: 0.8703
Epoch: 131/200   | Learning Rate 0.000900
Train Auc.: 0.9458 | Test Auc.: 0.9427
Train Loss.: 0.0912 | Test Loss.: 0.0930
Train Acc.: 0.8744 | Test Acc.: 0.8742
Epoch: 132/200   | Learning Rate 0.000900
Train Auc.: 0.9469 | Test Auc.: 0.9443
Train Loss.: 0.0904 | Test Loss.: 0.0923
Train Acc.: 0.8770 | Test Acc.: 0.8741
Epoch: 133/200   | Learning Rate 0.000900
Train Auc.: 0.9473 | Test Auc.: 0.9463
Train Loss.: 0.0906 | Test Loss.: 0.0915
Train Acc.: 0.8733 | Test Acc.: 0.8726
Epoch: 134/200   | Learning Rate 0.000900
Train Auc.: 0.9472 | Test Auc.: 0.9450
Train Loss.: 0.0919 | Test Loss.: 0.0935
Train Acc.: 0.8712 | Test Acc.: 0.8686
Epoch: 135/200   | Learning Rate 0.000900
Train Auc.: 0.9477 | Test Auc.: 0.9442
Train Loss.: 0.0914 | Test Loss.: 0.0937
Train Acc.: 0.8722 | Test Acc.: 0.8705
Epoch: 136/200   | Learning Rate 0.000900
Train Auc.: 0.9471 | Test Auc.: 0.9446
Train Loss.: 0.0897 | Test Loss.: 0.0913
Train Acc.: 0.8764 | Test Acc.: 0.8751
Epoch: 137/200   | Learning Rate 0.000900
Train Auc.: 0.9474 | Test Auc.: 0.9449
Train Loss.: 0.0894 | Test Loss.: 0.0914
Train Acc.: 0.8773 | Test Acc.: 0.8713
Epoch: 138/200   | Learning Rate 0.000900
Train Auc.: 0.9471 | Test Auc.: 0.9447
Train Loss.: 0.0904 | Test Loss.: 0.0927
Train Acc.: 0.8757 | Test Acc.: 0.8714
Epoch: 139/200   | Learning Rate 0.000900
Train Auc.: 0.9471 | Test Auc.: 0.9453
Train Loss.: 0.0898 | Test Loss.: 0.0908
Train Acc.: 0.8764 | Test Acc.: 0.8746
Epoch: 140/200   | Learning Rate 0.000900
Train Auc.: 0.9476 | Test Auc.: 0.9458
Train Loss.: 0.0893 | Test Loss.: 0.0908
Train Acc.: 0.8797 | Test Acc.: 0.8741
Epoch: 141/200   | Learning Rate 0.000900
Train Auc.: 0.9479 | Test Auc.: 0.9466
Train Loss.: 0.0893 | Test Loss.: 0.0904
Train Acc.: 0.8771 | Test Acc.: 0.8751
Epoch: 142/200   | Learning Rate 0.000900
Train Auc.: 0.9482 | Test Auc.: 0.9445
Train Loss.: 0.0898 | Test Loss.: 0.0926
Train Acc.: 0.8765 | Test Acc.: 0.8714
Epoch: 143/200   | Learning Rate 0.000900
Train Auc.: 0.9480 | Test Auc.: 0.9458
Train Loss.: 0.0891 | Test Loss.: 0.0904
Train Acc.: 0.8768 | Test Acc.: 0.8790
Epoch: 144/200   | Learning Rate 0.000900
Train Auc.: 0.9464 | Test Auc.: 0.9440
Train Loss.: 0.0907 | Test Loss.: 0.0925
Train Acc.: 0.8757 | Test Acc.: 0.8726
Epoch: 145/200   | Learning Rate 0.000900
Train Auc.: 0.9459 | Test Auc.: 0.9443
Train Loss.: 0.0920 | Test Loss.: 0.0929
Train Acc.: 0.8736 | Test Acc.: 0.8724
Epoch: 146/200   | Learning Rate 0.000900
Train Auc.: 0.9482 | Test Auc.: 0.9458
Train Loss.: 0.0889 | Test Loss.: 0.0906
Train Acc.: 0.8785 | Test Acc.: 0.8728
Epoch: 147/200   | Learning Rate 0.000900
Train Auc.: 0.9487 | Test Auc.: 0.9462
Train Loss.: 0.0903 | Test Loss.: 0.0922
Train Acc.: 0.8743 | Test Acc.: 0.8701
Epoch: 148/200   | Learning Rate 0.000900
Train Auc.: 0.9481 | Test Auc.: 0.9451
Train Loss.: 0.0888 | Test Loss.: 0.0909
Train Acc.: 0.8770 | Test Acc.: 0.8760
Epoch: 149/200   | Learning Rate 0.000900
Train Auc.: 0.9477 | Test Auc.: 0.9450
Train Loss.: 0.0892 | Test Loss.: 0.0918
Train Acc.: 0.8777 | Test Acc.: 0.8728
Epoch: 150/200   | Learning Rate 0.000900
Train Auc.: 0.9480 | Test Auc.: 0.9460
Train Loss.: 0.0887 | Test Loss.: 0.0904
Train Acc.: 0.8792 | Test Acc.: 0.8737
Epoch: 151/200   | Learning Rate 0.000900
Train Auc.: 0.9480 | Test Auc.: 0.9451
Train Loss.: 0.0888 | Test Loss.: 0.0911
Train Acc.: 0.8788 | Test Acc.: 0.8742
Epoch: 152/200   | Learning Rate 0.000900
Train Auc.: 0.9484 | Test Auc.: 0.9453
Train Loss.: 0.0885 | Test Loss.: 0.0911
Train Acc.: 0.8768 | Test Acc.: 0.8744
Epoch: 153/200   | Learning Rate 0.000900
Train Auc.: 0.9472 | Test Auc.: 0.9451
Train Loss.: 0.0896 | Test Loss.: 0.0912
Train Acc.: 0.8760 | Test Acc.: 0.8756
Epoch: 154/200   | Learning Rate 0.000900
Train Auc.: 0.9477 | Test Auc.: 0.9449
Train Loss.: 0.0888 | Test Loss.: 0.0909
Train Acc.: 0.8785 | Test Acc.: 0.8754
Epoch: 155/200   | Learning Rate 0.000900
Train Auc.: 0.9476 | Test Auc.: 0.9452
Train Loss.: 0.0893 | Test Loss.: 0.0914
Train Acc.: 0.8765 | Test Acc.: 0.8726
Epoch: 156/200   | Learning Rate 0.000900
Train Auc.: 0.9484 | Test Auc.: 0.9461
Train Loss.: 0.0889 | Test Loss.: 0.0912
Train Acc.: 0.8768 | Test Acc.: 0.8757
Epoch: 157/200   | Learning Rate 0.000900
Train Auc.: 0.9486 | Test Auc.: 0.9456
Train Loss.: 0.0897 | Test Loss.: 0.0922
Train Acc.: 0.8744 | Test Acc.: 0.8700
Epoch: 158/200   | Learning Rate 0.000900
Train Auc.: 0.9482 | Test Auc.: 0.9462
Train Loss.: 0.0892 | Test Loss.: 0.0908
Train Acc.: 0.8764 | Test Acc.: 0.8739
Epoch: 159/200   | Learning Rate 0.000900
Train Auc.: 0.9475 | Test Auc.: 0.9466
Train Loss.: 0.0895 | Test Loss.: 0.0909
Train Acc.: 0.8776 | Test Acc.: 0.8728
Epoch: 160/200   | Learning Rate 0.000900
Train Auc.: 0.9471 | Test Auc.: 0.9449
Train Loss.: 0.0909 | Test Loss.: 0.0930
Train Acc.: 0.8755 | Test Acc.: 0.8690
Epoch: 161/200   | Learning Rate 0.000900
Train Auc.: 0.9474 | Test Auc.: 0.9458
Train Loss.: 0.0900 | Test Loss.: 0.0911
Train Acc.: 0.8753 | Test Acc.: 0.8751
Epoch: 162/200   | Learning Rate 0.000900
Train Auc.: 0.9485 | Test Auc.: 0.9459
Train Loss.: 0.0922 | Test Loss.: 0.0939
Train Acc.: 0.8688 | Test Acc.: 0.8670
Epoch: 163/200   | Learning Rate 0.000900
Train Auc.: 0.9485 | Test Auc.: 0.9465
Train Loss.: 0.0915 | Test Loss.: 0.0930
Train Acc.: 0.8722 | Test Acc.: 0.8706
Epoch: 164/200   | Learning Rate 0.000900
Train Auc.: 0.9485 | Test Auc.: 0.9472
Train Loss.: 0.0890 | Test Loss.: 0.0900
Train Acc.: 0.8764 | Test Acc.: 0.8777
Epoch: 165/200   | Learning Rate 0.000900
Train Auc.: 0.9483 | Test Auc.: 0.9460
Train Loss.: 0.0909 | Test Loss.: 0.0925
Train Acc.: 0.8734 | Test Acc.: 0.8733
Epoch: 166/200   | Learning Rate 0.000900
Train Auc.: 0.9479 | Test Auc.: 0.9449
Train Loss.: 0.0904 | Test Loss.: 0.0930
Train Acc.: 0.8762 | Test Acc.: 0.8685
Epoch: 167/200   | Learning Rate 0.000900
Train Auc.: 0.9485 | Test Auc.: 0.9473
Train Loss.: 0.0889 | Test Loss.: 0.0897
Train Acc.: 0.8776 | Test Acc.: 0.8760
Epoch: 168/200   | Learning Rate 0.000900
Train Auc.: 0.9487 | Test Auc.: 0.9473
Train Loss.: 0.0894 | Test Loss.: 0.0906
Train Acc.: 0.8763 | Test Acc.: 0.8733
Epoch: 169/200   | Learning Rate 0.000900
Train Auc.: 0.9489 | Test Auc.: 0.9477
Train Loss.: 0.0899 | Test Loss.: 0.0906
Train Acc.: 0.8750 | Test Acc.: 0.8746
Epoch: 170/200   | Learning Rate 0.000900
Train Auc.: 0.9482 | Test Auc.: 0.9461
Train Loss.: 0.0886 | Test Loss.: 0.0904
Train Acc.: 0.8787 | Test Acc.: 0.8744
Epoch: 171/200   | Learning Rate 0.000900
Train Auc.: 0.9474 | Test Auc.: 0.9459
Train Loss.: 0.0903 | Test Loss.: 0.0910
Train Acc.: 0.8753 | Test Acc.: 0.8752
Epoch: 172/200   | Learning Rate 0.000900
Train Auc.: 0.9481 | Test Auc.: 0.9447
Train Loss.: 0.0890 | Test Loss.: 0.0916
Train Acc.: 0.8785 | Test Acc.: 0.8774
Epoch: 173/200   | Learning Rate 0.000900
Train Auc.: 0.9480 | Test Auc.: 0.9463
Train Loss.: 0.0896 | Test Loss.: 0.0911
Train Acc.: 0.8753 | Test Acc.: 0.8714
Epoch: 174/200   | Learning Rate 0.000900
Train Auc.: 0.9484 | Test Auc.: 0.9452
Train Loss.: 0.0889 | Test Loss.: 0.0911
Train Acc.: 0.8779 | Test Acc.: 0.8739
Epoch: 175/200   | Learning Rate 0.000900
Train Auc.: 0.9484 | Test Auc.: 0.9466
Train Loss.: 0.0883 | Test Loss.: 0.0896
Train Acc.: 0.8787 | Test Acc.: 0.8787
Epoch: 176/200   | Learning Rate 0.000900
Train Auc.: 0.9488 | Test Auc.: 0.9462
Train Loss.: 0.0890 | Test Loss.: 0.0905
Train Acc.: 0.8769 | Test Acc.: 0.8737
Epoch: 177/200   | Learning Rate 0.000900
Train Auc.: 0.9484 | Test Auc.: 0.9463
Train Loss.: 0.0888 | Test Loss.: 0.0898
Train Acc.: 0.8782 | Test Acc.: 0.8777
Epoch: 178/200   | Learning Rate 0.000900
Train Auc.: 0.9487 | Test Auc.: 0.9464
Train Loss.: 0.0883 | Test Loss.: 0.0904
Train Acc.: 0.8780 | Test Acc.: 0.8760
Epoch: 179/200   | Learning Rate 0.000900
Train Auc.: 0.9483 | Test Auc.: 0.9460
Train Loss.: 0.0885 | Test Loss.: 0.0901
Train Acc.: 0.8788 | Test Acc.: 0.8754
Epoch: 180/200   | Learning Rate 0.000900
Train Auc.: 0.9495 | Test Auc.: 0.9470
Train Loss.: 0.0877 | Test Loss.: 0.0896
Train Acc.: 0.8793 | Test Acc.: 0.8765
Epoch: 181/200   | Learning Rate 0.000900
Train Auc.: 0.9497 | Test Auc.: 0.9463
Train Loss.: 0.0889 | Test Loss.: 0.0915
Train Acc.: 0.8759 | Test Acc.: 0.8723
Epoch: 182/200   | Learning Rate 0.000900
Train Auc.: 0.9482 | Test Auc.: 0.9459
Train Loss.: 0.0888 | Test Loss.: 0.0906
Train Acc.: 0.8780 | Test Acc.: 0.8746
Epoch: 183/200   | Learning Rate 0.000900
Train Auc.: 0.9489 | Test Auc.: 0.9462
Train Loss.: 0.0906 | Test Loss.: 0.0931
Train Acc.: 0.8747 | Test Acc.: 0.8683
Epoch: 184/200   | Learning Rate 0.000900
Train Auc.: 0.9484 | Test Auc.: 0.9469
Train Loss.: 0.0886 | Test Loss.: 0.0902
Train Acc.: 0.8778 | Test Acc.: 0.8721
Epoch: 185/200   | Learning Rate 0.000900
Train Auc.: 0.9492 | Test Auc.: 0.9460
Train Loss.: 0.0895 | Test Loss.: 0.0921
Train Acc.: 0.8757 | Test Acc.: 0.8721
Epoch: 186/200   | Learning Rate 0.000900
Train Auc.: 0.9488 | Test Auc.: 0.9458
Train Loss.: 0.0896 | Test Loss.: 0.0916
Train Acc.: 0.8751 | Test Acc.: 0.8733
Epoch: 187/200   | Learning Rate 0.000900
Train Auc.: 0.9490 | Test Auc.: 0.9468
Train Loss.: 0.0884 | Test Loss.: 0.0903
Train Acc.: 0.8769 | Test Acc.: 0.8759
Epoch: 188/200   | Learning Rate 0.000900
Train Auc.: 0.9491 | Test Auc.: 0.9464
Train Loss.: 0.0883 | Test Loss.: 0.0900
Train Acc.: 0.8804 | Test Acc.: 0.8772
Epoch: 189/200   | Learning Rate 0.000900
Train Auc.: 0.9491 | Test Auc.: 0.9467
Train Loss.: 0.0890 | Test Loss.: 0.0906
Train Acc.: 0.8795 | Test Acc.: 0.8756
Epoch: 190/200   | Learning Rate 0.000900
Train Auc.: 0.9493 | Test Auc.: 0.9481
Train Loss.: 0.0877 | Test Loss.: 0.0888
Train Acc.: 0.8795 | Test Acc.: 0.8760
Epoch: 191/200   | Learning Rate 0.000900
Train Auc.: 0.9489 | Test Auc.: 0.9469
Train Loss.: 0.0893 | Test Loss.: 0.0904
Train Acc.: 0.8743 | Test Acc.: 0.8737
Epoch: 192/200   | Learning Rate 0.000900
Train Auc.: 0.9479 | Test Auc.: 0.9466
Train Loss.: 0.0924 | Test Loss.: 0.0931
Train Acc.: 0.8699 | Test Acc.: 0.8691
Epoch: 193/200   | Learning Rate 0.000900
Train Auc.: 0.9484 | Test Auc.: 0.9456
Train Loss.: 0.0887 | Test Loss.: 0.0910
Train Acc.: 0.8802 | Test Acc.: 0.8741
Epoch: 194/200   | Learning Rate 0.000900
Train Auc.: 0.9477 | Test Auc.: 0.9454
Train Loss.: 0.0903 | Test Loss.: 0.0918
Train Acc.: 0.8771 | Test Acc.: 0.8751
Epoch: 195/200   | Learning Rate 0.000900
Train Auc.: 0.9489 | Test Auc.: 0.9472
Train Loss.: 0.0885 | Test Loss.: 0.0900
Train Acc.: 0.8798 | Test Acc.: 0.8754
Epoch: 196/200   | Learning Rate 0.000900
Train Auc.: 0.9484 | Test Auc.: 0.9458
Train Loss.: 0.0887 | Test Loss.: 0.0908
Train Acc.: 0.8767 | Test Acc.: 0.8741
Epoch: 197/200   | Learning Rate 0.000900
Train Auc.: 0.9485 | Test Auc.: 0.9467
Train Loss.: 0.0896 | Test Loss.: 0.0912
Train Acc.: 0.8748 | Test Acc.: 0.8723
Epoch: 198/200   | Learning Rate 0.000900
Train Auc.: 0.9481 | Test Auc.: 0.9465
Train Loss.: 0.0891 | Test Loss.: 0.0902
Train Acc.: 0.8774 | Test Acc.: 0.8724
Epoch: 199/200   | Learning Rate 0.000900
Train Auc.: 0.9478 | Test Auc.: 0.9475
Train Loss.: 0.0895 | Test Loss.: 0.0895
Train Acc.: 0.8765 | Test Acc.: 0.8782
Epoch: 200/200   | Learning Rate 0.000900
Train Auc.: 0.9487 | Test Auc.: 0.9466
Train Loss.: 0.0889 | Test Loss.: 0.0902
Train Acc.: 0.8775 | Test Acc.: 0.8770
 | Test Auc.: 0.9481
 | Test Auprc.: 0.9446
 | Test Acc.: 0.8760
 | Test F1.: 0.8760
 | Test Recall.: 0.8761
 | Test Precision.: 0.8762
