Epoch: 001/200   | Learning Rate 0.001000
Train Auc.: 0.6764 | Test Auc.: 0.6682
Train Loss.: 0.4705 | Test Loss.: 0.4651
Train Acc.: 0.4969 | Test Acc.: 0.5031
Epoch: 002/200   | Learning Rate 0.001000
Train Auc.: 0.0605 | Test Auc.: 0.0616
Train Loss.: 1.5569 | Test Loss.: 1.5724
Train Acc.: 0.4268 | Test Acc.: 0.4196
Epoch: 003/200   | Learning Rate 0.001000
Train Auc.: 0.9146 | Test Auc.: 0.9138
Train Loss.: 2.1854 | Test Loss.: 2.1835
Train Acc.: 0.0000 | Test Acc.: 0.0000
Epoch: 004/200   | Learning Rate 0.001000
Train Auc.: 0.7897 | Test Auc.: 0.7852
Train Loss.: 0.4195 | Test Loss.: 0.4152
Train Acc.: 0.4969 | Test Acc.: 0.5031
Epoch: 005/200   | Learning Rate 0.001000
Train Auc.: 0.0968 | Test Auc.: 0.1004
Train Loss.: 0.3562 | Test Loss.: 0.3587
Train Acc.: 0.5031 | Test Acc.: 0.4969
Epoch: 006/200   | Learning Rate 0.001000
Train Auc.: 0.1037 | Test Auc.: 0.1081
Train Loss.: 0.5262 | Test Loss.: 0.5314
Train Acc.: 0.5031 | Test Acc.: 0.4969
Epoch: 007/200   | Learning Rate 0.001000
Train Auc.: 0.2525 | Test Auc.: 0.2602
Train Loss.: 0.2747 | Test Loss.: 0.2731
Train Acc.: 0.4969 | Test Acc.: 0.5032
Epoch: 008/200   | Learning Rate 0.001000
Train Auc.: 0.7621 | Test Auc.: 0.7572
Train Loss.: 0.4959 | Test Loss.: 0.4910
Train Acc.: 0.4969 | Test Acc.: 0.5031
Epoch: 009/200   | Learning Rate 0.001000
Train Auc.: 0.8480 | Test Auc.: 0.8446
Train Loss.: 0.5086 | Test Loss.: 0.5036
Train Acc.: 0.4969 | Test Acc.: 0.5031
Epoch: 010/200   | Learning Rate 0.001000
Train Auc.: 0.6449 | Test Auc.: 0.6419
Train Loss.: 0.3675 | Test Loss.: 0.3636
Train Acc.: 0.4969 | Test Acc.: 0.5031
Epoch: 011/200   | Learning Rate 0.001000
Train Auc.: 0.1869 | Test Auc.: 0.1924
Train Loss.: 0.2762 | Test Loss.: 0.2769
Train Acc.: 0.4998 | Test Acc.: 0.4936
Epoch: 012/200   | Learning Rate 0.001000
Train Auc.: 0.1201 | Test Auc.: 0.1220
Train Loss.: 0.3443 | Test Loss.: 0.3469
Train Acc.: 0.5031 | Test Acc.: 0.4969
Epoch: 013/200   | Learning Rate 0.001000
Train Auc.: 0.0933 | Test Auc.: 0.0984
Train Loss.: 0.3949 | Test Loss.: 0.3972
Train Acc.: 0.5031 | Test Acc.: 0.4969
Epoch: 014/200   | Learning Rate 0.001000
Train Auc.: 0.1044 | Test Auc.: 0.1075
Train Loss.: 0.3003 | Test Loss.: 0.3007
Train Acc.: 0.4760 | Test Acc.: 0.4686
Epoch: 015/200   | Learning Rate 0.001000
Train Auc.: 0.4648 | Test Auc.: 0.4632
Train Loss.: 0.2596 | Test Loss.: 0.2608
Train Acc.: 0.5031 | Test Acc.: 0.4969
Epoch: 016/200   | Learning Rate 0.001000
Train Auc.: 0.2676 | Test Auc.: 0.2668
Train Loss.: 0.2658 | Test Loss.: 0.2658
Train Acc.: 0.2981 | Test Acc.: 0.2993
Epoch: 017/200   | Learning Rate 0.001000
Train Auc.: 0.5025 | Test Auc.: 0.5045
Train Loss.: 0.3114 | Test Loss.: 0.3086
Train Acc.: 0.4969 | Test Acc.: 0.5031
Epoch: 018/200   | Learning Rate 0.001000
Train Auc.: 0.6705 | Test Auc.: 0.6698
Train Loss.: 0.3295 | Test Loss.: 0.3262
Train Acc.: 0.4969 | Test Acc.: 0.5031
Epoch: 019/200   | Learning Rate 0.001000
Train Auc.: 0.6251 | Test Auc.: 0.6261
Train Loss.: 0.3058 | Test Loss.: 0.3031
Train Acc.: 0.4969 | Test Acc.: 0.5031
Epoch: 020/200   | Learning Rate 0.001000
Train Auc.: 0.4953 | Test Auc.: 0.4929
Train Loss.: 0.2693 | Test Loss.: 0.2679
Train Acc.: 0.4969 | Test Acc.: 0.5031
Epoch: 021/200   | Learning Rate 0.001000
Train Auc.: 0.3349 | Test Auc.: 0.3408
Train Loss.: 0.2813 | Test Loss.: 0.2823
Train Acc.: 0.5031 | Test Acc.: 0.4969
Epoch: 022/200   | Learning Rate 0.001000
Train Auc.: 0.3365 | Test Auc.: 0.3379
Train Loss.: 0.2690 | Test Loss.: 0.2701
Train Acc.: 0.5109 | Test Acc.: 0.5035
Epoch: 023/200   | Learning Rate 0.001000
Train Auc.: 0.4506 | Test Auc.: 0.4544
Train Loss.: 0.2557 | Test Loss.: 0.2560
Train Acc.: 0.5272 | Test Acc.: 0.5285
Epoch: 024/200   | Learning Rate 0.001000
Train Auc.: 0.4879 | Test Auc.: 0.4935
Train Loss.: 0.2527 | Test Loss.: 0.2522
Train Acc.: 0.4640 | Test Acc.: 0.4665
Epoch: 025/200   | Learning Rate 0.001000
Train Auc.: 0.6308 | Test Auc.: 0.6274
Train Loss.: 0.2447 | Test Loss.: 0.2445
Train Acc.: 0.5154 | Test Acc.: 0.5182
Epoch: 026/200   | Learning Rate 0.001000
Train Auc.: 0.6880 | Test Auc.: 0.6822
Train Loss.: 0.2401 | Test Loss.: 0.2398
Train Acc.: 0.5180 | Test Acc.: 0.5234
Epoch: 027/200   | Learning Rate 0.001000
Train Auc.: 0.7635 | Test Auc.: 0.7617
Train Loss.: 0.2500 | Test Loss.: 0.2487
Train Acc.: 0.4969 | Test Acc.: 0.5029
Epoch: 028/200   | Learning Rate 0.001000
Train Auc.: 0.7592 | Test Auc.: 0.7536
Train Loss.: 0.2281 | Test Loss.: 0.2283
Train Acc.: 0.7173 | Test Acc.: 0.7182
Epoch: 029/200   | Learning Rate 0.001000
Train Auc.: 0.7851 | Test Auc.: 0.7786
Train Loss.: 0.2268 | Test Loss.: 0.2267
Train Acc.: 0.5353 | Test Acc.: 0.5414
Epoch: 030/200   | Learning Rate 0.001000
Train Auc.: 0.7845 | Test Auc.: 0.7779
Train Loss.: 0.2137 | Test Loss.: 0.2150
Train Acc.: 0.7450 | Test Acc.: 0.7401
Epoch: 031/200   | Learning Rate 0.001000
Train Auc.: 0.8027 | Test Auc.: 0.8004
Train Loss.: 0.2061 | Test Loss.: 0.2069
Train Acc.: 0.7405 | Test Acc.: 0.7318
Epoch: 032/200   | Learning Rate 0.001000
Train Auc.: 0.8518 | Test Auc.: 0.8497
Train Loss.: 0.2357 | Test Loss.: 0.2344
Train Acc.: 0.4972 | Test Acc.: 0.5032
Epoch: 033/200   | Learning Rate 0.001000
Train Auc.: 0.8562 | Test Auc.: 0.8495
Train Loss.: 0.2003 | Test Loss.: 0.2009
Train Acc.: 0.6982 | Test Acc.: 0.6943
Epoch: 034/200   | Learning Rate 0.001000
Train Auc.: 0.8624 | Test Auc.: 0.8567
Train Loss.: 0.1761 | Test Loss.: 0.1774
Train Acc.: 0.7992 | Test Acc.: 0.7943
Epoch: 035/200   | Learning Rate 0.001000
Train Auc.: 0.7894 | Test Auc.: 0.7932
Train Loss.: 0.3149 | Test Loss.: 0.3170
Train Acc.: 0.5055 | Test Acc.: 0.4986
Epoch: 036/200   | Learning Rate 0.001000
Train Auc.: 0.9091 | Test Auc.: 0.9057
Train Loss.: 0.2477 | Test Loss.: 0.2485
Train Acc.: 0.5358 | Test Acc.: 0.5399
Epoch: 037/200   | Learning Rate 0.001000
Train Auc.: 0.9126 | Test Auc.: 0.9083
Train Loss.: 0.2453 | Test Loss.: 0.2466
Train Acc.: 0.5336 | Test Acc.: 0.5386
Epoch: 038/200   | Learning Rate 0.001000
Train Auc.: 0.9128 | Test Auc.: 0.9090
Train Loss.: 0.1838 | Test Loss.: 0.1848
Train Acc.: 0.7070 | Test Acc.: 0.7076
Epoch: 039/200   | Learning Rate 0.001000
Train Auc.: 0.8902 | Test Auc.: 0.8841
Train Loss.: 0.1975 | Test Loss.: 0.2018
Train Acc.: 0.7010 | Test Acc.: 0.6951
Epoch: 040/200   | Learning Rate 0.001000
Train Auc.: 0.9074 | Test Auc.: 0.9013
Train Loss.: 0.1753 | Test Loss.: 0.1776
Train Acc.: 0.7174 | Test Acc.: 0.7110
Epoch: 041/200   | Learning Rate 0.001000
Train Auc.: 0.9060 | Test Auc.: 0.9018
Train Loss.: 0.1467 | Test Loss.: 0.1486
Train Acc.: 0.8259 | Test Acc.: 0.8210
Epoch: 042/200   | Learning Rate 0.001000
Train Auc.: 0.9153 | Test Auc.: 0.9107
Train Loss.: 0.1418 | Test Loss.: 0.1440
Train Acc.: 0.8273 | Test Acc.: 0.8206
Epoch: 043/200   | Learning Rate 0.001000
Train Auc.: 0.9038 | Test Auc.: 0.9030
Train Loss.: 0.1842 | Test Loss.: 0.1857
Train Acc.: 0.7197 | Test Acc.: 0.7174
Epoch: 044/200   | Learning Rate 0.001000
Train Auc.: 0.9179 | Test Auc.: 0.9143
Train Loss.: 0.1507 | Test Loss.: 0.1535
Train Acc.: 0.7968 | Test Acc.: 0.7890
Epoch: 045/200   | Learning Rate 0.001000
Train Auc.: 0.9348 | Test Auc.: 0.9304
Train Loss.: 0.1329 | Test Loss.: 0.1351
Train Acc.: 0.8470 | Test Acc.: 0.8401
Epoch: 046/200   | Learning Rate 0.001000
Train Auc.: 0.8947 | Test Auc.: 0.8882
Train Loss.: 0.1665 | Test Loss.: 0.1684
Train Acc.: 0.7616 | Test Acc.: 0.7569
Epoch: 047/200   | Learning Rate 0.001000
Train Auc.: 0.9003 | Test Auc.: 0.8968
Train Loss.: 0.1606 | Test Loss.: 0.1610
Train Acc.: 0.7985 | Test Acc.: 0.7974
Epoch: 048/200   | Learning Rate 0.001000
Train Auc.: 0.9214 | Test Auc.: 0.9180
Train Loss.: 0.1257 | Test Loss.: 0.1285
Train Acc.: 0.8408 | Test Acc.: 0.8369
Epoch: 049/200   | Learning Rate 0.001000
Train Auc.: 0.9327 | Test Auc.: 0.9294
Train Loss.: 0.1178 | Test Loss.: 0.1206
Train Acc.: 0.8576 | Test Acc.: 0.8528
Epoch: 050/200   | Learning Rate 0.001000
Train Auc.: 0.9353 | Test Auc.: 0.9309
Train Loss.: 0.1241 | Test Loss.: 0.1272
Train Acc.: 0.8342 | Test Acc.: 0.8269
Epoch: 051/200   | Learning Rate 0.001000
Train Auc.: 0.9443 | Test Auc.: 0.9415
Train Loss.: 0.2160 | Test Loss.: 0.2185
Train Acc.: 0.6947 | Test Acc.: 0.6911
Epoch: 052/200   | Learning Rate 0.001000
Train Auc.: 0.8954 | Test Auc.: 0.8909
Train Loss.: 0.9267 | Test Loss.: 0.9247
Train Acc.: 0.1515 | Test Acc.: 0.1544
Epoch: 053/200   | Learning Rate 0.001000
Train Auc.: 0.9421 | Test Auc.: 0.9381
Train Loss.: 0.1083 | Test Loss.: 0.1114
Train Acc.: 0.8690 | Test Acc.: 0.8626
Epoch: 054/200   | Learning Rate 0.001000
Train Auc.: 0.9347 | Test Auc.: 0.9303
Train Loss.: 0.1783 | Test Loss.: 0.1801
Train Acc.: 0.7344 | Test Acc.: 0.7288
Epoch: 055/200   | Learning Rate 0.001000
Train Auc.: 0.9399 | Test Auc.: 0.9370
Train Loss.: 0.2910 | Test Loss.: 0.2899
Train Acc.: 0.5333 | Test Acc.: 0.5387
Epoch: 056/200   | Learning Rate 0.001000
Train Auc.: 0.9305 | Test Auc.: 0.9261
Train Loss.: 0.3278 | Test Loss.: 0.3268
Train Acc.: 0.4966 | Test Acc.: 0.5028
Epoch: 057/200   | Learning Rate 0.001000
Train Auc.: 0.8158 | Test Auc.: 0.8158
Train Loss.: 0.2478 | Test Loss.: 0.2449
Train Acc.: 0.5213 | Test Acc.: 0.5289
Epoch: 058/200   | Learning Rate 0.001000
Train Auc.: 0.9245 | Test Auc.: 0.9216
Train Loss.: 0.2156 | Test Loss.: 0.2143
Train Acc.: 0.5392 | Test Acc.: 0.5447
Epoch: 059/200   | Learning Rate 0.001000
Train Auc.: 0.9016 | Test Auc.: 0.8992
Train Loss.: 0.2033 | Test Loss.: 0.2028
Train Acc.: 0.6249 | Test Acc.: 0.6248
Epoch: 060/200   | Learning Rate 0.001000
Train Auc.: 0.8661 | Test Auc.: 0.8634
Train Loss.: 0.2164 | Test Loss.: 0.2163
Train Acc.: 0.6985 | Test Acc.: 0.6956
Epoch: 061/200   | Learning Rate 0.001000
Train Auc.: 0.8272 | Test Auc.: 0.8208
Train Loss.: 0.2146 | Test Loss.: 0.2153
Train Acc.: 0.7311 | Test Acc.: 0.7234
Epoch: 062/200   | Learning Rate 0.001000
Train Auc.: 0.8674 | Test Auc.: 0.8614
Train Loss.: 0.2077 | Test Loss.: 0.2097
Train Acc.: 0.6322 | Test Acc.: 0.6303
Epoch: 063/200   | Learning Rate 0.001000
Train Auc.: 0.7715 | Test Auc.: 0.7684
Train Loss.: 0.2835 | Test Loss.: 0.2860
Train Acc.: 0.5032 | Test Acc.: 0.4971
Epoch: 064/200   | Learning Rate 0.001000
Train Auc.: 0.8340 | Test Auc.: 0.8247
Train Loss.: 0.2325 | Test Loss.: 0.2353
Train Acc.: 0.5331 | Test Acc.: 0.5281
Epoch: 065/200   | Learning Rate 0.001000
Train Auc.: 0.8152 | Test Auc.: 0.8032
Train Loss.: 0.2187 | Test Loss.: 0.2214
Train Acc.: 0.6117 | Test Acc.: 0.6095
Epoch: 066/200   | Learning Rate 0.001000
Train Auc.: 0.8573 | Test Auc.: 0.8556
Train Loss.: 0.2088 | Test Loss.: 0.2092
Train Acc.: 0.7570 | Test Acc.: 0.7571
Epoch: 067/200   | Learning Rate 0.001000
Train Auc.: 0.8825 | Test Auc.: 0.8775
Train Loss.: 0.2052 | Test Loss.: 0.2052
Train Acc.: 0.6357 | Test Acc.: 0.6343
Epoch: 068/200   | Learning Rate 0.001000
Train Auc.: 0.8900 | Test Auc.: 0.8863
Train Loss.: 0.1904 | Test Loss.: 0.1905
Train Acc.: 0.8052 | Test Acc.: 0.8009
Epoch: 069/200   | Learning Rate 0.001000
Train Auc.: 0.8975 | Test Auc.: 0.8940
Train Loss.: 0.2002 | Test Loss.: 0.2002
Train Acc.: 0.6391 | Test Acc.: 0.6385
Epoch: 070/200   | Learning Rate 0.001000
Train Auc.: 0.8717 | Test Auc.: 0.8659
Train Loss.: 0.1867 | Test Loss.: 0.1875
Train Acc.: 0.7269 | Test Acc.: 0.7263
Epoch: 071/200   | Learning Rate 0.001000
Train Auc.: 0.8924 | Test Auc.: 0.8877
Train Loss.: 0.2143 | Test Loss.: 0.2138
Train Acc.: 0.5819 | Test Acc.: 0.5834
Epoch: 072/200   | Learning Rate 0.001000
Train Auc.: 0.9138 | Test Auc.: 0.9118
Train Loss.: 0.1534 | Test Loss.: 0.1542
Train Acc.: 0.8268 | Test Acc.: 0.8238
Epoch: 073/200   | Learning Rate 0.001000
Train Auc.: 0.8976 | Test Auc.: 0.8906
Train Loss.: 0.1564 | Test Loss.: 0.1591
Train Acc.: 0.8167 | Test Acc.: 0.8054
Epoch: 074/200   | Learning Rate 0.001000
Train Auc.: 0.9221 | Test Auc.: 0.9197
Train Loss.: 0.1244 | Test Loss.: 0.1266
Train Acc.: 0.8344 | Test Acc.: 0.8306
Epoch: 075/200   | Learning Rate 0.001000
Train Auc.: 0.9089 | Test Auc.: 0.9054
Train Loss.: 0.1838 | Test Loss.: 0.1868
Train Acc.: 0.7238 | Test Acc.: 0.7168
Epoch: 076/200   | Learning Rate 0.001000
Train Auc.: 0.9128 | Test Auc.: 0.9092
Train Loss.: 0.1367 | Test Loss.: 0.1394
Train Acc.: 0.8171 | Test Acc.: 0.8123
Epoch: 077/200   | Learning Rate 0.001000
Train Auc.: 0.9296 | Test Auc.: 0.9272
Train Loss.: 0.1159 | Test Loss.: 0.1183
Train Acc.: 0.8528 | Test Acc.: 0.8480
Epoch: 078/200   | Learning Rate 0.001000
Train Auc.: 0.8983 | Test Auc.: 0.8912
Train Loss.: 0.1560 | Test Loss.: 0.1584
Train Acc.: 0.7951 | Test Acc.: 0.7909
Epoch: 079/200   | Learning Rate 0.001000
Train Auc.: 0.9279 | Test Auc.: 0.9247
Train Loss.: 0.1381 | Test Loss.: 0.1397
Train Acc.: 0.8249 | Test Acc.: 0.8206
Epoch: 080/200   | Learning Rate 0.001000
Train Auc.: 0.9305 | Test Auc.: 0.9270
Train Loss.: 0.1545 | Test Loss.: 0.1566
Train Acc.: 0.7836 | Test Acc.: 0.7772
Epoch: 081/200   | Learning Rate 0.001000
Train Auc.: 0.8425 | Test Auc.: 0.8309
Train Loss.: 0.1800 | Test Loss.: 0.1860
Train Acc.: 0.7450 | Test Acc.: 0.7319
Epoch: 082/200   | Learning Rate 0.001000
Train Auc.: 0.9238 | Test Auc.: 0.9202
Train Loss.: 0.1582 | Test Loss.: 0.1609
Train Acc.: 0.7986 | Test Acc.: 0.7939
Epoch: 083/200   | Learning Rate 0.001000
Train Auc.: 0.9106 | Test Auc.: 0.9082
Train Loss.: 0.1319 | Test Loss.: 0.1345
Train Acc.: 0.8262 | Test Acc.: 0.8146
Epoch: 084/200   | Learning Rate 0.001000
Train Auc.: 0.9334 | Test Auc.: 0.9300
Train Loss.: 0.1401 | Test Loss.: 0.1438
Train Acc.: 0.8316 | Test Acc.: 0.8265
Epoch: 085/200   | Learning Rate 0.001000
Train Auc.: 0.8679 | Test Auc.: 0.8626
Train Loss.: 0.2059 | Test Loss.: 0.2109
Train Acc.: 0.7106 | Test Acc.: 0.7087
Epoch: 086/200   | Learning Rate 0.001000
Train Auc.: 0.9322 | Test Auc.: 0.9269
Train Loss.: 0.1371 | Test Loss.: 0.1421
Train Acc.: 0.8322 | Test Acc.: 0.8216
Epoch: 087/200   | Learning Rate 0.001000
Train Auc.: 0.9248 | Test Auc.: 0.9202
Train Loss.: 0.1185 | Test Loss.: 0.1215
Train Acc.: 0.8485 | Test Acc.: 0.8453
Epoch: 088/200   | Learning Rate 0.001000
Train Auc.: 0.9027 | Test Auc.: 0.8998
Train Loss.: 0.1347 | Test Loss.: 0.1365
Train Acc.: 0.8264 | Test Acc.: 0.8221
Epoch: 089/200   | Learning Rate 0.001000
Train Auc.: 0.9261 | Test Auc.: 0.9227
Train Loss.: 0.1306 | Test Loss.: 0.1332
Train Acc.: 0.8323 | Test Acc.: 0.8274
Epoch: 090/200   | Learning Rate 0.001000
Train Auc.: 0.9383 | Test Auc.: 0.9335
Train Loss.: 0.1671 | Test Loss.: 0.1701
Train Acc.: 0.7610 | Test Acc.: 0.7524
Epoch: 091/200   | Learning Rate 0.001000
Train Auc.: 0.9233 | Test Auc.: 0.9204
Train Loss.: 0.1275 | Test Loss.: 0.1295
Train Acc.: 0.8308 | Test Acc.: 0.8263
Epoch: 092/200   | Learning Rate 0.001000
Train Auc.: 0.9005 | Test Auc.: 0.8972
Train Loss.: 0.1477 | Test Loss.: 0.1500
Train Acc.: 0.8199 | Test Acc.: 0.8175
Epoch: 093/200   | Learning Rate 0.001000
Train Auc.: 0.8418 | Test Auc.: 0.8367
Train Loss.: 0.2259 | Test Loss.: 0.2310
Train Acc.: 0.6099 | Test Acc.: 0.6036
Epoch: 094/200   | Learning Rate 0.001000
Train Auc.: 0.9320 | Test Auc.: 0.9269
Train Loss.: 0.1325 | Test Loss.: 0.1348
Train Acc.: 0.8358 | Test Acc.: 0.8338
Epoch: 095/200   | Learning Rate 0.001000
Train Auc.: 0.9273 | Test Auc.: 0.9220
Train Loss.: 0.1268 | Test Loss.: 0.1306
Train Acc.: 0.8308 | Test Acc.: 0.8221
Epoch: 096/200   | Learning Rate 0.001000
Train Auc.: 0.8306 | Test Auc.: 0.8209
Train Loss.: 0.1976 | Test Loss.: 0.2024
Train Acc.: 0.6780 | Test Acc.: 0.6683
Epoch: 097/200   | Learning Rate 0.001000
Train Auc.: 0.9207 | Test Auc.: 0.9168
Train Loss.: 0.1587 | Test Loss.: 0.1606
Train Acc.: 0.7704 | Test Acc.: 0.7678
Epoch: 098/200   | Learning Rate 0.001000
Train Auc.: 0.8649 | Test Auc.: 0.8597
Train Loss.: 0.1843 | Test Loss.: 0.1850
Train Acc.: 0.7182 | Test Acc.: 0.7132
Epoch: 099/200   | Learning Rate 0.001000
Train Auc.: 0.9249 | Test Auc.: 0.9238
Train Loss.: 0.1425 | Test Loss.: 0.1422
Train Acc.: 0.8132 | Test Acc.: 0.8137
Epoch: 100/200   | Learning Rate 0.001000
Train Auc.: 0.9039 | Test Auc.: 0.8990
Train Loss.: 0.1451 | Test Loss.: 0.1477
Train Acc.: 0.8165 | Test Acc.: 0.8117
Epoch: 101/200   | Learning Rate 0.000900
Train Auc.: 0.8937 | Test Auc.: 0.8891
Train Loss.: 0.1619 | Test Loss.: 0.1635
Train Acc.: 0.8075 | Test Acc.: 0.8009
Epoch: 102/200   | Learning Rate 0.000900
Train Auc.: 0.9427 | Test Auc.: 0.9390
Train Loss.: 0.2273 | Test Loss.: 0.2295
Train Acc.: 0.6837 | Test Acc.: 0.6798
Epoch: 103/200   | Learning Rate 0.000900
Train Auc.: 0.9388 | Test Auc.: 0.9364
Train Loss.: 0.2012 | Test Loss.: 0.2018
Train Acc.: 0.6867 | Test Acc.: 0.6817
Epoch: 104/200   | Learning Rate 0.000900
Train Auc.: 0.9282 | Test Auc.: 0.9223
Train Loss.: 0.1411 | Test Loss.: 0.1437
Train Acc.: 0.8366 | Test Acc.: 0.8305
Epoch: 105/200   | Learning Rate 0.000900
Train Auc.: 0.9206 | Test Auc.: 0.9158
Train Loss.: 0.1301 | Test Loss.: 0.1330
Train Acc.: 0.8416 | Test Acc.: 0.8355
Epoch: 106/200   | Learning Rate 0.000900
Train Auc.: 0.9269 | Test Auc.: 0.9227
Train Loss.: 0.1280 | Test Loss.: 0.1315
Train Acc.: 0.8394 | Test Acc.: 0.8350
Epoch: 107/200   | Learning Rate 0.000900
Train Auc.: 0.9243 | Test Auc.: 0.9210
Train Loss.: 0.2229 | Test Loss.: 0.2262
Train Acc.: 0.6974 | Test Acc.: 0.6941
Epoch: 108/200   | Learning Rate 0.000900
Train Auc.: 0.8977 | Test Auc.: 0.8927
Train Loss.: 0.1962 | Test Loss.: 0.2012
Train Acc.: 0.6954 | Test Acc.: 0.6898
Epoch: 109/200   | Learning Rate 0.000900
Train Auc.: 0.8984 | Test Auc.: 0.8945
Train Loss.: 0.1559 | Test Loss.: 0.1583
Train Acc.: 0.8104 | Test Acc.: 0.7994
Epoch: 110/200   | Learning Rate 0.000900
Train Auc.: 0.9125 | Test Auc.: 0.9104
Train Loss.: 0.1409 | Test Loss.: 0.1421
Train Acc.: 0.8330 | Test Acc.: 0.8302
Epoch: 111/200   | Learning Rate 0.000900
Train Auc.: 0.9263 | Test Auc.: 0.9225
Train Loss.: 0.1833 | Test Loss.: 0.1835
Train Acc.: 0.6845 | Test Acc.: 0.6858
Epoch: 112/200   | Learning Rate 0.000900
Train Auc.: 0.8894 | Test Auc.: 0.8812
Train Loss.: 0.1967 | Test Loss.: 0.1977
Train Acc.: 0.6772 | Test Acc.: 0.6771
Epoch: 113/200   | Learning Rate 0.000900
Train Auc.: 0.9364 | Test Auc.: 0.9340
Train Loss.: 0.2075 | Test Loss.: 0.2073
Train Acc.: 0.5961 | Test Acc.: 0.5970
Epoch: 114/200   | Learning Rate 0.000900
Train Auc.: 0.9364 | Test Auc.: 0.9343
Train Loss.: 0.2307 | Test Loss.: 0.2297
Train Acc.: 0.6188 | Test Acc.: 0.6191
Epoch: 115/200   | Learning Rate 0.000900
Train Auc.: 0.9243 | Test Auc.: 0.9181
Train Loss.: 0.1560 | Test Loss.: 0.1584
Train Acc.: 0.7605 | Test Acc.: 0.7569
Epoch: 116/200   | Learning Rate 0.000900
Train Auc.: 0.9293 | Test Auc.: 0.9256
Train Loss.: 0.1442 | Test Loss.: 0.1463
Train Acc.: 0.7934 | Test Acc.: 0.7917
Epoch: 117/200   | Learning Rate 0.000900
Train Auc.: 0.9428 | Test Auc.: 0.9404
Train Loss.: 0.2698 | Test Loss.: 0.2691
Train Acc.: 0.6162 | Test Acc.: 0.6125
Epoch: 118/200   | Learning Rate 0.000900
Train Auc.: 0.9145 | Test Auc.: 0.9080
Train Loss.: 0.1661 | Test Loss.: 0.1709
Train Acc.: 0.7697 | Test Acc.: 0.7640
Epoch: 119/200   | Learning Rate 0.000900
Train Auc.: 0.9063 | Test Auc.: 0.9062
Train Loss.: 0.1625 | Test Loss.: 0.1639
Train Acc.: 0.7771 | Test Acc.: 0.7718
Epoch: 120/200   | Learning Rate 0.000900
Train Auc.: 0.9187 | Test Auc.: 0.9156
Train Loss.: 0.1372 | Test Loss.: 0.1399
Train Acc.: 0.8330 | Test Acc.: 0.8285
Epoch: 121/200   | Learning Rate 0.000900
Train Auc.: 0.9276 | Test Auc.: 0.9245
Train Loss.: 0.1412 | Test Loss.: 0.1435
Train Acc.: 0.8088 | Test Acc.: 0.8084
Epoch: 122/200   | Learning Rate 0.000900
Train Auc.: 0.9332 | Test Auc.: 0.9295
Train Loss.: 0.1326 | Test Loss.: 0.1344
Train Acc.: 0.8523 | Test Acc.: 0.8437
Epoch: 123/200   | Learning Rate 0.000900
Train Auc.: 0.9325 | Test Auc.: 0.9310
Train Loss.: 0.1407 | Test Loss.: 0.1420
Train Acc.: 0.8453 | Test Acc.: 0.8440
Epoch: 124/200   | Learning Rate 0.000900
Train Auc.: 0.9291 | Test Auc.: 0.9268
Train Loss.: 0.1312 | Test Loss.: 0.1326
Train Acc.: 0.8427 | Test Acc.: 0.8403
Epoch: 125/200   | Learning Rate 0.000900
Train Auc.: 0.9267 | Test Auc.: 0.9203
Train Loss.: 0.1361 | Test Loss.: 0.1397
Train Acc.: 0.8254 | Test Acc.: 0.8182
Epoch: 126/200   | Learning Rate 0.000900
Train Auc.: 0.9398 | Test Auc.: 0.9369
Train Loss.: 0.1217 | Test Loss.: 0.1233
Train Acc.: 0.8505 | Test Acc.: 0.8459
Epoch: 127/200   | Learning Rate 0.000900
Train Auc.: 0.9245 | Test Auc.: 0.9219
Train Loss.: 0.1451 | Test Loss.: 0.1475
Train Acc.: 0.8088 | Test Acc.: 0.8013
Epoch: 128/200   | Learning Rate 0.000900
Train Auc.: 0.9404 | Test Auc.: 0.9375
Train Loss.: 0.1432 | Test Loss.: 0.1446
Train Acc.: 0.8287 | Test Acc.: 0.8256
Epoch: 129/200   | Learning Rate 0.000900
Train Auc.: 0.8857 | Test Auc.: 0.8830
Train Loss.: 0.1644 | Test Loss.: 0.1666
Train Acc.: 0.7774 | Test Acc.: 0.7711
Epoch: 130/200   | Learning Rate 0.000900
Train Auc.: 0.9443 | Test Auc.: 0.9417
Train Loss.: 0.1435 | Test Loss.: 0.1448
Train Acc.: 0.8177 | Test Acc.: 0.8149
Epoch: 131/200   | Learning Rate 0.000900
Train Auc.: 0.9227 | Test Auc.: 0.9201
Train Loss.: 0.1273 | Test Loss.: 0.1287
Train Acc.: 0.8417 | Test Acc.: 0.8346
Epoch: 132/200   | Learning Rate 0.000900
Train Auc.: 0.9355 | Test Auc.: 0.9313
Train Loss.: 0.1182 | Test Loss.: 0.1210
Train Acc.: 0.8669 | Test Acc.: 0.8557
Epoch: 133/200   | Learning Rate 0.000900
Train Auc.: 0.9369 | Test Auc.: 0.9333
Train Loss.: 0.1342 | Test Loss.: 0.1358
Train Acc.: 0.8225 | Test Acc.: 0.8165
Epoch: 134/200   | Learning Rate 0.000900
Train Auc.: 0.9278 | Test Auc.: 0.9219
Train Loss.: 0.1309 | Test Loss.: 0.1332
Train Acc.: 0.8389 | Test Acc.: 0.8313
Epoch: 135/200   | Learning Rate 0.000900
Train Auc.: 0.8716 | Test Auc.: 0.8698
Train Loss.: 0.3135 | Test Loss.: 0.3170
Train Acc.: 0.5743 | Test Acc.: 0.5694
Epoch: 136/200   | Learning Rate 0.000900
Train Auc.: 0.9301 | Test Auc.: 0.9272
Train Loss.: 0.1416 | Test Loss.: 0.1427
Train Acc.: 0.8092 | Test Acc.: 0.8030
Epoch: 137/200   | Learning Rate 0.000900
Train Auc.: 0.9333 | Test Auc.: 0.9288
Train Loss.: 0.1577 | Test Loss.: 0.1595
Train Acc.: 0.7639 | Test Acc.: 0.7559
Epoch: 138/200   | Learning Rate 0.000900
Train Auc.: 0.9407 | Test Auc.: 0.9402
Train Loss.: 0.1318 | Test Loss.: 0.1328
Train Acc.: 0.8443 | Test Acc.: 0.8393
Epoch: 139/200   | Learning Rate 0.000900
Train Auc.: 0.9351 | Test Auc.: 0.9324
Train Loss.: 0.1237 | Test Loss.: 0.1262
Train Acc.: 0.8532 | Test Acc.: 0.8474
Epoch: 140/200   | Learning Rate 0.000900
Train Auc.: 0.9435 | Test Auc.: 0.9410
Train Loss.: 0.1401 | Test Loss.: 0.1417
Train Acc.: 0.8112 | Test Acc.: 0.8069
Epoch: 141/200   | Learning Rate 0.000900
Train Auc.: 0.9469 | Test Auc.: 0.9443
Train Loss.: 0.1980 | Test Loss.: 0.1993
Train Acc.: 0.7299 | Test Acc.: 0.7261
Epoch: 142/200   | Learning Rate 0.000900
Train Auc.: 0.9297 | Test Auc.: 0.9248
Train Loss.: 0.1229 | Test Loss.: 0.1260
Train Acc.: 0.8532 | Test Acc.: 0.8490
Epoch: 143/200   | Learning Rate 0.000900
Train Auc.: 0.9121 | Test Auc.: 0.9083
Train Loss.: 0.1623 | Test Loss.: 0.1661
Train Acc.: 0.7858 | Test Acc.: 0.7757
Epoch: 144/200   | Learning Rate 0.000900
Train Auc.: 0.9258 | Test Auc.: 0.9210
Train Loss.: 0.1414 | Test Loss.: 0.1453
Train Acc.: 0.8142 | Test Acc.: 0.8073
Epoch: 145/200   | Learning Rate 0.000900
Train Auc.: 0.9255 | Test Auc.: 0.9193
Train Loss.: 0.1511 | Test Loss.: 0.1550
Train Acc.: 0.7912 | Test Acc.: 0.7868
Epoch: 146/200   | Learning Rate 0.000900
Train Auc.: 0.9163 | Test Auc.: 0.9128
Train Loss.: 0.1744 | Test Loss.: 0.1777
Train Acc.: 0.7404 | Test Acc.: 0.7359
Epoch: 147/200   | Learning Rate 0.000900
Train Auc.: 0.9418 | Test Auc.: 0.9395
Train Loss.: 0.1501 | Test Loss.: 0.1512
Train Acc.: 0.8271 | Test Acc.: 0.8298
Epoch: 148/200   | Learning Rate 0.000900
Train Auc.: 0.9405 | Test Auc.: 0.9371
Train Loss.: 0.1227 | Test Loss.: 0.1246
Train Acc.: 0.8474 | Test Acc.: 0.8415
Epoch: 149/200   | Learning Rate 0.000900
Train Auc.: 0.9332 | Test Auc.: 0.9313
Train Loss.: 0.1374 | Test Loss.: 0.1376
Train Acc.: 0.8229 | Test Acc.: 0.8224
Epoch: 150/200   | Learning Rate 0.000900
Train Auc.: 0.8713 | Test Auc.: 0.8699
Train Loss.: 0.2254 | Test Loss.: 0.2278
Train Acc.: 0.6347 | Test Acc.: 0.6293
Epoch: 151/200   | Learning Rate 0.000900
Train Auc.: 0.9257 | Test Auc.: 0.9193
Train Loss.: 0.1382 | Test Loss.: 0.1411
Train Acc.: 0.8515 | Test Acc.: 0.8383
Epoch: 152/200   | Learning Rate 0.000900
Train Auc.: 0.9483 | Test Auc.: 0.9451
Train Loss.: 0.2449 | Test Loss.: 0.2449
Train Acc.: 0.5626 | Test Acc.: 0.5652
Epoch: 153/200   | Learning Rate 0.000900
Train Auc.: 0.9169 | Test Auc.: 0.9106
Train Loss.: 0.1625 | Test Loss.: 0.1643
Train Acc.: 0.7770 | Test Acc.: 0.7739
Epoch: 154/200   | Learning Rate 0.000900
Train Auc.: 0.9293 | Test Auc.: 0.9229
Train Loss.: 0.1613 | Test Loss.: 0.1634
Train Acc.: 0.7717 | Test Acc.: 0.7664
Epoch: 155/200   | Learning Rate 0.000900
Train Auc.: 0.8988 | Test Auc.: 0.8920
Train Loss.: 0.1564 | Test Loss.: 0.1591
Train Acc.: 0.8221 | Test Acc.: 0.8147
Epoch: 156/200   | Learning Rate 0.000900
Train Auc.: 0.9154 | Test Auc.: 0.9072
Train Loss.: 0.1522 | Test Loss.: 0.1544
Train Acc.: 0.8379 | Test Acc.: 0.8257
Epoch: 157/200   | Learning Rate 0.000900
Train Auc.: 0.9292 | Test Auc.: 0.9237
Train Loss.: 0.1200 | Test Loss.: 0.1233
Train Acc.: 0.8491 | Test Acc.: 0.8431
Epoch: 158/200   | Learning Rate 0.000900
Train Auc.: 0.9331 | Test Auc.: 0.9290
Train Loss.: 0.1611 | Test Loss.: 0.1631
Train Acc.: 0.7494 | Test Acc.: 0.7404
Epoch: 159/200   | Learning Rate 0.000900
Train Auc.: 0.9460 | Test Auc.: 0.9420
Train Loss.: 0.1653 | Test Loss.: 0.1682
Train Acc.: 0.7866 | Test Acc.: 0.7787
Epoch: 160/200   | Learning Rate 0.000900
Train Auc.: 0.9018 | Test Auc.: 0.8996
Train Loss.: 0.1643 | Test Loss.: 0.1660
Train Acc.: 0.8029 | Test Acc.: 0.8024
Epoch: 161/200   | Learning Rate 0.000900
Train Auc.: 0.8420 | Test Auc.: 0.8365
Train Loss.: 0.2355 | Test Loss.: 0.2394
Train Acc.: 0.5844 | Test Acc.: 0.5738
Epoch: 162/200   | Learning Rate 0.000900
Train Auc.: 0.9358 | Test Auc.: 0.9329
Train Loss.: 0.1168 | Test Loss.: 0.1187
Train Acc.: 0.8574 | Test Acc.: 0.8567
Epoch: 163/200   | Learning Rate 0.000900
Train Auc.: 0.9342 | Test Auc.: 0.9314
Train Loss.: 0.1104 | Test Loss.: 0.1125
Train Acc.: 0.8575 | Test Acc.: 0.8524
Epoch: 164/200   | Learning Rate 0.000900
Train Auc.: 0.9399 | Test Auc.: 0.9356
Train Loss.: 0.1204 | Test Loss.: 0.1241
Train Acc.: 0.8592 | Test Acc.: 0.8512
Epoch: 165/200   | Learning Rate 0.000900
Train Auc.: 0.9355 | Test Auc.: 0.9320
Train Loss.: 0.1763 | Test Loss.: 0.1790
Train Acc.: 0.7795 | Test Acc.: 0.7718
Epoch: 166/200   | Learning Rate 0.000900
Train Auc.: 0.9422 | Test Auc.: 0.9384
Train Loss.: 0.1275 | Test Loss.: 0.1309
Train Acc.: 0.8491 | Test Acc.: 0.8443
Epoch: 167/200   | Learning Rate 0.000900
Train Auc.: 0.9394 | Test Auc.: 0.9343
Train Loss.: 0.1199 | Test Loss.: 0.1247
Train Acc.: 0.8551 | Test Acc.: 0.8487
Epoch: 168/200   | Learning Rate 0.000900
Train Auc.: 0.9372 | Test Auc.: 0.9339
Train Loss.: 0.1086 | Test Loss.: 0.1119
Train Acc.: 0.8564 | Test Acc.: 0.8496
Epoch: 169/200   | Learning Rate 0.000900
Train Auc.: 0.9449 | Test Auc.: 0.9420
Train Loss.: 0.1536 | Test Loss.: 0.1550
Train Acc.: 0.7797 | Test Acc.: 0.7751
Epoch: 170/200   | Learning Rate 0.000900
Train Auc.: 0.9334 | Test Auc.: 0.9300
Train Loss.: 0.1249 | Test Loss.: 0.1275
Train Acc.: 0.8324 | Test Acc.: 0.8269
Epoch: 171/200   | Learning Rate 0.000900
Train Auc.: 0.9443 | Test Auc.: 0.9415
Train Loss.: 0.1451 | Test Loss.: 0.1464
Train Acc.: 0.7984 | Test Acc.: 0.7945
Epoch: 172/200   | Learning Rate 0.000900
Train Auc.: 0.9398 | Test Auc.: 0.9353
Train Loss.: 0.1191 | Test Loss.: 0.1222
Train Acc.: 0.8682 | Test Acc.: 0.8603
Epoch: 173/200   | Learning Rate 0.000900
Train Auc.: 0.9241 | Test Auc.: 0.9178
Train Loss.: 0.1654 | Test Loss.: 0.1685
Train Acc.: 0.7905 | Test Acc.: 0.7846
Epoch: 174/200   | Learning Rate 0.000900
Train Auc.: 0.9129 | Test Auc.: 0.9088
Train Loss.: 0.2141 | Test Loss.: 0.2182
Train Acc.: 0.6722 | Test Acc.: 0.6646
Epoch: 175/200   | Learning Rate 0.000900
Train Auc.: 0.8835 | Test Auc.: 0.8787
Train Loss.: 0.2375 | Test Loss.: 0.2404
Train Acc.: 0.5444 | Test Acc.: 0.5406
Epoch: 176/200   | Learning Rate 0.000900
Train Auc.: 0.9405 | Test Auc.: 0.9355
Train Loss.: 0.1293 | Test Loss.: 0.1319
Train Acc.: 0.8537 | Test Acc.: 0.8439
Epoch: 177/200   | Learning Rate 0.000900
Train Auc.: 0.9374 | Test Auc.: 0.9321
Train Loss.: 0.1641 | Test Loss.: 0.1656
Train Acc.: 0.7478 | Test Acc.: 0.7419
Epoch: 178/200   | Learning Rate 0.000900
Train Auc.: 0.9398 | Test Auc.: 0.9366
Train Loss.: 0.1342 | Test Loss.: 0.1360
Train Acc.: 0.8408 | Test Acc.: 0.8358
Epoch: 179/200   | Learning Rate 0.000900
Train Auc.: 0.9412 | Test Auc.: 0.9371
Train Loss.: 0.1553 | Test Loss.: 0.1565
Train Acc.: 0.7832 | Test Acc.: 0.7780
Epoch: 180/200   | Learning Rate 0.000900
Train Auc.: 0.9317 | Test Auc.: 0.9286
Train Loss.: 0.1539 | Test Loss.: 0.1549
Train Acc.: 0.8099 | Test Acc.: 0.8027
Epoch: 181/200   | Learning Rate 0.000900
Train Auc.: 0.9457 | Test Auc.: 0.9416
Train Loss.: 0.1902 | Test Loss.: 0.1920
Train Acc.: 0.6934 | Test Acc.: 0.6895
Epoch: 182/200   | Learning Rate 0.000900
Train Auc.: 0.9374 | Test Auc.: 0.9336
Train Loss.: 0.1239 | Test Loss.: 0.1263
Train Acc.: 0.8403 | Test Acc.: 0.8359
Epoch: 183/200   | Learning Rate 0.000900
Train Auc.: 0.9406 | Test Auc.: 0.9376
Train Loss.: 0.1270 | Test Loss.: 0.1287
Train Acc.: 0.8484 | Test Acc.: 0.8410
Epoch: 184/200   | Learning Rate 0.000900
Train Auc.: 0.9200 | Test Auc.: 0.9155
Train Loss.: 0.1279 | Test Loss.: 0.1306
Train Acc.: 0.8426 | Test Acc.: 0.8364
Epoch: 185/200   | Learning Rate 0.000900
Train Auc.: 0.9377 | Test Auc.: 0.9323
Train Loss.: 0.1118 | Test Loss.: 0.1165
Train Acc.: 0.8557 | Test Acc.: 0.8467
Epoch: 186/200   | Learning Rate 0.000900
Train Auc.: 0.9370 | Test Auc.: 0.9316
Train Loss.: 0.1197 | Test Loss.: 0.1242
Train Acc.: 0.8436 | Test Acc.: 0.8358
Epoch: 187/200   | Learning Rate 0.000900
Train Auc.: 0.9384 | Test Auc.: 0.9362
Train Loss.: 0.1100 | Test Loss.: 0.1123
Train Acc.: 0.8565 | Test Acc.: 0.8521
Epoch: 188/200   | Learning Rate 0.000900
Train Auc.: 0.9084 | Test Auc.: 0.9020
Train Loss.: 0.1374 | Test Loss.: 0.1416
Train Acc.: 0.8333 | Test Acc.: 0.8266
Epoch: 189/200   | Learning Rate 0.000900
Train Auc.: 0.9443 | Test Auc.: 0.9411
Train Loss.: 0.1278 | Test Loss.: 0.1308
Train Acc.: 0.8524 | Test Acc.: 0.8480
Epoch: 190/200   | Learning Rate 0.000900
Train Auc.: 0.8944 | Test Auc.: 0.8935
Train Loss.: 0.2804 | Test Loss.: 0.2802
Train Acc.: 0.6155 | Test Acc.: 0.6156
Epoch: 191/200   | Learning Rate 0.000900
Train Auc.: 0.9435 | Test Auc.: 0.9423
Train Loss.: 0.1333 | Test Loss.: 0.1341
Train Acc.: 0.8271 | Test Acc.: 0.8267
Epoch: 192/200   | Learning Rate 0.000900
Train Auc.: 0.9427 | Test Auc.: 0.9384
Train Loss.: 0.1852 | Test Loss.: 0.1875
Train Acc.: 0.7528 | Test Acc.: 0.7480
Epoch: 193/200   | Learning Rate 0.000900
Train Auc.: 0.8994 | Test Auc.: 0.8909
Train Loss.: 0.1504 | Test Loss.: 0.1540
Train Acc.: 0.7879 | Test Acc.: 0.7785
Epoch: 194/200   | Learning Rate 0.000900
Train Auc.: 0.9432 | Test Auc.: 0.9383
Train Loss.: 0.1341 | Test Loss.: 0.1374
Train Acc.: 0.8264 | Test Acc.: 0.8205
Epoch: 195/200   | Learning Rate 0.000900
Train Auc.: 0.9359 | Test Auc.: 0.9323
Train Loss.: 0.1821 | Test Loss.: 0.1839
Train Acc.: 0.7500 | Test Acc.: 0.7468
Epoch: 196/200   | Learning Rate 0.000900
Train Auc.: 0.9351 | Test Auc.: 0.9308
Train Loss.: 0.1265 | Test Loss.: 0.1284
Train Acc.: 0.8390 | Test Acc.: 0.8397
Epoch: 197/200   | Learning Rate 0.000900
Train Auc.: 0.9428 | Test Auc.: 0.9393
Train Loss.: 0.1690 | Test Loss.: 0.1705
Train Acc.: 0.7930 | Test Acc.: 0.7903
Epoch: 198/200   | Learning Rate 0.000900
Train Auc.: 0.9381 | Test Auc.: 0.9347
Train Loss.: 0.1218 | Test Loss.: 0.1244
Train Acc.: 0.8661 | Test Acc.: 0.8573
Epoch: 199/200   | Learning Rate 0.000900
Train Auc.: 0.9156 | Test Auc.: 0.9130
Train Loss.: 0.1789 | Test Loss.: 0.1818
Train Acc.: 0.7213 | Test Acc.: 0.7136
Epoch: 200/200   | Learning Rate 0.000900
Train Auc.: 0.9156 | Test Auc.: 0.9077
Train Loss.: 0.1528 | Test Loss.: 0.1554
Train Acc.: 0.8174 | Test Acc.: 0.8102
Epoch: 001/200   | Learning Rate 0.000810
Train Auc.: 0.9364 | Test Auc.: 0.9398
Train Loss.: 0.1312 | Test Loss.: 0.1290
Train Acc.: 0.8542 | Test Acc.: 0.8585
Epoch: 002/200   | Learning Rate 0.000810
Train Auc.: 0.8738 | Test Auc.: 0.8858
Train Loss.: 0.1955 | Test Loss.: 0.1908
Train Acc.: 0.6860 | Test Acc.: 0.6943
Epoch: 003/200   | Learning Rate 0.000810
Train Auc.: 0.9360 | Test Auc.: 0.9394
Train Loss.: 0.1300 | Test Loss.: 0.1269
Train Acc.: 0.8208 | Test Acc.: 0.8286
Epoch: 004/200   | Learning Rate 0.000810
Train Auc.: 0.9311 | Test Auc.: 0.9338
Train Loss.: 0.1384 | Test Loss.: 0.1370
Train Acc.: 0.8457 | Test Acc.: 0.8522
Epoch: 005/200   | Learning Rate 0.000810
Train Auc.: 0.9225 | Test Auc.: 0.9260
Train Loss.: 0.1607 | Test Loss.: 0.1577
Train Acc.: 0.7802 | Test Acc.: 0.7838
Epoch: 006/200   | Learning Rate 0.000810
Train Auc.: 0.9201 | Test Auc.: 0.9274
Train Loss.: 0.1578 | Test Loss.: 0.1538
Train Acc.: 0.8084 | Test Acc.: 0.8182
Epoch: 007/200   | Learning Rate 0.000810
Train Auc.: 0.9354 | Test Auc.: 0.9385
Train Loss.: 0.1155 | Test Loss.: 0.1126
Train Acc.: 0.8605 | Test Acc.: 0.8674
Epoch: 008/200   | Learning Rate 0.000810
Train Auc.: 0.9315 | Test Auc.: 0.9368
Train Loss.: 0.1238 | Test Loss.: 0.1210
Train Acc.: 0.8604 | Test Acc.: 0.8661
Epoch: 009/200   | Learning Rate 0.000810
Train Auc.: 0.9334 | Test Auc.: 0.9359
Train Loss.: 0.1220 | Test Loss.: 0.1200
Train Acc.: 0.8571 | Test Acc.: 0.8612
Epoch: 010/200   | Learning Rate 0.000810
Train Auc.: 0.9436 | Test Auc.: 0.9471
Train Loss.: 0.1580 | Test Loss.: 0.1562
Train Acc.: 0.7661 | Test Acc.: 0.7685
Epoch: 011/200   | Learning Rate 0.000810
Train Auc.: 0.8641 | Test Auc.: 0.8687
Train Loss.: 0.1838 | Test Loss.: 0.1816
Train Acc.: 0.7354 | Test Acc.: 0.7377
Epoch: 012/200   | Learning Rate 0.000810
Train Auc.: 0.9327 | Test Auc.: 0.9374
Train Loss.: 0.1275 | Test Loss.: 0.1246
Train Acc.: 0.8428 | Test Acc.: 0.8464
Epoch: 013/200   | Learning Rate 0.000810
Train Auc.: 0.9283 | Test Auc.: 0.9317
Train Loss.: 0.1309 | Test Loss.: 0.1290
Train Acc.: 0.8456 | Test Acc.: 0.8480
Epoch: 014/200   | Learning Rate 0.000810
Train Auc.: 0.9414 | Test Auc.: 0.9435
Train Loss.: 0.1863 | Test Loss.: 0.1851
Train Acc.: 0.7534 | Test Acc.: 0.7573
Epoch: 015/200   | Learning Rate 0.000810
Train Auc.: 0.9399 | Test Auc.: 0.9426
Train Loss.: 0.1690 | Test Loss.: 0.1682
Train Acc.: 0.7756 | Test Acc.: 0.7762
Epoch: 016/200   | Learning Rate 0.000810
Train Auc.: 0.8522 | Test Auc.: 0.8547
Train Loss.: 0.1944 | Test Loss.: 0.1926
Train Acc.: 0.6973 | Test Acc.: 0.7054
Epoch: 017/200   | Learning Rate 0.000810
Train Auc.: 0.9310 | Test Auc.: 0.9368
Train Loss.: 0.1375 | Test Loss.: 0.1347
Train Acc.: 0.8047 | Test Acc.: 0.8124
Epoch: 018/200   | Learning Rate 0.000810
Train Auc.: 0.9428 | Test Auc.: 0.9447
Train Loss.: 0.1270 | Test Loss.: 0.1254
Train Acc.: 0.8362 | Test Acc.: 0.8358
Epoch: 019/200   | Learning Rate 0.000810
Train Auc.: 0.9240 | Test Auc.: 0.9307
Train Loss.: 0.1178 | Test Loss.: 0.1134
Train Acc.: 0.8458 | Test Acc.: 0.8533
Epoch: 020/200   | Learning Rate 0.000810
Train Auc.: 0.9151 | Test Auc.: 0.9184
Train Loss.: 0.1606 | Test Loss.: 0.1572
Train Acc.: 0.7847 | Test Acc.: 0.7884
Epoch: 021/200   | Learning Rate 0.000810
Train Auc.: 0.8530 | Test Auc.: 0.8567
Train Loss.: 0.2819 | Test Loss.: 0.2790
Train Acc.: 0.5272 | Test Acc.: 0.5305
Epoch: 022/200   | Learning Rate 0.000810
Train Auc.: 0.9238 | Test Auc.: 0.9273
Train Loss.: 0.1300 | Test Loss.: 0.1276
Train Acc.: 0.8328 | Test Acc.: 0.8389
Epoch: 023/200   | Learning Rate 0.000810
Train Auc.: 0.9418 | Test Auc.: 0.9445
Train Loss.: 0.1515 | Test Loss.: 0.1496
Train Acc.: 0.8123 | Test Acc.: 0.8181
Epoch: 024/200   | Learning Rate 0.000810
Train Auc.: 0.9338 | Test Auc.: 0.9372
Train Loss.: 0.1114 | Test Loss.: 0.1087
Train Acc.: 0.8555 | Test Acc.: 0.8628
Epoch: 025/200   | Learning Rate 0.000810
Train Auc.: 0.9296 | Test Auc.: 0.9334
Train Loss.: 0.1292 | Test Loss.: 0.1275
Train Acc.: 0.8256 | Test Acc.: 0.8252
Epoch: 026/200   | Learning Rate 0.000810
Train Auc.: 0.9410 | Test Auc.: 0.9451
Train Loss.: 0.1333 | Test Loss.: 0.1308
Train Acc.: 0.8312 | Test Acc.: 0.8327
Epoch: 027/200   | Learning Rate 0.000810
Train Auc.: 0.9319 | Test Auc.: 0.9371
Train Loss.: 0.1424 | Test Loss.: 0.1401
Train Acc.: 0.7988 | Test Acc.: 0.8025
Epoch: 028/200   | Learning Rate 0.000810
Train Auc.: 0.9373 | Test Auc.: 0.9415
Train Loss.: 0.1195 | Test Loss.: 0.1170
Train Acc.: 0.8548 | Test Acc.: 0.8622
Epoch: 029/200   | Learning Rate 0.000810
Train Auc.: 0.9385 | Test Auc.: 0.9422
Train Loss.: 0.1260 | Test Loss.: 0.1237
Train Acc.: 0.8390 | Test Acc.: 0.8431
Epoch: 030/200   | Learning Rate 0.000810
Train Auc.: 0.9206 | Test Auc.: 0.9257
Train Loss.: 0.1412 | Test Loss.: 0.1393
Train Acc.: 0.8239 | Test Acc.: 0.8246
Epoch: 031/200   | Learning Rate 0.000810
Train Auc.: 0.9316 | Test Auc.: 0.9366
Train Loss.: 0.1218 | Test Loss.: 0.1185
Train Acc.: 0.8569 | Test Acc.: 0.8639
Epoch: 032/200   | Learning Rate 0.000810
Train Auc.: 0.9376 | Test Auc.: 0.9399
Train Loss.: 0.1110 | Test Loss.: 0.1085
Train Acc.: 0.8586 | Test Acc.: 0.8655
Epoch: 033/200   | Learning Rate 0.000810
Train Auc.: 0.9404 | Test Auc.: 0.9442
Train Loss.: 0.1092 | Test Loss.: 0.1065
Train Acc.: 0.8679 | Test Acc.: 0.8750
Epoch: 034/200   | Learning Rate 0.000810
Train Auc.: 0.9338 | Test Auc.: 0.9378
Train Loss.: 0.1521 | Test Loss.: 0.1484
Train Acc.: 0.7983 | Test Acc.: 0.8038
Epoch: 035/200   | Learning Rate 0.000810
Train Auc.: 0.9089 | Test Auc.: 0.9179
Train Loss.: 0.1628 | Test Loss.: 0.1567
Train Acc.: 0.7823 | Test Acc.: 0.7920
Epoch: 036/200   | Learning Rate 0.000810
Train Auc.: 0.9066 | Test Auc.: 0.9124
Train Loss.: 0.1520 | Test Loss.: 0.1483
Train Acc.: 0.8073 | Test Acc.: 0.8132
Epoch: 037/200   | Learning Rate 0.000810
Train Auc.: 0.9312 | Test Auc.: 0.9360
Train Loss.: 0.1149 | Test Loss.: 0.1110
Train Acc.: 0.8551 | Test Acc.: 0.8601
Epoch: 038/200   | Learning Rate 0.000810
Train Auc.: 0.9182 | Test Auc.: 0.9249
Train Loss.: 0.1431 | Test Loss.: 0.1403
Train Acc.: 0.7704 | Test Acc.: 0.7792
Epoch: 039/200   | Learning Rate 0.000810
Train Auc.: 0.9412 | Test Auc.: 0.9433
Train Loss.: 0.1177 | Test Loss.: 0.1160
Train Acc.: 0.8649 | Test Acc.: 0.8687
Epoch: 040/200   | Learning Rate 0.000810
Train Auc.: 0.9375 | Test Auc.: 0.9416
Train Loss.: 0.1525 | Test Loss.: 0.1490
Train Acc.: 0.8063 | Test Acc.: 0.8117
Epoch: 041/200   | Learning Rate 0.000810
Train Auc.: 0.9315 | Test Auc.: 0.9363
Train Loss.: 0.1313 | Test Loss.: 0.1286
Train Acc.: 0.8254 | Test Acc.: 0.8289
Epoch: 042/200   | Learning Rate 0.000810
Train Auc.: 0.9190 | Test Auc.: 0.9225
Train Loss.: 0.1410 | Test Loss.: 0.1383
Train Acc.: 0.8206 | Test Acc.: 0.8295
Epoch: 043/200   | Learning Rate 0.000810
Train Auc.: 0.9257 | Test Auc.: 0.9302
Train Loss.: 0.1177 | Test Loss.: 0.1145
Train Acc.: 0.8522 | Test Acc.: 0.8593
Epoch: 044/200   | Learning Rate 0.000810
Train Auc.: 0.9389 | Test Auc.: 0.9414
Train Loss.: 0.1129 | Test Loss.: 0.1112
Train Acc.: 0.8572 | Test Acc.: 0.8603
Epoch: 045/200   | Learning Rate 0.000810
Train Auc.: 0.9255 | Test Auc.: 0.9286
Train Loss.: 0.1350 | Test Loss.: 0.1331
Train Acc.: 0.8176 | Test Acc.: 0.8244
Epoch: 046/200   | Learning Rate 0.000810
Train Auc.: 0.9417 | Test Auc.: 0.9446
Train Loss.: 0.1200 | Test Loss.: 0.1173
Train Acc.: 0.8566 | Test Acc.: 0.8607
Epoch: 047/200   | Learning Rate 0.000810
Train Auc.: 0.9395 | Test Auc.: 0.9438
Train Loss.: 0.1124 | Test Loss.: 0.1095
Train Acc.: 0.8618 | Test Acc.: 0.8672
Epoch: 048/200   | Learning Rate 0.000810
Train Auc.: 0.9342 | Test Auc.: 0.9366
Train Loss.: 0.1204 | Test Loss.: 0.1181
Train Acc.: 0.8560 | Test Acc.: 0.8600
Epoch: 049/200   | Learning Rate 0.000810
Train Auc.: 0.9273 | Test Auc.: 0.9323
Train Loss.: 0.1351 | Test Loss.: 0.1315
Train Acc.: 0.8294 | Test Acc.: 0.8390
Epoch: 050/200   | Learning Rate 0.000810
Train Auc.: 0.9368 | Test Auc.: 0.9404
Train Loss.: 0.1207 | Test Loss.: 0.1171
Train Acc.: 0.8594 | Test Acc.: 0.8669
Epoch: 051/200   | Learning Rate 0.000810
Train Auc.: 0.9419 | Test Auc.: 0.9450
Train Loss.: 0.1098 | Test Loss.: 0.1072
Train Acc.: 0.8684 | Test Acc.: 0.8712
Epoch: 052/200   | Learning Rate 0.000810
Train Auc.: 0.9127 | Test Auc.: 0.9183
Train Loss.: 0.1263 | Test Loss.: 0.1229
Train Acc.: 0.8368 | Test Acc.: 0.8431
Epoch: 053/200   | Learning Rate 0.000810
Train Auc.: 0.9174 | Test Auc.: 0.9209
Train Loss.: 0.1870 | Test Loss.: 0.1844
Train Acc.: 0.7117 | Test Acc.: 0.7122
Epoch: 054/200   | Learning Rate 0.000810
Train Auc.: 0.9329 | Test Auc.: 0.9376
Train Loss.: 0.1461 | Test Loss.: 0.1427
Train Acc.: 0.8293 | Test Acc.: 0.8314
Epoch: 055/200   | Learning Rate 0.000810
Train Auc.: 0.9412 | Test Auc.: 0.9436
Train Loss.: 0.1261 | Test Loss.: 0.1243
Train Acc.: 0.8587 | Test Acc.: 0.8610
Epoch: 056/200   | Learning Rate 0.000810
Train Auc.: 0.9079 | Test Auc.: 0.9111
Train Loss.: 0.1682 | Test Loss.: 0.1646
Train Acc.: 0.7703 | Test Acc.: 0.7761
Epoch: 057/200   | Learning Rate 0.000810
Train Auc.: 0.9407 | Test Auc.: 0.9435
Train Loss.: 0.1184 | Test Loss.: 0.1161
Train Acc.: 0.8602 | Test Acc.: 0.8628
Epoch: 058/200   | Learning Rate 0.000810
Train Auc.: 0.9430 | Test Auc.: 0.9459
Train Loss.: 0.1191 | Test Loss.: 0.1176
Train Acc.: 0.8650 | Test Acc.: 0.8679
Epoch: 059/200   | Learning Rate 0.000810
Train Auc.: 0.9109 | Test Auc.: 0.9173
Train Loss.: 0.1471 | Test Loss.: 0.1436
Train Acc.: 0.8308 | Test Acc.: 0.8410
Epoch: 060/200   | Learning Rate 0.000810
Train Auc.: 0.9025 | Test Auc.: 0.9113
Train Loss.: 0.1556 | Test Loss.: 0.1518
Train Acc.: 0.8306 | Test Acc.: 0.8416
Epoch: 061/200   | Learning Rate 0.000810
Train Auc.: 0.9291 | Test Auc.: 0.9329
Train Loss.: 0.1384 | Test Loss.: 0.1359
Train Acc.: 0.8462 | Test Acc.: 0.8516
Epoch: 062/200   | Learning Rate 0.000810
Train Auc.: 0.9337 | Test Auc.: 0.9365
Train Loss.: 0.1260 | Test Loss.: 0.1232
Train Acc.: 0.8304 | Test Acc.: 0.8393
Epoch: 063/200   | Learning Rate 0.000810
Train Auc.: 0.9365 | Test Auc.: 0.9407
Train Loss.: 0.1129 | Test Loss.: 0.1095
Train Acc.: 0.8607 | Test Acc.: 0.8636
Epoch: 064/200   | Learning Rate 0.000810
Train Auc.: 0.9426 | Test Auc.: 0.9454
Train Loss.: 0.1311 | Test Loss.: 0.1290
Train Acc.: 0.8270 | Test Acc.: 0.8302
Epoch: 065/200   | Learning Rate 0.000810
Train Auc.: 0.9341 | Test Auc.: 0.9389
Train Loss.: 0.1171 | Test Loss.: 0.1142
Train Acc.: 0.8624 | Test Acc.: 0.8656
Epoch: 066/200   | Learning Rate 0.000810
Train Auc.: 0.9406 | Test Auc.: 0.9442
Train Loss.: 0.1209 | Test Loss.: 0.1185
Train Acc.: 0.8464 | Test Acc.: 0.8493
Epoch: 067/200   | Learning Rate 0.000810
Train Auc.: 0.9361 | Test Auc.: 0.9408
Train Loss.: 0.1219 | Test Loss.: 0.1192
Train Acc.: 0.8520 | Test Acc.: 0.8592
Epoch: 068/200   | Learning Rate 0.000810
Train Auc.: 0.9429 | Test Auc.: 0.9459
Train Loss.: 0.1304 | Test Loss.: 0.1276
Train Acc.: 0.8461 | Test Acc.: 0.8480
Epoch: 069/200   | Learning Rate 0.000810
Train Auc.: 0.9404 | Test Auc.: 0.9434
Train Loss.: 0.1639 | Test Loss.: 0.1619
Train Acc.: 0.7823 | Test Acc.: 0.7821
Epoch: 070/200   | Learning Rate 0.000810
Train Auc.: 0.8920 | Test Auc.: 0.8976
Train Loss.: 0.1786 | Test Loss.: 0.1752
Train Acc.: 0.7551 | Test Acc.: 0.7631
Epoch: 071/200   | Learning Rate 0.000810
Train Auc.: 0.9065 | Test Auc.: 0.9081
Train Loss.: 0.1591 | Test Loss.: 0.1575
Train Acc.: 0.7938 | Test Acc.: 0.7972
Epoch: 072/200   | Learning Rate 0.000810
Train Auc.: 0.9371 | Test Auc.: 0.9408
Train Loss.: 0.1073 | Test Loss.: 0.1042
Train Acc.: 0.8580 | Test Acc.: 0.8669
Epoch: 073/200   | Learning Rate 0.000810
Train Auc.: 0.9211 | Test Auc.: 0.9264
Train Loss.: 0.1274 | Test Loss.: 0.1239
Train Acc.: 0.8375 | Test Acc.: 0.8476
Epoch: 074/200   | Learning Rate 0.000810
Train Auc.: 0.9160 | Test Auc.: 0.9207
Train Loss.: 0.1325 | Test Loss.: 0.1296
Train Acc.: 0.8353 | Test Acc.: 0.8407
Epoch: 075/200   | Learning Rate 0.000810
Train Auc.: 0.9271 | Test Auc.: 0.9315
Train Loss.: 0.1328 | Test Loss.: 0.1295
Train Acc.: 0.8336 | Test Acc.: 0.8433
Epoch: 076/200   | Learning Rate 0.000810
Train Auc.: 0.9358 | Test Auc.: 0.9402
Train Loss.: 0.1107 | Test Loss.: 0.1070
Train Acc.: 0.8642 | Test Acc.: 0.8711
Epoch: 077/200   | Learning Rate 0.000810
Train Auc.: 0.9321 | Test Auc.: 0.9358
Train Loss.: 0.1304 | Test Loss.: 0.1283
Train Acc.: 0.8456 | Test Acc.: 0.8482
Epoch: 078/200   | Learning Rate 0.000810
Train Auc.: 0.9444 | Test Auc.: 0.9472
Train Loss.: 0.2116 | Test Loss.: 0.2100
Train Acc.: 0.6879 | Test Acc.: 0.6871
Epoch: 079/200   | Learning Rate 0.000810
Train Auc.: 0.9420 | Test Auc.: 0.9448
Train Loss.: 0.1521 | Test Loss.: 0.1499
Train Acc.: 0.7947 | Test Acc.: 0.8011
Epoch: 080/200   | Learning Rate 0.000810
Train Auc.: 0.9104 | Test Auc.: 0.9167
Train Loss.: 0.1342 | Test Loss.: 0.1303
Train Acc.: 0.8356 | Test Acc.: 0.8452
Epoch: 081/200   | Learning Rate 0.000810
Train Auc.: 0.9012 | Test Auc.: 0.9085
Train Loss.: 0.1522 | Test Loss.: 0.1481
Train Acc.: 0.8212 | Test Acc.: 0.8308
Epoch: 082/200   | Learning Rate 0.000810
Train Auc.: 0.9431 | Test Auc.: 0.9454
Train Loss.: 0.1091 | Test Loss.: 0.1068
Train Acc.: 0.8687 | Test Acc.: 0.8752
Epoch: 083/200   | Learning Rate 0.000810
Train Auc.: 0.9414 | Test Auc.: 0.9449
Train Loss.: 0.1214 | Test Loss.: 0.1192
Train Acc.: 0.8570 | Test Acc.: 0.8620
Epoch: 084/200   | Learning Rate 0.000810
Train Auc.: 0.9211 | Test Auc.: 0.9270
Train Loss.: 0.1496 | Test Loss.: 0.1461
Train Acc.: 0.8435 | Test Acc.: 0.8555
Epoch: 085/200   | Learning Rate 0.000810
Train Auc.: 0.9344 | Test Auc.: 0.9383
Train Loss.: 0.1253 | Test Loss.: 0.1219
Train Acc.: 0.8273 | Test Acc.: 0.8339
Epoch: 086/200   | Learning Rate 0.000810
Train Auc.: 0.9064 | Test Auc.: 0.9105
Train Loss.: 0.1814 | Test Loss.: 0.1779
Train Acc.: 0.7258 | Test Acc.: 0.7299
Epoch: 087/200   | Learning Rate 0.000810
Train Auc.: 0.9244 | Test Auc.: 0.9282
Train Loss.: 0.1461 | Test Loss.: 0.1430
Train Acc.: 0.8260 | Test Acc.: 0.8311
Epoch: 088/200   | Learning Rate 0.000810
Train Auc.: 0.9104 | Test Auc.: 0.9139
Train Loss.: 0.2013 | Test Loss.: 0.1982
Train Acc.: 0.6295 | Test Acc.: 0.6308
Epoch: 089/200   | Learning Rate 0.000810
Train Auc.: 0.9274 | Test Auc.: 0.9324
Train Loss.: 0.1436 | Test Loss.: 0.1408
Train Acc.: 0.8489 | Test Acc.: 0.8597
Epoch: 090/200   | Learning Rate 0.000810
Train Auc.: 0.9418 | Test Auc.: 0.9443
Train Loss.: 0.1162 | Test Loss.: 0.1143
Train Acc.: 0.8616 | Test Acc.: 0.8674
Epoch: 091/200   | Learning Rate 0.000810
Train Auc.: 0.9373 | Test Auc.: 0.9408
Train Loss.: 0.1317 | Test Loss.: 0.1296
Train Acc.: 0.8254 | Test Acc.: 0.8257
Epoch: 092/200   | Learning Rate 0.000810
Train Auc.: 0.9419 | Test Auc.: 0.9452
Train Loss.: 0.1367 | Test Loss.: 0.1343
Train Acc.: 0.8073 | Test Acc.: 0.8105
Epoch: 093/200   | Learning Rate 0.000810
Train Auc.: 0.9418 | Test Auc.: 0.9450
Train Loss.: 0.1463 | Test Loss.: 0.1448
Train Acc.: 0.7897 | Test Acc.: 0.7936
Epoch: 094/200   | Learning Rate 0.000810
Train Auc.: 0.9417 | Test Auc.: 0.9453
Train Loss.: 0.1317 | Test Loss.: 0.1293
Train Acc.: 0.8487 | Test Acc.: 0.8556
Epoch: 095/200   | Learning Rate 0.000810
Train Auc.: 0.9457 | Test Auc.: 0.9481
Train Loss.: 0.1995 | Test Loss.: 0.1984
Train Acc.: 0.7464 | Test Acc.: 0.7500
Epoch: 096/200   | Learning Rate 0.000810
Train Auc.: 0.9390 | Test Auc.: 0.9421
Train Loss.: 0.1268 | Test Loss.: 0.1242
Train Acc.: 0.8528 | Test Acc.: 0.8584
Epoch: 097/200   | Learning Rate 0.000810
Train Auc.: 0.9417 | Test Auc.: 0.9450
Train Loss.: 0.1142 | Test Loss.: 0.1120
Train Acc.: 0.8556 | Test Acc.: 0.8561
Epoch: 098/200   | Learning Rate 0.000810
Train Auc.: 0.9201 | Test Auc.: 0.9249
Train Loss.: 0.1443 | Test Loss.: 0.1409
Train Acc.: 0.8258 | Test Acc.: 0.8372
Epoch: 099/200   | Learning Rate 0.000810
Train Auc.: 0.9299 | Test Auc.: 0.9362
Train Loss.: 0.1513 | Test Loss.: 0.1465
Train Acc.: 0.7920 | Test Acc.: 0.8011
Epoch: 100/200   | Learning Rate 0.000810
Train Auc.: 0.9200 | Test Auc.: 0.9253
Train Loss.: 0.1984 | Test Loss.: 0.1940
Train Acc.: 0.6906 | Test Acc.: 0.6966
Epoch: 101/200   | Learning Rate 0.000729
Train Auc.: 0.9420 | Test Auc.: 0.9452
Train Loss.: 0.1105 | Test Loss.: 0.1080
Train Acc.: 0.8687 | Test Acc.: 0.8765
Epoch: 102/200   | Learning Rate 0.000729
Train Auc.: 0.9358 | Test Auc.: 0.9382
Train Loss.: 0.1120 | Test Loss.: 0.1098
Train Acc.: 0.8638 | Test Acc.: 0.8684
Epoch: 103/200   | Learning Rate 0.000729
Train Auc.: 0.9141 | Test Auc.: 0.9214
Train Loss.: 0.1376 | Test Loss.: 0.1341
Train Acc.: 0.8358 | Test Acc.: 0.8452
Epoch: 104/200   | Learning Rate 0.000729
Train Auc.: 0.9415 | Test Auc.: 0.9449
Train Loss.: 0.1351 | Test Loss.: 0.1331
Train Acc.: 0.8491 | Test Acc.: 0.8522
Epoch: 105/200   | Learning Rate 0.000729
Train Auc.: 0.9061 | Test Auc.: 0.9111
Train Loss.: 0.1634 | Test Loss.: 0.1602
Train Acc.: 0.7889 | Test Acc.: 0.7960
Epoch: 106/200   | Learning Rate 0.000729
Train Auc.: 0.9375 | Test Auc.: 0.9410
Train Loss.: 0.1152 | Test Loss.: 0.1125
Train Acc.: 0.8591 | Test Acc.: 0.8658
Epoch: 107/200   | Learning Rate 0.000729
Train Auc.: 0.9436 | Test Auc.: 0.9458
Train Loss.: 0.1255 | Test Loss.: 0.1239
Train Acc.: 0.8470 | Test Acc.: 0.8482
Epoch: 108/200   | Learning Rate 0.000729
Train Auc.: 0.9258 | Test Auc.: 0.9307
Train Loss.: 0.1307 | Test Loss.: 0.1281
Train Acc.: 0.8065 | Test Acc.: 0.8127
Epoch: 109/200   | Learning Rate 0.000729
Train Auc.: 0.9335 | Test Auc.: 0.9372
Train Loss.: 0.1308 | Test Loss.: 0.1288
Train Acc.: 0.8480 | Test Acc.: 0.8464
Epoch: 110/200   | Learning Rate 0.000729
Train Auc.: 0.9417 | Test Auc.: 0.9452
Train Loss.: 0.1162 | Test Loss.: 0.1139
Train Acc.: 0.8593 | Test Acc.: 0.8640
Epoch: 111/200   | Learning Rate 0.000729
Train Auc.: 0.9247 | Test Auc.: 0.9298
Train Loss.: 0.1319 | Test Loss.: 0.1288
Train Acc.: 0.8442 | Test Acc.: 0.8499
Epoch: 112/200   | Learning Rate 0.000729
Train Auc.: 0.9419 | Test Auc.: 0.9455
Train Loss.: 0.1160 | Test Loss.: 0.1133
Train Acc.: 0.8634 | Test Acc.: 0.8698
Epoch: 113/200   | Learning Rate 0.000729
Train Auc.: 0.9372 | Test Auc.: 0.9413
Train Loss.: 0.1341 | Test Loss.: 0.1302
Train Acc.: 0.8277 | Test Acc.: 0.8360
Epoch: 114/200   | Learning Rate 0.000729
Train Auc.: 0.9310 | Test Auc.: 0.9355
Train Loss.: 0.1252 | Test Loss.: 0.1219
Train Acc.: 0.8473 | Test Acc.: 0.8586
Epoch: 115/200   | Learning Rate 0.000729
Train Auc.: 0.9410 | Test Auc.: 0.9439
Train Loss.: 0.1206 | Test Loss.: 0.1182
Train Acc.: 0.8463 | Test Acc.: 0.8494
Epoch: 116/200   | Learning Rate 0.000729
Train Auc.: 0.9319 | Test Auc.: 0.9375
Train Loss.: 0.1101 | Test Loss.: 0.1059
Train Acc.: 0.8522 | Test Acc.: 0.8599
Epoch: 117/200   | Learning Rate 0.000729
Train Auc.: 0.9420 | Test Auc.: 0.9452
Train Loss.: 0.1099 | Test Loss.: 0.1073
Train Acc.: 0.8690 | Test Acc.: 0.8753
Epoch: 118/200   | Learning Rate 0.000729
Train Auc.: 0.9368 | Test Auc.: 0.9414
Train Loss.: 0.1140 | Test Loss.: 0.1099
Train Acc.: 0.8637 | Test Acc.: 0.8715
Epoch: 119/200   | Learning Rate 0.000729
Train Auc.: 0.9417 | Test Auc.: 0.9439
Train Loss.: 0.1053 | Test Loss.: 0.1030
Train Acc.: 0.8645 | Test Acc.: 0.8694
Epoch: 120/200   | Learning Rate 0.000729
Train Auc.: 0.9163 | Test Auc.: 0.9244
Train Loss.: 0.1618 | Test Loss.: 0.1562
Train Acc.: 0.8052 | Test Acc.: 0.8121
Epoch: 121/200   | Learning Rate 0.000729
Train Auc.: 0.9241 | Test Auc.: 0.9294
Train Loss.: 0.1695 | Test Loss.: 0.1656
Train Acc.: 0.7737 | Test Acc.: 0.7766
Epoch: 122/200   | Learning Rate 0.000729
Train Auc.: 0.8894 | Test Auc.: 0.8925
Train Loss.: 0.2844 | Test Loss.: 0.2820
Train Acc.: 0.5321 | Test Acc.: 0.5338
Epoch: 123/200   | Learning Rate 0.000729
Train Auc.: 0.9329 | Test Auc.: 0.9358
Train Loss.: 0.1164 | Test Loss.: 0.1135
Train Acc.: 0.8399 | Test Acc.: 0.8454
Epoch: 124/200   | Learning Rate 0.000729
Train Auc.: 0.9426 | Test Auc.: 0.9447
Train Loss.: 0.1194 | Test Loss.: 0.1172
Train Acc.: 0.8559 | Test Acc.: 0.8586
Epoch: 125/200   | Learning Rate 0.000729
Train Auc.: 0.9390 | Test Auc.: 0.9427
Train Loss.: 0.1578 | Test Loss.: 0.1553
Train Acc.: 0.8107 | Test Acc.: 0.8113
Epoch: 126/200   | Learning Rate 0.000729
Train Auc.: 0.9348 | Test Auc.: 0.9395
Train Loss.: 0.1504 | Test Loss.: 0.1487
Train Acc.: 0.7692 | Test Acc.: 0.7725
Epoch: 127/200   | Learning Rate 0.000729
Train Auc.: 0.9339 | Test Auc.: 0.9392
Train Loss.: 0.1285 | Test Loss.: 0.1255
Train Acc.: 0.8360 | Test Acc.: 0.8426
Epoch: 128/200   | Learning Rate 0.000729
Train Auc.: 0.9335 | Test Auc.: 0.9368
Train Loss.: 0.1607 | Test Loss.: 0.1596
Train Acc.: 0.7469 | Test Acc.: 0.7489
Epoch: 129/200   | Learning Rate 0.000729
Train Auc.: 0.9354 | Test Auc.: 0.9403
Train Loss.: 0.1471 | Test Loss.: 0.1454
Train Acc.: 0.7926 | Test Acc.: 0.8011
Epoch: 130/200   | Learning Rate 0.000729
Train Auc.: 0.9366 | Test Auc.: 0.9412
Train Loss.: 0.1786 | Test Loss.: 0.1777
Train Acc.: 0.7114 | Test Acc.: 0.7166
Epoch: 131/200   | Learning Rate 0.000729
Train Auc.: 0.9299 | Test Auc.: 0.9350
Train Loss.: 0.1613 | Test Loss.: 0.1599
Train Acc.: 0.7445 | Test Acc.: 0.7499
Epoch: 132/200   | Learning Rate 0.000729
Train Auc.: 0.9426 | Test Auc.: 0.9458
Train Loss.: 0.1423 | Test Loss.: 0.1411
Train Acc.: 0.8192 | Test Acc.: 0.8207
Epoch: 133/200   | Learning Rate 0.000729
Train Auc.: 0.9370 | Test Auc.: 0.9421
Train Loss.: 0.1424 | Test Loss.: 0.1402
Train Acc.: 0.8389 | Test Acc.: 0.8467
Epoch: 134/200   | Learning Rate 0.000729
Train Auc.: 0.9429 | Test Auc.: 0.9441
Train Loss.: 0.1340 | Test Loss.: 0.1333
Train Acc.: 0.8420 | Test Acc.: 0.8465
Epoch: 135/200   | Learning Rate 0.000729
Train Auc.: 0.9349 | Test Auc.: 0.9388
Train Loss.: 0.1321 | Test Loss.: 0.1300
Train Acc.: 0.8390 | Test Acc.: 0.8418
Epoch: 136/200   | Learning Rate 0.000729
Train Auc.: 0.9412 | Test Auc.: 0.9451
Train Loss.: 0.1203 | Test Loss.: 0.1177
Train Acc.: 0.8464 | Test Acc.: 0.8514
Epoch: 137/200   | Learning Rate 0.000729
Train Auc.: 0.9441 | Test Auc.: 0.9466
Train Loss.: 0.1287 | Test Loss.: 0.1264
Train Acc.: 0.8573 | Test Acc.: 0.8615
Epoch: 138/200   | Learning Rate 0.000729
Train Auc.: 0.9124 | Test Auc.: 0.9179
Train Loss.: 0.1403 | Test Loss.: 0.1368
Train Acc.: 0.8344 | Test Acc.: 0.8445
Epoch: 139/200   | Learning Rate 0.000729
Train Auc.: 0.9414 | Test Auc.: 0.9448
Train Loss.: 0.1092 | Test Loss.: 0.1063
Train Acc.: 0.8670 | Test Acc.: 0.8718
Epoch: 140/200   | Learning Rate 0.000729
Train Auc.: 0.9298 | Test Auc.: 0.9329
Train Loss.: 0.1416 | Test Loss.: 0.1386
Train Acc.: 0.8219 | Test Acc.: 0.8292
Epoch: 141/200   | Learning Rate 0.000729
Train Auc.: 0.9353 | Test Auc.: 0.9378
Train Loss.: 0.1130 | Test Loss.: 0.1106
Train Acc.: 0.8501 | Test Acc.: 0.8559
Epoch: 142/200   | Learning Rate 0.000729
Train Auc.: 0.9269 | Test Auc.: 0.9301
Train Loss.: 0.1190 | Test Loss.: 0.1159
Train Acc.: 0.8383 | Test Acc.: 0.8479
Epoch: 143/200   | Learning Rate 0.000729
Train Auc.: 0.9355 | Test Auc.: 0.9390
Train Loss.: 0.1531 | Test Loss.: 0.1506
Train Acc.: 0.8151 | Test Acc.: 0.8223
Epoch: 144/200   | Learning Rate 0.000729
Train Auc.: 0.9187 | Test Auc.: 0.9226
Train Loss.: 0.2382 | Test Loss.: 0.2331
Train Acc.: 0.6830 | Test Acc.: 0.6891
Epoch: 145/200   | Learning Rate 0.000729
Train Auc.: 0.9089 | Test Auc.: 0.9139
Train Loss.: 0.1768 | Test Loss.: 0.1733
Train Acc.: 0.7271 | Test Acc.: 0.7374
Epoch: 146/200   | Learning Rate 0.000729
Train Auc.: 0.9318 | Test Auc.: 0.9357
Train Loss.: 0.1184 | Test Loss.: 0.1151
Train Acc.: 0.8512 | Test Acc.: 0.8591
Epoch: 147/200   | Learning Rate 0.000729
Train Auc.: 0.9438 | Test Auc.: 0.9467
Train Loss.: 0.1295 | Test Loss.: 0.1267
Train Acc.: 0.8438 | Test Acc.: 0.8461
Epoch: 148/200   | Learning Rate 0.000729
Train Auc.: 0.9428 | Test Auc.: 0.9460
Train Loss.: 0.1292 | Test Loss.: 0.1264
Train Acc.: 0.8482 | Test Acc.: 0.8566
Epoch: 149/200   | Learning Rate 0.000729
Train Auc.: 0.9377 | Test Auc.: 0.9417
Train Loss.: 0.2113 | Test Loss.: 0.2084
Train Acc.: 0.6789 | Test Acc.: 0.6825
Epoch: 150/200   | Learning Rate 0.000729
Train Auc.: 0.9377 | Test Auc.: 0.9421
Train Loss.: 0.1239 | Test Loss.: 0.1213
Train Acc.: 0.8489 | Test Acc.: 0.8541
Epoch: 151/200   | Learning Rate 0.000729
Train Auc.: 0.9430 | Test Auc.: 0.9459
Train Loss.: 0.1434 | Test Loss.: 0.1419
Train Acc.: 0.8008 | Test Acc.: 0.8061
Epoch: 152/200   | Learning Rate 0.000729
Train Auc.: 0.9343 | Test Auc.: 0.9377
Train Loss.: 0.1393 | Test Loss.: 0.1373
Train Acc.: 0.8397 | Test Acc.: 0.8451
Epoch: 153/200   | Learning Rate 0.000729
Train Auc.: 0.9307 | Test Auc.: 0.9349
Train Loss.: 0.1622 | Test Loss.: 0.1608
Train Acc.: 0.8425 | Test Acc.: 0.8470
Epoch: 154/200   | Learning Rate 0.000729
Train Auc.: 0.9327 | Test Auc.: 0.9382
Train Loss.: 0.1265 | Test Loss.: 0.1236
Train Acc.: 0.8410 | Test Acc.: 0.8481
Epoch: 155/200   | Learning Rate 0.000729
Train Auc.: 0.9330 | Test Auc.: 0.9363
Train Loss.: 0.1518 | Test Loss.: 0.1499
Train Acc.: 0.8581 | Test Acc.: 0.8653
Epoch: 156/200   | Learning Rate 0.000729
Train Auc.: 0.9252 | Test Auc.: 0.9301
Train Loss.: 0.1561 | Test Loss.: 0.1540
Train Acc.: 0.8435 | Test Acc.: 0.8534
Epoch: 157/200   | Learning Rate 0.000729
Train Auc.: 0.9378 | Test Auc.: 0.9414
Train Loss.: 0.1387 | Test Loss.: 0.1367
Train Acc.: 0.8655 | Test Acc.: 0.8732
Epoch: 158/200   | Learning Rate 0.000729
Train Auc.: 0.9361 | Test Auc.: 0.9406
Train Loss.: 0.1461 | Test Loss.: 0.1437
Train Acc.: 0.8489 | Test Acc.: 0.8568
Epoch: 159/200   | Learning Rate 0.000729
Train Auc.: 0.9199 | Test Auc.: 0.9273
Train Loss.: 0.1480 | Test Loss.: 0.1439
Train Acc.: 0.8321 | Test Acc.: 0.8453
Epoch: 160/200   | Learning Rate 0.000729
Train Auc.: 0.9361 | Test Auc.: 0.9401
Train Loss.: 0.1253 | Test Loss.: 0.1223
Train Acc.: 0.8583 | Test Acc.: 0.8674
Epoch: 161/200   | Learning Rate 0.000729
Train Auc.: 0.9127 | Test Auc.: 0.9188
Train Loss.: 0.1342 | Test Loss.: 0.1308
Train Acc.: 0.8326 | Test Acc.: 0.8414
Epoch: 162/200   | Learning Rate 0.000729
Train Auc.: 0.9358 | Test Auc.: 0.9404
Train Loss.: 0.1162 | Test Loss.: 0.1124
Train Acc.: 0.8622 | Test Acc.: 0.8703
Epoch: 163/200   | Learning Rate 0.000729
Train Auc.: 0.9401 | Test Auc.: 0.9429
Train Loss.: 0.1124 | Test Loss.: 0.1100
Train Acc.: 0.8605 | Test Acc.: 0.8655
Epoch: 164/200   | Learning Rate 0.000729
Train Auc.: 0.9362 | Test Auc.: 0.9393
Train Loss.: 0.1373 | Test Loss.: 0.1344
Train Acc.: 0.8337 | Test Acc.: 0.8405
Epoch: 165/200   | Learning Rate 0.000729
Train Auc.: 0.9433 | Test Auc.: 0.9458
Train Loss.: 0.1278 | Test Loss.: 0.1260
Train Acc.: 0.8495 | Test Acc.: 0.8531
Epoch: 166/200   | Learning Rate 0.000729
Train Auc.: 0.9387 | Test Auc.: 0.9423
Train Loss.: 0.1063 | Test Loss.: 0.1031
Train Acc.: 0.8638 | Test Acc.: 0.8724
Epoch: 167/200   | Learning Rate 0.000729
Train Auc.: 0.9426 | Test Auc.: 0.9462
Train Loss.: 0.1087 | Test Loss.: 0.1058
Train Acc.: 0.8684 | Test Acc.: 0.8775
Epoch: 168/200   | Learning Rate 0.000729
Train Auc.: 0.9291 | Test Auc.: 0.9327
Train Loss.: 0.1283 | Test Loss.: 0.1248
Train Acc.: 0.8281 | Test Acc.: 0.8358
Epoch: 169/200   | Learning Rate 0.000729
Train Auc.: 0.9110 | Test Auc.: 0.9161
Train Loss.: 0.1818 | Test Loss.: 0.1779
Train Acc.: 0.7598 | Test Acc.: 0.7641
Epoch: 170/200   | Learning Rate 0.000729
Train Auc.: 0.9103 | Test Auc.: 0.9153
Train Loss.: 0.1773 | Test Loss.: 0.1730
Train Acc.: 0.7534 | Test Acc.: 0.7615
Epoch: 171/200   | Learning Rate 0.000729
Train Auc.: 0.9297 | Test Auc.: 0.9329
Train Loss.: 0.1390 | Test Loss.: 0.1353
Train Acc.: 0.8053 | Test Acc.: 0.8119
Epoch: 172/200   | Learning Rate 0.000729
Train Auc.: 0.9404 | Test Auc.: 0.9428
Train Loss.: 0.1068 | Test Loss.: 0.1041
Train Acc.: 0.8657 | Test Acc.: 0.8718
Epoch: 173/200   | Learning Rate 0.000729
Train Auc.: 0.9350 | Test Auc.: 0.9386
Train Loss.: 0.1185 | Test Loss.: 0.1155
Train Acc.: 0.8583 | Test Acc.: 0.8651
Epoch: 174/200   | Learning Rate 0.000729
Train Auc.: 0.9361 | Test Auc.: 0.9395
Train Loss.: 0.1238 | Test Loss.: 0.1218
Train Acc.: 0.8486 | Test Acc.: 0.8510
Epoch: 175/200   | Learning Rate 0.000729
Train Auc.: 0.9419 | Test Auc.: 0.9455
Train Loss.: 0.1219 | Test Loss.: 0.1197
Train Acc.: 0.8464 | Test Acc.: 0.8503
Epoch: 176/200   | Learning Rate 0.000729
Train Auc.: 0.9433 | Test Auc.: 0.9460
Train Loss.: 0.1279 | Test Loss.: 0.1258
Train Acc.: 0.8537 | Test Acc.: 0.8599
Epoch: 177/200   | Learning Rate 0.000729
Train Auc.: 0.9383 | Test Auc.: 0.9412
Train Loss.: 0.1461 | Test Loss.: 0.1442
Train Acc.: 0.8266 | Test Acc.: 0.8310
Epoch: 178/200   | Learning Rate 0.000729
Train Auc.: 0.9423 | Test Auc.: 0.9450
Train Loss.: 0.1261 | Test Loss.: 0.1246
Train Acc.: 0.8517 | Test Acc.: 0.8530
Epoch: 179/200   | Learning Rate 0.000729
Train Auc.: 0.9368 | Test Auc.: 0.9403
Train Loss.: 0.1249 | Test Loss.: 0.1227
Train Acc.: 0.8482 | Test Acc.: 0.8513
Epoch: 180/200   | Learning Rate 0.000729
Train Auc.: 0.9244 | Test Auc.: 0.9311
Train Loss.: 0.1305 | Test Loss.: 0.1272
Train Acc.: 0.8444 | Test Acc.: 0.8541
Epoch: 181/200   | Learning Rate 0.000729
Train Auc.: 0.9313 | Test Auc.: 0.9372
Train Loss.: 0.1164 | Test Loss.: 0.1127
Train Acc.: 0.8441 | Test Acc.: 0.8518
Epoch: 182/200   | Learning Rate 0.000729
Train Auc.: 0.9198 | Test Auc.: 0.9249
Train Loss.: 0.1484 | Test Loss.: 0.1452
Train Acc.: 0.8264 | Test Acc.: 0.8368
Epoch: 183/200   | Learning Rate 0.000729
Train Auc.: 0.9276 | Test Auc.: 0.9337
Train Loss.: 0.1284 | Test Loss.: 0.1250
Train Acc.: 0.8468 | Test Acc.: 0.8578
Epoch: 184/200   | Learning Rate 0.000729
Train Auc.: 0.9346 | Test Auc.: 0.9376
Train Loss.: 0.1151 | Test Loss.: 0.1130
Train Acc.: 0.8574 | Test Acc.: 0.8619
Epoch: 185/200   | Learning Rate 0.000729
Train Auc.: 0.9220 | Test Auc.: 0.9273
Train Loss.: 0.1525 | Test Loss.: 0.1483
Train Acc.: 0.7982 | Test Acc.: 0.8062
Epoch: 186/200   | Learning Rate 0.000729
Train Auc.: 0.9364 | Test Auc.: 0.9402
Train Loss.: 0.1178 | Test Loss.: 0.1149
Train Acc.: 0.8512 | Test Acc.: 0.8561
Epoch: 187/200   | Learning Rate 0.000729
Train Auc.: 0.9283 | Test Auc.: 0.9335
Train Loss.: 0.1441 | Test Loss.: 0.1395
Train Acc.: 0.8113 | Test Acc.: 0.8214
Epoch: 188/200   | Learning Rate 0.000729
Train Auc.: 0.9378 | Test Auc.: 0.9400
Train Loss.: 0.1147 | Test Loss.: 0.1127
Train Acc.: 0.8594 | Test Acc.: 0.8672
Epoch: 189/200   | Learning Rate 0.000729
Train Auc.: 0.9287 | Test Auc.: 0.9324
Train Loss.: 0.1195 | Test Loss.: 0.1167
Train Acc.: 0.8482 | Test Acc.: 0.8546
Epoch: 190/200   | Learning Rate 0.000729
Train Auc.: 0.9419 | Test Auc.: 0.9447
Train Loss.: 0.1331 | Test Loss.: 0.1308
Train Acc.: 0.8453 | Test Acc.: 0.8480
Epoch: 191/200   | Learning Rate 0.000729
Train Auc.: 0.9401 | Test Auc.: 0.9425
Train Loss.: 0.1251 | Test Loss.: 0.1229
Train Acc.: 0.8534 | Test Acc.: 0.8565
Epoch: 192/200   | Learning Rate 0.000729
Train Auc.: 0.9414 | Test Auc.: 0.9444
Train Loss.: 0.1745 | Test Loss.: 0.1729
Train Acc.: 0.7521 | Test Acc.: 0.7563
Epoch: 193/200   | Learning Rate 0.000729
Train Auc.: 0.9443 | Test Auc.: 0.9470
Train Loss.: 0.1184 | Test Loss.: 0.1165
Train Acc.: 0.8608 | Test Acc.: 0.8645
Epoch: 194/200   | Learning Rate 0.000729
Train Auc.: 0.9216 | Test Auc.: 0.9265
Train Loss.: 0.1376 | Test Loss.: 0.1344
Train Acc.: 0.8296 | Test Acc.: 0.8379
Epoch: 195/200   | Learning Rate 0.000729
Train Auc.: 0.9323 | Test Auc.: 0.9356
Train Loss.: 0.1522 | Test Loss.: 0.1490
Train Acc.: 0.8282 | Test Acc.: 0.8382
Epoch: 196/200   | Learning Rate 0.000729
Train Auc.: 0.9395 | Test Auc.: 0.9434
Train Loss.: 0.1244 | Test Loss.: 0.1214
Train Acc.: 0.8508 | Test Acc.: 0.8568
Epoch: 197/200   | Learning Rate 0.000729
Train Auc.: 0.9369 | Test Auc.: 0.9410
Train Loss.: 0.1193 | Test Loss.: 0.1156
Train Acc.: 0.8404 | Test Acc.: 0.8489
Epoch: 198/200   | Learning Rate 0.000729
Train Auc.: 0.9245 | Test Auc.: 0.9303
Train Loss.: 0.1664 | Test Loss.: 0.1626
Train Acc.: 0.7705 | Test Acc.: 0.7742
Epoch: 199/200   | Learning Rate 0.000729
Train Auc.: 0.9279 | Test Auc.: 0.9326
Train Loss.: 0.1332 | Test Loss.: 0.1301
Train Acc.: 0.8338 | Test Acc.: 0.8457
Epoch: 200/200   | Learning Rate 0.000729
Train Auc.: 0.9224 | Test Auc.: 0.9286
Train Loss.: 0.1293 | Test Loss.: 0.1253
Train Acc.: 0.8415 | Test Acc.: 0.8532
 | Test Auc.: 0.9481
 | Test Auprc.: 0.9452
 | Test Acc.: 0.7500
 | Test F1.: 0.5031
 | Test Recall.: 0.5007
 | Test Precision.: 0.5492
