Epoch: 001/200   | Learning Rate 0.001000
Train Auc.: 0.7160 | Test Auc.: 0.7150
Train Loss.: 0.6871
Train Acc.: 0.5843 | Test Acc.: 0.5875
Epoch: 005/200   | Learning Rate 0.001000
Train Auc.: 0.9028 | Test Auc.: 0.9022
Train Loss.: 0.5679
Train Acc.: 0.7100 | Test Acc.: 0.7136
Epoch: 007/200   | Learning Rate 0.001000
Train Auc.: 0.9332 | Test Auc.: 0.9309
Train Loss.: 0.4628
Train Acc.: 0.8557 | Test Acc.: 0.8507
Epoch: 016/200   | Learning Rate 0.001000
Train Auc.: 0.9375 | Test Auc.: 0.9346
Train Loss.: 0.3624
Train Acc.: 0.8664 | Test Acc.: 0.8617
Epoch: 023/200   | Learning Rate 0.000800
Train Auc.: 0.9392 | Test Auc.: 0.9382
Train Loss.: 0.3449
Train Acc.: 0.8653 | Test Acc.: 0.8647
Epoch: 040/200   | Learning Rate 0.000800
Train Auc.: 0.9358 | Test Auc.: 0.9338
Train Loss.: 0.4026
Train Acc.: 0.8704 | Test Acc.: 0.8680
Epoch: 124/200   | Learning Rate 0.000262
Train Auc.: 0.9440 | Test Auc.: 0.9412
Train Loss.: 0.3351
Train Acc.: 0.8727 | Test Acc.: 0.8690
Epoch: 179/200   | Learning Rate 0.000168
Train Auc.: 0.9401 | Test Auc.: 0.9386
Train Loss.: 0.3287
Train Acc.: 0.8714 | Test Acc.: 0.8695
 | Test Auc.: 0.9386
 | Test Auprc.: 0.9308
 | Test Acc.: 0.8695
 | Test F1.: 0.8695
 | Test Recall.: 0.8695
 | Test Precision.: 0.8695
