Epoch: 001/200   | Learning Rate 0.001000
Train Auc.: 0.5163 | Test Auc.: 0.5078
Train Loss.: 0.6947
Train Acc.: 0.4989 | Test Acc.: 0.5012
Epoch: 002/200   | Learning Rate 0.001000
Train Auc.: 0.8498 | Test Auc.: 0.8476
Train Loss.: 0.6577
Train Acc.: 0.4995 | Test Acc.: 0.5019
Epoch: 003/200   | Learning Rate 0.001000
Train Auc.: 0.8511 | Test Auc.: 0.8474
Train Loss.: 0.6079
Train Acc.: 0.6139 | Test Acc.: 0.6138
Epoch: 004/200   | Learning Rate 0.001000
Train Auc.: 0.8512 | Test Auc.: 0.8482
Train Loss.: 0.5806
Train Acc.: 0.6999 | Test Acc.: 0.6943
Epoch: 005/200   | Learning Rate 0.001000
Train Auc.: 0.8514 | Test Auc.: 0.8480
Train Loss.: 0.5720
Train Acc.: 0.7333 | Test Acc.: 0.7297
Epoch: 006/200   | Learning Rate 0.001000
Train Auc.: 0.8501 | Test Auc.: 0.8474
Train Loss.: 0.5403
Train Acc.: 0.7565 | Test Acc.: 0.7539
Epoch: 007/200   | Learning Rate 0.001000
Train Auc.: 0.8488 | Test Auc.: 0.8470
Train Loss.: 0.5089
Train Acc.: 0.7748 | Test Acc.: 0.7766
Epoch: 008/200   | Learning Rate 0.001000
Train Auc.: 0.8481 | Test Auc.: 0.8416
Train Loss.: 0.4989
Train Acc.: 0.7898 | Test Acc.: 0.7829
Epoch: 009/200   | Learning Rate 0.001000
Train Auc.: 0.8494 | Test Auc.: 0.8446
Train Loss.: 0.4943
Train Acc.: 0.7920 | Test Acc.: 0.7888
Epoch: 010/200   | Learning Rate 0.001000
Train Auc.: 0.8530 | Test Auc.: 0.8505
Train Loss.: 0.4776
Train Acc.: 0.7943 | Test Acc.: 0.7916
Epoch: 012/200   | Learning Rate 0.001000
Train Auc.: 0.8615 | Test Auc.: 0.8596
Train Loss.: 0.4723
Train Acc.: 0.7983 | Test Acc.: 0.7949
Epoch: 013/200   | Learning Rate 0.001000
Train Auc.: 0.8745 | Test Auc.: 0.8678
Train Loss.: 0.4506
Train Acc.: 0.8088 | Test Acc.: 0.8064
Epoch: 014/200   | Learning Rate 0.001000
Train Auc.: 0.8815 | Test Auc.: 0.8789
Train Loss.: 0.4359
Train Acc.: 0.8144 | Test Acc.: 0.8089
Epoch: 015/200   | Learning Rate 0.001000
Train Auc.: 0.9043 | Test Auc.: 0.8995
Train Loss.: 0.3925
Train Acc.: 0.8330 | Test Acc.: 0.8305
Epoch: 016/200   | Learning Rate 0.001000
Train Auc.: 0.9134 | Test Auc.: 0.9118
Train Loss.: 0.3805
Train Acc.: 0.8427 | Test Acc.: 0.8393
Epoch: 017/200   | Learning Rate 0.001000
Train Auc.: 0.9149 | Test Auc.: 0.9139
Train Loss.: 0.3945
Train Acc.: 0.8431 | Test Acc.: 0.8491
Epoch: 022/200   | Learning Rate 0.000800
Train Auc.: 0.9201 | Test Auc.: 0.9199
Train Loss.: 0.3776
Train Acc.: 0.8496 | Test Acc.: 0.8494
Epoch: 024/200   | Learning Rate 0.000800
Train Auc.: 0.9218 | Test Auc.: 0.9200
Train Loss.: 0.3640
Train Acc.: 0.8518 | Test Acc.: 0.8500
Epoch: 026/200   | Learning Rate 0.000800
Train Auc.: 0.9276 | Test Auc.: 0.9227
Train Loss.: 0.3471
Train Acc.: 0.8545 | Test Acc.: 0.8563
Epoch: 069/200   | Learning Rate 0.000512
Train Auc.: 0.9318 | Test Auc.: 0.9289
Train Loss.: 0.3387
Train Acc.: 0.8569 | Test Acc.: 0.8573
Epoch: 111/200   | Learning Rate 0.000328
Train Auc.: 0.9328 | Test Auc.: 0.9301
Train Loss.: 0.3357
Train Acc.: 0.8554 | Test Acc.: 0.8574
Epoch: 122/200   | Learning Rate 0.000262
Train Auc.: 0.9328 | Test Auc.: 0.9330
Train Loss.: 0.3351
Train Acc.: 0.8567 | Test Acc.: 0.8586
Epoch: 157/200   | Learning Rate 0.000210
Train Auc.: 0.9341 | Test Auc.: 0.9341
Train Loss.: 0.3314
Train Acc.: 0.8546 | Test Acc.: 0.8594
Epoch: 178/200   | Learning Rate 0.000168
Train Auc.: 0.9335 | Test Auc.: 0.9312
Train Loss.: 0.3330
Train Acc.: 0.8601 | Test Acc.: 0.8596
Epoch: 181/200   | Learning Rate 0.000134
Train Auc.: 0.9335 | Test Auc.: 0.9353
Train Loss.: 0.3315
Train Acc.: 0.8575 | Test Acc.: 0.8601
 | Test Auc.: 0.9353
 | Test Auprc.: 0.9336
 | Test Acc.: 0.8601
 | Test F1.: 0.8601
 | Test Recall.: 0.8602
 | Test Precision.: 0.8606
