Epoch: 001/200   | Learning Rate 0.001000
Train Auc.: 0.1617 | Test Auc.: 0.1586
Train Loss.: 0.7206
Train Acc.: 0.3829 | Test Acc.: 0.3759
Epoch: 002/200   | Learning Rate 0.001000
Train Auc.: 0.9501 | Test Auc.: 0.9522
Train Loss.: 3.6455
Train Acc.: 0.4981 | Test Acc.: 0.5077
Epoch: 003/200   | Learning Rate 0.001000
Train Auc.: 0.9495 | Test Auc.: 0.9516
Train Loss.: 1.9023
Train Acc.: 0.5823 | Test Acc.: 0.5943
Epoch: 004/200   | Learning Rate 0.001000
Train Auc.: 0.9464 | Test Auc.: 0.9488
Train Loss.: 0.6405
Train Acc.: 0.7961 | Test Acc.: 0.8013
Epoch: 007/200   | Learning Rate 0.001000
Train Auc.: 0.9470 | Test Auc.: 0.9497
Train Loss.: 0.3690
Train Acc.: 0.8744 | Test Acc.: 0.8727
Epoch: 014/200   | Learning Rate 0.001000
Train Auc.: 0.9477 | Test Auc.: 0.9506
Train Loss.: 0.4104
Train Acc.: 0.8785 | Test Acc.: 0.8760
Epoch: 015/200   | Learning Rate 0.001000
Train Auc.: 0.9484 | Test Auc.: 0.9506
Train Loss.: 0.3808
Train Acc.: 0.8802 | Test Acc.: 0.8790
Epoch: 044/200   | Learning Rate 0.000640
Train Auc.: 0.9481 | Test Auc.: 0.9496
Train Loss.: 0.2955
Train Acc.: 0.8790 | Test Acc.: 0.8792
Epoch: 047/200   | Learning Rate 0.000640
Train Auc.: 0.9491 | Test Auc.: 0.9509
Train Loss.: 0.2919
Train Acc.: 0.8810 | Test Acc.: 0.8806
Epoch: 051/200   | Learning Rate 0.000640
Train Auc.: 0.9489 | Test Auc.: 0.9510
Train Loss.: 0.2896
Train Acc.: 0.8807 | Test Acc.: 0.8810
Epoch: 105/200   | Learning Rate 0.000328
Train Auc.: 0.9487 | Test Auc.: 0.9508
Train Loss.: 0.2932
Train Acc.: 0.8811 | Test Acc.: 0.8811
Epoch: 110/200   | Learning Rate 0.000328
Train Auc.: 0.9490 | Test Auc.: 0.9513
Train Loss.: 0.2899
Train Acc.: 0.8823 | Test Acc.: 0.8816
 | Test Auc.: 0.9513
 | Test Auprc.: 0.9492
 | Test Acc.: 0.8816
 | Test F1.: 0.8816
 | Test Recall.: 0.8819
 | Test Precision.: 0.8819
