Epoch: 001/200   | Learning Rate 0.001000
Train Auc.: 0.6382 | Test Auc.: 0.6325
Train Loss.: 0.6878
Train Acc.: 0.5421 | Test Acc.: 0.5451
Epoch: 002/200   | Learning Rate 0.001000
Train Auc.: 0.9496 | Test Auc.: 0.9516
Train Loss.: 0.8889
Train Acc.: 0.6953 | Test Acc.: 0.7068
Epoch: 004/200   | Learning Rate 0.001000
Train Auc.: 0.9476 | Test Auc.: 0.9500
Train Loss.: 0.4763
Train Acc.: 0.8163 | Test Acc.: 0.8202
Epoch: 005/200   | Learning Rate 0.001000
Train Auc.: 0.9482 | Test Auc.: 0.9505
Train Loss.: 0.5940
Train Acc.: 0.8322 | Test Acc.: 0.8357
Epoch: 007/200   | Learning Rate 0.001000
Train Auc.: 0.9481 | Test Auc.: 0.9507
Train Loss.: 0.4954
Train Acc.: 0.8625 | Test Acc.: 0.8625
Epoch: 010/200   | Learning Rate 0.001000
Train Auc.: 0.9472 | Test Auc.: 0.9491
Train Loss.: 0.4144
Train Acc.: 0.8774 | Test Acc.: 0.8757
Epoch: 023/200   | Learning Rate 0.000800
Train Auc.: 0.9486 | Test Auc.: 0.9501
Train Loss.: 0.2952
Train Acc.: 0.8796 | Test Acc.: 0.8759
Epoch: 025/200   | Learning Rate 0.000800
Train Auc.: 0.9488 | Test Auc.: 0.9511
Train Loss.: 0.2932
Train Acc.: 0.8797 | Test Acc.: 0.8795
Epoch: 042/200   | Learning Rate 0.000640
Train Auc.: 0.9489 | Test Auc.: 0.9511
Train Loss.: 0.2930
Train Acc.: 0.8789 | Test Acc.: 0.8798
Epoch: 053/200   | Learning Rate 0.000640
Train Auc.: 0.9483 | Test Auc.: 0.9508
Train Loss.: 0.2933
Train Acc.: 0.8815 | Test Acc.: 0.8815
Epoch: 174/200   | Learning Rate 0.000168
Train Auc.: 0.9483 | Test Auc.: 0.9507
Train Loss.: 0.2913
Train Acc.: 0.8810 | Test Acc.: 0.8818
 | Test Auc.: 0.9507
 | Test Auprc.: 0.9480
 | Test Acc.: 0.8818
 | Test F1.: 0.8817
 | Test Recall.: 0.8817
 | Test Precision.: 0.8818
