Epoch: 001/200   | Learning Rate 0.001000
Train Auc.: 0.5265 | Test Auc.: 0.5323
Train Loss.: 0.4502 | Test Loss.: 0.4448
Train Acc.: 0.4969 | Test Acc.: 0.5031
Epoch: 002/200   | Learning Rate 0.001000
Train Auc.: 0.0716 | Test Auc.: 0.0742
Train Loss.: 6.0919 | Test Loss.: 6.1294
Train Acc.: 0.0000 | Test Acc.: 0.0000
Epoch: 003/200   | Learning Rate 0.001000
Train Auc.: 0.9439 | Test Auc.: 0.9405
Train Loss.: 1.5605 | Test Loss.: 1.5483
Train Acc.: 0.0000 | Test Acc.: 0.0000
Epoch: 004/200   | Learning Rate 0.001000
Train Auc.: 0.9428 | Test Auc.: 0.9412
Train Loss.: 2.4076 | Test Loss.: 2.3953
Train Acc.: 0.0000 | Test Acc.: 0.0000
Epoch: 005/200   | Learning Rate 0.001000
Train Auc.: 0.8392 | Test Auc.: 0.8370
Train Loss.: 0.9177 | Test Loss.: 0.9080
Train Acc.: 0.4969 | Test Acc.: 0.5031
Epoch: 006/200   | Learning Rate 0.001000
Train Auc.: 0.2806 | Test Auc.: 0.2907
Train Loss.: 0.2642 | Test Loss.: 0.2628
Train Acc.: 0.4969 | Test Acc.: 0.5030
Epoch: 007/200   | Learning Rate 0.001000
Train Auc.: 0.2625 | Test Auc.: 0.2614
Train Loss.: 0.4561 | Test Loss.: 0.4627
Train Acc.: 0.5031 | Test Acc.: 0.4969
Epoch: 008/200   | Learning Rate 0.001000
Train Auc.: 0.1531 | Test Auc.: 0.1596
Train Loss.: 0.3760 | Test Loss.: 0.3791
Train Acc.: 0.5031 | Test Acc.: 0.4969
Epoch: 009/200   | Learning Rate 0.001000
Train Auc.: 0.8974 | Test Auc.: 0.8971
Train Loss.: 0.8178 | Test Loss.: 0.8092
Train Acc.: 0.4969 | Test Acc.: 0.5031
Epoch: 010/200   | Learning Rate 0.001000
Train Auc.: 0.9058 | Test Auc.: 0.9064
Train Loss.: 1.3572 | Test Loss.: 1.3460
Train Acc.: 0.0164 | Test Acc.: 0.0169
Epoch: 011/200   | Learning Rate 0.001000
Train Auc.: 0.0790 | Test Auc.: 0.0806
Train Loss.: 0.4276 | Test Loss.: 0.4302
Train Acc.: 0.5012 | Test Acc.: 0.4958
Epoch: 012/200   | Learning Rate 0.001000
Train Auc.: 0.1100 | Test Auc.: 0.1089
Train Loss.: 1.7228 | Test Loss.: 1.7410
Train Acc.: 0.2182 | Test Acc.: 0.2151
Epoch: 013/200   | Learning Rate 0.001000
Train Auc.: 0.1633 | Test Auc.: 0.1675
Train Loss.: 0.4103 | Test Loss.: 0.4125
Train Acc.: 0.5031 | Test Acc.: 0.4969
Epoch: 014/200   | Learning Rate 0.001000
Train Auc.: 0.9002 | Test Auc.: 0.9006
Train Loss.: 1.0736 | Test Loss.: 1.0649
Train Acc.: 0.2078 | Test Acc.: 0.2137
Epoch: 015/200   | Learning Rate 0.001000
Train Auc.: 0.9291 | Test Auc.: 0.9289
Train Loss.: 1.4133 | Test Loss.: 1.4036
Train Acc.: 0.0132 | Test Acc.: 0.0118
Epoch: 016/200   | Learning Rate 0.001000
Train Auc.: 0.9098 | Test Auc.: 0.9106
Train Loss.: 0.9352 | Test Loss.: 0.9267
Train Acc.: 0.4578 | Test Acc.: 0.4659
Epoch: 017/200   | Learning Rate 0.001000
Train Auc.: 0.2885 | Test Auc.: 0.2849
Train Loss.: 0.3325 | Test Loss.: 0.3358
Train Acc.: 0.5024 | Test Acc.: 0.4959
Epoch: 018/200   | Learning Rate 0.001000
Train Auc.: 0.1226 | Test Auc.: 0.1194
Train Loss.: 0.5550 | Test Loss.: 0.5593
Train Acc.: 0.5031 | Test Acc.: 0.4969
Epoch: 019/200   | Learning Rate 0.001000
Train Auc.: 0.1571 | Test Auc.: 0.1524
Train Loss.: 1.1122 | Test Loss.: 1.1253
Train Acc.: 0.4827 | Test Acc.: 0.4779
Epoch: 020/200   | Learning Rate 0.001000
Train Auc.: 0.1309 | Test Auc.: 0.1332
Train Loss.: 0.5712 | Test Loss.: 0.5763
Train Acc.: 0.5031 | Test Acc.: 0.4969
Epoch: 021/200   | Learning Rate 0.001000
Train Auc.: 0.1225 | Test Auc.: 0.1250
Train Loss.: 0.3065 | Test Loss.: 0.3059
Train Acc.: 0.2592 | Test Acc.: 0.2618
Epoch: 022/200   | Learning Rate 0.001000
Train Auc.: 0.5266 | Test Auc.: 0.5084
Train Loss.: 0.3446 | Test Loss.: 0.3420
Train Acc.: 0.4969 | Test Acc.: 0.5031
Epoch: 023/200   | Learning Rate 0.001000
Train Auc.: 0.8720 | Test Auc.: 0.8640
Train Loss.: 0.4880 | Test Loss.: 0.4827
Train Acc.: 0.4969 | Test Acc.: 0.5031
Epoch: 024/200   | Learning Rate 0.001000
Train Auc.: 0.8896 | Test Auc.: 0.8868
Train Loss.: 0.5124 | Test Loss.: 0.5063
Train Acc.: 0.4969 | Test Acc.: 0.5031
Epoch: 025/200   | Learning Rate 0.001000
Train Auc.: 0.8647 | Test Auc.: 0.8554
Train Loss.: 0.5180 | Test Loss.: 0.5122
Train Acc.: 0.4969 | Test Acc.: 0.5031
Epoch: 026/200   | Learning Rate 0.001000
Train Auc.: 0.7425 | Test Auc.: 0.7368
Train Loss.: 0.4335 | Test Loss.: 0.4281
Train Acc.: 0.4969 | Test Acc.: 0.5031
Epoch: 027/200   | Learning Rate 0.001000
Train Auc.: 0.3723 | Test Auc.: 0.3754
Train Loss.: 0.3454 | Test Loss.: 0.3415
Train Acc.: 0.4969 | Test Acc.: 0.5031
Epoch: 028/200   | Learning Rate 0.001000
Train Auc.: 0.1857 | Test Auc.: 0.1876
Train Loss.: 0.3052 | Test Loss.: 0.3023
Train Acc.: 0.4969 | Test Acc.: 0.5031
Epoch: 029/200   | Learning Rate 0.001000
Train Auc.: 0.2074 | Test Auc.: 0.2022
Train Loss.: 0.2909 | Test Loss.: 0.2900
Train Acc.: 0.3190 | Test Acc.: 0.3185
Epoch: 030/200   | Learning Rate 0.001000
Train Auc.: 0.1004 | Test Auc.: 0.1016
Train Loss.: 0.3143 | Test Loss.: 0.3143
Train Acc.: 0.3732 | Test Acc.: 0.3740
Epoch: 031/200   | Learning Rate 0.001000
Train Auc.: 0.0697 | Test Auc.: 0.0700
Train Loss.: 0.3054 | Test Loss.: 0.3036
Train Acc.: 0.4644 | Test Acc.: 0.4732
Epoch: 032/200   | Learning Rate 0.001000
Train Auc.: 0.2401 | Test Auc.: 0.2327
Train Loss.: 0.3185 | Test Loss.: 0.3208
Train Acc.: 0.4984 | Test Acc.: 0.4933
Epoch: 033/200   | Learning Rate 0.001000
Train Auc.: 0.1507 | Test Auc.: 0.1523
Train Loss.: 0.3257 | Test Loss.: 0.3261
Train Acc.: 0.4292 | Test Acc.: 0.4299
Epoch: 034/200   | Learning Rate 0.001000
Train Auc.: 0.1043 | Test Auc.: 0.1066
Train Loss.: 0.3223 | Test Loss.: 0.3209
Train Acc.: 0.2071 | Test Acc.: 0.2142
Epoch: 035/200   | Learning Rate 0.001000
Train Auc.: 0.1258 | Test Auc.: 0.1258
Train Loss.: 0.3069 | Test Loss.: 0.3074
Train Acc.: 0.3655 | Test Acc.: 0.3599
Epoch: 036/200   | Learning Rate 0.001000
Train Auc.: 0.1883 | Test Auc.: 0.1940
Train Loss.: 0.2949 | Test Loss.: 0.2929
Train Acc.: 0.3104 | Test Acc.: 0.3140
Epoch: 037/200   | Learning Rate 0.001000
Train Auc.: 0.1099 | Test Auc.: 0.1115
Train Loss.: 0.3023 | Test Loss.: 0.3008
Train Acc.: 0.3883 | Test Acc.: 0.3879
Epoch: 038/200   | Learning Rate 0.001000
Train Auc.: 0.2046 | Test Auc.: 0.1972
Train Loss.: 0.2830 | Test Loss.: 0.2816
Train Acc.: 0.4969 | Test Acc.: 0.5031
Epoch: 039/200   | Learning Rate 0.001000
Train Auc.: 0.1002 | Test Auc.: 0.0981
Train Loss.: 0.3124 | Test Loss.: 0.3104
Train Acc.: 0.4923 | Test Acc.: 0.4995
Epoch: 040/200   | Learning Rate 0.001000
Train Auc.: 0.0783 | Test Auc.: 0.0824
Train Loss.: 0.3135 | Test Loss.: 0.3107
Train Acc.: 0.4969 | Test Acc.: 0.5031
Epoch: 041/200   | Learning Rate 0.001000
Train Auc.: 0.1108 | Test Auc.: 0.1142
Train Loss.: 0.3279 | Test Loss.: 0.3244
Train Acc.: 0.4969 | Test Acc.: 0.5031
Epoch: 042/200   | Learning Rate 0.001000
Train Auc.: 0.1922 | Test Auc.: 0.2048
Train Loss.: 0.3198 | Test Loss.: 0.3158
Train Acc.: 0.4969 | Test Acc.: 0.5031
Epoch: 043/200   | Learning Rate 0.001000
Train Auc.: 0.1460 | Test Auc.: 0.1489
Train Loss.: 0.3201 | Test Loss.: 0.3166
Train Acc.: 0.4969 | Test Acc.: 0.5031
Epoch: 044/200   | Learning Rate 0.001000
Train Auc.: 0.1635 | Test Auc.: 0.1633
Train Loss.: 0.2958 | Test Loss.: 0.2938
Train Acc.: 0.4946 | Test Acc.: 0.5015
Epoch: 045/200   | Learning Rate 0.001000
Train Auc.: 0.1435 | Test Auc.: 0.1406
Train Loss.: 0.3148 | Test Loss.: 0.3124
Train Acc.: 0.4965 | Test Acc.: 0.5029
Epoch: 046/200   | Learning Rate 0.001000
Train Auc.: 0.2333 | Test Auc.: 0.2214
Train Loss.: 0.2884 | Test Loss.: 0.2876
Train Acc.: 0.4829 | Test Acc.: 0.4903
Epoch: 047/200   | Learning Rate 0.001000
Train Auc.: 0.1623 | Test Auc.: 0.1606
Train Loss.: 0.2880 | Test Loss.: 0.2867
Train Acc.: 0.3701 | Test Acc.: 0.3759
Epoch: 048/200   | Learning Rate 0.001000
Train Auc.: 0.1909 | Test Auc.: 0.1880
Train Loss.: 0.2905 | Test Loss.: 0.2895
Train Acc.: 0.4237 | Test Acc.: 0.4307
Epoch: 049/200   | Learning Rate 0.001000
Train Auc.: 0.0930 | Test Auc.: 0.0951
Train Loss.: 0.3208 | Test Loss.: 0.3178
Train Acc.: 0.4962 | Test Acc.: 0.5027
Epoch: 050/200   | Learning Rate 0.001000
Train Auc.: 0.1922 | Test Auc.: 0.1895
Train Loss.: 0.2827 | Test Loss.: 0.2827
Train Acc.: 0.3778 | Test Acc.: 0.3744
Epoch: 051/200   | Learning Rate 0.001000
Train Auc.: 0.1656 | Test Auc.: 0.1630
Train Loss.: 0.2838 | Test Loss.: 0.2830
Train Acc.: 0.2455 | Test Acc.: 0.2440
Epoch: 052/200   | Learning Rate 0.001000
Train Auc.: 0.1660 | Test Auc.: 0.1685
Train Loss.: 0.2881 | Test Loss.: 0.2868
Train Acc.: 0.2994 | Test Acc.: 0.3071
Epoch: 053/200   | Learning Rate 0.001000
Train Auc.: 0.1772 | Test Auc.: 0.1701
Train Loss.: 0.2930 | Test Loss.: 0.2932
Train Acc.: 0.2969 | Test Acc.: 0.2974
Epoch: 054/200   | Learning Rate 0.001000
Train Auc.: 0.1737 | Test Auc.: 0.1760
Train Loss.: 0.2896 | Test Loss.: 0.2879
Train Acc.: 0.3890 | Test Acc.: 0.3992
Epoch: 055/200   | Learning Rate 0.001000
Train Auc.: 0.1689 | Test Auc.: 0.1695
Train Loss.: 0.2993 | Test Loss.: 0.2983
Train Acc.: 0.2780 | Test Acc.: 0.2726
Epoch: 056/200   | Learning Rate 0.001000
Train Auc.: 0.1632 | Test Auc.: 0.1608
Train Loss.: 0.2921 | Test Loss.: 0.2905
Train Acc.: 0.4926 | Test Acc.: 0.5001
Epoch: 057/200   | Learning Rate 0.001000
Train Auc.: 0.2668 | Test Auc.: 0.2611
Train Loss.: 0.2710 | Test Loss.: 0.2703
Train Acc.: 0.3713 | Test Acc.: 0.3746
Epoch: 058/200   | Learning Rate 0.001000
Train Auc.: 0.5797 | Test Auc.: 0.5827
Train Loss.: 0.2630 | Test Loss.: 0.2642
Train Acc.: 0.5036 | Test Acc.: 0.4976
Epoch: 059/200   | Learning Rate 0.001000
Train Auc.: 0.3757 | Test Auc.: 0.3663
Train Loss.: 0.2622 | Test Loss.: 0.2625
Train Acc.: 0.4124 | Test Acc.: 0.4134
Epoch: 060/200   | Learning Rate 0.001000
Train Auc.: 0.1341 | Test Auc.: 0.1362
Train Loss.: 0.3123 | Test Loss.: 0.3097
Train Acc.: 0.4969 | Test Acc.: 0.5031
Epoch: 061/200   | Learning Rate 0.001000
Train Auc.: 0.3214 | Test Auc.: 0.3184
Train Loss.: 0.2811 | Test Loss.: 0.2796
Train Acc.: 0.4791 | Test Acc.: 0.4860
Epoch: 062/200   | Learning Rate 0.001000
Train Auc.: 0.4832 | Test Auc.: 0.4727
Train Loss.: 0.2635 | Test Loss.: 0.2627
Train Acc.: 0.4910 | Test Acc.: 0.4993
Epoch: 063/200   | Learning Rate 0.001000
Train Auc.: 0.3848 | Test Auc.: 0.3791
Train Loss.: 0.2636 | Test Loss.: 0.2627
Train Acc.: 0.4759 | Test Acc.: 0.4856
Epoch: 064/200   | Learning Rate 0.001000
Train Auc.: 0.4056 | Test Auc.: 0.3929
Train Loss.: 0.2853 | Test Loss.: 0.2838
Train Acc.: 0.4969 | Test Acc.: 0.5031
Epoch: 065/200   | Learning Rate 0.001000
Train Auc.: 0.4216 | Test Auc.: 0.4287
Train Loss.: 0.2624 | Test Loss.: 0.2612
Train Acc.: 0.4870 | Test Acc.: 0.4904
Epoch: 066/200   | Learning Rate 0.001000
Train Auc.: 0.6112 | Test Auc.: 0.6128
Train Loss.: 0.2519 | Test Loss.: 0.2509
Train Acc.: 0.5038 | Test Acc.: 0.5075
Epoch: 067/200   | Learning Rate 0.001000
Train Auc.: 0.5670 | Test Auc.: 0.5698
Train Loss.: 0.2494 | Test Loss.: 0.2498
Train Acc.: 0.5427 | Test Acc.: 0.5390
Epoch: 068/200   | Learning Rate 0.001000
Train Auc.: 0.6604 | Test Auc.: 0.6592
Train Loss.: 0.2786 | Test Loss.: 0.2767
Train Acc.: 0.4969 | Test Acc.: 0.5031
Epoch: 069/200   | Learning Rate 0.001000
Train Auc.: 0.6410 | Test Auc.: 0.6412
Train Loss.: 0.2621 | Test Loss.: 0.2606
Train Acc.: 0.4970 | Test Acc.: 0.5032
Epoch: 070/200   | Learning Rate 0.001000
Train Auc.: 0.7044 | Test Auc.: 0.6945
Train Loss.: 0.2618 | Test Loss.: 0.2606
Train Acc.: 0.4969 | Test Acc.: 0.5031
Epoch: 071/200   | Learning Rate 0.001000
Train Auc.: 0.5723 | Test Auc.: 0.5740
Train Loss.: 0.2543 | Test Loss.: 0.2552
Train Acc.: 0.5319 | Test Acc.: 0.5284
Epoch: 072/200   | Learning Rate 0.001000
Train Auc.: 0.7045 | Test Auc.: 0.6936
Train Loss.: 0.2365 | Test Loss.: 0.2374
Train Acc.: 0.5892 | Test Acc.: 0.5912
Epoch: 073/200   | Learning Rate 0.001000
Train Auc.: 0.7686 | Test Auc.: 0.7682
Train Loss.: 0.2257 | Test Loss.: 0.2254
Train Acc.: 0.6324 | Test Acc.: 0.6373
Epoch: 074/200   | Learning Rate 0.001000
Train Auc.: 0.5165 | Test Auc.: 0.5152
Train Loss.: 0.2517 | Test Loss.: 0.2521
Train Acc.: 0.5107 | Test Acc.: 0.5142
Epoch: 075/200   | Learning Rate 0.001000
Train Auc.: 0.5130 | Test Auc.: 0.5258
Train Loss.: 0.2575 | Test Loss.: 0.2561
Train Acc.: 0.5136 | Test Acc.: 0.5162
Epoch: 076/200   | Learning Rate 0.001000
Train Auc.: 0.7669 | Test Auc.: 0.7761
Train Loss.: 0.2226 | Test Loss.: 0.2220
Train Acc.: 0.6937 | Test Acc.: 0.7064
Epoch: 077/200   | Learning Rate 0.001000
Train Auc.: 0.7154 | Test Auc.: 0.7085
Train Loss.: 0.2398 | Test Loss.: 0.2395
Train Acc.: 0.5439 | Test Acc.: 0.5475
Epoch: 078/200   | Learning Rate 0.001000
Train Auc.: 0.8374 | Test Auc.: 0.8375
Train Loss.: 0.2256 | Test Loss.: 0.2241
Train Acc.: 0.5549 | Test Acc.: 0.5619
Epoch: 079/200   | Learning Rate 0.001000
Train Auc.: 0.8392 | Test Auc.: 0.8343
Train Loss.: 0.2256 | Test Loss.: 0.2253
Train Acc.: 0.5547 | Test Acc.: 0.5573
Epoch: 080/200   | Learning Rate 0.001000
Train Auc.: 0.8273 | Test Auc.: 0.8264
Train Loss.: 0.2079 | Test Loss.: 0.2084
Train Acc.: 0.7342 | Test Acc.: 0.7356
Epoch: 081/200   | Learning Rate 0.001000
Train Auc.: 0.8924 | Test Auc.: 0.8828
Train Loss.: 0.2398 | Test Loss.: 0.2394
Train Acc.: 0.5034 | Test Acc.: 0.5103
Epoch: 082/200   | Learning Rate 0.001000
Train Auc.: 0.7539 | Test Auc.: 0.7518
Train Loss.: 0.2390 | Test Loss.: 0.2382
Train Acc.: 0.5276 | Test Acc.: 0.5348
Epoch: 083/200   | Learning Rate 0.001000
Train Auc.: 0.6175 | Test Auc.: 0.6226
Train Loss.: 0.2403 | Test Loss.: 0.2402
Train Acc.: 0.5840 | Test Acc.: 0.5859
Epoch: 084/200   | Learning Rate 0.001000
Train Auc.: 0.6587 | Test Auc.: 0.6611
Train Loss.: 0.2446 | Test Loss.: 0.2434
Train Acc.: 0.5348 | Test Acc.: 0.5432
Epoch: 085/200   | Learning Rate 0.001000
Train Auc.: 0.8689 | Test Auc.: 0.8649
Train Loss.: 0.1920 | Test Loss.: 0.1926
Train Acc.: 0.6922 | Test Acc.: 0.6908
Epoch: 086/200   | Learning Rate 0.001000
Train Auc.: 0.8872 | Test Auc.: 0.8740
Train Loss.: 0.2125 | Test Loss.: 0.2137
Train Acc.: 0.5966 | Test Acc.: 0.6011
Epoch: 087/200   | Learning Rate 0.001000
Train Auc.: 0.6314 | Test Auc.: 0.6213
Train Loss.: 0.2392 | Test Loss.: 0.2413
Train Acc.: 0.5963 | Test Acc.: 0.5843
Epoch: 088/200   | Learning Rate 0.001000
Train Auc.: 0.8396 | Test Auc.: 0.8341
Train Loss.: 0.1955 | Test Loss.: 0.1985
Train Acc.: 0.7001 | Test Acc.: 0.6922
Epoch: 089/200   | Learning Rate 0.001000
Train Auc.: 0.8299 | Test Auc.: 0.8237
Train Loss.: 0.2196 | Test Loss.: 0.2194
Train Acc.: 0.5849 | Test Acc.: 0.5863
Epoch: 090/200   | Learning Rate 0.001000
Train Auc.: 0.8713 | Test Auc.: 0.8670
Train Loss.: 0.1753 | Test Loss.: 0.1770
Train Acc.: 0.7900 | Test Acc.: 0.7896
Epoch: 091/200   | Learning Rate 0.001000
Train Auc.: 0.6631 | Test Auc.: 0.6598
Train Loss.: 0.2317 | Test Loss.: 0.2328
Train Acc.: 0.6231 | Test Acc.: 0.6284
Epoch: 092/200   | Learning Rate 0.001000
Train Auc.: 0.7590 | Test Auc.: 0.7468
Train Loss.: 0.2068 | Test Loss.: 0.2105
Train Acc.: 0.6945 | Test Acc.: 0.6827
Epoch: 093/200   | Learning Rate 0.001000
Train Auc.: 0.8539 | Test Auc.: 0.8551
Train Loss.: 0.1765 | Test Loss.: 0.1767
Train Acc.: 0.7752 | Test Acc.: 0.7740
Epoch: 094/200   | Learning Rate 0.001000
Train Auc.: 0.8548 | Test Auc.: 0.8514
Train Loss.: 0.1840 | Test Loss.: 0.1846
Train Acc.: 0.7315 | Test Acc.: 0.7290
Epoch: 095/200   | Learning Rate 0.001000
Train Auc.: 0.8455 | Test Auc.: 0.8396
Train Loss.: 0.1775 | Test Loss.: 0.1787
Train Acc.: 0.7366 | Test Acc.: 0.7320
Epoch: 096/200   | Learning Rate 0.001000
Train Auc.: 0.8683 | Test Auc.: 0.8653
Train Loss.: 0.1760 | Test Loss.: 0.1758
Train Acc.: 0.7378 | Test Acc.: 0.7344
Epoch: 097/200   | Learning Rate 0.001000
Train Auc.: 0.7696 | Test Auc.: 0.7592
Train Loss.: 0.2051 | Test Loss.: 0.2079
Train Acc.: 0.6832 | Test Acc.: 0.6771
Epoch: 098/200   | Learning Rate 0.001000
Train Auc.: 0.9015 | Test Auc.: 0.8945
Train Loss.: 0.1781 | Test Loss.: 0.1810
Train Acc.: 0.7356 | Test Acc.: 0.7289
Epoch: 099/200   | Learning Rate 0.001000
Train Auc.: 0.7789 | Test Auc.: 0.7722
Train Loss.: 0.2202 | Test Loss.: 0.2207
Train Acc.: 0.6278 | Test Acc.: 0.6234
Epoch: 100/200   | Learning Rate 0.001000
Train Auc.: 0.8236 | Test Auc.: 0.8155
Train Loss.: 0.1765 | Test Loss.: 0.1803
Train Acc.: 0.7476 | Test Acc.: 0.7394
Epoch: 101/200   | Learning Rate 0.000900
Train Auc.: 0.8190 | Test Auc.: 0.8103
Train Loss.: 0.1842 | Test Loss.: 0.1891
Train Acc.: 0.7363 | Test Acc.: 0.7244
Epoch: 102/200   | Learning Rate 0.000900
Train Auc.: 0.7092 | Test Auc.: 0.7038
Train Loss.: 0.2194 | Test Loss.: 0.2212
Train Acc.: 0.6540 | Test Acc.: 0.6484
Epoch: 103/200   | Learning Rate 0.000900
Train Auc.: 0.8821 | Test Auc.: 0.8774
Train Loss.: 0.1805 | Test Loss.: 0.1816
Train Acc.: 0.7382 | Test Acc.: 0.7317
Epoch: 104/200   | Learning Rate 0.000900
Train Auc.: 0.9087 | Test Auc.: 0.9040
Train Loss.: 0.1309 | Test Loss.: 0.1344
Train Acc.: 0.8285 | Test Acc.: 0.8180
Epoch: 105/200   | Learning Rate 0.000900
Train Auc.: 0.8339 | Test Auc.: 0.8313
Train Loss.: 0.1919 | Test Loss.: 0.1951
Train Acc.: 0.7270 | Test Acc.: 0.7204
Epoch: 106/200   | Learning Rate 0.000900
Train Auc.: 0.7005 | Test Auc.: 0.6954
Train Loss.: 0.2332 | Test Loss.: 0.2344
Train Acc.: 0.6411 | Test Acc.: 0.6420
Epoch: 107/200   | Learning Rate 0.000900
Train Auc.: 0.9370 | Test Auc.: 0.9342
Train Loss.: 0.3805 | Test Loss.: 0.3807
Train Acc.: 0.4922 | Test Acc.: 0.4870
Epoch: 108/200   | Learning Rate 0.000900
Train Auc.: 0.8760 | Test Auc.: 0.8763
Train Loss.: 0.1500 | Test Loss.: 0.1493
Train Acc.: 0.7950 | Test Acc.: 0.7944
Epoch: 109/200   | Learning Rate 0.000900
Train Auc.: 0.8545 | Test Auc.: 0.8557
Train Loss.: 0.1648 | Test Loss.: 0.1658
Train Acc.: 0.7737 | Test Acc.: 0.7715
Epoch: 110/200   | Learning Rate 0.000900
Train Auc.: 0.6695 | Test Auc.: 0.6687
Train Loss.: 0.5793 | Test Loss.: 0.5780
Train Acc.: 0.4808 | Test Acc.: 0.4750
Epoch: 111/200   | Learning Rate 0.000900
Train Auc.: 0.9260 | Test Auc.: 0.9220
Train Loss.: 0.2049 | Test Loss.: 0.2050
Train Acc.: 0.7110 | Test Acc.: 0.7066
Epoch: 112/200   | Learning Rate 0.000900
Train Auc.: 0.8735 | Test Auc.: 0.8707
Train Loss.: 0.1528 | Test Loss.: 0.1544
Train Acc.: 0.7834 | Test Acc.: 0.7774
Epoch: 113/200   | Learning Rate 0.000900
Train Auc.: 0.8812 | Test Auc.: 0.8771
Train Loss.: 0.1638 | Test Loss.: 0.1643
Train Acc.: 0.7616 | Test Acc.: 0.7599
Epoch: 114/200   | Learning Rate 0.000900
Train Auc.: 0.7539 | Test Auc.: 0.7459
Train Loss.: 0.2213 | Test Loss.: 0.2222
Train Acc.: 0.6530 | Test Acc.: 0.6486
Epoch: 115/200   | Learning Rate 0.000900
Train Auc.: 0.8942 | Test Auc.: 0.8887
Train Loss.: 0.2223 | Test Loss.: 0.2222
Train Acc.: 0.6198 | Test Acc.: 0.6211
Epoch: 116/200   | Learning Rate 0.000900
Train Auc.: 0.9007 | Test Auc.: 0.9044
Train Loss.: 0.1700 | Test Loss.: 0.1668
Train Acc.: 0.7469 | Test Acc.: 0.7516
Epoch: 117/200   | Learning Rate 0.000900
Train Auc.: 0.7733 | Test Auc.: 0.7728
Train Loss.: 0.2028 | Test Loss.: 0.2021
Train Acc.: 0.6868 | Test Acc.: 0.6831
Epoch: 118/200   | Learning Rate 0.000900
Train Auc.: 0.8860 | Test Auc.: 0.8869
Train Loss.: 0.1700 | Test Loss.: 0.1679
Train Acc.: 0.7421 | Test Acc.: 0.7468
Epoch: 119/200   | Learning Rate 0.000900
Train Auc.: 0.9006 | Test Auc.: 0.8960
Train Loss.: 0.1561 | Test Loss.: 0.1574
Train Acc.: 0.7764 | Test Acc.: 0.7741
Epoch: 120/200   | Learning Rate 0.000900
Train Auc.: 0.8573 | Test Auc.: 0.8478
Train Loss.: 0.1684 | Test Loss.: 0.1721
Train Acc.: 0.7769 | Test Acc.: 0.7670
Epoch: 121/200   | Learning Rate 0.000900
Train Auc.: 0.6487 | Test Auc.: 0.6420
Train Loss.: 0.3181 | Test Loss.: 0.3194
Train Acc.: 0.5464 | Test Acc.: 0.5399
Epoch: 122/200   | Learning Rate 0.000900
Train Auc.: 0.7041 | Test Auc.: 0.7069
Train Loss.: 0.2762 | Test Loss.: 0.2781
Train Acc.: 0.5559 | Test Acc.: 0.5485
Epoch: 123/200   | Learning Rate 0.000900
Train Auc.: 0.8238 | Test Auc.: 0.8219
Train Loss.: 0.1833 | Test Loss.: 0.1851
Train Acc.: 0.7500 | Test Acc.: 0.7469
Epoch: 124/200   | Learning Rate 0.000900
Train Auc.: 0.7881 | Test Auc.: 0.7832
Train Loss.: 0.1958 | Test Loss.: 0.1971
Train Acc.: 0.7087 | Test Acc.: 0.7007
Epoch: 125/200   | Learning Rate 0.000900
Train Auc.: 0.8210 | Test Auc.: 0.8214
Train Loss.: 0.1875 | Test Loss.: 0.1888
Train Acc.: 0.7436 | Test Acc.: 0.7386
Epoch: 126/200   | Learning Rate 0.000900
Train Auc.: 0.9198 | Test Auc.: 0.9173
Train Loss.: 0.1849 | Test Loss.: 0.1862
Train Acc.: 0.7205 | Test Acc.: 0.7133
Epoch: 127/200   | Learning Rate 0.000900
Train Auc.: 0.8110 | Test Auc.: 0.8037
Train Loss.: 0.1936 | Test Loss.: 0.1952
Train Acc.: 0.7121 | Test Acc.: 0.7104
Epoch: 128/200   | Learning Rate 0.000900
Train Auc.: 0.9060 | Test Auc.: 0.9054
Train Loss.: 0.2018 | Test Loss.: 0.2004
Train Acc.: 0.6043 | Test Acc.: 0.6119
Epoch: 129/200   | Learning Rate 0.000900
Train Auc.: 0.8877 | Test Auc.: 0.8825
Train Loss.: 0.1525 | Test Loss.: 0.1548
Train Acc.: 0.8052 | Test Acc.: 0.7982
Epoch: 130/200   | Learning Rate 0.000900
Train Auc.: 0.7037 | Test Auc.: 0.7004
Train Loss.: 0.2257 | Test Loss.: 0.2258
Train Acc.: 0.6377 | Test Acc.: 0.6380
Epoch: 131/200   | Learning Rate 0.000900
Train Auc.: 0.8708 | Test Auc.: 0.8659
Train Loss.: 0.1814 | Test Loss.: 0.1823
Train Acc.: 0.7185 | Test Acc.: 0.7149
Epoch: 132/200   | Learning Rate 0.000900
Train Auc.: 0.7417 | Test Auc.: 0.7355
Train Loss.: 0.2072 | Test Loss.: 0.2094
Train Acc.: 0.6744 | Test Acc.: 0.6743
Epoch: 133/200   | Learning Rate 0.000900
Train Auc.: 0.8429 | Test Auc.: 0.8363
Train Loss.: 0.1812 | Test Loss.: 0.1833
Train Acc.: 0.7365 | Test Acc.: 0.7328
Epoch: 134/200   | Learning Rate 0.000900
Train Auc.: 0.9085 | Test Auc.: 0.9078
Train Loss.: 0.1396 | Test Loss.: 0.1403
Train Acc.: 0.8210 | Test Acc.: 0.8194
Epoch: 135/200   | Learning Rate 0.000900
Train Auc.: 0.9163 | Test Auc.: 0.9114
Train Loss.: 0.1336 | Test Loss.: 0.1360
Train Acc.: 0.8308 | Test Acc.: 0.8242
Epoch: 136/200   | Learning Rate 0.000900
Train Auc.: 0.8491 | Test Auc.: 0.8416
Train Loss.: 0.1946 | Test Loss.: 0.1972
Train Acc.: 0.7592 | Test Acc.: 0.7525
Epoch: 137/200   | Learning Rate 0.000900
Train Auc.: 0.8570 | Test Auc.: 0.8512
Train Loss.: 0.1630 | Test Loss.: 0.1656
Train Acc.: 0.7766 | Test Acc.: 0.7660
Epoch: 138/200   | Learning Rate 0.000900
Train Auc.: 0.8103 | Test Auc.: 0.8074
Train Loss.: 0.1884 | Test Loss.: 0.1905
Train Acc.: 0.7315 | Test Acc.: 0.7234
Epoch: 139/200   | Learning Rate 0.000900
Train Auc.: 0.8436 | Test Auc.: 0.8375
Train Loss.: 0.1783 | Test Loss.: 0.1805
Train Acc.: 0.7454 | Test Acc.: 0.7359
Epoch: 140/200   | Learning Rate 0.000900
Train Auc.: 0.9207 | Test Auc.: 0.9142
Train Loss.: 0.1827 | Test Loss.: 0.1837
Train Acc.: 0.6970 | Test Acc.: 0.6936
Epoch: 141/200   | Learning Rate 0.000900
Train Auc.: 0.7967 | Test Auc.: 0.7905
Train Loss.: 0.2744 | Test Loss.: 0.2797
Train Acc.: 0.5751 | Test Acc.: 0.5657
Epoch: 142/200   | Learning Rate 0.000900
Train Auc.: 0.9072 | Test Auc.: 0.9020
Train Loss.: 0.1607 | Test Loss.: 0.1634
Train Acc.: 0.7643 | Test Acc.: 0.7512
Epoch: 143/200   | Learning Rate 0.000900
Train Auc.: 0.7850 | Test Auc.: 0.7909
Train Loss.: 0.1942 | Test Loss.: 0.1923
Train Acc.: 0.7141 | Test Acc.: 0.7162
Epoch: 144/200   | Learning Rate 0.000900
Train Auc.: 0.8994 | Test Auc.: 0.8948
Train Loss.: 0.1859 | Test Loss.: 0.1866
Train Acc.: 0.7174 | Test Acc.: 0.7130
Epoch: 145/200   | Learning Rate 0.000900
Train Auc.: 0.8894 | Test Auc.: 0.8861
Train Loss.: 0.1572 | Test Loss.: 0.1576
Train Acc.: 0.7779 | Test Acc.: 0.7740
Epoch: 146/200   | Learning Rate 0.000900
Train Auc.: 0.9140 | Test Auc.: 0.9074
Train Loss.: 0.1717 | Test Loss.: 0.1762
Train Acc.: 0.7645 | Test Acc.: 0.7548
Epoch: 147/200   | Learning Rate 0.000900
Train Auc.: 0.8947 | Test Auc.: 0.8898
Train Loss.: 0.1418 | Test Loss.: 0.1443
Train Acc.: 0.8163 | Test Acc.: 0.8071
Epoch: 148/200   | Learning Rate 0.000900
Train Auc.: 0.9284 | Test Auc.: 0.9238
Train Loss.: 0.1518 | Test Loss.: 0.1533
Train Acc.: 0.8062 | Test Acc.: 0.8028
Epoch: 149/200   | Learning Rate 0.000900
Train Auc.: 0.8913 | Test Auc.: 0.8821
Train Loss.: 0.1515 | Test Loss.: 0.1556
Train Acc.: 0.8080 | Test Acc.: 0.7991
Epoch: 150/200   | Learning Rate 0.000900
Train Auc.: 0.8334 | Test Auc.: 0.8223
Train Loss.: 0.3138 | Test Loss.: 0.3235
Train Acc.: 0.5961 | Test Acc.: 0.5859
Epoch: 151/200   | Learning Rate 0.000900
Train Auc.: 0.9081 | Test Auc.: 0.9043
Train Loss.: 0.1642 | Test Loss.: 0.1655
Train Acc.: 0.7569 | Test Acc.: 0.7585
Epoch: 152/200   | Learning Rate 0.000900
Train Auc.: 0.8393 | Test Auc.: 0.8346
Train Loss.: 0.1826 | Test Loss.: 0.1871
Train Acc.: 0.7407 | Test Acc.: 0.7379
Epoch: 153/200   | Learning Rate 0.000900
Train Auc.: 0.8332 | Test Auc.: 0.8303
Train Loss.: 0.1930 | Test Loss.: 0.1956
Train Acc.: 0.7060 | Test Acc.: 0.6988
Epoch: 154/200   | Learning Rate 0.000900
Train Auc.: 0.8431 | Test Auc.: 0.8390
Train Loss.: 0.1685 | Test Loss.: 0.1711
Train Acc.: 0.7712 | Test Acc.: 0.7647
Epoch: 155/200   | Learning Rate 0.000900
Train Auc.: 0.9165 | Test Auc.: 0.9132
Train Loss.: 0.2749 | Test Loss.: 0.2736
Train Acc.: 0.5709 | Test Acc.: 0.5698
Epoch: 156/200   | Learning Rate 0.000900
Train Auc.: 0.9122 | Test Auc.: 0.9080
Train Loss.: 0.1667 | Test Loss.: 0.1679
Train Acc.: 0.7429 | Test Acc.: 0.7365
Epoch: 157/200   | Learning Rate 0.000900
Train Auc.: 0.8982 | Test Auc.: 0.8927
Train Loss.: 0.1677 | Test Loss.: 0.1693
Train Acc.: 0.7415 | Test Acc.: 0.7355
Epoch: 158/200   | Learning Rate 0.000900
Train Auc.: 0.9306 | Test Auc.: 0.9264
Train Loss.: 0.1693 | Test Loss.: 0.1710
Train Acc.: 0.7346 | Test Acc.: 0.7317
Epoch: 159/200   | Learning Rate 0.000900
Train Auc.: 0.9100 | Test Auc.: 0.9048
Train Loss.: 0.1425 | Test Loss.: 0.1451
Train Acc.: 0.8098 | Test Acc.: 0.8060
Epoch: 160/200   | Learning Rate 0.000900
Train Auc.: 0.9232 | Test Auc.: 0.9154
Train Loss.: 0.1748 | Test Loss.: 0.1764
Train Acc.: 0.7256 | Test Acc.: 0.7199
Epoch: 161/200   | Learning Rate 0.000900
Train Auc.: 0.8987 | Test Auc.: 0.8915
Train Loss.: 0.1494 | Test Loss.: 0.1519
Train Acc.: 0.7834 | Test Acc.: 0.7739
Epoch: 162/200   | Learning Rate 0.000900
Train Auc.: 0.8919 | Test Auc.: 0.8842
Train Loss.: 0.1668 | Test Loss.: 0.1712
Train Acc.: 0.7669 | Test Acc.: 0.7550
Epoch: 163/200   | Learning Rate 0.000900
Train Auc.: 0.9114 | Test Auc.: 0.9090
Train Loss.: 0.1305 | Test Loss.: 0.1321
Train Acc.: 0.8362 | Test Acc.: 0.8322
Epoch: 164/200   | Learning Rate 0.000900
Train Auc.: 0.8714 | Test Auc.: 0.8696
Train Loss.: 0.1656 | Test Loss.: 0.1672
Train Acc.: 0.7832 | Test Acc.: 0.7730
Epoch: 165/200   | Learning Rate 0.000900
Train Auc.: 0.7720 | Test Auc.: 0.7680
Train Loss.: 0.2945 | Test Loss.: 0.2985
Train Acc.: 0.5514 | Test Acc.: 0.5452
Epoch: 166/200   | Learning Rate 0.000900
Train Auc.: 0.8790 | Test Auc.: 0.8735
Train Loss.: 0.1533 | Test Loss.: 0.1560
Train Acc.: 0.7867 | Test Acc.: 0.7825
Epoch: 167/200   | Learning Rate 0.000900
Train Auc.: 0.8942 | Test Auc.: 0.8905
Train Loss.: 0.1440 | Test Loss.: 0.1466
Train Acc.: 0.8161 | Test Acc.: 0.8071
Epoch: 168/200   | Learning Rate 0.000900
Train Auc.: 0.8542 | Test Auc.: 0.8365
Train Loss.: 0.1645 | Test Loss.: 0.1722
Train Acc.: 0.7764 | Test Acc.: 0.7613
Epoch: 169/200   | Learning Rate 0.000900
Train Auc.: 0.9046 | Test Auc.: 0.9000
Train Loss.: 0.1546 | Test Loss.: 0.1566
Train Acc.: 0.7955 | Test Acc.: 0.7849
Epoch: 170/200   | Learning Rate 0.000900
Train Auc.: 0.9247 | Test Auc.: 0.9153
Train Loss.: 0.1974 | Test Loss.: 0.2011
Train Acc.: 0.6740 | Test Acc.: 0.6727
Epoch: 171/200   | Learning Rate 0.000900
Train Auc.: 0.9109 | Test Auc.: 0.9024
Train Loss.: 0.1831 | Test Loss.: 0.1859
Train Acc.: 0.7146 | Test Acc.: 0.7078
Epoch: 172/200   | Learning Rate 0.000900
Train Auc.: 0.9197 | Test Auc.: 0.9178
Train Loss.: 0.1727 | Test Loss.: 0.1728
Train Acc.: 0.7398 | Test Acc.: 0.7376
Epoch: 173/200   | Learning Rate 0.000900
Train Auc.: 0.8831 | Test Auc.: 0.8748
Train Loss.: 0.2026 | Test Loss.: 0.2047
Train Acc.: 0.6850 | Test Acc.: 0.6821
Epoch: 174/200   | Learning Rate 0.000900
Train Auc.: 0.9214 | Test Auc.: 0.9170
Train Loss.: 0.2088 | Test Loss.: 0.2100
Train Acc.: 0.7016 | Test Acc.: 0.6962
Epoch: 175/200   | Learning Rate 0.000900
Train Auc.: 0.8831 | Test Auc.: 0.8746
Train Loss.: 0.1544 | Test Loss.: 0.1587
Train Acc.: 0.8046 | Test Acc.: 0.7944
Epoch: 176/200   | Learning Rate 0.000900
Train Auc.: 0.8243 | Test Auc.: 0.8190
Train Loss.: 0.2502 | Test Loss.: 0.2554
Train Acc.: 0.5787 | Test Acc.: 0.5705
Epoch: 177/200   | Learning Rate 0.000900
Train Auc.: 0.8995 | Test Auc.: 0.8934
Train Loss.: 0.1406 | Test Loss.: 0.1440
Train Acc.: 0.8245 | Test Acc.: 0.8155
Epoch: 178/200   | Learning Rate 0.000900
Train Auc.: 0.8977 | Test Auc.: 0.8942
Train Loss.: 0.1750 | Test Loss.: 0.1787
Train Acc.: 0.7524 | Test Acc.: 0.7432
Epoch: 179/200   | Learning Rate 0.000900
Train Auc.: 0.8988 | Test Auc.: 0.8916
Train Loss.: 0.1464 | Test Loss.: 0.1508
Train Acc.: 0.8152 | Test Acc.: 0.8086
Epoch: 180/200   | Learning Rate 0.000900
Train Auc.: 0.8264 | Test Auc.: 0.8212
Train Loss.: 0.1926 | Test Loss.: 0.1949
Train Acc.: 0.7037 | Test Acc.: 0.7036
Epoch: 181/200   | Learning Rate 0.000900
Train Auc.: 0.8965 | Test Auc.: 0.8896
Train Loss.: 0.1487 | Test Loss.: 0.1515
Train Acc.: 0.8052 | Test Acc.: 0.7980
Epoch: 182/200   | Learning Rate 0.000900
Train Auc.: 0.8639 | Test Auc.: 0.8583
Train Loss.: 0.1770 | Test Loss.: 0.1797
Train Acc.: 0.7477 | Test Acc.: 0.7473
Epoch: 183/200   | Learning Rate 0.000900
Train Auc.: 0.8809 | Test Auc.: 0.8732
Train Loss.: 0.1682 | Test Loss.: 0.1699
Train Acc.: 0.7467 | Test Acc.: 0.7437
Epoch: 184/200   | Learning Rate 0.000900
Train Auc.: 0.8738 | Test Auc.: 0.8633
Train Loss.: 0.1926 | Test Loss.: 0.1949
Train Acc.: 0.6999 | Test Acc.: 0.6966
Epoch: 185/200   | Learning Rate 0.000900
Train Auc.: 0.9159 | Test Auc.: 0.9122
Train Loss.: 0.2172 | Test Loss.: 0.2192
Train Acc.: 0.6911 | Test Acc.: 0.6809
Epoch: 186/200   | Learning Rate 0.000900
Train Auc.: 0.8685 | Test Auc.: 0.8674
Train Loss.: 0.2426 | Test Loss.: 0.2406
Train Acc.: 0.6498 | Test Acc.: 0.6527
Epoch: 187/200   | Learning Rate 0.000900
Train Auc.: 0.9330 | Test Auc.: 0.9306
Train Loss.: 0.2363 | Test Loss.: 0.2361
Train Acc.: 0.6409 | Test Acc.: 0.6365
Epoch: 188/200   | Learning Rate 0.000900
Train Auc.: 0.9068 | Test Auc.: 0.9010
Train Loss.: 0.1324 | Test Loss.: 0.1350
Train Acc.: 0.8282 | Test Acc.: 0.8177
Epoch: 189/200   | Learning Rate 0.000900
Train Auc.: 0.9047 | Test Auc.: 0.8989
Train Loss.: 0.1476 | Test Loss.: 0.1495
Train Acc.: 0.8169 | Test Acc.: 0.8086
Epoch: 190/200   | Learning Rate 0.000900
Train Auc.: 0.5201 | Test Auc.: 0.5189
Train Loss.: 0.3458 | Test Loss.: 0.3487
Train Acc.: 0.5045 | Test Acc.: 0.4976
Epoch: 191/200   | Learning Rate 0.000900
Train Auc.: 0.8059 | Test Auc.: 0.7950
Train Loss.: 0.2369 | Test Loss.: 0.2446
Train Acc.: 0.6100 | Test Acc.: 0.5998
Epoch: 192/200   | Learning Rate 0.000900
Train Auc.: 0.8703 | Test Auc.: 0.8661
Train Loss.: 0.1620 | Test Loss.: 0.1640
Train Acc.: 0.7873 | Test Acc.: 0.7852
Epoch: 193/200   | Learning Rate 0.000900
Train Auc.: 0.7922 | Test Auc.: 0.7898
Train Loss.: 0.2160 | Test Loss.: 0.2189
Train Acc.: 0.6503 | Test Acc.: 0.6462
Epoch: 194/200   | Learning Rate 0.000900
Train Auc.: 0.9180 | Test Auc.: 0.9120
Train Loss.: 0.1325 | Test Loss.: 0.1359
Train Acc.: 0.8445 | Test Acc.: 0.8373
Epoch: 195/200   | Learning Rate 0.000900
Train Auc.: 0.8404 | Test Auc.: 0.8259
Train Loss.: 0.1940 | Test Loss.: 0.1999
Train Acc.: 0.7011 | Test Acc.: 0.6920
Epoch: 196/200   | Learning Rate 0.000900
Train Auc.: 0.8947 | Test Auc.: 0.8850
Train Loss.: 0.1456 | Test Loss.: 0.1498
Train Acc.: 0.7998 | Test Acc.: 0.7893
Epoch: 197/200   | Learning Rate 0.000900
Train Auc.: 0.9191 | Test Auc.: 0.9156
Train Loss.: 0.1594 | Test Loss.: 0.1602
Train Acc.: 0.7660 | Test Acc.: 0.7629
Epoch: 198/200   | Learning Rate 0.000900
Train Auc.: 0.9303 | Test Auc.: 0.9261
Train Loss.: 0.1987 | Test Loss.: 0.1996
Train Acc.: 0.7118 | Test Acc.: 0.7107
Epoch: 199/200   | Learning Rate 0.000900
Train Auc.: 0.9097 | Test Auc.: 0.9065
Train Loss.: 0.1639 | Test Loss.: 0.1643
Train Acc.: 0.7660 | Test Acc.: 0.7643
Epoch: 200/200   | Learning Rate 0.000900
Train Auc.: 0.9125 | Test Auc.: 0.9049
Train Loss.: 0.1634 | Test Loss.: 0.1662
Train Acc.: 0.7563 | Test Acc.: 0.7461
Epoch: 001/200   | Learning Rate 0.000810
Train Auc.: 0.8918 | Test Auc.: 0.8984
Train Loss.: 0.1670 | Test Loss.: 0.1650
Train Acc.: 0.7853 | Test Acc.: 0.7917
Epoch: 002/200   | Learning Rate 0.000810
Train Auc.: 0.8992 | Test Auc.: 0.9063
Train Loss.: 0.1601 | Test Loss.: 0.1577
Train Acc.: 0.8037 | Test Acc.: 0.8136
Epoch: 003/200   | Learning Rate 0.000810
Train Auc.: 0.9275 | Test Auc.: 0.9328
Train Loss.: 0.1788 | Test Loss.: 0.1764
Train Acc.: 0.7338 | Test Acc.: 0.7410
Epoch: 004/200   | Learning Rate 0.000810
Train Auc.: 0.8843 | Test Auc.: 0.8903
Train Loss.: 0.1555 | Test Loss.: 0.1532
Train Acc.: 0.8067 | Test Acc.: 0.8123
Epoch: 005/200   | Learning Rate 0.000810
Train Auc.: 0.8958 | Test Auc.: 0.9020
Train Loss.: 0.1437 | Test Loss.: 0.1400
Train Acc.: 0.8137 | Test Acc.: 0.8190
Epoch: 006/200   | Learning Rate 0.000810
Train Auc.: 0.9072 | Test Auc.: 0.9112
Train Loss.: 0.1320 | Test Loss.: 0.1292
Train Acc.: 0.8279 | Test Acc.: 0.8330
Epoch: 007/200   | Learning Rate 0.000810
Train Auc.: 0.8304 | Test Auc.: 0.8411
Train Loss.: 0.1777 | Test Loss.: 0.1737
Train Acc.: 0.7488 | Test Acc.: 0.7608
Epoch: 008/200   | Learning Rate 0.000810
Train Auc.: 0.7735 | Test Auc.: 0.7830
Train Loss.: 0.2382 | Test Loss.: 0.2338
Train Acc.: 0.5735 | Test Acc.: 0.5784
Epoch: 009/200   | Learning Rate 0.000810
Train Auc.: 0.8811 | Test Auc.: 0.8886
Train Loss.: 0.1671 | Test Loss.: 0.1625
Train Acc.: 0.7641 | Test Acc.: 0.7708
Epoch: 010/200   | Learning Rate 0.000810
Train Auc.: 0.8497 | Test Auc.: 0.8598
Train Loss.: 0.1953 | Test Loss.: 0.1890
Train Acc.: 0.7066 | Test Acc.: 0.7167
Epoch: 011/200   | Learning Rate 0.000810
Train Auc.: 0.8826 | Test Auc.: 0.8927
Train Loss.: 0.1531 | Test Loss.: 0.1484
Train Acc.: 0.7841 | Test Acc.: 0.7951
Epoch: 012/200   | Learning Rate 0.000810
Train Auc.: 0.9204 | Test Auc.: 0.9215
Train Loss.: 0.1259 | Test Loss.: 0.1245
Train Acc.: 0.8441 | Test Acc.: 0.8479
Epoch: 013/200   | Learning Rate 0.000810
Train Auc.: 0.8929 | Test Auc.: 0.8982
Train Loss.: 0.1590 | Test Loss.: 0.1572
Train Acc.: 0.7819 | Test Acc.: 0.7856
Epoch: 014/200   | Learning Rate 0.000810
Train Auc.: 0.9148 | Test Auc.: 0.9210
Train Loss.: 0.1883 | Test Loss.: 0.1859
Train Acc.: 0.7261 | Test Acc.: 0.7305
Epoch: 015/200   | Learning Rate 0.000810
Train Auc.: 0.9317 | Test Auc.: 0.9350
Train Loss.: 0.2189 | Test Loss.: 0.2171
Train Acc.: 0.6772 | Test Acc.: 0.6811
Epoch: 016/200   | Learning Rate 0.000810
Train Auc.: 0.9010 | Test Auc.: 0.9079
Train Loss.: 0.1334 | Test Loss.: 0.1291
Train Acc.: 0.8080 | Test Acc.: 0.8189
Epoch: 017/200   | Learning Rate 0.000810
Train Auc.: 0.8719 | Test Auc.: 0.8816
Train Loss.: 0.1731 | Test Loss.: 0.1705
Train Acc.: 0.7485 | Test Acc.: 0.7529
Epoch: 018/200   | Learning Rate 0.000810
Train Auc.: 0.8547 | Test Auc.: 0.8665
Train Loss.: 0.1615 | Test Loss.: 0.1566
Train Acc.: 0.7681 | Test Acc.: 0.7812
Epoch: 019/200   | Learning Rate 0.000810
Train Auc.: 0.8905 | Test Auc.: 0.8972
Train Loss.: 0.1447 | Test Loss.: 0.1406
Train Acc.: 0.8112 | Test Acc.: 0.8185
Epoch: 020/200   | Learning Rate 0.000810
Train Auc.: 0.9239 | Test Auc.: 0.9289
Train Loss.: 0.1439 | Test Loss.: 0.1417
Train Acc.: 0.7915 | Test Acc.: 0.7976
Epoch: 021/200   | Learning Rate 0.000810
Train Auc.: 0.8855 | Test Auc.: 0.8951
Train Loss.: 0.1468 | Test Loss.: 0.1408
Train Acc.: 0.8131 | Test Acc.: 0.8215
Epoch: 022/200   | Learning Rate 0.000810
Train Auc.: 0.8569 | Test Auc.: 0.8705
Train Loss.: 0.1896 | Test Loss.: 0.1830
Train Acc.: 0.7110 | Test Acc.: 0.7204
Epoch: 023/200   | Learning Rate 0.000810
Train Auc.: 0.8761 | Test Auc.: 0.8835
Train Loss.: 0.1726 | Test Loss.: 0.1699
Train Acc.: 0.7352 | Test Acc.: 0.7436
Epoch: 024/200   | Learning Rate 0.000810
Train Auc.: 0.8969 | Test Auc.: 0.9002
Train Loss.: 0.1389 | Test Loss.: 0.1372
Train Acc.: 0.8049 | Test Acc.: 0.8090
Epoch: 025/200   | Learning Rate 0.000810
Train Auc.: 0.7939 | Test Auc.: 0.8006
Train Loss.: 0.2000 | Test Loss.: 0.1966
Train Acc.: 0.6879 | Test Acc.: 0.6936
Epoch: 026/200   | Learning Rate 0.000810
Train Auc.: 0.8901 | Test Auc.: 0.8974
Train Loss.: 0.1555 | Test Loss.: 0.1506
Train Acc.: 0.8009 | Test Acc.: 0.8090
Epoch: 027/200   | Learning Rate 0.000810
Train Auc.: 0.8788 | Test Auc.: 0.8859
Train Loss.: 0.1651 | Test Loss.: 0.1625
Train Acc.: 0.7679 | Test Acc.: 0.7771
Epoch: 028/200   | Learning Rate 0.000810
Train Auc.: 0.9161 | Test Auc.: 0.9222
Train Loss.: 0.1418 | Test Loss.: 0.1374
Train Acc.: 0.8216 | Test Acc.: 0.8285
Epoch: 029/200   | Learning Rate 0.000810
Train Auc.: 0.7892 | Test Auc.: 0.7914
Train Loss.: 0.2078 | Test Loss.: 0.2074
Train Acc.: 0.7152 | Test Acc.: 0.7158
Epoch: 030/200   | Learning Rate 0.000810
Train Auc.: 0.9324 | Test Auc.: 0.9343
Train Loss.: 0.1413 | Test Loss.: 0.1399
Train Acc.: 0.8297 | Test Acc.: 0.8331
Epoch: 031/200   | Learning Rate 0.000810
Train Auc.: 0.9046 | Test Auc.: 0.9105
Train Loss.: 0.1390 | Test Loss.: 0.1352
Train Acc.: 0.8151 | Test Acc.: 0.8240
Epoch: 032/200   | Learning Rate 0.000810
Train Auc.: 0.8920 | Test Auc.: 0.9011
Train Loss.: 0.1403 | Test Loss.: 0.1355
Train Acc.: 0.8046 | Test Acc.: 0.8185
Epoch: 033/200   | Learning Rate 0.000810
Train Auc.: 0.9001 | Test Auc.: 0.9059
Train Loss.: 0.1343 | Test Loss.: 0.1314
Train Acc.: 0.8143 | Test Acc.: 0.8200
Epoch: 034/200   | Learning Rate 0.000810
Train Auc.: 0.9099 | Test Auc.: 0.9147
Train Loss.: 0.1589 | Test Loss.: 0.1579
Train Acc.: 0.7853 | Test Acc.: 0.7943
Epoch: 035/200   | Learning Rate 0.000810
Train Auc.: 0.8761 | Test Auc.: 0.8864
Train Loss.: 0.1585 | Test Loss.: 0.1537
Train Acc.: 0.7926 | Test Acc.: 0.8057
Epoch: 036/200   | Learning Rate 0.000810
Train Auc.: 0.8561 | Test Auc.: 0.8604
Train Loss.: 0.2106 | Test Loss.: 0.2080
Train Acc.: 0.6952 | Test Acc.: 0.6987
Epoch: 037/200   | Learning Rate 0.000810
Train Auc.: 0.8451 | Test Auc.: 0.8566
Train Loss.: 0.1964 | Test Loss.: 0.1892
Train Acc.: 0.7159 | Test Acc.: 0.7241
Epoch: 038/200   | Learning Rate 0.000810
Train Auc.: 0.9146 | Test Auc.: 0.9188
Train Loss.: 0.1504 | Test Loss.: 0.1484
Train Acc.: 0.8169 | Test Acc.: 0.8231
Epoch: 039/200   | Learning Rate 0.000810
Train Auc.: 0.9162 | Test Auc.: 0.9233
Train Loss.: 0.1503 | Test Loss.: 0.1473
Train Acc.: 0.7714 | Test Acc.: 0.7772
Epoch: 040/200   | Learning Rate 0.000810
Train Auc.: 0.8808 | Test Auc.: 0.8884
Train Loss.: 0.1512 | Test Loss.: 0.1471
Train Acc.: 0.8080 | Test Acc.: 0.8109
Epoch: 041/200   | Learning Rate 0.000810
Train Auc.: 0.9064 | Test Auc.: 0.9169
Train Loss.: 0.1330 | Test Loss.: 0.1281
Train Acc.: 0.8260 | Test Acc.: 0.8394
Epoch: 042/200   | Learning Rate 0.000810
Train Auc.: 0.9079 | Test Auc.: 0.9168
Train Loss.: 0.1408 | Test Loss.: 0.1364
Train Acc.: 0.8077 | Test Acc.: 0.8150
Epoch: 043/200   | Learning Rate 0.000810
Train Auc.: 0.9143 | Test Auc.: 0.9193
Train Loss.: 0.1401 | Test Loss.: 0.1381
Train Acc.: 0.8046 | Test Acc.: 0.8123
Epoch: 044/200   | Learning Rate 0.000810
Train Auc.: 0.9329 | Test Auc.: 0.9374
Train Loss.: 0.1894 | Test Loss.: 0.1876
Train Acc.: 0.7358 | Test Acc.: 0.7450
Epoch: 045/200   | Learning Rate 0.000810
Train Auc.: 0.9127 | Test Auc.: 0.9199
Train Loss.: 0.1423 | Test Loss.: 0.1378
Train Acc.: 0.7883 | Test Acc.: 0.7956
Epoch: 046/200   | Learning Rate 0.000810
Train Auc.: 0.8960 | Test Auc.: 0.9012
Train Loss.: 0.1570 | Test Loss.: 0.1545
Train Acc.: 0.8062 | Test Acc.: 0.8166
Epoch: 047/200   | Learning Rate 0.000810
Train Auc.: 0.8861 | Test Auc.: 0.8958
Train Loss.: 0.1502 | Test Loss.: 0.1450
Train Acc.: 0.8005 | Test Acc.: 0.8112
Epoch: 048/200   | Learning Rate 0.000810
Train Auc.: 0.8998 | Test Auc.: 0.9085
Train Loss.: 0.1426 | Test Loss.: 0.1387
Train Acc.: 0.7849 | Test Acc.: 0.7958
Epoch: 049/200   | Learning Rate 0.000810
Train Auc.: 0.8889 | Test Auc.: 0.8950
Train Loss.: 0.1596 | Test Loss.: 0.1568
Train Acc.: 0.7847 | Test Acc.: 0.7897
Epoch: 050/200   | Learning Rate 0.000810
Train Auc.: 0.8595 | Test Auc.: 0.8642
Train Loss.: 0.1707 | Test Loss.: 0.1669
Train Acc.: 0.7674 | Test Acc.: 0.7733
Epoch: 051/200   | Learning Rate 0.000810
Train Auc.: 0.9280 | Test Auc.: 0.9317
Train Loss.: 0.1491 | Test Loss.: 0.1473
Train Acc.: 0.7976 | Test Acc.: 0.8002
Epoch: 052/200   | Learning Rate 0.000810
Train Auc.: 0.8952 | Test Auc.: 0.9010
Train Loss.: 0.1522 | Test Loss.: 0.1495
Train Acc.: 0.8128 | Test Acc.: 0.8198
Epoch: 053/200   | Learning Rate 0.000810
Train Auc.: 0.9102 | Test Auc.: 0.9164
Train Loss.: 0.1402 | Test Loss.: 0.1369
Train Acc.: 0.8300 | Test Acc.: 0.8379
Epoch: 054/200   | Learning Rate 0.000810
Train Auc.: 0.9068 | Test Auc.: 0.9105
Train Loss.: 0.1294 | Test Loss.: 0.1278
Train Acc.: 0.8185 | Test Acc.: 0.8228
Epoch: 055/200   | Learning Rate 0.000810
Train Auc.: 0.8697 | Test Auc.: 0.8776
Train Loss.: 0.1891 | Test Loss.: 0.1880
Train Acc.: 0.7731 | Test Acc.: 0.7843
Epoch: 056/200   | Learning Rate 0.000810
Train Auc.: 0.9207 | Test Auc.: 0.9237
Train Loss.: 0.1250 | Test Loss.: 0.1228
Train Acc.: 0.8422 | Test Acc.: 0.8468
Epoch: 057/200   | Learning Rate 0.000810
Train Auc.: 0.8988 | Test Auc.: 0.9060
Train Loss.: 0.1455 | Test Loss.: 0.1408
Train Acc.: 0.8126 | Test Acc.: 0.8211
Epoch: 058/200   | Learning Rate 0.000810
Train Auc.: 0.8801 | Test Auc.: 0.8882
Train Loss.: 0.1519 | Test Loss.: 0.1477
Train Acc.: 0.8053 | Test Acc.: 0.8140
Epoch: 059/200   | Learning Rate 0.000810
Train Auc.: 0.8675 | Test Auc.: 0.8754
Train Loss.: 0.1673 | Test Loss.: 0.1624
Train Acc.: 0.7708 | Test Acc.: 0.7775
Epoch: 060/200   | Learning Rate 0.000810
Train Auc.: 0.9175 | Test Auc.: 0.9230
Train Loss.: 0.1325 | Test Loss.: 0.1292
Train Acc.: 0.8358 | Test Acc.: 0.8412
Epoch: 061/200   | Learning Rate 0.000810
Train Auc.: 0.9103 | Test Auc.: 0.9196
Train Loss.: 0.1807 | Test Loss.: 0.1763
Train Acc.: 0.7369 | Test Acc.: 0.7470
Epoch: 062/200   | Learning Rate 0.000810
Train Auc.: 0.9217 | Test Auc.: 0.9265
Train Loss.: 0.1724 | Test Loss.: 0.1705
Train Acc.: 0.7555 | Test Acc.: 0.7635
Epoch: 063/200   | Learning Rate 0.000810
Train Auc.: 0.8980 | Test Auc.: 0.9024
Train Loss.: 0.1467 | Test Loss.: 0.1451
Train Acc.: 0.7826 | Test Acc.: 0.7855
Epoch: 064/200   | Learning Rate 0.000810
Train Auc.: 0.9052 | Test Auc.: 0.9117
Train Loss.: 0.1393 | Test Loss.: 0.1369
Train Acc.: 0.7980 | Test Acc.: 0.8034
Epoch: 065/200   | Learning Rate 0.000810
Train Auc.: 0.8418 | Test Auc.: 0.8479
Train Loss.: 0.1810 | Test Loss.: 0.1784
Train Acc.: 0.7577 | Test Acc.: 0.7630
Epoch: 066/200   | Learning Rate 0.000810
Train Auc.: 0.8921 | Test Auc.: 0.8982
Train Loss.: 0.1571 | Test Loss.: 0.1532
Train Acc.: 0.7930 | Test Acc.: 0.7947
Epoch: 067/200   | Learning Rate 0.000810
Train Auc.: 0.8952 | Test Auc.: 0.9020
Train Loss.: 0.1413 | Test Loss.: 0.1373
Train Acc.: 0.8136 | Test Acc.: 0.8250
Epoch: 068/200   | Learning Rate 0.000810
Train Auc.: 0.8899 | Test Auc.: 0.8965
Train Loss.: 0.1456 | Test Loss.: 0.1407
Train Acc.: 0.8125 | Test Acc.: 0.8228
Epoch: 069/200   | Learning Rate 0.000810
Train Auc.: 0.8996 | Test Auc.: 0.9063
Train Loss.: 0.1426 | Test Loss.: 0.1380
Train Acc.: 0.8092 | Test Acc.: 0.8210
Epoch: 070/200   | Learning Rate 0.000810
Train Auc.: 0.8774 | Test Auc.: 0.8853
Train Loss.: 0.1484 | Test Loss.: 0.1435
Train Acc.: 0.7939 | Test Acc.: 0.8019
Epoch: 071/200   | Learning Rate 0.000810
Train Auc.: 0.9165 | Test Auc.: 0.9240
Train Loss.: 0.1263 | Test Loss.: 0.1223
Train Acc.: 0.8292 | Test Acc.: 0.8382
Epoch: 072/200   | Learning Rate 0.000810
Train Auc.: 0.8994 | Test Auc.: 0.9057
Train Loss.: 0.1612 | Test Loss.: 0.1597
Train Acc.: 0.7568 | Test Acc.: 0.7623
Epoch: 073/200   | Learning Rate 0.000810
Train Auc.: 0.9070 | Test Auc.: 0.9102
Train Loss.: 0.1643 | Test Loss.: 0.1629
Train Acc.: 0.7709 | Test Acc.: 0.7772
Epoch: 074/200   | Learning Rate 0.000810
Train Auc.: 0.9304 | Test Auc.: 0.9321
Train Loss.: 0.1582 | Test Loss.: 0.1572
Train Acc.: 0.7937 | Test Acc.: 0.7992
Epoch: 075/200   | Learning Rate 0.000810
Train Auc.: 0.8366 | Test Auc.: 0.8493
Train Loss.: 0.1682 | Test Loss.: 0.1629
Train Acc.: 0.7596 | Test Acc.: 0.7662
Epoch: 076/200   | Learning Rate 0.000810
Train Auc.: 0.9151 | Test Auc.: 0.9206
Train Loss.: 0.1361 | Test Loss.: 0.1322
Train Acc.: 0.8239 | Test Acc.: 0.8315
Epoch: 077/200   | Learning Rate 0.000810
Train Auc.: 0.8711 | Test Auc.: 0.8820
Train Loss.: 0.1853 | Test Loss.: 0.1792
Train Acc.: 0.7267 | Test Acc.: 0.7349
Epoch: 078/200   | Learning Rate 0.000810
Train Auc.: 0.8828 | Test Auc.: 0.8904
Train Loss.: 0.1519 | Test Loss.: 0.1477
Train Acc.: 0.8061 | Test Acc.: 0.8139
Epoch: 079/200   | Learning Rate 0.000810
Train Auc.: 0.9303 | Test Auc.: 0.9345
Train Loss.: 0.1257 | Test Loss.: 0.1233
Train Acc.: 0.8315 | Test Acc.: 0.8341
Epoch: 080/200   | Learning Rate 0.000810
Train Auc.: 0.9024 | Test Auc.: 0.9106
Train Loss.: 0.1431 | Test Loss.: 0.1391
Train Acc.: 0.8210 | Test Acc.: 0.8323
Epoch: 081/200   | Learning Rate 0.000810
Train Auc.: 0.8621 | Test Auc.: 0.8695
Train Loss.: 0.1658 | Test Loss.: 0.1630
Train Acc.: 0.7790 | Test Acc.: 0.7839
Epoch: 082/200   | Learning Rate 0.000810
Train Auc.: 0.9108 | Test Auc.: 0.9159
Train Loss.: 0.1317 | Test Loss.: 0.1288
Train Acc.: 0.8329 | Test Acc.: 0.8400
Epoch: 083/200   | Learning Rate 0.000810
Train Auc.: 0.9196 | Test Auc.: 0.9245
Train Loss.: 0.1211 | Test Loss.: 0.1174
Train Acc.: 0.8446 | Test Acc.: 0.8494
Epoch: 084/200   | Learning Rate 0.000810
Train Auc.: 0.8834 | Test Auc.: 0.8917
Train Loss.: 0.1591 | Test Loss.: 0.1546
Train Acc.: 0.7832 | Test Acc.: 0.7963
Epoch: 085/200   | Learning Rate 0.000810
Train Auc.: 0.9068 | Test Auc.: 0.9151
Train Loss.: 0.1324 | Test Loss.: 0.1277
Train Acc.: 0.8258 | Test Acc.: 0.8362
Epoch: 086/200   | Learning Rate 0.000810
Train Auc.: 0.8364 | Test Auc.: 0.8493
Train Loss.: 0.1982 | Test Loss.: 0.1921
Train Acc.: 0.6841 | Test Acc.: 0.6906
Epoch: 087/200   | Learning Rate 0.000810
Train Auc.: 0.8499 | Test Auc.: 0.8635
Train Loss.: 0.1727 | Test Loss.: 0.1659
Train Acc.: 0.7613 | Test Acc.: 0.7710
Epoch: 088/200   | Learning Rate 0.000810
Train Auc.: 0.9325 | Test Auc.: 0.9365
Train Loss.: 0.1865 | Test Loss.: 0.1852
Train Acc.: 0.7355 | Test Acc.: 0.7408
Epoch: 089/200   | Learning Rate 0.000810
Train Auc.: 0.8759 | Test Auc.: 0.8850
Train Loss.: 0.1500 | Test Loss.: 0.1452
Train Acc.: 0.7973 | Test Acc.: 0.8053
Epoch: 090/200   | Learning Rate 0.000810
Train Auc.: 0.9255 | Test Auc.: 0.9295
Train Loss.: 0.1837 | Test Loss.: 0.1820
Train Acc.: 0.7460 | Test Acc.: 0.7521
Epoch: 091/200   | Learning Rate 0.000810
Train Auc.: 0.9305 | Test Auc.: 0.9331
Train Loss.: 0.1468 | Test Loss.: 0.1461
Train Acc.: 0.8156 | Test Acc.: 0.8140
Epoch: 092/200   | Learning Rate 0.000810
Train Auc.: 0.8251 | Test Auc.: 0.8356
Train Loss.: 0.1902 | Test Loss.: 0.1860
Train Acc.: 0.7060 | Test Acc.: 0.7172
Epoch: 093/200   | Learning Rate 0.000810
Train Auc.: 0.9169 | Test Auc.: 0.9245
Train Loss.: 0.1275 | Test Loss.: 0.1235
Train Acc.: 0.8366 | Test Acc.: 0.8440
Epoch: 094/200   | Learning Rate 0.000810
Train Auc.: 0.8836 | Test Auc.: 0.8922
Train Loss.: 0.1532 | Test Loss.: 0.1493
Train Acc.: 0.8109 | Test Acc.: 0.8177
Epoch: 095/200   | Learning Rate 0.000810
Train Auc.: 0.9037 | Test Auc.: 0.9065
Train Loss.: 0.1383 | Test Loss.: 0.1365
Train Acc.: 0.8250 | Test Acc.: 0.8271
Epoch: 096/200   | Learning Rate 0.000810
Train Auc.: 0.8822 | Test Auc.: 0.8895
Train Loss.: 0.1532 | Test Loss.: 0.1500
Train Acc.: 0.7780 | Test Acc.: 0.7857
Epoch: 097/200   | Learning Rate 0.000810
Train Auc.: 0.8930 | Test Auc.: 0.9003
Train Loss.: 0.1600 | Test Loss.: 0.1567
Train Acc.: 0.8073 | Test Acc.: 0.8184
Epoch: 098/200   | Learning Rate 0.000810
Train Auc.: 0.8887 | Test Auc.: 0.8926
Train Loss.: 0.1450 | Test Loss.: 0.1430
Train Acc.: 0.8074 | Test Acc.: 0.8150
Epoch: 099/200   | Learning Rate 0.000810
Train Auc.: 0.9213 | Test Auc.: 0.9242
Train Loss.: 0.1401 | Test Loss.: 0.1385
Train Acc.: 0.8307 | Test Acc.: 0.8372
Epoch: 100/200   | Learning Rate 0.000810
Train Auc.: 0.7390 | Test Auc.: 0.7533
Train Loss.: 0.2149 | Test Loss.: 0.2110
Train Acc.: 0.6492 | Test Acc.: 0.6665
Epoch: 101/200   | Learning Rate 0.000729
Train Auc.: 0.7047 | Test Auc.: 0.7083
Train Loss.: 0.2498 | Test Loss.: 0.2464
Train Acc.: 0.5815 | Test Acc.: 0.5871
Epoch: 102/200   | Learning Rate 0.000729
Train Auc.: 0.9242 | Test Auc.: 0.9285
Train Loss.: 0.1403 | Test Loss.: 0.1376
Train Acc.: 0.8243 | Test Acc.: 0.8299
Epoch: 103/200   | Learning Rate 0.000729
Train Auc.: 0.9135 | Test Auc.: 0.9203
Train Loss.: 0.1412 | Test Loss.: 0.1382
Train Acc.: 0.7819 | Test Acc.: 0.7861
Epoch: 104/200   | Learning Rate 0.000729
Train Auc.: 0.9067 | Test Auc.: 0.9079
Train Loss.: 0.1432 | Test Loss.: 0.1422
Train Acc.: 0.8239 | Test Acc.: 0.8274
Epoch: 105/200   | Learning Rate 0.000729
Train Auc.: 0.9182 | Test Auc.: 0.9248
Train Loss.: 0.1519 | Test Loss.: 0.1491
Train Acc.: 0.7802 | Test Acc.: 0.7856
Epoch: 106/200   | Learning Rate 0.000729
Train Auc.: 0.9206 | Test Auc.: 0.9249
Train Loss.: 0.1540 | Test Loss.: 0.1529
Train Acc.: 0.7829 | Test Acc.: 0.7874
Epoch: 107/200   | Learning Rate 0.000729
Train Auc.: 0.9222 | Test Auc.: 0.9243
Train Loss.: 0.1473 | Test Loss.: 0.1463
Train Acc.: 0.8129 | Test Acc.: 0.8154
Epoch: 108/200   | Learning Rate 0.000729
Train Auc.: 0.8579 | Test Auc.: 0.8656
Train Loss.: 0.1668 | Test Loss.: 0.1639
Train Acc.: 0.7849 | Test Acc.: 0.7885
Epoch: 109/200   | Learning Rate 0.000729
Train Auc.: 0.9219 | Test Auc.: 0.9234
Train Loss.: 0.1314 | Test Loss.: 0.1301
Train Acc.: 0.8381 | Test Acc.: 0.8395
Epoch: 110/200   | Learning Rate 0.000729
Train Auc.: 0.9019 | Test Auc.: 0.9086
Train Loss.: 0.1359 | Test Loss.: 0.1325
Train Acc.: 0.8154 | Test Acc.: 0.8219
Epoch: 111/200   | Learning Rate 0.000729
Train Auc.: 0.8572 | Test Auc.: 0.8653
Train Loss.: 0.1986 | Test Loss.: 0.1917
Train Acc.: 0.7108 | Test Acc.: 0.7257
Epoch: 112/200   | Learning Rate 0.000729
Train Auc.: 0.7606 | Test Auc.: 0.7669
Train Loss.: 0.2215 | Test Loss.: 0.2180
Train Acc.: 0.6214 | Test Acc.: 0.6281
Epoch: 113/200   | Learning Rate 0.000729
Train Auc.: 0.9145 | Test Auc.: 0.9176
Train Loss.: 0.1258 | Test Loss.: 0.1241
Train Acc.: 0.8372 | Test Acc.: 0.8389
Epoch: 114/200   | Learning Rate 0.000729
Train Auc.: 0.9256 | Test Auc.: 0.9316
Train Loss.: 0.1250 | Test Loss.: 0.1212
Train Acc.: 0.8334 | Test Acc.: 0.8404
Epoch: 115/200   | Learning Rate 0.000729
Train Auc.: 0.9193 | Test Auc.: 0.9267
Train Loss.: 0.1214 | Test Loss.: 0.1162
Train Acc.: 0.8382 | Test Acc.: 0.8480
Epoch: 116/200   | Learning Rate 0.000729
Train Auc.: 0.9133 | Test Auc.: 0.9196
Train Loss.: 0.1257 | Test Loss.: 0.1221
Train Acc.: 0.8303 | Test Acc.: 0.8372
Epoch: 117/200   | Learning Rate 0.000729
Train Auc.: 0.9289 | Test Auc.: 0.9337
Train Loss.: 0.1177 | Test Loss.: 0.1145
Train Acc.: 0.8571 | Test Acc.: 0.8626
Epoch: 118/200   | Learning Rate 0.000729
Train Auc.: 0.8897 | Test Auc.: 0.8934
Train Loss.: 0.1627 | Test Loss.: 0.1592
Train Acc.: 0.7890 | Test Acc.: 0.7938
Epoch: 119/200   | Learning Rate 0.000729
Train Auc.: 0.8998 | Test Auc.: 0.9051
Train Loss.: 0.1385 | Test Loss.: 0.1347
Train Acc.: 0.8188 | Test Acc.: 0.8234
Epoch: 120/200   | Learning Rate 0.000729
Train Auc.: 0.9046 | Test Auc.: 0.9106
Train Loss.: 0.1323 | Test Loss.: 0.1290
Train Acc.: 0.8114 | Test Acc.: 0.8175
Epoch: 121/200   | Learning Rate 0.000729
Train Auc.: 0.9006 | Test Auc.: 0.9103
Train Loss.: 0.1426 | Test Loss.: 0.1385
Train Acc.: 0.7898 | Test Acc.: 0.7963
Epoch: 122/200   | Learning Rate 0.000729
Train Auc.: 0.9062 | Test Auc.: 0.9140
Train Loss.: 0.1377 | Test Loss.: 0.1330
Train Acc.: 0.8308 | Test Acc.: 0.8410
Epoch: 123/200   | Learning Rate 0.000729
Train Auc.: 0.9198 | Test Auc.: 0.9231
Train Loss.: 0.1215 | Test Loss.: 0.1196
Train Acc.: 0.8383 | Test Acc.: 0.8410
Epoch: 124/200   | Learning Rate 0.000729
Train Auc.: 0.9016 | Test Auc.: 0.9056
Train Loss.: 0.1616 | Test Loss.: 0.1597
Train Acc.: 0.7852 | Test Acc.: 0.7877
Epoch: 125/200   | Learning Rate 0.000729
Train Auc.: 0.9032 | Test Auc.: 0.9091
Train Loss.: 0.1412 | Test Loss.: 0.1384
Train Acc.: 0.8269 | Test Acc.: 0.8298
Epoch: 126/200   | Learning Rate 0.000729
Train Auc.: 0.8780 | Test Auc.: 0.8849
Train Loss.: 0.1507 | Test Loss.: 0.1477
Train Acc.: 0.7878 | Test Acc.: 0.7951
Epoch: 127/200   | Learning Rate 0.000729
Train Auc.: 0.9022 | Test Auc.: 0.9109
Train Loss.: 0.1479 | Test Loss.: 0.1440
Train Acc.: 0.7967 | Test Acc.: 0.8018
Epoch: 128/200   | Learning Rate 0.000729
Train Auc.: 0.8798 | Test Auc.: 0.8857
Train Loss.: 0.1480 | Test Loss.: 0.1443
Train Acc.: 0.8026 | Test Acc.: 0.8088
Epoch: 129/200   | Learning Rate 0.000729
Train Auc.: 0.9104 | Test Auc.: 0.9146
Train Loss.: 0.1627 | Test Loss.: 0.1604
Train Acc.: 0.7957 | Test Acc.: 0.7996
Epoch: 130/200   | Learning Rate 0.000729
Train Auc.: 0.8976 | Test Auc.: 0.9037
Train Loss.: 0.1479 | Test Loss.: 0.1432
Train Acc.: 0.8182 | Test Acc.: 0.8227
Epoch: 131/200   | Learning Rate 0.000729
Train Auc.: 0.8558 | Test Auc.: 0.8626
Train Loss.: 0.1931 | Test Loss.: 0.1895
Train Acc.: 0.6947 | Test Acc.: 0.7037
Epoch: 132/200   | Learning Rate 0.000729
Train Auc.: 0.9141 | Test Auc.: 0.9194
Train Loss.: 0.1273 | Test Loss.: 0.1247
Train Acc.: 0.8327 | Test Acc.: 0.8421
Epoch: 133/200   | Learning Rate 0.000729
Train Auc.: 0.9273 | Test Auc.: 0.9324
Train Loss.: 0.1743 | Test Loss.: 0.1717
Train Acc.: 0.7548 | Test Acc.: 0.7593
Epoch: 134/200   | Learning Rate 0.000729
Train Auc.: 0.9307 | Test Auc.: 0.9346
Train Loss.: 0.1182 | Test Loss.: 0.1153
Train Acc.: 0.8589 | Test Acc.: 0.8628
Epoch: 135/200   | Learning Rate 0.000729
Train Auc.: 0.9203 | Test Auc.: 0.9258
Train Loss.: 0.1256 | Test Loss.: 0.1226
Train Acc.: 0.8210 | Test Acc.: 0.8269
Epoch: 136/200   | Learning Rate 0.000729
Train Auc.: 0.9347 | Test Auc.: 0.9384
Train Loss.: 0.1115 | Test Loss.: 0.1082
Train Acc.: 0.8588 | Test Acc.: 0.8677
Epoch: 137/200   | Learning Rate 0.000729
Train Auc.: 0.9194 | Test Auc.: 0.9244
Train Loss.: 0.1280 | Test Loss.: 0.1239
Train Acc.: 0.8456 | Test Acc.: 0.8500
Epoch: 138/200   | Learning Rate 0.000729
Train Auc.: 0.9147 | Test Auc.: 0.9198
Train Loss.: 0.1258 | Test Loss.: 0.1219
Train Acc.: 0.8370 | Test Acc.: 0.8465
Epoch: 139/200   | Learning Rate 0.000729
Train Auc.: 0.8869 | Test Auc.: 0.8944
Train Loss.: 0.1609 | Test Loss.: 0.1577
Train Acc.: 0.7899 | Test Acc.: 0.7992
Epoch: 140/200   | Learning Rate 0.000729
Train Auc.: 0.9240 | Test Auc.: 0.9282
Train Loss.: 0.1198 | Test Loss.: 0.1163
Train Acc.: 0.8512 | Test Acc.: 0.8547
Epoch: 141/200   | Learning Rate 0.000729
Train Auc.: 0.8386 | Test Auc.: 0.8479
Train Loss.: 0.1983 | Test Loss.: 0.1939
Train Acc.: 0.6898 | Test Acc.: 0.6982
Epoch: 142/200   | Learning Rate 0.000729
Train Auc.: 0.8806 | Test Auc.: 0.8936
Train Loss.: 0.1548 | Test Loss.: 0.1480
Train Acc.: 0.8021 | Test Acc.: 0.8165
Epoch: 143/200   | Learning Rate 0.000729
Train Auc.: 0.8934 | Test Auc.: 0.9043
Train Loss.: 0.1445 | Test Loss.: 0.1385
Train Acc.: 0.8193 | Test Acc.: 0.8285
Epoch: 144/200   | Learning Rate 0.000729
Train Auc.: 0.9406 | Test Auc.: 0.9428
Train Loss.: 0.1460 | Test Loss.: 0.1449
Train Acc.: 0.8156 | Test Acc.: 0.8223
Epoch: 145/200   | Learning Rate 0.000729
Train Auc.: 0.8500 | Test Auc.: 0.8573
Train Loss.: 0.1659 | Test Loss.: 0.1623
Train Acc.: 0.7709 | Test Acc.: 0.7783
Epoch: 146/200   | Learning Rate 0.000729
Train Auc.: 0.9215 | Test Auc.: 0.9260
Train Loss.: 0.1288 | Test Loss.: 0.1266
Train Acc.: 0.8140 | Test Acc.: 0.8188
Epoch: 147/200   | Learning Rate 0.000729
Train Auc.: 0.8736 | Test Auc.: 0.8802
Train Loss.: 0.1552 | Test Loss.: 0.1522
Train Acc.: 0.7993 | Test Acc.: 0.8044
Epoch: 148/200   | Learning Rate 0.000729
Train Auc.: 0.9170 | Test Auc.: 0.9239
Train Loss.: 0.1505 | Test Loss.: 0.1459
Train Acc.: 0.8098 | Test Acc.: 0.8138
Epoch: 149/200   | Learning Rate 0.000729
Train Auc.: 0.9278 | Test Auc.: 0.9323
Train Loss.: 0.1775 | Test Loss.: 0.1759
Train Acc.: 0.7634 | Test Acc.: 0.7647
Epoch: 150/200   | Learning Rate 0.000729
Train Auc.: 0.9144 | Test Auc.: 0.9177
Train Loss.: 0.1398 | Test Loss.: 0.1385
Train Acc.: 0.8124 | Test Acc.: 0.8140
Epoch: 151/200   | Learning Rate 0.000729
Train Auc.: 0.9296 | Test Auc.: 0.9349
Train Loss.: 0.1239 | Test Loss.: 0.1204
Train Acc.: 0.8393 | Test Acc.: 0.8445
Epoch: 152/200   | Learning Rate 0.000729
Train Auc.: 0.7644 | Test Auc.: 0.7866
Train Loss.: 0.2171 | Test Loss.: 0.2101
Train Acc.: 0.6427 | Test Acc.: 0.6515
Epoch: 153/200   | Learning Rate 0.000729
Train Auc.: 0.9238 | Test Auc.: 0.9265
Train Loss.: 0.1276 | Test Loss.: 0.1262
Train Acc.: 0.8517 | Test Acc.: 0.8551
Epoch: 154/200   | Learning Rate 0.000729
Train Auc.: 0.8692 | Test Auc.: 0.8777
Train Loss.: 0.1754 | Test Loss.: 0.1712
Train Acc.: 0.7872 | Test Acc.: 0.7997
Epoch: 155/200   | Learning Rate 0.000729
Train Auc.: 0.9247 | Test Auc.: 0.9306
Train Loss.: 0.1166 | Test Loss.: 0.1127
Train Acc.: 0.8475 | Test Acc.: 0.8558
Epoch: 156/200   | Learning Rate 0.000729
Train Auc.: 0.9231 | Test Auc.: 0.9288
Train Loss.: 0.1254 | Test Loss.: 0.1218
Train Acc.: 0.8337 | Test Acc.: 0.8358
Epoch: 157/200   | Learning Rate 0.000729
Train Auc.: 0.9084 | Test Auc.: 0.9142
Train Loss.: 0.1364 | Test Loss.: 0.1320
Train Acc.: 0.8289 | Test Acc.: 0.8369
Epoch: 158/200   | Learning Rate 0.000729
Train Auc.: 0.9186 | Test Auc.: 0.9266
Train Loss.: 0.1279 | Test Loss.: 0.1231
Train Acc.: 0.8405 | Test Acc.: 0.8514
Epoch: 159/200   | Learning Rate 0.000729
Train Auc.: 0.9111 | Test Auc.: 0.9202
Train Loss.: 0.1442 | Test Loss.: 0.1384
Train Acc.: 0.8151 | Test Acc.: 0.8298
Epoch: 160/200   | Learning Rate 0.000729
Train Auc.: 0.9060 | Test Auc.: 0.9097
Train Loss.: 0.1421 | Test Loss.: 0.1394
Train Acc.: 0.8202 | Test Acc.: 0.8237
Epoch: 161/200   | Learning Rate 0.000729
Train Auc.: 0.9170 | Test Auc.: 0.9224
Train Loss.: 0.1230 | Test Loss.: 0.1192
Train Acc.: 0.8375 | Test Acc.: 0.8435
Epoch: 162/200   | Learning Rate 0.000729
Train Auc.: 0.8944 | Test Auc.: 0.8987
Train Loss.: 0.1424 | Test Loss.: 0.1406
Train Acc.: 0.7961 | Test Acc.: 0.8039
Epoch: 163/200   | Learning Rate 0.000729
Train Auc.: 0.9201 | Test Auc.: 0.9243
Train Loss.: 0.1244 | Test Loss.: 0.1219
Train Acc.: 0.8384 | Test Acc.: 0.8412
Epoch: 164/200   | Learning Rate 0.000729
Train Auc.: 0.9198 | Test Auc.: 0.9238
Train Loss.: 0.1340 | Test Loss.: 0.1324
Train Acc.: 0.8132 | Test Acc.: 0.8140
Epoch: 165/200   | Learning Rate 0.000729
Train Auc.: 0.8916 | Test Auc.: 0.8971
Train Loss.: 0.1498 | Test Loss.: 0.1474
Train Acc.: 0.8075 | Test Acc.: 0.8123
Epoch: 166/200   | Learning Rate 0.000729
Train Auc.: 0.8629 | Test Auc.: 0.8743
Train Loss.: 0.1588 | Test Loss.: 0.1540
Train Acc.: 0.7871 | Test Acc.: 0.8025
Epoch: 167/200   | Learning Rate 0.000729
Train Auc.: 0.9226 | Test Auc.: 0.9247
Train Loss.: 0.1296 | Test Loss.: 0.1286
Train Acc.: 0.8500 | Test Acc.: 0.8541
Epoch: 168/200   | Learning Rate 0.000729
Train Auc.: 0.9361 | Test Auc.: 0.9397
Train Loss.: 0.1494 | Test Loss.: 0.1474
Train Acc.: 0.8080 | Test Acc.: 0.8152
Epoch: 169/200   | Learning Rate 0.000729
Train Auc.: 0.9312 | Test Auc.: 0.9344
Train Loss.: 0.1355 | Test Loss.: 0.1332
Train Acc.: 0.8362 | Test Acc.: 0.8399
Epoch: 170/200   | Learning Rate 0.000729
Train Auc.: 0.8640 | Test Auc.: 0.8774
Train Loss.: 0.1692 | Test Loss.: 0.1642
Train Acc.: 0.7880 | Test Acc.: 0.8028
Epoch: 171/200   | Learning Rate 0.000729
Train Auc.: 0.9203 | Test Auc.: 0.9271
Train Loss.: 0.1218 | Test Loss.: 0.1178
Train Acc.: 0.8431 | Test Acc.: 0.8494
Epoch: 172/200   | Learning Rate 0.000729
Train Auc.: 0.9342 | Test Auc.: 0.9380
Train Loss.: 0.1219 | Test Loss.: 0.1193
Train Acc.: 0.8444 | Test Acc.: 0.8518
Epoch: 173/200   | Learning Rate 0.000729
Train Auc.: 0.8634 | Test Auc.: 0.8749
Train Loss.: 0.1817 | Test Loss.: 0.1749
Train Acc.: 0.7621 | Test Acc.: 0.7721
Epoch: 174/200   | Learning Rate 0.000729
Train Auc.: 0.8358 | Test Auc.: 0.8425
Train Loss.: 0.2120 | Test Loss.: 0.2081
Train Acc.: 0.6270 | Test Acc.: 0.6324
Epoch: 175/200   | Learning Rate 0.000729
Train Auc.: 0.8959 | Test Auc.: 0.8981
Train Loss.: 0.1565 | Test Loss.: 0.1556
Train Acc.: 0.8116 | Test Acc.: 0.8163
Epoch: 176/200   | Learning Rate 0.000729
Train Auc.: 0.8687 | Test Auc.: 0.8801
Train Loss.: 0.1756 | Test Loss.: 0.1714
Train Acc.: 0.7688 | Test Acc.: 0.7805
Epoch: 177/200   | Learning Rate 0.000729
Train Auc.: 0.9095 | Test Auc.: 0.9165
Train Loss.: 0.1385 | Test Loss.: 0.1345
Train Acc.: 0.8016 | Test Acc.: 0.8066
Epoch: 178/200   | Learning Rate 0.000729
Train Auc.: 0.9262 | Test Auc.: 0.9326
Train Loss.: 0.1268 | Test Loss.: 0.1229
Train Acc.: 0.8456 | Test Acc.: 0.8567
Epoch: 179/200   | Learning Rate 0.000729
Train Auc.: 0.9298 | Test Auc.: 0.9327
Train Loss.: 0.1204 | Test Loss.: 0.1184
Train Acc.: 0.8430 | Test Acc.: 0.8474
Epoch: 180/200   | Learning Rate 0.000729
Train Auc.: 0.9327 | Test Auc.: 0.9349
Train Loss.: 0.1392 | Test Loss.: 0.1382
Train Acc.: 0.8288 | Test Acc.: 0.8279
Epoch: 181/200   | Learning Rate 0.000729
Train Auc.: 0.9079 | Test Auc.: 0.9143
Train Loss.: 0.1396 | Test Loss.: 0.1360
Train Acc.: 0.8068 | Test Acc.: 0.8156
Epoch: 182/200   | Learning Rate 0.000729
Train Auc.: 0.9044 | Test Auc.: 0.9066
Train Loss.: 0.1460 | Test Loss.: 0.1448
Train Acc.: 0.8086 | Test Acc.: 0.8113
Epoch: 183/200   | Learning Rate 0.000729
Train Auc.: 0.9208 | Test Auc.: 0.9253
Train Loss.: 0.1225 | Test Loss.: 0.1200
Train Acc.: 0.8389 | Test Acc.: 0.8453
Epoch: 184/200   | Learning Rate 0.000729
Train Auc.: 0.7593 | Test Auc.: 0.7693
Train Loss.: 0.2182 | Test Loss.: 0.2121
Train Acc.: 0.6541 | Test Acc.: 0.6647
Epoch: 185/200   | Learning Rate 0.000729
Train Auc.: 0.8907 | Test Auc.: 0.8980
Train Loss.: 0.1578 | Test Loss.: 0.1536
Train Acc.: 0.8148 | Test Acc.: 0.8218
Epoch: 186/200   | Learning Rate 0.000729
Train Auc.: 0.9029 | Test Auc.: 0.9102
Train Loss.: 0.1532 | Test Loss.: 0.1490
Train Acc.: 0.8213 | Test Acc.: 0.8310
Epoch: 187/200   | Learning Rate 0.000729
Train Auc.: 0.8832 | Test Auc.: 0.8886
Train Loss.: 0.1640 | Test Loss.: 0.1611
Train Acc.: 0.7953 | Test Acc.: 0.8048
Epoch: 188/200   | Learning Rate 0.000729
Train Auc.: 0.9120 | Test Auc.: 0.9196
Train Loss.: 0.1334 | Test Loss.: 0.1283
Train Acc.: 0.8258 | Test Acc.: 0.8379
Epoch: 189/200   | Learning Rate 0.000729
Train Auc.: 0.9093 | Test Auc.: 0.9157
Train Loss.: 0.1344 | Test Loss.: 0.1305
Train Acc.: 0.8323 | Test Acc.: 0.8373
Epoch: 190/200   | Learning Rate 0.000729
Train Auc.: 0.8961 | Test Auc.: 0.9010
Train Loss.: 0.1437 | Test Loss.: 0.1413
Train Acc.: 0.8175 | Test Acc.: 0.8228
Epoch: 191/200   | Learning Rate 0.000729
Train Auc.: 0.9048 | Test Auc.: 0.9112
Train Loss.: 0.1346 | Test Loss.: 0.1311
Train Acc.: 0.7972 | Test Acc.: 0.8069
Epoch: 192/200   | Learning Rate 0.000729
Train Auc.: 0.9006 | Test Auc.: 0.9082
Train Loss.: 0.1388 | Test Loss.: 0.1349
Train Acc.: 0.8061 | Test Acc.: 0.8096
Epoch: 193/200   | Learning Rate 0.000729
Train Auc.: 0.9147 | Test Auc.: 0.9178
Train Loss.: 0.1328 | Test Loss.: 0.1320
Train Acc.: 0.8196 | Test Acc.: 0.8227
Epoch: 194/200   | Learning Rate 0.000729
Train Auc.: 0.8033 | Test Auc.: 0.8131
Train Loss.: 0.1864 | Test Loss.: 0.1828
Train Acc.: 0.7304 | Test Acc.: 0.7380
Epoch: 195/200   | Learning Rate 0.000729
Train Auc.: 0.9175 | Test Auc.: 0.9214
Train Loss.: 0.1338 | Test Loss.: 0.1320
Train Acc.: 0.8285 | Test Acc.: 0.8322
Epoch: 196/200   | Learning Rate 0.000729
Train Auc.: 0.9373 | Test Auc.: 0.9404
Train Loss.: 0.2232 | Test Loss.: 0.2212
Train Acc.: 0.6714 | Test Acc.: 0.6776
Epoch: 197/200   | Learning Rate 0.000729
Train Auc.: 0.8962 | Test Auc.: 0.8989
Train Loss.: 0.1405 | Test Loss.: 0.1396
Train Acc.: 0.8143 | Test Acc.: 0.8227
Epoch: 198/200   | Learning Rate 0.000729
Train Auc.: 0.9305 | Test Auc.: 0.9337
Train Loss.: 0.1252 | Test Loss.: 0.1232
Train Acc.: 0.8422 | Test Acc.: 0.8462
Epoch: 199/200   | Learning Rate 0.000729
Train Auc.: 0.9229 | Test Auc.: 0.9292
Train Loss.: 0.1243 | Test Loss.: 0.1207
Train Acc.: 0.8326 | Test Acc.: 0.8453
Epoch: 200/200   | Learning Rate 0.000729
Train Auc.: 0.9286 | Test Auc.: 0.9344
Train Loss.: 0.1197 | Test Loss.: 0.1161
Train Acc.: 0.8416 | Test Acc.: 0.8474
 | Test Auc.: 0.9428
 | Test Auprc.: 0.9371
 | Test Acc.: 0.8223
 | Test F1.: 0.8194
 | Test Recall.: 0.8231
 | Test Precision.: 0.8458
