Epoch: 001/200   | Learning Rate 0.001000
Train Auc.: 0.5622 | Test Auc.: 0.5582
Train Loss.: 0.6929
Train Acc.: 0.5539 | Test Acc.: 0.5503
Epoch: 002/200   | Learning Rate 0.001000
Train Auc.: 0.9475 | Test Auc.: 0.9466
Train Loss.: 0.5384
Train Acc.: 0.8779 | Test Acc.: 0.8752
Epoch: 046/200   | Learning Rate 0.000640
Train Auc.: 0.9451 | Test Auc.: 0.9433
Train Loss.: 0.2987
Train Acc.: 0.8761 | Test Acc.: 0.8759
Epoch: 130/200   | Learning Rate 0.000262
Train Auc.: 0.9509 | Test Auc.: 0.9487
Train Loss.: 0.2836
Train Acc.: 0.8815 | Test Acc.: 0.8782
 | Test Auc.: 0.9487
 | Test Auprc.: 0.9452
 | Test Acc.: 0.8782
 | Test F1.: 0.8782
 | Test Recall.: 0.8782
 | Test Precision.: 0.8784
