Epoch: 001/200   | Learning Rate 0.001000
Train Auc.: 0.6213 | Test Auc.: 0.6254
Train Loss.: 0.6907
Train Acc.: 0.5656 | Test Acc.: 0.5663
Epoch: 004/200   | Learning Rate 0.001000
Train Auc.: 0.9224 | Test Auc.: 0.9193
Train Loss.: 0.6047
Train Acc.: 0.6187 | Test Acc.: 0.6221
Epoch: 006/200   | Learning Rate 0.001000
Train Auc.: 0.9372 | Test Auc.: 0.9364
Train Loss.: 0.5417
Train Acc.: 0.6669 | Test Acc.: 0.6635
Epoch: 007/200   | Learning Rate 0.001000
Train Auc.: 0.9270 | Test Auc.: 0.9235
Train Loss.: 0.5734
Train Acc.: 0.8407 | Test Acc.: 0.8395
Epoch: 013/200   | Learning Rate 0.001000
Train Auc.: 0.9387 | Test Auc.: 0.9359
Train Loss.: 0.3527
Train Acc.: 0.8708 | Test Acc.: 0.8639
Epoch: 016/200   | Learning Rate 0.001000
Train Auc.: 0.9416 | Test Auc.: 0.9411
Train Loss.: 0.3788
Train Acc.: 0.8722 | Test Acc.: 0.8695
Epoch: 041/200   | Learning Rate 0.000640
Train Auc.: 0.9393 | Test Auc.: 0.9379
Train Loss.: 0.3145
Train Acc.: 0.8692 | Test Acc.: 0.8709
Epoch: 146/200   | Learning Rate 0.000210
Train Auc.: 0.9461 | Test Auc.: 0.9440
Train Loss.: 0.2966
Train Acc.: 0.8743 | Test Acc.: 0.8721
Epoch: 174/200   | Learning Rate 0.000168
Train Auc.: 0.9459 | Test Auc.: 0.9432
Train Loss.: 0.3319
Train Acc.: 0.8759 | Test Acc.: 0.8733
 | Test Auc.: 0.9432
 | Test Auprc.: 0.9407
 | Test Acc.: 0.8733
 | Test F1.: 0.8733
 | Test Recall.: 0.8733
 | Test Precision.: 0.8733
