Epoch: 001/200   | Learning Rate 0.001000
Train Auc.: 0.9035 | Test Auc.: 0.9039
Train Loss.: 0.6878
Train Acc.: 0.4995 | Test Acc.: 0.5019
Epoch: 002/200   | Learning Rate 0.001000
Train Auc.: 0.9441 | Test Auc.: 0.9436
Train Loss.: 0.5590
Train Acc.: 0.5138 | Test Acc.: 0.5164
Epoch: 003/200   | Learning Rate 0.001000
Train Auc.: 0.8309 | Test Auc.: 0.8263
Train Loss.: 0.6251
Train Acc.: 0.6612 | Test Acc.: 0.6584
Epoch: 004/200   | Learning Rate 0.001000
Train Auc.: 0.8977 | Test Auc.: 0.8913
Train Loss.: 0.5959
Train Acc.: 0.8008 | Test Acc.: 0.7984
Epoch: 007/200   | Learning Rate 0.001000
Train Auc.: 0.8701 | Test Auc.: 0.8666
Train Loss.: 0.5315
Train Acc.: 0.8267 | Test Acc.: 0.8222
Epoch: 008/200   | Learning Rate 0.001000
Train Auc.: 0.9284 | Test Auc.: 0.9247
Train Loss.: 0.4990
Train Acc.: 0.8553 | Test Acc.: 0.8472
Epoch: 021/200   | Learning Rate 0.000800
Train Auc.: 0.9325 | Test Auc.: 0.9304
Train Loss.: 0.4654
Train Acc.: 0.8655 | Test Acc.: 0.8629
Epoch: 051/200   | Learning Rate 0.000640
Train Auc.: 0.9369 | Test Auc.: 0.9350
Train Loss.: 0.3830
Train Acc.: 0.8712 | Test Acc.: 0.8673
Epoch: 089/200   | Learning Rate 0.000410
Train Auc.: 0.9454 | Test Auc.: 0.9453
Train Loss.: 0.3702
Train Acc.: 0.8711 | Test Acc.: 0.8688
Epoch: 130/200   | Learning Rate 0.000262
Train Auc.: 0.9458 | Test Auc.: 0.9442
Train Loss.: 0.3350
Train Acc.: 0.8754 | Test Acc.: 0.8724
Epoch: 134/200   | Learning Rate 0.000262
Train Auc.: 0.9453 | Test Auc.: 0.9437
Train Loss.: 0.3364
Train Acc.: 0.8755 | Test Acc.: 0.8736
Epoch: 136/200   | Learning Rate 0.000262
Train Auc.: 0.9443 | Test Auc.: 0.9444
Train Loss.: 0.3565
Train Acc.: 0.8760 | Test Acc.: 0.8754
Epoch: 198/200   | Learning Rate 0.000134
Train Auc.: 0.9496 | Test Auc.: 0.9482
Train Loss.: 0.3074
Train Acc.: 0.8785 | Test Acc.: 0.8770
 | Test Auc.: 0.9482
 | Test Auprc.: 0.9432
 | Test Acc.: 0.8770
 | Test F1.: 0.8770
 | Test Recall.: 0.8770
 | Test Precision.: 0.8771
