Epoch: 001/200   | Learning Rate 0.001000
Train Auc.: 0.2607 | Test Auc.: 0.2514
Train Loss.: 0.6981
Train Acc.: 0.4739 | Test Acc.: 0.4646
Epoch: 002/200   | Learning Rate 0.001000
Train Auc.: 0.9505 | Test Auc.: 0.9526
Train Loss.: 0.9088
Train Acc.: 0.4981 | Test Acc.: 0.5077
Epoch: 004/200   | Learning Rate 0.001000
Train Auc.: 0.9454 | Test Auc.: 0.9483
Train Loss.: 0.4281
Train Acc.: 0.8128 | Test Acc.: 0.8171
Epoch: 006/200   | Learning Rate 0.001000
Train Auc.: 0.9475 | Test Auc.: 0.9494
Train Loss.: 0.3765
Train Acc.: 0.8347 | Test Acc.: 0.8393
Epoch: 007/200   | Learning Rate 0.001000
Train Auc.: 0.9426 | Test Auc.: 0.9448
Train Loss.: 0.3095
Train Acc.: 0.8699 | Test Acc.: 0.8699
Epoch: 010/200   | Learning Rate 0.001000
Train Auc.: 0.9474 | Test Auc.: 0.9500
Train Loss.: 0.2948
Train Acc.: 0.8744 | Test Acc.: 0.8769
Epoch: 020/200   | Learning Rate 0.001000
Train Auc.: 0.9491 | Test Auc.: 0.9514
Train Loss.: 0.2912
Train Acc.: 0.8807 | Test Acc.: 0.8810
Epoch: 024/200   | Learning Rate 0.000800
Train Auc.: 0.9494 | Test Auc.: 0.9527
Train Loss.: 0.2925
Train Acc.: 0.8794 | Test Acc.: 0.8818
Epoch: 124/200   | Learning Rate 0.000262
Train Auc.: 0.9495 | Test Auc.: 0.9523
Train Loss.: 0.2899
Train Acc.: 0.8813 | Test Acc.: 0.8844
 | Test Auc.: 0.9523
 | Test Auprc.: 0.9506
 | Test Acc.: 0.8844
 | Test F1.: 0.8844
 | Test Recall.: 0.8845
 | Test Precision.: 0.8844
