Epoch: 001/200   | Learning Rate 0.001000
Train Auc.: 0.5180 | Test Auc.: 0.5294
Train Loss.: 0.6949
Train Acc.: 0.5019 | Test Acc.: 0.4923
Epoch: 002/200   | Learning Rate 0.001000
Train Auc.: 0.7426 | Test Auc.: 0.7446
Train Loss.: 0.8807
Train Acc.: 0.4981 | Test Acc.: 0.5077
Epoch: 003/200   | Learning Rate 0.001000
Train Auc.: 0.7030 | Test Auc.: 0.7066
Train Loss.: 0.6885
Train Acc.: 0.5281 | Test Acc.: 0.5240
Epoch: 013/200   | Learning Rate 0.001000
Train Auc.: 0.5832 | Test Auc.: 0.5875
Train Loss.: 0.6871
Train Acc.: 0.5598 | Test Acc.: 0.5617
Epoch: 030/200   | Learning Rate 0.000800
Train Auc.: 0.6687 | Test Auc.: 0.6629
Train Loss.: 0.6872
Train Acc.: 0.6048 | Test Acc.: 0.5958
Epoch: 037/200   | Learning Rate 0.000800
Train Auc.: 0.6474 | Test Auc.: 0.6542
Train Loss.: 0.6789
Train Acc.: 0.6175 | Test Acc.: 0.6264
Epoch: 042/200   | Learning Rate 0.000640
Train Auc.: 0.7252 | Test Auc.: 0.7296
Train Loss.: 0.6592
Train Acc.: 0.6432 | Test Acc.: 0.6411
Epoch: 048/200   | Learning Rate 0.000640
Train Auc.: 0.7112 | Test Auc.: 0.7190
Train Loss.: 0.6342
Train Acc.: 0.6499 | Test Acc.: 0.6566
Epoch: 050/200   | Learning Rate 0.000640
Train Auc.: 0.7548 | Test Auc.: 0.7695
Train Loss.: 0.6064
Train Acc.: 0.6805 | Test Acc.: 0.6925
Epoch: 137/200   | Learning Rate 0.000262
Train Auc.: 0.7540 | Test Auc.: 0.7564
Train Loss.: 0.6213
Train Acc.: 0.7063 | Test Acc.: 0.7106
 | Test Auc.: 0.7564
 | Test Auprc.: 0.7404
 | Test Acc.: 0.7106
 | Test F1.: 0.7105
 | Test Recall.: 0.7110
 | Test Precision.: 0.7114
