Epoch: 001/200   | Learning Rate 0.001000
Train Auc.: 0.5002 | Test Auc.: 0.4994
Train Loss.: 0.7248
Train Acc.: 0.5015 | Test Acc.: 0.4983
Epoch: 002/200   | Learning Rate 0.001000
Train Auc.: 0.9417 | Test Auc.: 0.9403
Train Loss.: 0.7465
Train Acc.: 0.8650 | Test Acc.: 0.8632
Epoch: 003/200   | Learning Rate 0.001000
Train Auc.: 0.9476 | Test Auc.: 0.9455
Train Loss.: 0.7036
Train Acc.: 0.8758 | Test Acc.: 0.8729
Epoch: 004/200   | Learning Rate 0.001000
Train Auc.: 0.9492 | Test Auc.: 0.9468
Train Loss.: 0.6525
Train Acc.: 0.8781 | Test Acc.: 0.8780
Epoch: 005/200   | Learning Rate 0.001000
Train Auc.: 0.9514 | Test Auc.: 0.9501
Train Loss.: 0.6087
Train Acc.: 0.8821 | Test Acc.: 0.8808
Epoch: 006/200   | Learning Rate 0.001000
Train Auc.: 0.9511 | Test Auc.: 0.9491
Train Loss.: 0.5580
Train Acc.: 0.8819 | Test Acc.: 0.8813
Epoch: 007/200   | Learning Rate 0.001000
Train Auc.: 0.9520 | Test Auc.: 0.9501
Train Loss.: 0.5290
Train Acc.: 0.8843 | Test Acc.: 0.8812
Epoch: 008/200   | Learning Rate 0.001000
Train Auc.: 0.9511 | Test Auc.: 0.9500
Train Loss.: 0.5112
Train Acc.: 0.8808 | Test Acc.: 0.8807
Epoch: 009/200   | Learning Rate 0.001000
Train Auc.: 0.9516 | Test Auc.: 0.9497
Train Loss.: 0.4868
Train Acc.: 0.8834 | Test Acc.: 0.8838
Epoch: 010/200   | Learning Rate 0.001000
Train Auc.: 0.9514 | Test Auc.: 0.9494
Train Loss.: 0.4669
Train Acc.: 0.8830 | Test Acc.: 0.8823
Epoch: 011/200   | Learning Rate 0.001000
Train Auc.: 0.9500 | Test Auc.: 0.9484
Train Loss.: 0.4582
Train Acc.: 0.8795 | Test Acc.: 0.8787
Epoch: 012/200   | Learning Rate 0.001000
Train Auc.: 0.9502 | Test Auc.: 0.9476
Train Loss.: 0.4333
Train Acc.: 0.8811 | Test Acc.: 0.8782
Epoch: 013/200   | Learning Rate 0.001000
Train Auc.: 0.9523 | Test Auc.: 0.9504
Train Loss.: 0.4034
Train Acc.: 0.8839 | Test Acc.: 0.8820
Epoch: 014/200   | Learning Rate 0.001000
Train Auc.: 0.9523 | Test Auc.: 0.9507
Train Loss.: 0.3841
Train Acc.: 0.8836 | Test Acc.: 0.8808
Epoch: 015/200   | Learning Rate 0.001000
Train Auc.: 0.9523 | Test Auc.: 0.9501
Train Loss.: 0.3646
Train Acc.: 0.8829 | Test Acc.: 0.8792
Epoch: 016/200   | Learning Rate 0.001000
Train Auc.: 0.9523 | Test Auc.: 0.9504
Train Loss.: 0.3479
Train Acc.: 0.8846 | Test Acc.: 0.8807
Epoch: 017/200   | Learning Rate 0.001000
Train Auc.: 0.9517 | Test Auc.: 0.9502
Train Loss.: 0.3336
Train Acc.: 0.8836 | Test Acc.: 0.8790
Epoch: 018/200   | Learning Rate 0.001000
Train Auc.: 0.9517 | Test Auc.: 0.9506
Train Loss.: 0.3174
Train Acc.: 0.8841 | Test Acc.: 0.8788
Epoch: 019/200   | Learning Rate 0.001000
Train Auc.: 0.9523 | Test Auc.: 0.9504
Train Loss.: 0.3026
Train Acc.: 0.8838 | Test Acc.: 0.8792
Epoch: 020/200   | Learning Rate 0.001000
Train Auc.: 0.9526 | Test Auc.: 0.9510
Train Loss.: 0.2905
Train Acc.: 0.8841 | Test Acc.: 0.8812
Epoch: 021/200   | Learning Rate 0.000800
Train Auc.: 0.9527 | Test Auc.: 0.9507
Train Loss.: 0.2832
Train Acc.: 0.8833 | Test Acc.: 0.8782
Epoch: 022/200   | Learning Rate 0.000800
Train Auc.: 0.9520 | Test Auc.: 0.9498
Train Loss.: 0.2823
Train Acc.: 0.8836 | Test Acc.: 0.8767
Epoch: 023/200   | Learning Rate 0.000800
Train Auc.: 0.9526 | Test Auc.: 0.9510
Train Loss.: 0.2807
Train Acc.: 0.8830 | Test Acc.: 0.8808
Epoch: 024/200   | Learning Rate 0.000800
Train Auc.: 0.9529 | Test Auc.: 0.9509
Train Loss.: 0.2828
Train Acc.: 0.8837 | Test Acc.: 0.8797
Epoch: 025/200   | Learning Rate 0.000800
Train Auc.: 0.9526 | Test Auc.: 0.9510
Train Loss.: 0.2887
Train Acc.: 0.8827 | Test Acc.: 0.8816
Epoch: 026/200   | Learning Rate 0.000800
Train Auc.: 0.9523 | Test Auc.: 0.9509
Train Loss.: 0.2943
Train Acc.: 0.8829 | Test Acc.: 0.8798
Epoch: 027/200   | Learning Rate 0.000800
Train Auc.: 0.9532 | Test Auc.: 0.9508
Train Loss.: 0.2973
Train Acc.: 0.8840 | Test Acc.: 0.8810
Epoch: 028/200   | Learning Rate 0.000800
Train Auc.: 0.9531 | Test Auc.: 0.9509
Train Loss.: 0.2987
Train Acc.: 0.8835 | Test Acc.: 0.8790
Epoch: 029/200   | Learning Rate 0.000800
Train Auc.: 0.9521 | Test Auc.: 0.9500
Train Loss.: 0.2992
Train Acc.: 0.8827 | Test Acc.: 0.8835
Epoch: 030/200   | Learning Rate 0.000800
Train Auc.: 0.9529 | Test Auc.: 0.9509
Train Loss.: 0.2937
Train Acc.: 0.8815 | Test Acc.: 0.8810
Epoch: 031/200   | Learning Rate 0.000800
Train Auc.: 0.9532 | Test Auc.: 0.9514
Train Loss.: 0.2885
Train Acc.: 0.8827 | Test Acc.: 0.8823
Epoch: 032/200   | Learning Rate 0.000800
Train Auc.: 0.9533 | Test Auc.: 0.9515
Train Loss.: 0.2847
Train Acc.: 0.8818 | Test Acc.: 0.8797
Epoch: 033/200   | Learning Rate 0.000800
Train Auc.: 0.9529 | Test Auc.: 0.9508
Train Loss.: 0.2823
Train Acc.: 0.8809 | Test Acc.: 0.8802
Epoch: 034/200   | Learning Rate 0.000800
Train Auc.: 0.9534 | Test Auc.: 0.9518
Train Loss.: 0.2794
Train Acc.: 0.8808 | Test Acc.: 0.8798
Epoch: 035/200   | Learning Rate 0.000800
Train Auc.: 0.9531 | Test Auc.: 0.9519
Train Loss.: 0.2794
Train Acc.: 0.8820 | Test Acc.: 0.8803
Epoch: 036/200   | Learning Rate 0.000800
Train Auc.: 0.9532 | Test Auc.: 0.9512
Train Loss.: 0.2789
Train Acc.: 0.8818 | Test Acc.: 0.8793
Epoch: 037/200   | Learning Rate 0.000800
Train Auc.: 0.9534 | Test Auc.: 0.9516
Train Loss.: 0.2783
Train Acc.: 0.8824 | Test Acc.: 0.8800
Epoch: 038/200   | Learning Rate 0.000800
Train Auc.: 0.9536 | Test Auc.: 0.9516
Train Loss.: 0.2783
Train Acc.: 0.8838 | Test Acc.: 0.8836
Epoch: 039/200   | Learning Rate 0.000800
Train Auc.: 0.9536 | Test Auc.: 0.9518
Train Loss.: 0.2785
Train Acc.: 0.8854 | Test Acc.: 0.8807
Epoch: 040/200   | Learning Rate 0.000800
Train Auc.: 0.9538 | Test Auc.: 0.9519
Train Loss.: 0.2782
Train Acc.: 0.8858 | Test Acc.: 0.8821
Epoch: 041/200   | Learning Rate 0.000640
Train Auc.: 0.9539 | Test Auc.: 0.9520
Train Loss.: 0.2785
Train Acc.: 0.8844 | Test Acc.: 0.8846
Epoch: 042/200   | Learning Rate 0.000640
Train Auc.: 0.9534 | Test Auc.: 0.9516
Train Loss.: 0.2802
Train Acc.: 0.8865 | Test Acc.: 0.8838
Epoch: 043/200   | Learning Rate 0.000640
Train Auc.: 0.9536 | Test Auc.: 0.9516
Train Loss.: 0.2796
Train Acc.: 0.8846 | Test Acc.: 0.8818
Epoch: 044/200   | Learning Rate 0.000640
Train Auc.: 0.9537 | Test Auc.: 0.9518
Train Loss.: 0.2796
Train Acc.: 0.8859 | Test Acc.: 0.8823
Epoch: 045/200   | Learning Rate 0.000640
Train Auc.: 0.9537 | Test Auc.: 0.9517
Train Loss.: 0.2790
Train Acc.: 0.8862 | Test Acc.: 0.8835
Epoch: 046/200   | Learning Rate 0.000640
Train Auc.: 0.9538 | Test Auc.: 0.9521
Train Loss.: 0.2785
Train Acc.: 0.8874 | Test Acc.: 0.8825
Epoch: 047/200   | Learning Rate 0.000640
Train Auc.: 0.9540 | Test Auc.: 0.9521
Train Loss.: 0.2774
Train Acc.: 0.8857 | Test Acc.: 0.8831
Epoch: 048/200   | Learning Rate 0.000640
Train Auc.: 0.9536 | Test Auc.: 0.9519
Train Loss.: 0.2778
Train Acc.: 0.8862 | Test Acc.: 0.8826
Epoch: 049/200   | Learning Rate 0.000640
Train Auc.: 0.9537 | Test Auc.: 0.9521
Train Loss.: 0.2773
Train Acc.: 0.8859 | Test Acc.: 0.8833
Epoch: 050/200   | Learning Rate 0.000640
Train Auc.: 0.9544 | Test Auc.: 0.9527
Train Loss.: 0.2750
Train Acc.: 0.8868 | Test Acc.: 0.8848
Epoch: 051/200   | Learning Rate 0.000640
Train Auc.: 0.9546 | Test Auc.: 0.9528
Train Loss.: 0.2741
Train Acc.: 0.8869 | Test Acc.: 0.8844
Epoch: 052/200   | Learning Rate 0.000640
Train Auc.: 0.9545 | Test Auc.: 0.9524
Train Loss.: 0.2743
Train Acc.: 0.8872 | Test Acc.: 0.8848
Epoch: 053/200   | Learning Rate 0.000640
Train Auc.: 0.9546 | Test Auc.: 0.9527
Train Loss.: 0.2737
Train Acc.: 0.8881 | Test Acc.: 0.8833
Epoch: 054/200   | Learning Rate 0.000640
Train Auc.: 0.9544 | Test Auc.: 0.9524
Train Loss.: 0.2741
Train Acc.: 0.8876 | Test Acc.: 0.8849
Epoch: 055/200   | Learning Rate 0.000640
Train Auc.: 0.9548 | Test Auc.: 0.9533
Train Loss.: 0.2731
Train Acc.: 0.8874 | Test Acc.: 0.8836
Epoch: 056/200   | Learning Rate 0.000640
Train Auc.: 0.9548 | Test Auc.: 0.9529
Train Loss.: 0.2731
Train Acc.: 0.8875 | Test Acc.: 0.8848
Epoch: 057/200   | Learning Rate 0.000640
Train Auc.: 0.9550 | Test Auc.: 0.9531
Train Loss.: 0.2723
Train Acc.: 0.8884 | Test Acc.: 0.8831
Epoch: 058/200   | Learning Rate 0.000640
Train Auc.: 0.9550 | Test Auc.: 0.9534
Train Loss.: 0.2725
Train Acc.: 0.8876 | Test Acc.: 0.8848
Epoch: 059/200   | Learning Rate 0.000640
Train Auc.: 0.9554 | Test Auc.: 0.9534
Train Loss.: 0.2714
Train Acc.: 0.8880 | Test Acc.: 0.8835
Epoch: 060/200   | Learning Rate 0.000640
Train Auc.: 0.9555 | Test Auc.: 0.9535
Train Loss.: 0.2710
Train Acc.: 0.8887 | Test Acc.: 0.8851
Epoch: 061/200   | Learning Rate 0.000512
Train Auc.: 0.9553 | Test Auc.: 0.9534
Train Loss.: 0.2718
Train Acc.: 0.8882 | Test Acc.: 0.8851
Epoch: 062/200   | Learning Rate 0.000512
Train Auc.: 0.9554 | Test Auc.: 0.9533
Train Loss.: 0.2714
Train Acc.: 0.8883 | Test Acc.: 0.8835
Epoch: 063/200   | Learning Rate 0.000512
Train Auc.: 0.9556 | Test Auc.: 0.9537
Train Loss.: 0.2707
Train Acc.: 0.8890 | Test Acc.: 0.8844
Epoch: 064/200   | Learning Rate 0.000512
Train Auc.: 0.9554 | Test Auc.: 0.9536
Train Loss.: 0.2713
Train Acc.: 0.8887 | Test Acc.: 0.8846
Epoch: 065/200   | Learning Rate 0.000512
Train Auc.: 0.9556 | Test Auc.: 0.9533
Train Loss.: 0.2705
Train Acc.: 0.8886 | Test Acc.: 0.8823
Epoch: 066/200   | Learning Rate 0.000512
Train Auc.: 0.9556 | Test Auc.: 0.9538
Train Loss.: 0.2705
Train Acc.: 0.8884 | Test Acc.: 0.8835
Epoch: 067/200   | Learning Rate 0.000512
Train Auc.: 0.9560 | Test Auc.: 0.9537
Train Loss.: 0.2692
Train Acc.: 0.8902 | Test Acc.: 0.8833
Epoch: 068/200   | Learning Rate 0.000512
Train Auc.: 0.9561 | Test Auc.: 0.9538
Train Loss.: 0.2690
Train Acc.: 0.8893 | Test Acc.: 0.8844
Epoch: 069/200   | Learning Rate 0.000512
Train Auc.: 0.9562 | Test Auc.: 0.9539
Train Loss.: 0.2686
Train Acc.: 0.8900 | Test Acc.: 0.8846
Epoch: 070/200   | Learning Rate 0.000512
Train Auc.: 0.9563 | Test Auc.: 0.9541
Train Loss.: 0.2682
Train Acc.: 0.8898 | Test Acc.: 0.8851
Epoch: 071/200   | Learning Rate 0.000512
Train Auc.: 0.9563 | Test Auc.: 0.9540
Train Loss.: 0.2681
Train Acc.: 0.8888 | Test Acc.: 0.8853
Epoch: 072/200   | Learning Rate 0.000512
Train Auc.: 0.9565 | Test Auc.: 0.9541
Train Loss.: 0.2675
Train Acc.: 0.8906 | Test Acc.: 0.8848
Epoch: 073/200   | Learning Rate 0.000512
Train Auc.: 0.9565 | Test Auc.: 0.9542
Train Loss.: 0.2673
Train Acc.: 0.8905 | Test Acc.: 0.8843
Epoch: 074/200   | Learning Rate 0.000512
Train Auc.: 0.9564 | Test Auc.: 0.9543
Train Loss.: 0.2675
Train Acc.: 0.8897 | Test Acc.: 0.8861
Epoch: 075/200   | Learning Rate 0.000512
Train Auc.: 0.9567 | Test Auc.: 0.9543
Train Loss.: 0.2666
Train Acc.: 0.8907 | Test Acc.: 0.8859
Epoch: 076/200   | Learning Rate 0.000512
Train Auc.: 0.9568 | Test Auc.: 0.9541
Train Loss.: 0.2664
Train Acc.: 0.8898 | Test Acc.: 0.8861
Epoch: 077/200   | Learning Rate 0.000512
Train Auc.: 0.9567 | Test Auc.: 0.9543
Train Loss.: 0.2666
Train Acc.: 0.8906 | Test Acc.: 0.8858
Epoch: 078/200   | Learning Rate 0.000512
Train Auc.: 0.9569 | Test Auc.: 0.9545
Train Loss.: 0.2661
Train Acc.: 0.8899 | Test Acc.: 0.8856
Epoch: 079/200   | Learning Rate 0.000512
Train Auc.: 0.9571 | Test Auc.: 0.9546
Train Loss.: 0.2656
Train Acc.: 0.8904 | Test Acc.: 0.8853
Epoch: 080/200   | Learning Rate 0.000512
Train Auc.: 0.9573 | Test Auc.: 0.9547
Train Loss.: 0.2650
Train Acc.: 0.8916 | Test Acc.: 0.8861
Epoch: 081/200   | Learning Rate 0.000410
Train Auc.: 0.9571 | Test Auc.: 0.9543
Train Loss.: 0.2652
Train Acc.: 0.8908 | Test Acc.: 0.8861
Epoch: 082/200   | Learning Rate 0.000410
Train Auc.: 0.9571 | Test Auc.: 0.9544
Train Loss.: 0.2655
Train Acc.: 0.8910 | Test Acc.: 0.8846
Epoch: 083/200   | Learning Rate 0.000410
Train Auc.: 0.9572 | Test Auc.: 0.9545
Train Loss.: 0.2648
Train Acc.: 0.8905 | Test Acc.: 0.8863
Epoch: 084/200   | Learning Rate 0.000410
Train Auc.: 0.9574 | Test Auc.: 0.9543
Train Loss.: 0.2642
Train Acc.: 0.8920 | Test Acc.: 0.8863
Epoch: 085/200   | Learning Rate 0.000410
Train Auc.: 0.9574 | Test Auc.: 0.9549
Train Loss.: 0.2642
Train Acc.: 0.8919 | Test Acc.: 0.8846
Epoch: 086/200   | Learning Rate 0.000410
Train Auc.: 0.9576 | Test Auc.: 0.9547
Train Loss.: 0.2637
Train Acc.: 0.8921 | Test Acc.: 0.8848
Epoch: 087/200   | Learning Rate 0.000410
Train Auc.: 0.9578 | Test Auc.: 0.9551
Train Loss.: 0.2631
Train Acc.: 0.8919 | Test Acc.: 0.8874
Epoch: 088/200   | Learning Rate 0.000410
Train Auc.: 0.9578 | Test Auc.: 0.9547
Train Loss.: 0.2631
Train Acc.: 0.8925 | Test Acc.: 0.8843
Epoch: 089/200   | Learning Rate 0.000410
Train Auc.: 0.9580 | Test Auc.: 0.9547
Train Loss.: 0.2625
Train Acc.: 0.8914 | Test Acc.: 0.8835
Epoch: 090/200   | Learning Rate 0.000410
Train Auc.: 0.9580 | Test Auc.: 0.9548
Train Loss.: 0.2625
Train Acc.: 0.8916 | Test Acc.: 0.8848
Epoch: 091/200   | Learning Rate 0.000410
Train Auc.: 0.9580 | Test Auc.: 0.9549
Train Loss.: 0.2624
Train Acc.: 0.8921 | Test Acc.: 0.8848
Epoch: 092/200   | Learning Rate 0.000410
Train Auc.: 0.9580 | Test Auc.: 0.9548
Train Loss.: 0.2626
Train Acc.: 0.8915 | Test Acc.: 0.8861
Epoch: 093/200   | Learning Rate 0.000410
Train Auc.: 0.9584 | Test Auc.: 0.9552
Train Loss.: 0.2614
Train Acc.: 0.8932 | Test Acc.: 0.8853
Epoch: 094/200   | Learning Rate 0.000410
Train Auc.: 0.9583 | Test Auc.: 0.9550
Train Loss.: 0.2617
Train Acc.: 0.8917 | Test Acc.: 0.8840
Epoch: 095/200   | Learning Rate 0.000410
Train Auc.: 0.9587 | Test Auc.: 0.9555
Train Loss.: 0.2605
Train Acc.: 0.8928 | Test Acc.: 0.8866
Epoch: 096/200   | Learning Rate 0.000410
Train Auc.: 0.9583 | Test Auc.: 0.9552
Train Loss.: 0.2615
Train Acc.: 0.8923 | Test Acc.: 0.8871
Epoch: 097/200   | Learning Rate 0.000410
Train Auc.: 0.9586 | Test Auc.: 0.9552
Train Loss.: 0.2607
Train Acc.: 0.8928 | Test Acc.: 0.8858
Epoch: 098/200   | Learning Rate 0.000410
Train Auc.: 0.9588 | Test Auc.: 0.9554
Train Loss.: 0.2602
Train Acc.: 0.8928 | Test Acc.: 0.8866
Epoch: 099/200   | Learning Rate 0.000410
Train Auc.: 0.9588 | Test Auc.: 0.9558
Train Loss.: 0.2600
Train Acc.: 0.8925 | Test Acc.: 0.8859
Epoch: 100/200   | Learning Rate 0.000410
Train Auc.: 0.9589 | Test Auc.: 0.9555
Train Loss.: 0.2595
Train Acc.: 0.8930 | Test Acc.: 0.8846
Epoch: 101/200   | Learning Rate 0.000328
Train Auc.: 0.9589 | Test Auc.: 0.9551
Train Loss.: 0.2596
Train Acc.: 0.8917 | Test Acc.: 0.8849
Epoch: 102/200   | Learning Rate 0.000328
Train Auc.: 0.9589 | Test Auc.: 0.9559
Train Loss.: 0.2596
Train Acc.: 0.8930 | Test Acc.: 0.8853
Epoch: 103/200   | Learning Rate 0.000328
Train Auc.: 0.9592 | Test Auc.: 0.9558
Train Loss.: 0.2587
Train Acc.: 0.8937 | Test Acc.: 0.8849
Epoch: 104/200   | Learning Rate 0.000328
Train Auc.: 0.9590 | Test Auc.: 0.9556
Train Loss.: 0.2593
Train Acc.: 0.8924 | Test Acc.: 0.8874
Epoch: 105/200   | Learning Rate 0.000328
Train Auc.: 0.9592 | Test Auc.: 0.9554
Train Loss.: 0.2585
Train Acc.: 0.8936 | Test Acc.: 0.8866
Epoch: 106/200   | Learning Rate 0.000328
Train Auc.: 0.9592 | Test Auc.: 0.9557
Train Loss.: 0.2587
Train Acc.: 0.8939 | Test Acc.: 0.8848
Epoch: 107/200   | Learning Rate 0.000328
Train Auc.: 0.9594 | Test Auc.: 0.9555
Train Loss.: 0.2582
Train Acc.: 0.8948 | Test Acc.: 0.8861
Epoch: 108/200   | Learning Rate 0.000328
Train Auc.: 0.9594 | Test Auc.: 0.9552
Train Loss.: 0.2586
Train Acc.: 0.8931 | Test Acc.: 0.8846
Epoch: 109/200   | Learning Rate 0.000328
Train Auc.: 0.9595 | Test Auc.: 0.9554
Train Loss.: 0.2579
Train Acc.: 0.8934 | Test Acc.: 0.8856
Epoch: 110/200   | Learning Rate 0.000328
Train Auc.: 0.9594 | Test Auc.: 0.9559
Train Loss.: 0.2580
Train Acc.: 0.8930 | Test Acc.: 0.8858
Epoch: 111/200   | Learning Rate 0.000328
Train Auc.: 0.9596 | Test Auc.: 0.9558
Train Loss.: 0.2573
Train Acc.: 0.8930 | Test Acc.: 0.8866
Epoch: 112/200   | Learning Rate 0.000328
Train Auc.: 0.9597 | Test Auc.: 0.9558
Train Loss.: 0.2574
Train Acc.: 0.8936 | Test Acc.: 0.8879
Epoch: 113/200   | Learning Rate 0.000328
Train Auc.: 0.9597 | Test Auc.: 0.9559
Train Loss.: 0.2569
Train Acc.: 0.8934 | Test Acc.: 0.8854
Epoch: 114/200   | Learning Rate 0.000328
Train Auc.: 0.9599 | Test Auc.: 0.9558
Train Loss.: 0.2563
Train Acc.: 0.8945 | Test Acc.: 0.8854
Epoch: 115/200   | Learning Rate 0.000328
Train Auc.: 0.9598 | Test Auc.: 0.9559
Train Loss.: 0.2568
Train Acc.: 0.8940 | Test Acc.: 0.8877
Epoch: 116/200   | Learning Rate 0.000328
Train Auc.: 0.9599 | Test Auc.: 0.9555
Train Loss.: 0.2567
Train Acc.: 0.8943 | Test Acc.: 0.8843
Epoch: 117/200   | Learning Rate 0.000328
Train Auc.: 0.9602 | Test Auc.: 0.9560
Train Loss.: 0.2558
Train Acc.: 0.8949 | Test Acc.: 0.8851
Epoch: 118/200   | Learning Rate 0.000328
Train Auc.: 0.9601 | Test Auc.: 0.9561
Train Loss.: 0.2557
Train Acc.: 0.8945 | Test Acc.: 0.8864
Epoch: 119/200   | Learning Rate 0.000328
Train Auc.: 0.9601 | Test Auc.: 0.9559
Train Loss.: 0.2559
Train Acc.: 0.8941 | Test Acc.: 0.8859
Epoch: 120/200   | Learning Rate 0.000328
Train Auc.: 0.9602 | Test Auc.: 0.9561
Train Loss.: 0.2555
Train Acc.: 0.8945 | Test Acc.: 0.8843
Epoch: 121/200   | Learning Rate 0.000262
Train Auc.: 0.9603 | Test Auc.: 0.9561
Train Loss.: 0.2552
Train Acc.: 0.8951 | Test Acc.: 0.8866
Epoch: 122/200   | Learning Rate 0.000262
Train Auc.: 0.9602 | Test Auc.: 0.9558
Train Loss.: 0.2555
Train Acc.: 0.8945 | Test Acc.: 0.8874
Epoch: 123/200   | Learning Rate 0.000262
Train Auc.: 0.9604 | Test Auc.: 0.9555
Train Loss.: 0.2549
Train Acc.: 0.8945 | Test Acc.: 0.8859
Epoch: 124/200   | Learning Rate 0.000262
Train Auc.: 0.9605 | Test Auc.: 0.9557
Train Loss.: 0.2548
Train Acc.: 0.8947 | Test Acc.: 0.8828
Epoch: 125/200   | Learning Rate 0.000262
Train Auc.: 0.9605 | Test Auc.: 0.9560
Train Loss.: 0.2544
Train Acc.: 0.8954 | Test Acc.: 0.8849
Epoch: 126/200   | Learning Rate 0.000262
Train Auc.: 0.9607 | Test Auc.: 0.9563
Train Loss.: 0.2542
Train Acc.: 0.8948 | Test Acc.: 0.8853
Epoch: 127/200   | Learning Rate 0.000262
Train Auc.: 0.9606 | Test Auc.: 0.9557
Train Loss.: 0.2540
Train Acc.: 0.8946 | Test Acc.: 0.8863
Epoch: 128/200   | Learning Rate 0.000262
Train Auc.: 0.9607 | Test Auc.: 0.9561
Train Loss.: 0.2541
Train Acc.: 0.8949 | Test Acc.: 0.8866
Epoch: 129/200   | Learning Rate 0.000262
Train Auc.: 0.9609 | Test Auc.: 0.9558
Train Loss.: 0.2534
Train Acc.: 0.8952 | Test Acc.: 0.8853
Epoch: 130/200   | Learning Rate 0.000262
Train Auc.: 0.9608 | Test Auc.: 0.9565
Train Loss.: 0.2538
Train Acc.: 0.8944 | Test Acc.: 0.8872
Epoch: 131/200   | Learning Rate 0.000262
Train Auc.: 0.9608 | Test Auc.: 0.9559
Train Loss.: 0.2537
Train Acc.: 0.8948 | Test Acc.: 0.8848
Epoch: 132/200   | Learning Rate 0.000262
Train Auc.: 0.9609 | Test Auc.: 0.9561
Train Loss.: 0.2533
Train Acc.: 0.8952 | Test Acc.: 0.8854
Epoch: 133/200   | Learning Rate 0.000262
Train Auc.: 0.9609 | Test Auc.: 0.9557
Train Loss.: 0.2533
Train Acc.: 0.8960 | Test Acc.: 0.8841
Epoch: 134/200   | Learning Rate 0.000262
Train Auc.: 0.9609 | Test Auc.: 0.9555
Train Loss.: 0.2532
Train Acc.: 0.8937 | Test Acc.: 0.8846
Epoch: 135/200   | Learning Rate 0.000262
Train Auc.: 0.9611 | Test Auc.: 0.9560
Train Loss.: 0.2526
Train Acc.: 0.8956 | Test Acc.: 0.8867
Epoch: 136/200   | Learning Rate 0.000262
Train Auc.: 0.9610 | Test Auc.: 0.9560
Train Loss.: 0.2529
Train Acc.: 0.8960 | Test Acc.: 0.8843
Epoch: 137/200   | Learning Rate 0.000262
Train Auc.: 0.9612 | Test Auc.: 0.9561
Train Loss.: 0.2525
Train Acc.: 0.8965 | Test Acc.: 0.8844
Epoch: 138/200   | Learning Rate 0.000262
Train Auc.: 0.9612 | Test Auc.: 0.9558
Train Loss.: 0.2525
Train Acc.: 0.8950 | Test Acc.: 0.8843
Epoch: 139/200   | Learning Rate 0.000262
Train Auc.: 0.9612 | Test Auc.: 0.9560
Train Loss.: 0.2521
Train Acc.: 0.8957 | Test Acc.: 0.8867
Epoch: 140/200   | Learning Rate 0.000262
Train Auc.: 0.9613 | Test Auc.: 0.9562
Train Loss.: 0.2521
Train Acc.: 0.8963 | Test Acc.: 0.8866
Epoch: 141/200   | Learning Rate 0.000210
Train Auc.: 0.9614 | Test Auc.: 0.9559
Train Loss.: 0.2522
Train Acc.: 0.8959 | Test Acc.: 0.8861
Epoch: 142/200   | Learning Rate 0.000210
Train Auc.: 0.9613 | Test Auc.: 0.9560
Train Loss.: 0.2520
Train Acc.: 0.8962 | Test Acc.: 0.8851
Epoch: 143/200   | Learning Rate 0.000210
Train Auc.: 0.9614 | Test Auc.: 0.9565
Train Loss.: 0.2517
Train Acc.: 0.8963 | Test Acc.: 0.8854
Epoch: 144/200   | Learning Rate 0.000210
Train Auc.: 0.9613 | Test Auc.: 0.9561
Train Loss.: 0.2520
Train Acc.: 0.8950 | Test Acc.: 0.8858
Epoch: 145/200   | Learning Rate 0.000210
Train Auc.: 0.9615 | Test Auc.: 0.9567
Train Loss.: 0.2512
Train Acc.: 0.8968 | Test Acc.: 0.8853
Epoch: 146/200   | Learning Rate 0.000210
Train Auc.: 0.9614 | Test Auc.: 0.9562
Train Loss.: 0.2517
Train Acc.: 0.8974 | Test Acc.: 0.8856
Epoch: 147/200   | Learning Rate 0.000210
Train Auc.: 0.9618 | Test Auc.: 0.9564
Train Loss.: 0.2506
Train Acc.: 0.8961 | Test Acc.: 0.8854
Epoch: 148/200   | Learning Rate 0.000210
Train Auc.: 0.9617 | Test Auc.: 0.9564
Train Loss.: 0.2511
Train Acc.: 0.8957 | Test Acc.: 0.8858
Epoch: 149/200   | Learning Rate 0.000210
Train Auc.: 0.9615 | Test Auc.: 0.9563
Train Loss.: 0.2512
Train Acc.: 0.8959 | Test Acc.: 0.8858
Epoch: 150/200   | Learning Rate 0.000210
Train Auc.: 0.9617 | Test Auc.: 0.9564
Train Loss.: 0.2510
Train Acc.: 0.8956 | Test Acc.: 0.8853
Epoch: 151/200   | Learning Rate 0.000210
Train Auc.: 0.9620 | Test Auc.: 0.9562
Train Loss.: 0.2499
Train Acc.: 0.8975 | Test Acc.: 0.8864
Epoch: 152/200   | Learning Rate 0.000210
Train Auc.: 0.9622 | Test Auc.: 0.9567
Train Loss.: 0.2496
Train Acc.: 0.8959 | Test Acc.: 0.8872
Epoch: 153/200   | Learning Rate 0.000210
Train Auc.: 0.9619 | Test Auc.: 0.9563
Train Loss.: 0.2499
Train Acc.: 0.8979 | Test Acc.: 0.8864
Epoch: 154/200   | Learning Rate 0.000210
Train Auc.: 0.9619 | Test Auc.: 0.9564
Train Loss.: 0.2501
Train Acc.: 0.8981 | Test Acc.: 0.8840
Epoch: 155/200   | Learning Rate 0.000210
Train Auc.: 0.9622 | Test Auc.: 0.9568
Train Loss.: 0.2493
Train Acc.: 0.8976 | Test Acc.: 0.8863
Epoch: 156/200   | Learning Rate 0.000210
Train Auc.: 0.9620 | Test Auc.: 0.9563
Train Loss.: 0.2498
Train Acc.: 0.8963 | Test Acc.: 0.8854
Epoch: 157/200   | Learning Rate 0.000210
Train Auc.: 0.9623 | Test Auc.: 0.9565
Train Loss.: 0.2489
Train Acc.: 0.8968 | Test Acc.: 0.8841
Epoch: 158/200   | Learning Rate 0.000210
Train Auc.: 0.9619 | Test Auc.: 0.9563
Train Loss.: 0.2501
Train Acc.: 0.8974 | Test Acc.: 0.8841
Epoch: 159/200   | Learning Rate 0.000210
Train Auc.: 0.9624 | Test Auc.: 0.9565
Train Loss.: 0.2489
Train Acc.: 0.8970 | Test Acc.: 0.8859
Epoch: 160/200   | Learning Rate 0.000210
Train Auc.: 0.9623 | Test Auc.: 0.9565
Train Loss.: 0.2491
Train Acc.: 0.8969 | Test Acc.: 0.8841
Epoch: 161/200   | Learning Rate 0.000168
Train Auc.: 0.9623 | Test Auc.: 0.9566
Train Loss.: 0.2488
Train Acc.: 0.8974 | Test Acc.: 0.8863
Epoch: 162/200   | Learning Rate 0.000168
Train Auc.: 0.9622 | Test Auc.: 0.9563
Train Loss.: 0.2494
Train Acc.: 0.8975 | Test Acc.: 0.8864
Epoch: 163/200   | Learning Rate 0.000168
Train Auc.: 0.9624 | Test Auc.: 0.9566
Train Loss.: 0.2486
Train Acc.: 0.8967 | Test Acc.: 0.8858
Epoch: 164/200   | Learning Rate 0.000168
Train Auc.: 0.9623 | Test Auc.: 0.9562
Train Loss.: 0.2489
Train Acc.: 0.8971 | Test Acc.: 0.8854
Epoch: 165/200   | Learning Rate 0.000168
Train Auc.: 0.9624 | Test Auc.: 0.9564
Train Loss.: 0.2486
Train Acc.: 0.8983 | Test Acc.: 0.8863
Epoch: 166/200   | Learning Rate 0.000168
Train Auc.: 0.9624 | Test Auc.: 0.9561
Train Loss.: 0.2486
Train Acc.: 0.8973 | Test Acc.: 0.8858
Epoch: 167/200   | Learning Rate 0.000168
Train Auc.: 0.9624 | Test Auc.: 0.9561
Train Loss.: 0.2485
Train Acc.: 0.8975 | Test Acc.: 0.8863
Epoch: 168/200   | Learning Rate 0.000168
Train Auc.: 0.9626 | Test Auc.: 0.9560
Train Loss.: 0.2481
Train Acc.: 0.8972 | Test Acc.: 0.8843
Epoch: 169/200   | Learning Rate 0.000168
Train Auc.: 0.9626 | Test Auc.: 0.9568
Train Loss.: 0.2479
Train Acc.: 0.8982 | Test Acc.: 0.8848
Epoch: 170/200   | Learning Rate 0.000168
Train Auc.: 0.9626 | Test Auc.: 0.9564
Train Loss.: 0.2481
Train Acc.: 0.8965 | Test Acc.: 0.8861
Epoch: 171/200   | Learning Rate 0.000168
Train Auc.: 0.9627 | Test Auc.: 0.9567
Train Loss.: 0.2474
Train Acc.: 0.8977 | Test Acc.: 0.8853
Epoch: 172/200   | Learning Rate 0.000168
Train Auc.: 0.9629 | Test Auc.: 0.9564
Train Loss.: 0.2471
Train Acc.: 0.8977 | Test Acc.: 0.8851
Epoch: 173/200   | Learning Rate 0.000168
Train Auc.: 0.9628 | Test Auc.: 0.9565
Train Loss.: 0.2474
Train Acc.: 0.8978 | Test Acc.: 0.8848
Epoch: 174/200   | Learning Rate 0.000168
Train Auc.: 0.9629 | Test Auc.: 0.9571
Train Loss.: 0.2471
Train Acc.: 0.8979 | Test Acc.: 0.8851
Epoch: 175/200   | Learning Rate 0.000168
Train Auc.: 0.9628 | Test Auc.: 0.9567
Train Loss.: 0.2473
Train Acc.: 0.8983 | Test Acc.: 0.8848
Epoch: 176/200   | Learning Rate 0.000168
Train Auc.: 0.9629 | Test Auc.: 0.9569
Train Loss.: 0.2472
Train Acc.: 0.8977 | Test Acc.: 0.8856
Epoch: 177/200   | Learning Rate 0.000168
Train Auc.: 0.9629 | Test Auc.: 0.9566
Train Loss.: 0.2473
Train Acc.: 0.8978 | Test Acc.: 0.8858
Epoch: 178/200   | Learning Rate 0.000168
Train Auc.: 0.9630 | Test Auc.: 0.9564
Train Loss.: 0.2468
Train Acc.: 0.8986 | Test Acc.: 0.8866
Epoch: 179/200   | Learning Rate 0.000168
Train Auc.: 0.9629 | Test Auc.: 0.9566
Train Loss.: 0.2468
Train Acc.: 0.8970 | Test Acc.: 0.8853
Epoch: 180/200   | Learning Rate 0.000168
Train Auc.: 0.9630 | Test Auc.: 0.9561
Train Loss.: 0.2468
Train Acc.: 0.8979 | Test Acc.: 0.8820
Epoch: 181/200   | Learning Rate 0.000134
Train Auc.: 0.9631 | Test Auc.: 0.9562
Train Loss.: 0.2465
Train Acc.: 0.8978 | Test Acc.: 0.8835
Epoch: 182/200   | Learning Rate 0.000134
Train Auc.: 0.9633 | Test Auc.: 0.9564
Train Loss.: 0.2459
Train Acc.: 0.8983 | Test Acc.: 0.8848
Epoch: 183/200   | Learning Rate 0.000134
Train Auc.: 0.9631 | Test Auc.: 0.9562
Train Loss.: 0.2461
Train Acc.: 0.8983 | Test Acc.: 0.8856
Epoch: 184/200   | Learning Rate 0.000134
Train Auc.: 0.9631 | Test Auc.: 0.9562
Train Loss.: 0.2462
Train Acc.: 0.8977 | Test Acc.: 0.8864
Epoch: 185/200   | Learning Rate 0.000134
Train Auc.: 0.9633 | Test Auc.: 0.9565
Train Loss.: 0.2461
Train Acc.: 0.8985 | Test Acc.: 0.8854
Epoch: 186/200   | Learning Rate 0.000134
Train Auc.: 0.9633 | Test Auc.: 0.9563
Train Loss.: 0.2460
Train Acc.: 0.8987 | Test Acc.: 0.8835
Epoch: 187/200   | Learning Rate 0.000134
Train Auc.: 0.9635 | Test Auc.: 0.9569
Train Loss.: 0.2451
Train Acc.: 0.8987 | Test Acc.: 0.8876
Epoch: 188/200   | Learning Rate 0.000134
Train Auc.: 0.9634 | Test Auc.: 0.9564
Train Loss.: 0.2455
Train Acc.: 0.8983 | Test Acc.: 0.8840
Epoch: 189/200   | Learning Rate 0.000134
Train Auc.: 0.9632 | Test Auc.: 0.9566
Train Loss.: 0.2460
Train Acc.: 0.8984 | Test Acc.: 0.8848
Epoch: 190/200   | Learning Rate 0.000134
Train Auc.: 0.9633 | Test Auc.: 0.9568
Train Loss.: 0.2458
Train Acc.: 0.8989 | Test Acc.: 0.8844
Epoch: 191/200   | Learning Rate 0.000134
Train Auc.: 0.9635 | Test Auc.: 0.9566
Train Loss.: 0.2451
Train Acc.: 0.8992 | Test Acc.: 0.8853
Epoch: 192/200   | Learning Rate 0.000134
Train Auc.: 0.9634 | Test Auc.: 0.9563
Train Loss.: 0.2453
Train Acc.: 0.8987 | Test Acc.: 0.8840
Epoch: 193/200   | Learning Rate 0.000134
Train Auc.: 0.9635 | Test Auc.: 0.9566
Train Loss.: 0.2450
Train Acc.: 0.8992 | Test Acc.: 0.8858
Epoch: 194/200   | Learning Rate 0.000134
Train Auc.: 0.9637 | Test Auc.: 0.9568
Train Loss.: 0.2446
Train Acc.: 0.8995 | Test Acc.: 0.8858
Epoch: 195/200   | Learning Rate 0.000134
Train Auc.: 0.9636 | Test Auc.: 0.9568
Train Loss.: 0.2450
Train Acc.: 0.8985 | Test Acc.: 0.8856
Epoch: 196/200   | Learning Rate 0.000134
Train Auc.: 0.9637 | Test Auc.: 0.9565
Train Loss.: 0.2445
Train Acc.: 0.8986 | Test Acc.: 0.8853
Epoch: 197/200   | Learning Rate 0.000134
Train Auc.: 0.9637 | Test Auc.: 0.9566
Train Loss.: 0.2444
Train Acc.: 0.9002 | Test Acc.: 0.8836
Epoch: 198/200   | Learning Rate 0.000134
Train Auc.: 0.9637 | Test Auc.: 0.9566
Train Loss.: 0.2445
Train Acc.: 0.9000 | Test Acc.: 0.8856
Epoch: 199/200   | Learning Rate 0.000134
Train Auc.: 0.9638 | Test Auc.: 0.9567
Train Loss.: 0.2443
Train Acc.: 0.8990 | Test Acc.: 0.8856
Epoch: 200/200   | Learning Rate 0.000134
Train Auc.: 0.9638 | Test Auc.: 0.9566
Train Loss.: 0.2443
Train Acc.: 0.8982 | Test Acc.: 0.8864
 | Test Auc.: 0.9558
 | Test Auprc.: 0.9541
 | Test Acc.: 0.8879
 | Test F1.: 0.8879
 | Test Recall.: 0.8879
 | Test Precision.: 0.8881
