Epoch: 001/200   | Learning Rate 0.001000
Train Auc.: 0.5330 | Test Auc.: 0.5356
Train Loss.: 0.6933
Train Acc.: 0.5034 | Test Acc.: 0.4998
Epoch: 002/200   | Learning Rate 0.001000
Train Auc.: 0.9464 | Test Auc.: 0.9455
Train Loss.: 3.6712
Train Acc.: 0.4995 | Test Acc.: 0.5019
Epoch: 003/200   | Learning Rate 0.001000
Train Auc.: 0.0814 | Test Auc.: 0.0812
Train Loss.: 4.2712
Train Acc.: 0.5005 | Test Acc.: 0.4981
Epoch: 004/200   | Learning Rate 0.001000
Train Auc.: 0.9168 | Test Auc.: 0.9154
Train Loss.: 1.0688
Train Acc.: 0.5005 | Test Acc.: 0.4981
Epoch: 005/200   | Learning Rate 0.001000
Train Auc.: 0.9465 | Test Auc.: 0.9449
Train Loss.: 1.0346
Train Acc.: 0.4995 | Test Acc.: 0.5019
Epoch: 006/200   | Learning Rate 0.001000
Train Auc.: 0.9490 | Test Auc.: 0.9473
Train Loss.: 0.6590
Train Acc.: 0.6323 | Test Acc.: 0.6303
Epoch: 007/200   | Learning Rate 0.001000
Train Auc.: 0.9485 | Test Auc.: 0.9470
Train Loss.: 0.6053
Train Acc.: 0.7023 | Test Acc.: 0.6998
Epoch: 008/200   | Learning Rate 0.001000
Train Auc.: 0.9484 | Test Auc.: 0.9454
Train Loss.: 0.8740
Train Acc.: 0.6036 | Test Acc.: 0.6036
Epoch: 009/200   | Learning Rate 0.001000
Train Auc.: 0.9506 | Test Auc.: 0.9480
Train Loss.: 0.2980
Train Acc.: 0.8785 | Test Acc.: 0.8744
Epoch: 010/200   | Learning Rate 0.001000
Train Auc.: 0.9497 | Test Auc.: 0.9476
Train Loss.: 0.5820
Train Acc.: 0.7725 | Test Acc.: 0.7695
Epoch: 011/200   | Learning Rate 0.001000
Train Auc.: 0.9498 | Test Auc.: 0.9483
Train Loss.: 0.7261
Train Acc.: 0.7412 | Test Acc.: 0.7394
Epoch: 012/200   | Learning Rate 0.001000
Train Auc.: 0.9507 | Test Auc.: 0.9492
Train Loss.: 0.4449
Train Acc.: 0.8271 | Test Acc.: 0.8291
Epoch: 013/200   | Learning Rate 0.001000
Train Auc.: 0.9512 | Test Auc.: 0.9493
Train Loss.: 0.2952
Train Acc.: 0.8818 | Test Acc.: 0.8810
Epoch: 014/200   | Learning Rate 0.001000
Train Auc.: 0.9510 | Test Auc.: 0.9490
Train Loss.: 0.4574
Train Acc.: 0.8187 | Test Acc.: 0.8153
Epoch: 015/200   | Learning Rate 0.001000
Train Auc.: 0.9499 | Test Auc.: 0.9482
Train Loss.: 0.5230
Train Acc.: 0.8013 | Test Acc.: 0.7993
Epoch: 016/200   | Learning Rate 0.001000
Train Auc.: 0.9502 | Test Auc.: 0.9483
Train Loss.: 0.3665
Train Acc.: 0.8478 | Test Acc.: 0.8456
Epoch: 017/200   | Learning Rate 0.001000
Train Auc.: 0.9510 | Test Auc.: 0.9495
Train Loss.: 0.2912
Train Acc.: 0.8785 | Test Acc.: 0.8767
Epoch: 018/200   | Learning Rate 0.001000
Train Auc.: 0.9504 | Test Auc.: 0.9486
Train Loss.: 0.3766
Train Acc.: 0.8428 | Test Acc.: 0.8400
Epoch: 019/200   | Learning Rate 0.001000
Train Auc.: 0.9510 | Test Auc.: 0.9493
Train Loss.: 0.4342
Train Acc.: 0.8214 | Test Acc.: 0.8198
Epoch: 020/200   | Learning Rate 0.001000
Train Auc.: 0.9514 | Test Auc.: 0.9501
Train Loss.: 0.3687
Train Acc.: 0.8401 | Test Acc.: 0.8402
Epoch: 021/200   | Learning Rate 0.000800
Train Auc.: 0.9510 | Test Auc.: 0.9494
Train Loss.: 0.2969
Train Acc.: 0.8696 | Test Acc.: 0.8680
Epoch: 022/200   | Learning Rate 0.000800
Train Auc.: 0.9507 | Test Auc.: 0.9489
Train Loss.: 0.2875
Train Acc.: 0.8811 | Test Acc.: 0.8792
Epoch: 023/200   | Learning Rate 0.000800
Train Auc.: 0.9511 | Test Auc.: 0.9492
Train Loss.: 0.3089
Train Acc.: 0.8700 | Test Acc.: 0.8691
Epoch: 024/200   | Learning Rate 0.000800
Train Auc.: 0.9512 | Test Auc.: 0.9492
Train Loss.: 0.3318
Train Acc.: 0.8534 | Test Acc.: 0.8484
Epoch: 025/200   | Learning Rate 0.000800
Train Auc.: 0.9506 | Test Auc.: 0.9494
Train Loss.: 0.3324
Train Acc.: 0.8533 | Test Acc.: 0.8494
Epoch: 026/200   | Learning Rate 0.000800
Train Auc.: 0.9511 | Test Auc.: 0.9491
Train Loss.: 0.3055
Train Acc.: 0.8742 | Test Acc.: 0.8705
Epoch: 027/200   | Learning Rate 0.000800
Train Auc.: 0.9506 | Test Auc.: 0.9488
Train Loss.: 0.2912
Train Acc.: 0.8820 | Test Acc.: 0.8777
Epoch: 028/200   | Learning Rate 0.000800
Train Auc.: 0.9512 | Test Auc.: 0.9498
Train Loss.: 0.2850
Train Acc.: 0.8805 | Test Acc.: 0.8812
Epoch: 029/200   | Learning Rate 0.000800
Train Auc.: 0.9515 | Test Auc.: 0.9496
Train Loss.: 0.2918
Train Acc.: 0.8735 | Test Acc.: 0.8709
Epoch: 030/200   | Learning Rate 0.000800
Train Auc.: 0.9513 | Test Auc.: 0.9493
Train Loss.: 0.2979
Train Acc.: 0.8698 | Test Acc.: 0.8695
Epoch: 031/200   | Learning Rate 0.000800
Train Auc.: 0.9512 | Test Auc.: 0.9497
Train Loss.: 0.3058
Train Acc.: 0.8655 | Test Acc.: 0.8644
Epoch: 032/200   | Learning Rate 0.000800
Train Auc.: 0.9513 | Test Auc.: 0.9494
Train Loss.: 0.3026
Train Acc.: 0.8673 | Test Acc.: 0.8662
Epoch: 033/200   | Learning Rate 0.000800
Train Auc.: 0.9508 | Test Auc.: 0.9496
Train Loss.: 0.2988
Train Acc.: 0.8670 | Test Acc.: 0.8683
Epoch: 034/200   | Learning Rate 0.000800
Train Auc.: 0.9512 | Test Auc.: 0.9495
Train Loss.: 0.2877
Train Acc.: 0.8750 | Test Acc.: 0.8756
Epoch: 035/200   | Learning Rate 0.000800
Train Auc.: 0.9505 | Test Auc.: 0.9482
Train Loss.: 0.2870
Train Acc.: 0.8773 | Test Acc.: 0.8769
Epoch: 036/200   | Learning Rate 0.000800
Train Auc.: 0.9508 | Test Auc.: 0.9488
Train Loss.: 0.2872
Train Acc.: 0.8804 | Test Acc.: 0.8779
Epoch: 037/200   | Learning Rate 0.000800
Train Auc.: 0.9507 | Test Auc.: 0.9487
Train Loss.: 0.2909
Train Acc.: 0.8820 | Test Acc.: 0.8798
Epoch: 038/200   | Learning Rate 0.000800
Train Auc.: 0.9507 | Test Auc.: 0.9490
Train Loss.: 0.2927
Train Acc.: 0.8801 | Test Acc.: 0.8772
Epoch: 039/200   | Learning Rate 0.000800
Train Auc.: 0.9511 | Test Auc.: 0.9493
Train Loss.: 0.2917
Train Acc.: 0.8814 | Test Acc.: 0.8775
Epoch: 040/200   | Learning Rate 0.000800
Train Auc.: 0.9511 | Test Auc.: 0.9492
Train Loss.: 0.2892
Train Acc.: 0.8814 | Test Acc.: 0.8812
Epoch: 041/200   | Learning Rate 0.000640
Train Auc.: 0.9511 | Test Auc.: 0.9486
Train Loss.: 0.2872
Train Acc.: 0.8829 | Test Acc.: 0.8800
Epoch: 042/200   | Learning Rate 0.000640
Train Auc.: 0.9513 | Test Auc.: 0.9494
Train Loss.: 0.2864
Train Acc.: 0.8836 | Test Acc.: 0.8805
Epoch: 043/200   | Learning Rate 0.000640
Train Auc.: 0.9516 | Test Auc.: 0.9502
Train Loss.: 0.2835
Train Acc.: 0.8820 | Test Acc.: 0.8793
Epoch: 044/200   | Learning Rate 0.000640
Train Auc.: 0.9515 | Test Auc.: 0.9500
Train Loss.: 0.2838
Train Acc.: 0.8816 | Test Acc.: 0.8816
Epoch: 045/200   | Learning Rate 0.000640
Train Auc.: 0.9513 | Test Auc.: 0.9499
Train Loss.: 0.2852
Train Acc.: 0.8786 | Test Acc.: 0.8793
Epoch: 046/200   | Learning Rate 0.000640
Train Auc.: 0.9515 | Test Auc.: 0.9497
Train Loss.: 0.2855
Train Acc.: 0.8790 | Test Acc.: 0.8775
Epoch: 047/200   | Learning Rate 0.000640
Train Auc.: 0.9513 | Test Auc.: 0.9493
Train Loss.: 0.2863
Train Acc.: 0.8782 | Test Acc.: 0.8770
Epoch: 048/200   | Learning Rate 0.000640
Train Auc.: 0.9512 | Test Auc.: 0.9496
Train Loss.: 0.2881
Train Acc.: 0.8755 | Test Acc.: 0.8764
Epoch: 049/200   | Learning Rate 0.000640
Train Auc.: 0.9511 | Test Auc.: 0.9493
Train Loss.: 0.2875
Train Acc.: 0.8756 | Test Acc.: 0.8737
Epoch: 050/200   | Learning Rate 0.000640
Train Auc.: 0.9514 | Test Auc.: 0.9497
Train Loss.: 0.2859
Train Acc.: 0.8764 | Test Acc.: 0.8744
Epoch: 051/200   | Learning Rate 0.000640
Train Auc.: 0.9508 | Test Auc.: 0.9488
Train Loss.: 0.2874
Train Acc.: 0.8761 | Test Acc.: 0.8734
Epoch: 052/200   | Learning Rate 0.000640
Train Auc.: 0.9513 | Test Auc.: 0.9495
Train Loss.: 0.2846
Train Acc.: 0.8803 | Test Acc.: 0.8775
Epoch: 053/200   | Learning Rate 0.000640
Train Auc.: 0.9505 | Test Auc.: 0.9490
Train Loss.: 0.2865
Train Acc.: 0.8785 | Test Acc.: 0.8797
Epoch: 054/200   | Learning Rate 0.000640
Train Auc.: 0.9516 | Test Auc.: 0.9502
Train Loss.: 0.2834
Train Acc.: 0.8824 | Test Acc.: 0.8818
Epoch: 055/200   | Learning Rate 0.000640
Train Auc.: 0.9506 | Test Auc.: 0.9483
Train Loss.: 0.2864
Train Acc.: 0.8801 | Test Acc.: 0.8777
Epoch: 056/200   | Learning Rate 0.000640
Train Auc.: 0.9512 | Test Auc.: 0.9491
Train Loss.: 0.2856
Train Acc.: 0.8822 | Test Acc.: 0.8784
Epoch: 057/200   | Learning Rate 0.000640
Train Auc.: 0.9511 | Test Auc.: 0.9494
Train Loss.: 0.2859
Train Acc.: 0.8828 | Test Acc.: 0.8833
Epoch: 058/200   | Learning Rate 0.000640
Train Auc.: 0.9513 | Test Auc.: 0.9497
Train Loss.: 0.2844
Train Acc.: 0.8834 | Test Acc.: 0.8808
Epoch: 059/200   | Learning Rate 0.000640
Train Auc.: 0.9511 | Test Auc.: 0.9489
Train Loss.: 0.2850
Train Acc.: 0.8826 | Test Acc.: 0.8805
Epoch: 060/200   | Learning Rate 0.000640
Train Auc.: 0.9514 | Test Auc.: 0.9498
Train Loss.: 0.2838
Train Acc.: 0.8830 | Test Acc.: 0.8788
Epoch: 061/200   | Learning Rate 0.000512
Train Auc.: 0.9510 | Test Auc.: 0.9491
Train Loss.: 0.2846
Train Acc.: 0.8812 | Test Acc.: 0.8782
Epoch: 062/200   | Learning Rate 0.000512
Train Auc.: 0.9511 | Test Auc.: 0.9494
Train Loss.: 0.2846
Train Acc.: 0.8804 | Test Acc.: 0.8807
Epoch: 063/200   | Learning Rate 0.000512
Train Auc.: 0.9517 | Test Auc.: 0.9500
Train Loss.: 0.2830
Train Acc.: 0.8818 | Test Acc.: 0.8807
Epoch: 064/200   | Learning Rate 0.000512
Train Auc.: 0.9515 | Test Auc.: 0.9497
Train Loss.: 0.2832
Train Acc.: 0.8797 | Test Acc.: 0.8798
Epoch: 065/200   | Learning Rate 0.000512
Train Auc.: 0.9511 | Test Auc.: 0.9491
Train Loss.: 0.2852
Train Acc.: 0.8778 | Test Acc.: 0.8751
Epoch: 066/200   | Learning Rate 0.000512
Train Auc.: 0.9510 | Test Auc.: 0.9497
Train Loss.: 0.2851
Train Acc.: 0.8783 | Test Acc.: 0.8775
Epoch: 067/200   | Learning Rate 0.000512
Train Auc.: 0.9509 | Test Auc.: 0.9490
Train Loss.: 0.2854
Train Acc.: 0.8786 | Test Acc.: 0.8756
Epoch: 068/200   | Learning Rate 0.000512
Train Auc.: 0.9513 | Test Auc.: 0.9493
Train Loss.: 0.2848
Train Acc.: 0.8783 | Test Acc.: 0.8779
Epoch: 069/200   | Learning Rate 0.000512
Train Auc.: 0.9507 | Test Auc.: 0.9489
Train Loss.: 0.2855
Train Acc.: 0.8785 | Test Acc.: 0.8785
Epoch: 070/200   | Learning Rate 0.000512
Train Auc.: 0.9510 | Test Auc.: 0.9495
Train Loss.: 0.2851
Train Acc.: 0.8785 | Test Acc.: 0.8790
Epoch: 071/200   | Learning Rate 0.000512
Train Auc.: 0.9509 | Test Auc.: 0.9489
Train Loss.: 0.2846
Train Acc.: 0.8801 | Test Acc.: 0.8793
Epoch: 072/200   | Learning Rate 0.000512
Train Auc.: 0.9513 | Test Auc.: 0.9500
Train Loss.: 0.2836
Train Acc.: 0.8808 | Test Acc.: 0.8798
Epoch: 073/200   | Learning Rate 0.000512
Train Auc.: 0.9512 | Test Auc.: 0.9495
Train Loss.: 0.2848
Train Acc.: 0.8793 | Test Acc.: 0.8777
Epoch: 074/200   | Learning Rate 0.000512
Train Auc.: 0.9513 | Test Auc.: 0.9492
Train Loss.: 0.2840
Train Acc.: 0.8804 | Test Acc.: 0.8779
Epoch: 075/200   | Learning Rate 0.000512
Train Auc.: 0.9510 | Test Auc.: 0.9487
Train Loss.: 0.2844
Train Acc.: 0.8806 | Test Acc.: 0.8762
Epoch: 076/200   | Learning Rate 0.000512
Train Auc.: 0.9515 | Test Auc.: 0.9494
Train Loss.: 0.2831
Train Acc.: 0.8812 | Test Acc.: 0.8800
Epoch: 077/200   | Learning Rate 0.000512
Train Auc.: 0.9510 | Test Auc.: 0.9496
Train Loss.: 0.2842
Train Acc.: 0.8800 | Test Acc.: 0.8792
Epoch: 078/200   | Learning Rate 0.000512
Train Auc.: 0.9507 | Test Auc.: 0.9486
Train Loss.: 0.2854
Train Acc.: 0.8806 | Test Acc.: 0.8780
Epoch: 079/200   | Learning Rate 0.000512
Train Auc.: 0.9513 | Test Auc.: 0.9499
Train Loss.: 0.2837
Train Acc.: 0.8818 | Test Acc.: 0.8782
Epoch: 080/200   | Learning Rate 0.000512
Train Auc.: 0.9515 | Test Auc.: 0.9500
Train Loss.: 0.2836
Train Acc.: 0.8825 | Test Acc.: 0.8808
Epoch: 081/200   | Learning Rate 0.000410
Train Auc.: 0.9508 | Test Auc.: 0.9491
Train Loss.: 0.2853
Train Acc.: 0.8801 | Test Acc.: 0.8792
Epoch: 082/200   | Learning Rate 0.000410
Train Auc.: 0.9512 | Test Auc.: 0.9498
Train Loss.: 0.2839
Train Acc.: 0.8799 | Test Acc.: 0.8772
Epoch: 083/200   | Learning Rate 0.000410
Train Auc.: 0.9511 | Test Auc.: 0.9496
Train Loss.: 0.2840
Train Acc.: 0.8801 | Test Acc.: 0.8808
Epoch: 084/200   | Learning Rate 0.000410
Train Auc.: 0.9512 | Test Auc.: 0.9493
Train Loss.: 0.2841
Train Acc.: 0.8805 | Test Acc.: 0.8800
Epoch: 085/200   | Learning Rate 0.000410
Train Auc.: 0.9510 | Test Auc.: 0.9493
Train Loss.: 0.2844
Train Acc.: 0.8797 | Test Acc.: 0.8792
Epoch: 086/200   | Learning Rate 0.000410
Train Auc.: 0.9519 | Test Auc.: 0.9500
Train Loss.: 0.2819
Train Acc.: 0.8819 | Test Acc.: 0.8798
Epoch: 087/200   | Learning Rate 0.000410
Train Auc.: 0.9509 | Test Auc.: 0.9491
Train Loss.: 0.2846
Train Acc.: 0.8802 | Test Acc.: 0.8807
Epoch: 088/200   | Learning Rate 0.000410
Train Auc.: 0.9509 | Test Auc.: 0.9491
Train Loss.: 0.2853
Train Acc.: 0.8793 | Test Acc.: 0.8787
Epoch: 089/200   | Learning Rate 0.000410
Train Auc.: 0.9515 | Test Auc.: 0.9493
Train Loss.: 0.2833
Train Acc.: 0.8802 | Test Acc.: 0.8785
Epoch: 090/200   | Learning Rate 0.000410
Train Auc.: 0.9511 | Test Auc.: 0.9492
Train Loss.: 0.2842
Train Acc.: 0.8800 | Test Acc.: 0.8790
Epoch: 091/200   | Learning Rate 0.000410
Train Auc.: 0.9515 | Test Auc.: 0.9499
Train Loss.: 0.2832
Train Acc.: 0.8815 | Test Acc.: 0.8790
Epoch: 092/200   | Learning Rate 0.000410
Train Auc.: 0.9509 | Test Auc.: 0.9497
Train Loss.: 0.2852
Train Acc.: 0.8790 | Test Acc.: 0.8770
Epoch: 093/200   | Learning Rate 0.000410
Train Auc.: 0.9510 | Test Auc.: 0.9490
Train Loss.: 0.2846
Train Acc.: 0.8800 | Test Acc.: 0.8774
Epoch: 094/200   | Learning Rate 0.000410
Train Auc.: 0.9514 | Test Auc.: 0.9499
Train Loss.: 0.2836
Train Acc.: 0.8804 | Test Acc.: 0.8802
Epoch: 095/200   | Learning Rate 0.000410
Train Auc.: 0.9511 | Test Auc.: 0.9493
Train Loss.: 0.2844
Train Acc.: 0.8803 | Test Acc.: 0.8752
Epoch: 096/200   | Learning Rate 0.000410
Train Auc.: 0.9509 | Test Auc.: 0.9495
Train Loss.: 0.2845
Train Acc.: 0.8801 | Test Acc.: 0.8792
Epoch: 097/200   | Learning Rate 0.000410
Train Auc.: 0.9508 | Test Auc.: 0.9485
Train Loss.: 0.2849
Train Acc.: 0.8794 | Test Acc.: 0.8767
Epoch: 098/200   | Learning Rate 0.000410
Train Auc.: 0.9512 | Test Auc.: 0.9498
Train Loss.: 0.2835
Train Acc.: 0.8818 | Test Acc.: 0.8813
Epoch: 099/200   | Learning Rate 0.000410
Train Auc.: 0.9508 | Test Auc.: 0.9495
Train Loss.: 0.2850
Train Acc.: 0.8811 | Test Acc.: 0.8788
Epoch: 100/200   | Learning Rate 0.000410
Train Auc.: 0.9513 | Test Auc.: 0.9495
Train Loss.: 0.2839
Train Acc.: 0.8808 | Test Acc.: 0.8808
Epoch: 101/200   | Learning Rate 0.000328
Train Auc.: 0.9511 | Test Auc.: 0.9496
Train Loss.: 0.2848
Train Acc.: 0.8777 | Test Acc.: 0.8788
Epoch: 102/200   | Learning Rate 0.000328
Train Auc.: 0.9508 | Test Auc.: 0.9492
Train Loss.: 0.2852
Train Acc.: 0.8812 | Test Acc.: 0.8765
Epoch: 103/200   | Learning Rate 0.000328
Train Auc.: 0.9517 | Test Auc.: 0.9504
Train Loss.: 0.2826
Train Acc.: 0.8830 | Test Acc.: 0.8808
Epoch: 104/200   | Learning Rate 0.000328
Train Auc.: 0.9516 | Test Auc.: 0.9498
Train Loss.: 0.2828
Train Acc.: 0.8829 | Test Acc.: 0.8767
Epoch: 105/200   | Learning Rate 0.000328
Train Auc.: 0.9518 | Test Auc.: 0.9498
Train Loss.: 0.2821
Train Acc.: 0.8818 | Test Acc.: 0.8793
Epoch: 106/200   | Learning Rate 0.000328
Train Auc.: 0.9513 | Test Auc.: 0.9498
Train Loss.: 0.2838
Train Acc.: 0.8809 | Test Acc.: 0.8792
Epoch: 107/200   | Learning Rate 0.000328
Train Auc.: 0.9514 | Test Auc.: 0.9498
Train Loss.: 0.2835
Train Acc.: 0.8806 | Test Acc.: 0.8785
Epoch: 108/200   | Learning Rate 0.000328
Train Auc.: 0.9509 | Test Auc.: 0.9490
Train Loss.: 0.2848
Train Acc.: 0.8805 | Test Acc.: 0.8769
Epoch: 109/200   | Learning Rate 0.000328
Train Auc.: 0.9520 | Test Auc.: 0.9504
Train Loss.: 0.2815
Train Acc.: 0.8820 | Test Acc.: 0.8807
Epoch: 110/200   | Learning Rate 0.000328
Train Auc.: 0.9512 | Test Auc.: 0.9497
Train Loss.: 0.2840
Train Acc.: 0.8819 | Test Acc.: 0.8792
Epoch: 111/200   | Learning Rate 0.000328
Train Auc.: 0.9514 | Test Auc.: 0.9497
Train Loss.: 0.2835
Train Acc.: 0.8813 | Test Acc.: 0.8800
Epoch: 112/200   | Learning Rate 0.000328
Train Auc.: 0.9513 | Test Auc.: 0.9499
Train Loss.: 0.2836
Train Acc.: 0.8805 | Test Acc.: 0.8790
Epoch: 113/200   | Learning Rate 0.000328
Train Auc.: 0.9511 | Test Auc.: 0.9492
Train Loss.: 0.2842
Train Acc.: 0.8806 | Test Acc.: 0.8788
Epoch: 114/200   | Learning Rate 0.000328
Train Auc.: 0.9509 | Test Auc.: 0.9493
Train Loss.: 0.2852
Train Acc.: 0.8788 | Test Acc.: 0.8798
Epoch: 115/200   | Learning Rate 0.000328
Train Auc.: 0.9513 | Test Auc.: 0.9494
Train Loss.: 0.2841
Train Acc.: 0.8801 | Test Acc.: 0.8767
Epoch: 116/200   | Learning Rate 0.000328
Train Auc.: 0.9512 | Test Auc.: 0.9498
Train Loss.: 0.2841
Train Acc.: 0.8794 | Test Acc.: 0.8770
Epoch: 117/200   | Learning Rate 0.000328
Train Auc.: 0.9513 | Test Auc.: 0.9494
Train Loss.: 0.2840
Train Acc.: 0.8797 | Test Acc.: 0.8785
Epoch: 118/200   | Learning Rate 0.000328
Train Auc.: 0.9512 | Test Auc.: 0.9494
Train Loss.: 0.2841
Train Acc.: 0.8806 | Test Acc.: 0.8800
Epoch: 119/200   | Learning Rate 0.000328
Train Auc.: 0.9513 | Test Auc.: 0.9498
Train Loss.: 0.2837
Train Acc.: 0.8805 | Test Acc.: 0.8800
Epoch: 120/200   | Learning Rate 0.000328
Train Auc.: 0.9513 | Test Auc.: 0.9498
Train Loss.: 0.2837
Train Acc.: 0.8798 | Test Acc.: 0.8800
Epoch: 121/200   | Learning Rate 0.000262
Train Auc.: 0.9514 | Test Auc.: 0.9503
Train Loss.: 0.2833
Train Acc.: 0.8814 | Test Acc.: 0.8790
Epoch: 122/200   | Learning Rate 0.000262
Train Auc.: 0.9515 | Test Auc.: 0.9497
Train Loss.: 0.2830
Train Acc.: 0.8795 | Test Acc.: 0.8797
Epoch: 123/200   | Learning Rate 0.000262
Train Auc.: 0.9511 | Test Auc.: 0.9499
Train Loss.: 0.2841
Train Acc.: 0.8812 | Test Acc.: 0.8790
Epoch: 124/200   | Learning Rate 0.000262
Train Auc.: 0.9513 | Test Auc.: 0.9495
Train Loss.: 0.2840
Train Acc.: 0.8800 | Test Acc.: 0.8805
Epoch: 125/200   | Learning Rate 0.000262
Train Auc.: 0.9513 | Test Auc.: 0.9501
Train Loss.: 0.2834
Train Acc.: 0.8817 | Test Acc.: 0.8788
Epoch: 126/200   | Learning Rate 0.000262
Train Auc.: 0.9513 | Test Auc.: 0.9499
Train Loss.: 0.2834
Train Acc.: 0.8819 | Test Acc.: 0.8798
Epoch: 127/200   | Learning Rate 0.000262
Train Auc.: 0.9511 | Test Auc.: 0.9494
Train Loss.: 0.2841
Train Acc.: 0.8816 | Test Acc.: 0.8803
Epoch: 128/200   | Learning Rate 0.000262
Train Auc.: 0.9515 | Test Auc.: 0.9500
Train Loss.: 0.2828
Train Acc.: 0.8829 | Test Acc.: 0.8844
Epoch: 129/200   | Learning Rate 0.000262
Train Auc.: 0.9509 | Test Auc.: 0.9491
Train Loss.: 0.2846
Train Acc.: 0.8793 | Test Acc.: 0.8780
Epoch: 130/200   | Learning Rate 0.000262
Train Auc.: 0.9512 | Test Auc.: 0.9492
Train Loss.: 0.2837
Train Acc.: 0.8807 | Test Acc.: 0.8775
Epoch: 131/200   | Learning Rate 0.000262
Train Auc.: 0.9509 | Test Auc.: 0.9496
Train Loss.: 0.2844
Train Acc.: 0.8813 | Test Acc.: 0.8770
Epoch: 132/200   | Learning Rate 0.000262
Train Auc.: 0.9514 | Test Auc.: 0.9496
Train Loss.: 0.2835
Train Acc.: 0.8811 | Test Acc.: 0.8769
Epoch: 133/200   | Learning Rate 0.000262
Train Auc.: 0.9508 | Test Auc.: 0.9493
Train Loss.: 0.2854
Train Acc.: 0.8798 | Test Acc.: 0.8780
Epoch: 134/200   | Learning Rate 0.000262
Train Auc.: 0.9515 | Test Auc.: 0.9496
Train Loss.: 0.2830
Train Acc.: 0.8812 | Test Acc.: 0.8797
Epoch: 135/200   | Learning Rate 0.000262
Train Auc.: 0.9512 | Test Auc.: 0.9492
Train Loss.: 0.2840
Train Acc.: 0.8791 | Test Acc.: 0.8774
Epoch: 136/200   | Learning Rate 0.000262
Train Auc.: 0.9512 | Test Auc.: 0.9496
Train Loss.: 0.2842
Train Acc.: 0.8795 | Test Acc.: 0.8777
Epoch: 137/200   | Learning Rate 0.000262
Train Auc.: 0.9513 | Test Auc.: 0.9495
Train Loss.: 0.2835
Train Acc.: 0.8802 | Test Acc.: 0.8790
Epoch: 138/200   | Learning Rate 0.000262
Train Auc.: 0.9510 | Test Auc.: 0.9492
Train Loss.: 0.2851
Train Acc.: 0.8786 | Test Acc.: 0.8784
Epoch: 139/200   | Learning Rate 0.000262
Train Auc.: 0.9514 | Test Auc.: 0.9497
Train Loss.: 0.2834
Train Acc.: 0.8811 | Test Acc.: 0.8795
Epoch: 140/200   | Learning Rate 0.000262
Train Auc.: 0.9513 | Test Auc.: 0.9495
Train Loss.: 0.2840
Train Acc.: 0.8797 | Test Acc.: 0.8769
Epoch: 141/200   | Learning Rate 0.000210
Train Auc.: 0.9519 | Test Auc.: 0.9500
Train Loss.: 0.2819
Train Acc.: 0.8823 | Test Acc.: 0.8821
Epoch: 142/200   | Learning Rate 0.000210
Train Auc.: 0.9515 | Test Auc.: 0.9501
Train Loss.: 0.2834
Train Acc.: 0.8798 | Test Acc.: 0.8785
Epoch: 143/200   | Learning Rate 0.000210
Train Auc.: 0.9513 | Test Auc.: 0.9496
Train Loss.: 0.2839
Train Acc.: 0.8821 | Test Acc.: 0.8807
Epoch: 144/200   | Learning Rate 0.000210
Train Auc.: 0.9514 | Test Auc.: 0.9506
Train Loss.: 0.2835
Train Acc.: 0.8799 | Test Acc.: 0.8846
Epoch: 145/200   | Learning Rate 0.000210
Train Auc.: 0.9511 | Test Auc.: 0.9492
Train Loss.: 0.2844
Train Acc.: 0.8792 | Test Acc.: 0.8798
Epoch: 146/200   | Learning Rate 0.000210
Train Auc.: 0.9511 | Test Auc.: 0.9494
Train Loss.: 0.2839
Train Acc.: 0.8806 | Test Acc.: 0.8795
Epoch: 147/200   | Learning Rate 0.000210
Train Auc.: 0.9512 | Test Auc.: 0.9498
Train Loss.: 0.2842
Train Acc.: 0.8796 | Test Acc.: 0.8790
Epoch: 148/200   | Learning Rate 0.000210
Train Auc.: 0.9509 | Test Auc.: 0.9494
Train Loss.: 0.2850
Train Acc.: 0.8804 | Test Acc.: 0.8784
Epoch: 149/200   | Learning Rate 0.000210
Train Auc.: 0.9516 | Test Auc.: 0.9496
Train Loss.: 0.2827
Train Acc.: 0.8824 | Test Acc.: 0.8790
Epoch: 150/200   | Learning Rate 0.000210
Train Auc.: 0.9515 | Test Auc.: 0.9494
Train Loss.: 0.2829
Train Acc.: 0.8817 | Test Acc.: 0.8803
Epoch: 151/200   | Learning Rate 0.000210
Train Auc.: 0.9511 | Test Auc.: 0.9497
Train Loss.: 0.2843
Train Acc.: 0.8817 | Test Acc.: 0.8780
Epoch: 152/200   | Learning Rate 0.000210
Train Auc.: 0.9510 | Test Auc.: 0.9492
Train Loss.: 0.2845
Train Acc.: 0.8803 | Test Acc.: 0.8790
Epoch: 153/200   | Learning Rate 0.000210
Train Auc.: 0.9508 | Test Auc.: 0.9490
Train Loss.: 0.2847
Train Acc.: 0.8800 | Test Acc.: 0.8787
Epoch: 154/200   | Learning Rate 0.000210
Train Auc.: 0.9511 | Test Auc.: 0.9491
Train Loss.: 0.2840
Train Acc.: 0.8815 | Test Acc.: 0.8788
Epoch: 155/200   | Learning Rate 0.000210
Train Auc.: 0.9514 | Test Auc.: 0.9500
Train Loss.: 0.2834
Train Acc.: 0.8808 | Test Acc.: 0.8800
Epoch: 156/200   | Learning Rate 0.000210
Train Auc.: 0.9512 | Test Auc.: 0.9499
Train Loss.: 0.2840
Train Acc.: 0.8815 | Test Acc.: 0.8810
Epoch: 157/200   | Learning Rate 0.000210
Train Auc.: 0.9515 | Test Auc.: 0.9498
Train Loss.: 0.2833
Train Acc.: 0.8798 | Test Acc.: 0.8790
Epoch: 158/200   | Learning Rate 0.000210
Train Auc.: 0.9513 | Test Auc.: 0.9491
Train Loss.: 0.2838
Train Acc.: 0.8824 | Test Acc.: 0.8788
Epoch: 159/200   | Learning Rate 0.000210
Train Auc.: 0.9513 | Test Auc.: 0.9492
Train Loss.: 0.2839
Train Acc.: 0.8802 | Test Acc.: 0.8752
Epoch: 160/200   | Learning Rate 0.000210
Train Auc.: 0.9516 | Test Auc.: 0.9501
Train Loss.: 0.2828
Train Acc.: 0.8831 | Test Acc.: 0.8790
Epoch: 161/200   | Learning Rate 0.000168
Train Auc.: 0.9512 | Test Auc.: 0.9492
Train Loss.: 0.2842
Train Acc.: 0.8798 | Test Acc.: 0.8775
Epoch: 162/200   | Learning Rate 0.000168
Train Auc.: 0.9513 | Test Auc.: 0.9495
Train Loss.: 0.2838
Train Acc.: 0.8801 | Test Acc.: 0.8797
Epoch: 163/200   | Learning Rate 0.000168
Train Auc.: 0.9513 | Test Auc.: 0.9497
Train Loss.: 0.2835
Train Acc.: 0.8826 | Test Acc.: 0.8803
Epoch: 164/200   | Learning Rate 0.000168
Train Auc.: 0.9507 | Test Auc.: 0.9488
Train Loss.: 0.2858
Train Acc.: 0.8773 | Test Acc.: 0.8782
Epoch: 165/200   | Learning Rate 0.000168
Train Auc.: 0.9515 | Test Auc.: 0.9496
Train Loss.: 0.2829
Train Acc.: 0.8815 | Test Acc.: 0.8803
Epoch: 166/200   | Learning Rate 0.000168
Train Auc.: 0.9509 | Test Auc.: 0.9493
Train Loss.: 0.2845
Train Acc.: 0.8788 | Test Acc.: 0.8795
Epoch: 167/200   | Learning Rate 0.000168
Train Auc.: 0.9516 | Test Auc.: 0.9497
Train Loss.: 0.2834
Train Acc.: 0.8795 | Test Acc.: 0.8767
Epoch: 168/200   | Learning Rate 0.000168
Train Auc.: 0.9514 | Test Auc.: 0.9507
Train Loss.: 0.2831
Train Acc.: 0.8820 | Test Acc.: 0.8830
Epoch: 169/200   | Learning Rate 0.000168
Train Auc.: 0.9517 | Test Auc.: 0.9500
Train Loss.: 0.2829
Train Acc.: 0.8805 | Test Acc.: 0.8805
Epoch: 170/200   | Learning Rate 0.000168
Train Auc.: 0.9509 | Test Auc.: 0.9488
Train Loss.: 0.2850
Train Acc.: 0.8810 | Test Acc.: 0.8782
Epoch: 171/200   | Learning Rate 0.000168
Train Auc.: 0.9511 | Test Auc.: 0.9491
Train Loss.: 0.2840
Train Acc.: 0.8805 | Test Acc.: 0.8788
Epoch: 172/200   | Learning Rate 0.000168
Train Auc.: 0.9512 | Test Auc.: 0.9492
Train Loss.: 0.2837
Train Acc.: 0.8812 | Test Acc.: 0.8798
Epoch: 173/200   | Learning Rate 0.000168
Train Auc.: 0.9513 | Test Auc.: 0.9499
Train Loss.: 0.2835
Train Acc.: 0.8801 | Test Acc.: 0.8782
Epoch: 174/200   | Learning Rate 0.000168
Train Auc.: 0.9514 | Test Auc.: 0.9502
Train Loss.: 0.2835
Train Acc.: 0.8810 | Test Acc.: 0.8805
Epoch: 175/200   | Learning Rate 0.000168
Train Auc.: 0.9515 | Test Auc.: 0.9496
Train Loss.: 0.2835
Train Acc.: 0.8806 | Test Acc.: 0.8782
Epoch: 176/200   | Learning Rate 0.000168
Train Auc.: 0.9509 | Test Auc.: 0.9491
Train Loss.: 0.2843
Train Acc.: 0.8804 | Test Acc.: 0.8784
Epoch: 177/200   | Learning Rate 0.000168
Train Auc.: 0.9513 | Test Auc.: 0.9497
Train Loss.: 0.2838
Train Acc.: 0.8798 | Test Acc.: 0.8795
Epoch: 178/200   | Learning Rate 0.000168
Train Auc.: 0.9510 | Test Auc.: 0.9488
Train Loss.: 0.2847
Train Acc.: 0.8790 | Test Acc.: 0.8754
Epoch: 179/200   | Learning Rate 0.000168
Train Auc.: 0.9512 | Test Auc.: 0.9491
Train Loss.: 0.2840
Train Acc.: 0.8797 | Test Acc.: 0.8774
Epoch: 180/200   | Learning Rate 0.000168
Train Auc.: 0.9515 | Test Auc.: 0.9492
Train Loss.: 0.2836
Train Acc.: 0.8795 | Test Acc.: 0.8787
Epoch: 181/200   | Learning Rate 0.000134
Train Auc.: 0.9511 | Test Auc.: 0.9496
Train Loss.: 0.2839
Train Acc.: 0.8811 | Test Acc.: 0.8793
Epoch: 182/200   | Learning Rate 0.000134
Train Auc.: 0.9511 | Test Auc.: 0.9498
Train Loss.: 0.2842
Train Acc.: 0.8793 | Test Acc.: 0.8813
Epoch: 183/200   | Learning Rate 0.000134
Train Auc.: 0.9510 | Test Auc.: 0.9495
Train Loss.: 0.2850
Train Acc.: 0.8791 | Test Acc.: 0.8779
Epoch: 184/200   | Learning Rate 0.000134
Train Auc.: 0.9515 | Test Auc.: 0.9495
Train Loss.: 0.2833
Train Acc.: 0.8811 | Test Acc.: 0.8805
Epoch: 185/200   | Learning Rate 0.000134
Train Auc.: 0.9517 | Test Auc.: 0.9500
Train Loss.: 0.2822
Train Acc.: 0.8824 | Test Acc.: 0.8774
Epoch: 186/200   | Learning Rate 0.000134
Train Auc.: 0.9510 | Test Auc.: 0.9489
Train Loss.: 0.2847
Train Acc.: 0.8803 | Test Acc.: 0.8780
Epoch: 187/200   | Learning Rate 0.000134
Train Auc.: 0.9510 | Test Auc.: 0.9495
Train Loss.: 0.2844
Train Acc.: 0.8809 | Test Acc.: 0.8784
Epoch: 188/200   | Learning Rate 0.000134
Train Auc.: 0.9508 | Test Auc.: 0.9490
Train Loss.: 0.2851
Train Acc.: 0.8795 | Test Acc.: 0.8780
Epoch: 189/200   | Learning Rate 0.000134
Train Auc.: 0.9511 | Test Auc.: 0.9493
Train Loss.: 0.2840
Train Acc.: 0.8816 | Test Acc.: 0.8805
Epoch: 190/200   | Learning Rate 0.000134
Train Auc.: 0.9508 | Test Auc.: 0.9489
Train Loss.: 0.2850
Train Acc.: 0.8797 | Test Acc.: 0.8779
Epoch: 191/200   | Learning Rate 0.000134
Train Auc.: 0.9513 | Test Auc.: 0.9497
Train Loss.: 0.2832
Train Acc.: 0.8815 | Test Acc.: 0.8802
Epoch: 192/200   | Learning Rate 0.000134
Train Auc.: 0.9510 | Test Auc.: 0.9495
Train Loss.: 0.2846
Train Acc.: 0.8799 | Test Acc.: 0.8779
Epoch: 193/200   | Learning Rate 0.000134
Train Auc.: 0.9512 | Test Auc.: 0.9492
Train Loss.: 0.2839
Train Acc.: 0.8803 | Test Acc.: 0.8785
Epoch: 194/200   | Learning Rate 0.000134
Train Auc.: 0.9510 | Test Auc.: 0.9493
Train Loss.: 0.2846
Train Acc.: 0.8798 | Test Acc.: 0.8784
Epoch: 195/200   | Learning Rate 0.000134
Train Auc.: 0.9511 | Test Auc.: 0.9500
Train Loss.: 0.2836
Train Acc.: 0.8801 | Test Acc.: 0.8821
Epoch: 196/200   | Learning Rate 0.000134
Train Auc.: 0.9514 | Test Auc.: 0.9499
Train Loss.: 0.2833
Train Acc.: 0.8809 | Test Acc.: 0.8782
Epoch: 197/200   | Learning Rate 0.000134
Train Auc.: 0.9510 | Test Auc.: 0.9493
Train Loss.: 0.2846
Train Acc.: 0.8796 | Test Acc.: 0.8777
Epoch: 198/200   | Learning Rate 0.000134
Train Auc.: 0.9511 | Test Auc.: 0.9495
Train Loss.: 0.2841
Train Acc.: 0.8801 | Test Acc.: 0.8785
Epoch: 199/200   | Learning Rate 0.000134
Train Auc.: 0.9510 | Test Auc.: 0.9494
Train Loss.: 0.2843
Train Acc.: 0.8807 | Test Acc.: 0.8793
Epoch: 200/200   | Learning Rate 0.000134
Train Auc.: 0.9519 | Test Auc.: 0.9501
Train Loss.: 0.2823
Train Acc.: 0.8815 | Test Acc.: 0.8782
 | Test Auc.: 0.9506
 | Test Auprc.: 0.9482
 | Test Acc.: 0.8846
 | Test F1.: 0.8846
 | Test Recall.: 0.8846
 | Test Precision.: 0.8848
