Epoch: 001/200   | Learning Rate 0.001000
Train Auc.: 0.5206 | Test Auc.: 0.5123
Train Loss.: 0.3880 | Test Loss.: 0.3839
Train Acc.: 0.4969 | Test Acc.: 0.5031
Epoch: 002/200   | Learning Rate 0.001000
Train Auc.: 0.0684 | Test Auc.: 0.0710
Train Loss.: 151.4090 | Test Loss.: 152.3716
Train Acc.: 0.0000 | Test Acc.: 0.0000
Epoch: 003/200   | Learning Rate 0.001000
Train Auc.: 0.9374 | Test Auc.: 0.9353
Train Loss.: 99.3696 | Test Loss.: 99.6370
Train Acc.: 0.0000 | Test Acc.: 0.0000
Epoch: 004/200   | Learning Rate 0.001000
Train Auc.: 0.9354 | Test Auc.: 0.9324
Train Loss.: 39.2273 | Test Loss.: 39.4213
Train Acc.: 0.0000 | Test Acc.: 0.0000
Epoch: 005/200   | Learning Rate 0.001000
Train Auc.: 0.6683 | Test Auc.: 0.6689
Train Loss.: 0.2691 | Test Loss.: 0.2668
Train Acc.: 0.4969 | Test Acc.: 0.5031
Epoch: 006/200   | Learning Rate 0.001000
Train Auc.: 0.0893 | Test Auc.: 0.0899
Train Loss.: 8.2654 | Test Loss.: 8.2971
Train Acc.: 0.0000 | Test Acc.: 0.0000
Epoch: 007/200   | Learning Rate 0.001000
Train Auc.: 0.1063 | Test Auc.: 0.1161
Train Loss.: 1.2715 | Test Loss.: 1.2830
Train Acc.: 0.4621 | Test Acc.: 0.4523
Epoch: 008/200   | Learning Rate 0.001000
Train Auc.: 0.9341 | Test Auc.: 0.9280
Train Loss.: 21.3428 | Test Loss.: 21.3318
Train Acc.: 0.0000 | Test Acc.: 0.0000
Epoch: 009/200   | Learning Rate 0.001000
Train Auc.: 0.9294 | Test Auc.: 0.9268
Train Loss.: 15.7475 | Test Loss.: 15.7416
Train Acc.: 0.0000 | Test Acc.: 0.0000
Epoch: 010/200   | Learning Rate 0.001000
Train Auc.: 0.3054 | Test Auc.: 0.3069
Train Loss.: 1.0152 | Test Loss.: 1.0305
Train Acc.: 0.4736 | Test Acc.: 0.4658
Epoch: 011/200   | Learning Rate 0.001000
Train Auc.: 0.1032 | Test Auc.: 0.1040
Train Loss.: 18.1461 | Test Loss.: 18.1902
Train Acc.: 0.0000 | Test Acc.: 0.0000
Epoch: 012/200   | Learning Rate 0.001000
Train Auc.: 0.2707 | Test Auc.: 0.2785
Train Loss.: 4.9492 | Test Loss.: 4.9894
Train Acc.: 0.0000 | Test Acc.: 0.0000
Epoch: 013/200   | Learning Rate 0.001000
Train Auc.: 0.9487 | Test Auc.: 0.9462
Train Loss.: 5.0630 | Test Loss.: 5.0612
Train Acc.: 0.0000 | Test Acc.: 0.0000
Epoch: 014/200   | Learning Rate 0.001000
Train Auc.: 0.9471 | Test Auc.: 0.9441
Train Loss.: 14.2259 | Test Loss.: 14.2344
Train Acc.: 0.0000 | Test Acc.: 0.0000
Epoch: 015/200   | Learning Rate 0.001000
Train Auc.: 0.9464 | Test Auc.: 0.9437
Train Loss.: 1.4112 | Test Loss.: 1.4083
Train Acc.: 0.0356 | Test Acc.: 0.0365
Epoch: 016/200   | Learning Rate 0.001000
Train Auc.: 0.5291 | Test Auc.: 0.5306
Train Loss.: 3.9662 | Test Loss.: 3.9924
Train Acc.: 0.0000 | Test Acc.: 0.0000
Epoch: 017/200   | Learning Rate 0.001000
Train Auc.: 0.3313 | Test Auc.: 0.3320
Train Loss.: 8.2370 | Test Loss.: 8.2877
Train Acc.: 0.0000 | Test Acc.: 0.0000
Epoch: 018/200   | Learning Rate 0.001000
Train Auc.: 0.6978 | Test Auc.: 0.6850
Train Loss.: 2.5820 | Test Loss.: 2.6045
Train Acc.: 0.0009 | Test Acc.: 0.0014
Epoch: 019/200   | Learning Rate 0.001000
Train Auc.: 0.9428 | Test Auc.: 0.9408
Train Loss.: 0.5415 | Test Loss.: 0.5398
Train Acc.: 0.2550 | Test Acc.: 0.2610
Epoch: 020/200   | Learning Rate 0.001000
Train Auc.: 0.9497 | Test Auc.: 0.9476
Train Loss.: 4.4960 | Test Loss.: 4.4987
Train Acc.: 0.0000 | Test Acc.: 0.0000
Epoch: 021/200   | Learning Rate 0.001000
Train Auc.: 0.9499 | Test Auc.: 0.9480
Train Loss.: 4.1160 | Test Loss.: 4.1148
Train Acc.: 0.0000 | Test Acc.: 0.0000
Epoch: 022/200   | Learning Rate 0.001000
Train Auc.: 0.9467 | Test Auc.: 0.9433
Train Loss.: 0.6979 | Test Loss.: 0.7007
Train Acc.: 0.1752 | Test Acc.: 0.1844
Epoch: 023/200   | Learning Rate 0.001000
Train Auc.: 0.9217 | Test Auc.: 0.9176
Train Loss.: 0.4668 | Test Loss.: 0.4717
Train Acc.: 0.4262 | Test Acc.: 0.4305
Epoch: 024/200   | Learning Rate 0.001000
Train Auc.: 0.7757 | Test Auc.: 0.7672
Train Loss.: 2.0602 | Test Loss.: 2.0696
Train Acc.: 0.0007 | Test Acc.: 0.0006
Epoch: 025/200   | Learning Rate 0.001000
Train Auc.: 0.7392 | Test Auc.: 0.7327
Train Loss.: 2.4778 | Test Loss.: 2.4863
Train Acc.: 0.0003 | Test Acc.: 0.0002
Epoch: 026/200   | Learning Rate 0.001000
Train Auc.: 0.8746 | Test Auc.: 0.8700
Train Loss.: 1.3376 | Test Loss.: 1.3483
Train Acc.: 0.0465 | Test Acc.: 0.0474
Epoch: 027/200   | Learning Rate 0.001000
Train Auc.: 0.9189 | Test Auc.: 0.9151
Train Loss.: 0.1964 | Test Loss.: 0.2008
Train Acc.: 0.6870 | Test Acc.: 0.6807
Epoch: 028/200   | Learning Rate 0.001000
Train Auc.: 0.9416 | Test Auc.: 0.9381
Train Loss.: 0.3237 | Test Loss.: 0.3248
Train Acc.: 0.4852 | Test Acc.: 0.4932
Epoch: 029/200   | Learning Rate 0.001000
Train Auc.: 0.9469 | Test Auc.: 0.9442
Train Loss.: 0.9776 | Test Loss.: 0.9755
Train Acc.: 0.1002 | Test Acc.: 0.1052
Epoch: 030/200   | Learning Rate 0.001000
Train Auc.: 0.9464 | Test Auc.: 0.9442
Train Loss.: 1.2878 | Test Loss.: 1.2865
Train Acc.: 0.0459 | Test Acc.: 0.0462
Epoch: 031/200   | Learning Rate 0.001000
Train Auc.: 0.9458 | Test Auc.: 0.9438
Train Loss.: 0.9031 | Test Loss.: 0.9034
Train Acc.: 0.1241 | Test Acc.: 0.1279
Epoch: 032/200   | Learning Rate 0.001000
Train Auc.: 0.9422 | Test Auc.: 0.9405
Train Loss.: 0.3189 | Test Loss.: 0.3183
Train Acc.: 0.5214 | Test Acc.: 0.5215
Epoch: 033/200   | Learning Rate 0.001000
Train Auc.: 0.9298 | Test Auc.: 0.9275
Train Loss.: 0.1198 | Test Loss.: 0.1220
Train Acc.: 0.8505 | Test Acc.: 0.8445
Epoch: 034/200   | Learning Rate 0.001000
Train Auc.: 0.9147 | Test Auc.: 0.9110
Train Loss.: 0.3020 | Test Loss.: 0.3061
Train Acc.: 0.5539 | Test Acc.: 0.5516
Epoch: 035/200   | Learning Rate 0.001000
Train Auc.: 0.8844 | Test Auc.: 0.8762
Train Loss.: 0.5612 | Test Loss.: 0.5704
Train Acc.: 0.4667 | Test Acc.: 0.4592
Epoch: 036/200   | Learning Rate 0.001000
Train Auc.: 0.8914 | Test Auc.: 0.8840
Train Loss.: 0.6802 | Test Loss.: 0.6918
Train Acc.: 0.4332 | Test Acc.: 0.4307
Epoch: 037/200   | Learning Rate 0.001000
Train Auc.: 0.8682 | Test Auc.: 0.8592
Train Loss.: 0.5317 | Test Loss.: 0.5395
Train Acc.: 0.5010 | Test Acc.: 0.4951
Epoch: 038/200   | Learning Rate 0.001000
Train Auc.: 0.9110 | Test Auc.: 0.9117
Train Loss.: 0.3331 | Test Loss.: 0.3368
Train Acc.: 0.5371 | Test Acc.: 0.5304
Epoch: 039/200   | Learning Rate 0.001000
Train Auc.: 0.9308 | Test Auc.: 0.9290
Train Loss.: 0.1352 | Test Loss.: 0.1377
Train Acc.: 0.8195 | Test Acc.: 0.8152
Epoch: 040/200   | Learning Rate 0.001000
Train Auc.: 0.9376 | Test Auc.: 0.9342
Train Loss.: 0.1633 | Test Loss.: 0.1640
Train Acc.: 0.7573 | Test Acc.: 0.7558
Epoch: 041/200   | Learning Rate 0.001000
Train Auc.: 0.9408 | Test Auc.: 0.9375
Train Loss.: 0.2615 | Test Loss.: 0.2629
Train Acc.: 0.6004 | Test Acc.: 0.6015
Epoch: 042/200   | Learning Rate 0.001000
Train Auc.: 0.9426 | Test Auc.: 0.9400
Train Loss.: 0.4194 | Test Loss.: 0.4188
Train Acc.: 0.4189 | Test Acc.: 0.4241
Epoch: 043/200   | Learning Rate 0.001000
Train Auc.: 0.9421 | Test Auc.: 0.9401
Train Loss.: 0.4013 | Test Loss.: 0.3989
Train Acc.: 0.4239 | Test Acc.: 0.4254
Epoch: 044/200   | Learning Rate 0.001000
Train Auc.: 0.9424 | Test Auc.: 0.9407
Train Loss.: 0.2715 | Test Loss.: 0.2699
Train Acc.: 0.5782 | Test Acc.: 0.5846
Epoch: 045/200   | Learning Rate 0.001000
Train Auc.: 0.9400 | Test Auc.: 0.9374
Train Loss.: 0.1636 | Test Loss.: 0.1646
Train Acc.: 0.7704 | Test Acc.: 0.7690
Epoch: 046/200   | Learning Rate 0.001000
Train Auc.: 0.9279 | Test Auc.: 0.9257
Train Loss.: 0.1356 | Test Loss.: 0.1364
Train Acc.: 0.8314 | Test Acc.: 0.8305
Epoch: 047/200   | Learning Rate 0.001000
Train Auc.: 0.9298 | Test Auc.: 0.9261
Train Loss.: 0.1438 | Test Loss.: 0.1478
Train Acc.: 0.7936 | Test Acc.: 0.7836
Epoch: 048/200   | Learning Rate 0.001000
Train Auc.: 0.9247 | Test Auc.: 0.9233
Train Loss.: 0.1895 | Test Loss.: 0.1919
Train Acc.: 0.7064 | Test Acc.: 0.7020
Epoch: 049/200   | Learning Rate 0.001000
Train Auc.: 0.9177 | Test Auc.: 0.9161
Train Loss.: 0.2192 | Test Loss.: 0.2214
Train Acc.: 0.6706 | Test Acc.: 0.6692
Epoch: 050/200   | Learning Rate 0.001000
Train Auc.: 0.9252 | Test Auc.: 0.9236
Train Loss.: 0.2478 | Test Loss.: 0.2514
Train Acc.: 0.6353 | Test Acc.: 0.6297
Epoch: 051/200   | Learning Rate 0.001000
Train Auc.: 0.9238 | Test Auc.: 0.9199
Train Loss.: 0.1963 | Test Loss.: 0.2023
Train Acc.: 0.6974 | Test Acc.: 0.6885
Epoch: 052/200   | Learning Rate 0.001000
Train Auc.: 0.9344 | Test Auc.: 0.9311
Train Loss.: 0.1549 | Test Loss.: 0.1584
Train Acc.: 0.7786 | Test Acc.: 0.7722
Epoch: 053/200   | Learning Rate 0.001000
Train Auc.: 0.9355 | Test Auc.: 0.9314
Train Loss.: 0.1131 | Test Loss.: 0.1158
Train Acc.: 0.8589 | Test Acc.: 0.8544
Epoch: 054/200   | Learning Rate 0.001000
Train Auc.: 0.9354 | Test Auc.: 0.9318
Train Loss.: 0.1174 | Test Loss.: 0.1198
Train Acc.: 0.8494 | Test Acc.: 0.8462
Epoch: 055/200   | Learning Rate 0.001000
Train Auc.: 0.9420 | Test Auc.: 0.9399
Train Loss.: 0.1455 | Test Loss.: 0.1465
Train Acc.: 0.8098 | Test Acc.: 0.8102
Epoch: 056/200   | Learning Rate 0.001000
Train Auc.: 0.9399 | Test Auc.: 0.9383
Train Loss.: 0.1737 | Test Loss.: 0.1732
Train Acc.: 0.7722 | Test Acc.: 0.7748
Epoch: 057/200   | Learning Rate 0.001000
Train Auc.: 0.9405 | Test Auc.: 0.9346
Train Loss.: 0.1658 | Test Loss.: 0.1673
Train Acc.: 0.7831 | Test Acc.: 0.7848
Epoch: 058/200   | Learning Rate 0.001000
Train Auc.: 0.9359 | Test Auc.: 0.9348
Train Loss.: 0.1458 | Test Loss.: 0.1468
Train Acc.: 0.8136 | Test Acc.: 0.8103
Epoch: 059/200   | Learning Rate 0.001000
Train Auc.: 0.9379 | Test Auc.: 0.9358
Train Loss.: 0.1290 | Test Loss.: 0.1305
Train Acc.: 0.8347 | Test Acc.: 0.8304
Epoch: 060/200   | Learning Rate 0.001000
Train Auc.: 0.9358 | Test Auc.: 0.9357
Train Loss.: 0.1146 | Test Loss.: 0.1150
Train Acc.: 0.8548 | Test Acc.: 0.8551
Epoch: 061/200   | Learning Rate 0.001000
Train Auc.: 0.9325 | Test Auc.: 0.9293
Train Loss.: 0.1121 | Test Loss.: 0.1146
Train Acc.: 0.8521 | Test Acc.: 0.8441
Epoch: 062/200   | Learning Rate 0.001000
Train Auc.: 0.9377 | Test Auc.: 0.9342
Train Loss.: 0.1163 | Test Loss.: 0.1197
Train Acc.: 0.8424 | Test Acc.: 0.8333
Epoch: 063/200   | Learning Rate 0.001000
Train Auc.: 0.9362 | Test Auc.: 0.9341
Train Loss.: 0.1343 | Test Loss.: 0.1369
Train Acc.: 0.8127 | Test Acc.: 0.8105
Epoch: 064/200   | Learning Rate 0.001000
Train Auc.: 0.9338 | Test Auc.: 0.9335
Train Loss.: 0.1326 | Test Loss.: 0.1344
Train Acc.: 0.8167 | Test Acc.: 0.8090
Epoch: 065/200   | Learning Rate 0.001000
Train Auc.: 0.9315 | Test Auc.: 0.9290
Train Loss.: 0.1449 | Test Loss.: 0.1482
Train Acc.: 0.8087 | Test Acc.: 0.8001
Epoch: 066/200   | Learning Rate 0.001000
Train Auc.: 0.9332 | Test Auc.: 0.9294
Train Loss.: 0.1429 | Test Loss.: 0.1463
Train Acc.: 0.8243 | Test Acc.: 0.8201
Epoch: 067/200   | Learning Rate 0.001000
Train Auc.: 0.9362 | Test Auc.: 0.9350
Train Loss.: 0.1088 | Test Loss.: 0.1104
Train Acc.: 0.8629 | Test Acc.: 0.8608
Epoch: 068/200   | Learning Rate 0.001000
Train Auc.: 0.9422 | Test Auc.: 0.9399
Train Loss.: 0.1059 | Test Loss.: 0.1082
Train Acc.: 0.8682 | Test Acc.: 0.8625
Epoch: 069/200   | Learning Rate 0.001000
Train Auc.: 0.9387 | Test Auc.: 0.9345
Train Loss.: 0.1278 | Test Loss.: 0.1303
Train Acc.: 0.8408 | Test Acc.: 0.8368
Epoch: 070/200   | Learning Rate 0.001000
Train Auc.: 0.9366 | Test Auc.: 0.9350
Train Loss.: 0.1278 | Test Loss.: 0.1295
Train Acc.: 0.8451 | Test Acc.: 0.8431
Epoch: 071/200   | Learning Rate 0.001000
Train Auc.: 0.9416 | Test Auc.: 0.9393
Train Loss.: 0.1324 | Test Loss.: 0.1342
Train Acc.: 0.8353 | Test Acc.: 0.8308
Epoch: 072/200   | Learning Rate 0.001000
Train Auc.: 0.9410 | Test Auc.: 0.9381
Train Loss.: 0.1197 | Test Loss.: 0.1223
Train Acc.: 0.8503 | Test Acc.: 0.8476
Epoch: 073/200   | Learning Rate 0.001000
Train Auc.: 0.9363 | Test Auc.: 0.9329
Train Loss.: 0.1183 | Test Loss.: 0.1209
Train Acc.: 0.8531 | Test Acc.: 0.8476
Epoch: 074/200   | Learning Rate 0.001000
Train Auc.: 0.9377 | Test Auc.: 0.9365
Train Loss.: 0.1077 | Test Loss.: 0.1093
Train Acc.: 0.8633 | Test Acc.: 0.8621
Epoch: 075/200   | Learning Rate 0.001000
Train Auc.: 0.9356 | Test Auc.: 0.9362
Train Loss.: 0.1098 | Test Loss.: 0.1099
Train Acc.: 0.8602 | Test Acc.: 0.8582
Epoch: 076/200   | Learning Rate 0.001000
Train Auc.: 0.9401 | Test Auc.: 0.9386
Train Loss.: 0.1190 | Test Loss.: 0.1205
Train Acc.: 0.8458 | Test Acc.: 0.8433
Epoch: 077/200   | Learning Rate 0.001000
Train Auc.: 0.9403 | Test Auc.: 0.9371
Train Loss.: 0.1107 | Test Loss.: 0.1139
Train Acc.: 0.8552 | Test Acc.: 0.8485
Epoch: 078/200   | Learning Rate 0.001000
Train Auc.: 0.9399 | Test Auc.: 0.9354
Train Loss.: 0.1225 | Test Loss.: 0.1262
Train Acc.: 0.8360 | Test Acc.: 0.8302
Epoch: 079/200   | Learning Rate 0.001000
Train Auc.: 0.9335 | Test Auc.: 0.9306
Train Loss.: 0.1122 | Test Loss.: 0.1146
Train Acc.: 0.8518 | Test Acc.: 0.8486
Epoch: 080/200   | Learning Rate 0.001000
Train Auc.: 0.9367 | Test Auc.: 0.9332
Train Loss.: 0.1087 | Test Loss.: 0.1115
Train Acc.: 0.8591 | Test Acc.: 0.8558
Epoch: 081/200   | Learning Rate 0.001000
Train Auc.: 0.9395 | Test Auc.: 0.9358
Train Loss.: 0.1114 | Test Loss.: 0.1148
Train Acc.: 0.8577 | Test Acc.: 0.8497
Epoch: 082/200   | Learning Rate 0.001000
Train Auc.: 0.9405 | Test Auc.: 0.9376
Train Loss.: 0.1078 | Test Loss.: 0.1102
Train Acc.: 0.8631 | Test Acc.: 0.8620
Epoch: 083/200   | Learning Rate 0.001000
Train Auc.: 0.9432 | Test Auc.: 0.9386
Train Loss.: 0.1133 | Test Loss.: 0.1165
Train Acc.: 0.8638 | Test Acc.: 0.8573
Epoch: 084/200   | Learning Rate 0.001000
Train Auc.: 0.9447 | Test Auc.: 0.9417
Train Loss.: 0.1047 | Test Loss.: 0.1074
Train Acc.: 0.8717 | Test Acc.: 0.8653
Epoch: 085/200   | Learning Rate 0.001000
Train Auc.: 0.9390 | Test Auc.: 0.9360
Train Loss.: 0.1178 | Test Loss.: 0.1203
Train Acc.: 0.8557 | Test Acc.: 0.8483
Epoch: 086/200   | Learning Rate 0.001000
Train Auc.: 0.9431 | Test Auc.: 0.9409
Train Loss.: 0.1109 | Test Loss.: 0.1125
Train Acc.: 0.8659 | Test Acc.: 0.8624
Epoch: 087/200   | Learning Rate 0.001000
Train Auc.: 0.9405 | Test Auc.: 0.9366
Train Loss.: 0.1086 | Test Loss.: 0.1113
Train Acc.: 0.8674 | Test Acc.: 0.8636
Epoch: 088/200   | Learning Rate 0.001000
Train Auc.: 0.9400 | Test Auc.: 0.9370
Train Loss.: 0.1059 | Test Loss.: 0.1085
Train Acc.: 0.8672 | Test Acc.: 0.8615
Epoch: 089/200   | Learning Rate 0.001000
Train Auc.: 0.9416 | Test Auc.: 0.9376
Train Loss.: 0.1057 | Test Loss.: 0.1089
Train Acc.: 0.8630 | Test Acc.: 0.8584
Epoch: 090/200   | Learning Rate 0.001000
Train Auc.: 0.9388 | Test Auc.: 0.9367
Train Loss.: 0.1123 | Test Loss.: 0.1147
Train Acc.: 0.8562 | Test Acc.: 0.8494
Epoch: 091/200   | Learning Rate 0.001000
Train Auc.: 0.9379 | Test Auc.: 0.9355
Train Loss.: 0.1189 | Test Loss.: 0.1220
Train Acc.: 0.8455 | Test Acc.: 0.8400
Epoch: 092/200   | Learning Rate 0.001000
Train Auc.: 0.9422 | Test Auc.: 0.9387
Train Loss.: 0.1043 | Test Loss.: 0.1075
Train Acc.: 0.8684 | Test Acc.: 0.8625
Epoch: 093/200   | Learning Rate 0.001000
Train Auc.: 0.9422 | Test Auc.: 0.9405
Train Loss.: 0.1047 | Test Loss.: 0.1067
Train Acc.: 0.8658 | Test Acc.: 0.8629
Epoch: 094/200   | Learning Rate 0.001000
Train Auc.: 0.9406 | Test Auc.: 0.9385
Train Loss.: 0.1053 | Test Loss.: 0.1075
Train Acc.: 0.8631 | Test Acc.: 0.8576
Epoch: 095/200   | Learning Rate 0.001000
Train Auc.: 0.9421 | Test Auc.: 0.9401
Train Loss.: 0.1040 | Test Loss.: 0.1062
Train Acc.: 0.8646 | Test Acc.: 0.8628
Epoch: 096/200   | Learning Rate 0.001000
Train Auc.: 0.9437 | Test Auc.: 0.9397
Train Loss.: 0.1036 | Test Loss.: 0.1069
Train Acc.: 0.8708 | Test Acc.: 0.8595
Epoch: 097/200   | Learning Rate 0.001000
Train Auc.: 0.9428 | Test Auc.: 0.9398
Train Loss.: 0.1057 | Test Loss.: 0.1086
Train Acc.: 0.8665 | Test Acc.: 0.8620
Epoch: 098/200   | Learning Rate 0.001000
Train Auc.: 0.9420 | Test Auc.: 0.9378
Train Loss.: 0.1103 | Test Loss.: 0.1137
Train Acc.: 0.8622 | Test Acc.: 0.8588
Epoch: 099/200   | Learning Rate 0.001000
Train Auc.: 0.9424 | Test Auc.: 0.9420
Train Loss.: 0.1045 | Test Loss.: 0.1053
Train Acc.: 0.8685 | Test Acc.: 0.8661
Epoch: 100/200   | Learning Rate 0.001000
Train Auc.: 0.9429 | Test Auc.: 0.9403
Train Loss.: 0.1035 | Test Loss.: 0.1060
Train Acc.: 0.8709 | Test Acc.: 0.8665
Epoch: 101/200   | Learning Rate 0.000900
Train Auc.: 0.9422 | Test Auc.: 0.9391
Train Loss.: 0.1083 | Test Loss.: 0.1109
Train Acc.: 0.8650 | Test Acc.: 0.8618
Epoch: 102/200   | Learning Rate 0.000900
Train Auc.: 0.9425 | Test Auc.: 0.9407
Train Loss.: 0.1052 | Test Loss.: 0.1073
Train Acc.: 0.8705 | Test Acc.: 0.8634
Epoch: 103/200   | Learning Rate 0.000900
Train Auc.: 0.9421 | Test Auc.: 0.9394
Train Loss.: 0.1043 | Test Loss.: 0.1068
Train Acc.: 0.8689 | Test Acc.: 0.8616
Epoch: 104/200   | Learning Rate 0.000900
Train Auc.: 0.9422 | Test Auc.: 0.9404
Train Loss.: 0.1050 | Test Loss.: 0.1074
Train Acc.: 0.8640 | Test Acc.: 0.8589
Epoch: 105/200   | Learning Rate 0.000900
Train Auc.: 0.9412 | Test Auc.: 0.9369
Train Loss.: 0.1054 | Test Loss.: 0.1089
Train Acc.: 0.8705 | Test Acc.: 0.8591
Epoch: 106/200   | Learning Rate 0.000900
Train Auc.: 0.9417 | Test Auc.: 0.9385
Train Loss.: 0.1072 | Test Loss.: 0.1105
Train Acc.: 0.8618 | Test Acc.: 0.8556
Epoch: 107/200   | Learning Rate 0.000900
Train Auc.: 0.9406 | Test Auc.: 0.9381
Train Loss.: 0.1072 | Test Loss.: 0.1097
Train Acc.: 0.8578 | Test Acc.: 0.8508
Epoch: 108/200   | Learning Rate 0.000900
Train Auc.: 0.9434 | Test Auc.: 0.9404
Train Loss.: 0.1039 | Test Loss.: 0.1065
Train Acc.: 0.8662 | Test Acc.: 0.8659
Epoch: 109/200   | Learning Rate 0.000900
Train Auc.: 0.9461 | Test Auc.: 0.9431
Train Loss.: 0.1012 | Test Loss.: 0.1038
Train Acc.: 0.8758 | Test Acc.: 0.8698
Epoch: 110/200   | Learning Rate 0.000900
Train Auc.: 0.9424 | Test Auc.: 0.9394
Train Loss.: 0.1060 | Test Loss.: 0.1089
Train Acc.: 0.8642 | Test Acc.: 0.8615
Epoch: 111/200   | Learning Rate 0.000900
Train Auc.: 0.9443 | Test Auc.: 0.9410
Train Loss.: 0.1057 | Test Loss.: 0.1084
Train Acc.: 0.8678 | Test Acc.: 0.8627
Epoch: 112/200   | Learning Rate 0.000900
Train Auc.: 0.9409 | Test Auc.: 0.9394
Train Loss.: 0.1058 | Test Loss.: 0.1078
Train Acc.: 0.8685 | Test Acc.: 0.8650
Epoch: 113/200   | Learning Rate 0.000900
Train Auc.: 0.9437 | Test Auc.: 0.9419
Train Loss.: 0.1056 | Test Loss.: 0.1075
Train Acc.: 0.8706 | Test Acc.: 0.8669
Epoch: 114/200   | Learning Rate 0.000900
Train Auc.: 0.9432 | Test Auc.: 0.9392
Train Loss.: 0.1039 | Test Loss.: 0.1072
Train Acc.: 0.8708 | Test Acc.: 0.8661
Epoch: 115/200   | Learning Rate 0.000900
Train Auc.: 0.9416 | Test Auc.: 0.9391
Train Loss.: 0.1074 | Test Loss.: 0.1101
Train Acc.: 0.8625 | Test Acc.: 0.8580
Epoch: 116/200   | Learning Rate 0.000900
Train Auc.: 0.9413 | Test Auc.: 0.9376
Train Loss.: 0.1052 | Test Loss.: 0.1085
Train Acc.: 0.8640 | Test Acc.: 0.8588
Epoch: 117/200   | Learning Rate 0.000900
Train Auc.: 0.9438 | Test Auc.: 0.9411
Train Loss.: 0.1034 | Test Loss.: 0.1060
Train Acc.: 0.8679 | Test Acc.: 0.8626
Epoch: 118/200   | Learning Rate 0.000900
Train Auc.: 0.9446 | Test Auc.: 0.9427
Train Loss.: 0.1023 | Test Loss.: 0.1044
Train Acc.: 0.8701 | Test Acc.: 0.8688
Epoch: 119/200   | Learning Rate 0.000900
Train Auc.: 0.9440 | Test Auc.: 0.9416
Train Loss.: 0.1030 | Test Loss.: 0.1057
Train Acc.: 0.8732 | Test Acc.: 0.8655
Epoch: 120/200   | Learning Rate 0.000900
Train Auc.: 0.9454 | Test Auc.: 0.9428
Train Loss.: 0.1013 | Test Loss.: 0.1040
Train Acc.: 0.8731 | Test Acc.: 0.8692
Epoch: 121/200   | Learning Rate 0.000900
Train Auc.: 0.9433 | Test Auc.: 0.9393
Train Loss.: 0.1038 | Test Loss.: 0.1069
Train Acc.: 0.8710 | Test Acc.: 0.8647
Epoch: 122/200   | Learning Rate 0.000900
Train Auc.: 0.9444 | Test Auc.: 0.9432
Train Loss.: 0.1037 | Test Loss.: 0.1054
Train Acc.: 0.8731 | Test Acc.: 0.8698
Epoch: 123/200   | Learning Rate 0.000900
Train Auc.: 0.9423 | Test Auc.: 0.9401
Train Loss.: 0.1036 | Test Loss.: 0.1058
Train Acc.: 0.8695 | Test Acc.: 0.8640
Epoch: 124/200   | Learning Rate 0.000900
Train Auc.: 0.9431 | Test Auc.: 0.9412
Train Loss.: 0.1033 | Test Loss.: 0.1054
Train Acc.: 0.8682 | Test Acc.: 0.8637
Epoch: 125/200   | Learning Rate 0.000900
Train Auc.: 0.9413 | Test Auc.: 0.9398
Train Loss.: 0.1054 | Test Loss.: 0.1074
Train Acc.: 0.8641 | Test Acc.: 0.8647
Epoch: 126/200   | Learning Rate 0.000900
Train Auc.: 0.9431 | Test Auc.: 0.9392
Train Loss.: 0.1059 | Test Loss.: 0.1093
Train Acc.: 0.8664 | Test Acc.: 0.8596
Epoch: 127/200   | Learning Rate 0.000900
Train Auc.: 0.9452 | Test Auc.: 0.9436
Train Loss.: 0.1016 | Test Loss.: 0.1035
Train Acc.: 0.8717 | Test Acc.: 0.8691
Epoch: 128/200   | Learning Rate 0.000900
Train Auc.: 0.9453 | Test Auc.: 0.9432
Train Loss.: 0.1018 | Test Loss.: 0.1044
Train Acc.: 0.8734 | Test Acc.: 0.8697
Epoch: 129/200   | Learning Rate 0.000900
Train Auc.: 0.9441 | Test Auc.: 0.9423
Train Loss.: 0.1020 | Test Loss.: 0.1043
Train Acc.: 0.8726 | Test Acc.: 0.8666
Epoch: 130/200   | Learning Rate 0.000900
Train Auc.: 0.9431 | Test Auc.: 0.9393
Train Loss.: 0.1037 | Test Loss.: 0.1068
Train Acc.: 0.8689 | Test Acc.: 0.8634
Epoch: 131/200   | Learning Rate 0.000900
Train Auc.: 0.9440 | Test Auc.: 0.9421
Train Loss.: 0.1039 | Test Loss.: 0.1057
Train Acc.: 0.8711 | Test Acc.: 0.8684
Epoch: 132/200   | Learning Rate 0.000900
Train Auc.: 0.9439 | Test Auc.: 0.9438
Train Loss.: 0.1023 | Test Loss.: 0.1034
Train Acc.: 0.8687 | Test Acc.: 0.8688
Epoch: 133/200   | Learning Rate 0.000900
Train Auc.: 0.9428 | Test Auc.: 0.9408
Train Loss.: 0.1037 | Test Loss.: 0.1059
Train Acc.: 0.8711 | Test Acc.: 0.8675
Epoch: 134/200   | Learning Rate 0.000900
Train Auc.: 0.9423 | Test Auc.: 0.9394
Train Loss.: 0.1045 | Test Loss.: 0.1073
Train Acc.: 0.8640 | Test Acc.: 0.8599
Epoch: 135/200   | Learning Rate 0.000900
Train Auc.: 0.9441 | Test Auc.: 0.9413
Train Loss.: 0.1051 | Test Loss.: 0.1077
Train Acc.: 0.8691 | Test Acc.: 0.8639
Epoch: 136/200   | Learning Rate 0.000900
Train Auc.: 0.9458 | Test Auc.: 0.9427
Train Loss.: 0.1019 | Test Loss.: 0.1044
Train Acc.: 0.8710 | Test Acc.: 0.8667
Epoch: 137/200   | Learning Rate 0.000900
Train Auc.: 0.9476 | Test Auc.: 0.9447
Train Loss.: 0.0997 | Test Loss.: 0.1025
Train Acc.: 0.8757 | Test Acc.: 0.8711
Epoch: 138/200   | Learning Rate 0.000900
Train Auc.: 0.9455 | Test Auc.: 0.9415
Train Loss.: 0.1033 | Test Loss.: 0.1065
Train Acc.: 0.8732 | Test Acc.: 0.8674
Epoch: 139/200   | Learning Rate 0.000900
Train Auc.: 0.9431 | Test Auc.: 0.9407
Train Loss.: 0.1038 | Test Loss.: 0.1060
Train Acc.: 0.8695 | Test Acc.: 0.8666
Epoch: 140/200   | Learning Rate 0.000900
Train Auc.: 0.9453 | Test Auc.: 0.9412
Train Loss.: 0.1014 | Test Loss.: 0.1050
Train Acc.: 0.8702 | Test Acc.: 0.8614
Epoch: 141/200   | Learning Rate 0.000900
Train Auc.: 0.9443 | Test Auc.: 0.9415
Train Loss.: 0.1025 | Test Loss.: 0.1055
Train Acc.: 0.8720 | Test Acc.: 0.8695
Epoch: 142/200   | Learning Rate 0.000900
Train Auc.: 0.9420 | Test Auc.: 0.9403
Train Loss.: 0.1038 | Test Loss.: 0.1055
Train Acc.: 0.8673 | Test Acc.: 0.8645
Epoch: 143/200   | Learning Rate 0.000900
Train Auc.: 0.9460 | Test Auc.: 0.9439
Train Loss.: 0.1005 | Test Loss.: 0.1027
Train Acc.: 0.8732 | Test Acc.: 0.8709
Epoch: 144/200   | Learning Rate 0.000900
Train Auc.: 0.9464 | Test Auc.: 0.9431
Train Loss.: 0.1014 | Test Loss.: 0.1046
Train Acc.: 0.8743 | Test Acc.: 0.8689
Epoch: 145/200   | Learning Rate 0.000900
Train Auc.: 0.9464 | Test Auc.: 0.9432
Train Loss.: 0.1031 | Test Loss.: 0.1061
Train Acc.: 0.8690 | Test Acc.: 0.8630
Epoch: 146/200   | Learning Rate 0.000900
Train Auc.: 0.9458 | Test Auc.: 0.9441
Train Loss.: 0.1011 | Test Loss.: 0.1032
Train Acc.: 0.8753 | Test Acc.: 0.8713
Epoch: 147/200   | Learning Rate 0.000900
Train Auc.: 0.9421 | Test Auc.: 0.9408
Train Loss.: 0.1039 | Test Loss.: 0.1056
Train Acc.: 0.8669 | Test Acc.: 0.8634
Epoch: 148/200   | Learning Rate 0.000900
Train Auc.: 0.9455 | Test Auc.: 0.9425
Train Loss.: 0.1014 | Test Loss.: 0.1040
Train Acc.: 0.8753 | Test Acc.: 0.8640
Epoch: 149/200   | Learning Rate 0.000900
Train Auc.: 0.9462 | Test Auc.: 0.9455
Train Loss.: 0.1014 | Test Loss.: 0.1027
Train Acc.: 0.8745 | Test Acc.: 0.8726
Epoch: 150/200   | Learning Rate 0.000900
Train Auc.: 0.9453 | Test Auc.: 0.9435
Train Loss.: 0.1028 | Test Loss.: 0.1048
Train Acc.: 0.8726 | Test Acc.: 0.8685
Epoch: 151/200   | Learning Rate 0.000900
Train Auc.: 0.9416 | Test Auc.: 0.9384
Train Loss.: 0.1101 | Test Loss.: 0.1126
Train Acc.: 0.8625 | Test Acc.: 0.8584
Epoch: 152/200   | Learning Rate 0.000900
Train Auc.: 0.9440 | Test Auc.: 0.9402
Train Loss.: 0.1038 | Test Loss.: 0.1071
Train Acc.: 0.8699 | Test Acc.: 0.8649
Epoch: 153/200   | Learning Rate 0.000900
Train Auc.: 0.9427 | Test Auc.: 0.9406
Train Loss.: 0.1034 | Test Loss.: 0.1055
Train Acc.: 0.8696 | Test Acc.: 0.8657
Epoch: 154/200   | Learning Rate 0.000900
Train Auc.: 0.9455 | Test Auc.: 0.9426
Train Loss.: 0.1019 | Test Loss.: 0.1046
Train Acc.: 0.8713 | Test Acc.: 0.8690
Epoch: 155/200   | Learning Rate 0.000900
Train Auc.: 0.9448 | Test Auc.: 0.9428
Train Loss.: 0.1020 | Test Loss.: 0.1044
Train Acc.: 0.8702 | Test Acc.: 0.8653
Epoch: 156/200   | Learning Rate 0.000900
Train Auc.: 0.9433 | Test Auc.: 0.9410
Train Loss.: 0.1053 | Test Loss.: 0.1077
Train Acc.: 0.8633 | Test Acc.: 0.8582
Epoch: 157/200   | Learning Rate 0.000900
Train Auc.: 0.9428 | Test Auc.: 0.9414
Train Loss.: 0.1037 | Test Loss.: 0.1056
Train Acc.: 0.8676 | Test Acc.: 0.8664
Epoch: 158/200   | Learning Rate 0.000900
Train Auc.: 0.9455 | Test Auc.: 0.9422
Train Loss.: 0.1015 | Test Loss.: 0.1046
Train Acc.: 0.8730 | Test Acc.: 0.8642
Epoch: 159/200   | Learning Rate 0.000900
Train Auc.: 0.9454 | Test Auc.: 0.9447
Train Loss.: 0.1017 | Test Loss.: 0.1030
Train Acc.: 0.8734 | Test Acc.: 0.8698
Epoch: 160/200   | Learning Rate 0.000900
Train Auc.: 0.9458 | Test Auc.: 0.9442
Train Loss.: 0.1008 | Test Loss.: 0.1026
Train Acc.: 0.8722 | Test Acc.: 0.8668
Epoch: 161/200   | Learning Rate 0.000900
Train Auc.: 0.9461 | Test Auc.: 0.9437
Train Loss.: 0.1007 | Test Loss.: 0.1036
Train Acc.: 0.8732 | Test Acc.: 0.8692
Epoch: 162/200   | Learning Rate 0.000900
Train Auc.: 0.9475 | Test Auc.: 0.9464
Train Loss.: 0.1000 | Test Loss.: 0.1018
Train Acc.: 0.8782 | Test Acc.: 0.8715
Epoch: 163/200   | Learning Rate 0.000900
Train Auc.: 0.9454 | Test Auc.: 0.9438
Train Loss.: 0.1022 | Test Loss.: 0.1042
Train Acc.: 0.8709 | Test Acc.: 0.8691
Epoch: 164/200   | Learning Rate 0.000900
Train Auc.: 0.9465 | Test Auc.: 0.9447
Train Loss.: 0.1043 | Test Loss.: 0.1058
Train Acc.: 0.8696 | Test Acc.: 0.8686
Epoch: 165/200   | Learning Rate 0.000900
Train Auc.: 0.9460 | Test Auc.: 0.9448
Train Loss.: 0.1004 | Test Loss.: 0.1021
Train Acc.: 0.8725 | Test Acc.: 0.8725
Epoch: 166/200   | Learning Rate 0.000900
Train Auc.: 0.9465 | Test Auc.: 0.9447
Train Loss.: 0.1003 | Test Loss.: 0.1023
Train Acc.: 0.8723 | Test Acc.: 0.8696
Epoch: 167/200   | Learning Rate 0.000900
Train Auc.: 0.9473 | Test Auc.: 0.9450
Train Loss.: 0.1028 | Test Loss.: 0.1053
Train Acc.: 0.8743 | Test Acc.: 0.8686
Epoch: 168/200   | Learning Rate 0.000900
Train Auc.: 0.9436 | Test Auc.: 0.9415
Train Loss.: 0.1037 | Test Loss.: 0.1056
Train Acc.: 0.8685 | Test Acc.: 0.8622
Epoch: 169/200   | Learning Rate 0.000900
Train Auc.: 0.9468 | Test Auc.: 0.9445
Train Loss.: 0.1025 | Test Loss.: 0.1048
Train Acc.: 0.8688 | Test Acc.: 0.8622
Epoch: 170/200   | Learning Rate 0.000900
Train Auc.: 0.9458 | Test Auc.: 0.9420
Train Loss.: 0.1029 | Test Loss.: 0.1068
Train Acc.: 0.8670 | Test Acc.: 0.8583
Epoch: 171/200   | Learning Rate 0.000900
Train Auc.: 0.9468 | Test Auc.: 0.9460
Train Loss.: 0.1002 | Test Loss.: 0.1017
Train Acc.: 0.8748 | Test Acc.: 0.8747
Epoch: 172/200   | Learning Rate 0.000900
Train Auc.: 0.9468 | Test Auc.: 0.9438
Train Loss.: 0.1011 | Test Loss.: 0.1036
Train Acc.: 0.8750 | Test Acc.: 0.8703
Epoch: 173/200   | Learning Rate 0.000900
Train Auc.: 0.9458 | Test Auc.: 0.9437
Train Loss.: 0.1009 | Test Loss.: 0.1030
Train Acc.: 0.8750 | Test Acc.: 0.8703
Epoch: 174/200   | Learning Rate 0.000900
Train Auc.: 0.9495 | Test Auc.: 0.9487
Train Loss.: 0.1008 | Test Loss.: 0.1018
Train Acc.: 0.8777 | Test Acc.: 0.8753
Epoch: 175/200   | Learning Rate 0.000900
Train Auc.: 0.9466 | Test Auc.: 0.9441
Train Loss.: 0.1004 | Test Loss.: 0.1032
Train Acc.: 0.8752 | Test Acc.: 0.8706
Epoch: 176/200   | Learning Rate 0.000900
Train Auc.: 0.9482 | Test Auc.: 0.9449
Train Loss.: 0.0994 | Test Loss.: 0.1023
Train Acc.: 0.8785 | Test Acc.: 0.8728
Epoch: 177/200   | Learning Rate 0.000900
Train Auc.: 0.9456 | Test Auc.: 0.9423
Train Loss.: 0.1010 | Test Loss.: 0.1041
Train Acc.: 0.8726 | Test Acc.: 0.8696
Epoch: 178/200   | Learning Rate 0.000900
Train Auc.: 0.9433 | Test Auc.: 0.9395
Train Loss.: 0.1025 | Test Loss.: 0.1058
Train Acc.: 0.8706 | Test Acc.: 0.8620
Epoch: 179/200   | Learning Rate 0.000900
Train Auc.: 0.9447 | Test Auc.: 0.9431
Train Loss.: 0.1021 | Test Loss.: 0.1041
Train Acc.: 0.8723 | Test Acc.: 0.8691
Epoch: 180/200   | Learning Rate 0.000900
Train Auc.: 0.9462 | Test Auc.: 0.9452
Train Loss.: 0.1005 | Test Loss.: 0.1026
Train Acc.: 0.8738 | Test Acc.: 0.8715
Epoch: 181/200   | Learning Rate 0.000900
Train Auc.: 0.9473 | Test Auc.: 0.9454
Train Loss.: 0.1002 | Test Loss.: 0.1026
Train Acc.: 0.8724 | Test Acc.: 0.8697
Epoch: 182/200   | Learning Rate 0.000900
Train Auc.: 0.9465 | Test Auc.: 0.9446
Train Loss.: 0.1007 | Test Loss.: 0.1029
Train Acc.: 0.8732 | Test Acc.: 0.8684
Epoch: 183/200   | Learning Rate 0.000900
Train Auc.: 0.9463 | Test Auc.: 0.9447
Train Loss.: 0.1004 | Test Loss.: 0.1022
Train Acc.: 0.8743 | Test Acc.: 0.8689
Epoch: 184/200   | Learning Rate 0.000900
Train Auc.: 0.9464 | Test Auc.: 0.9432
Train Loss.: 0.1000 | Test Loss.: 0.1031
Train Acc.: 0.8748 | Test Acc.: 0.8661
Epoch: 185/200   | Learning Rate 0.000900
Train Auc.: 0.9479 | Test Auc.: 0.9453
Train Loss.: 0.0989 | Test Loss.: 0.1016
Train Acc.: 0.8779 | Test Acc.: 0.8716
Epoch: 186/200   | Learning Rate 0.000900
Train Auc.: 0.9480 | Test Auc.: 0.9450
Train Loss.: 0.0996 | Test Loss.: 0.1029
Train Acc.: 0.8780 | Test Acc.: 0.8721
Epoch: 187/200   | Learning Rate 0.000900
Train Auc.: 0.9464 | Test Auc.: 0.9450
Train Loss.: 0.1005 | Test Loss.: 0.1022
Train Acc.: 0.8723 | Test Acc.: 0.8688
Epoch: 188/200   | Learning Rate 0.000900
Train Auc.: 0.9475 | Test Auc.: 0.9455
Train Loss.: 0.1011 | Test Loss.: 0.1033
Train Acc.: 0.8760 | Test Acc.: 0.8736
Epoch: 189/200   | Learning Rate 0.000900
Train Auc.: 0.9448 | Test Auc.: 0.9439
Train Loss.: 0.1027 | Test Loss.: 0.1045
Train Acc.: 0.8721 | Test Acc.: 0.8690
Epoch: 190/200   | Learning Rate 0.000900
Train Auc.: 0.9458 | Test Auc.: 0.9432
Train Loss.: 0.1009 | Test Loss.: 0.1033
Train Acc.: 0.8731 | Test Acc.: 0.8675
Epoch: 191/200   | Learning Rate 0.000900
Train Auc.: 0.9491 | Test Auc.: 0.9469
Train Loss.: 0.0987 | Test Loss.: 0.1009
Train Acc.: 0.8771 | Test Acc.: 0.8719
Epoch: 192/200   | Learning Rate 0.000900
Train Auc.: 0.9448 | Test Auc.: 0.9413
Train Loss.: 0.1018 | Test Loss.: 0.1048
Train Acc.: 0.8705 | Test Acc.: 0.8686
Epoch: 193/200   | Learning Rate 0.000900
Train Auc.: 0.9460 | Test Auc.: 0.9433
Train Loss.: 0.1018 | Test Loss.: 0.1045
Train Acc.: 0.8696 | Test Acc.: 0.8694
Epoch: 194/200   | Learning Rate 0.000900
Train Auc.: 0.9466 | Test Auc.: 0.9448
Train Loss.: 0.1005 | Test Loss.: 0.1030
Train Acc.: 0.8732 | Test Acc.: 0.8690
Epoch: 195/200   | Learning Rate 0.000900
Train Auc.: 0.9460 | Test Auc.: 0.9438
Train Loss.: 0.1008 | Test Loss.: 0.1032
Train Acc.: 0.8759 | Test Acc.: 0.8700
Epoch: 196/200   | Learning Rate 0.000900
Train Auc.: 0.9444 | Test Auc.: 0.9430
Train Loss.: 0.1017 | Test Loss.: 0.1036
Train Acc.: 0.8705 | Test Acc.: 0.8653
Epoch: 197/200   | Learning Rate 0.000900
Train Auc.: 0.9478 | Test Auc.: 0.9445
Train Loss.: 0.0997 | Test Loss.: 0.1026
Train Acc.: 0.8765 | Test Acc.: 0.8721
Epoch: 198/200   | Learning Rate 0.000900
Train Auc.: 0.9461 | Test Auc.: 0.9432
Train Loss.: 0.1016 | Test Loss.: 0.1043
Train Acc.: 0.8734 | Test Acc.: 0.8696
Epoch: 199/200   | Learning Rate 0.000900
Train Auc.: 0.9460 | Test Auc.: 0.9434
Train Loss.: 0.1007 | Test Loss.: 0.1034
Train Acc.: 0.8733 | Test Acc.: 0.8682
Epoch: 200/200   | Learning Rate 0.000900
Train Auc.: 0.9479 | Test Auc.: 0.9461
Train Loss.: 0.0999 | Test Loss.: 0.1019
Train Acc.: 0.8778 | Test Acc.: 0.8732
Epoch: 001/200   | Learning Rate 0.000810
Train Auc.: 0.9436 | Test Auc.: 0.9464
Train Loss.: 0.1029 | Test Loss.: 0.1002
Train Acc.: 0.8704 | Test Acc.: 0.8747
Epoch: 002/200   | Learning Rate 0.000810
Train Auc.: 0.9457 | Test Auc.: 0.9482
Train Loss.: 0.1018 | Test Loss.: 0.0992
Train Acc.: 0.8745 | Test Acc.: 0.8763
Epoch: 003/200   | Learning Rate 0.000810
Train Auc.: 0.9435 | Test Auc.: 0.9455
Train Loss.: 0.1032 | Test Loss.: 0.1010
Train Acc.: 0.8705 | Test Acc.: 0.8744
Epoch: 004/200   | Learning Rate 0.000810
Train Auc.: 0.9462 | Test Auc.: 0.9487
Train Loss.: 0.1017 | Test Loss.: 0.0991
Train Acc.: 0.8694 | Test Acc.: 0.8783
Epoch: 005/200   | Learning Rate 0.000810
Train Auc.: 0.9440 | Test Auc.: 0.9466
Train Loss.: 0.1026 | Test Loss.: 0.0999
Train Acc.: 0.8699 | Test Acc.: 0.8758
Epoch: 006/200   | Learning Rate 0.000810
Train Auc.: 0.9440 | Test Auc.: 0.9466
Train Loss.: 0.1033 | Test Loss.: 0.1005
Train Acc.: 0.8696 | Test Acc.: 0.8774
Epoch: 007/200   | Learning Rate 0.000810
Train Auc.: 0.9464 | Test Auc.: 0.9488
Train Loss.: 0.1013 | Test Loss.: 0.0990
Train Acc.: 0.8754 | Test Acc.: 0.8775
Epoch: 008/200   | Learning Rate 0.000810
Train Auc.: 0.9452 | Test Auc.: 0.9468
Train Loss.: 0.1025 | Test Loss.: 0.1004
Train Acc.: 0.8744 | Test Acc.: 0.8753
Epoch: 009/200   | Learning Rate 0.000810
Train Auc.: 0.9451 | Test Auc.: 0.9462
Train Loss.: 0.1022 | Test Loss.: 0.1005
Train Acc.: 0.8733 | Test Acc.: 0.8724
Epoch: 010/200   | Learning Rate 0.000810
Train Auc.: 0.9450 | Test Auc.: 0.9461
Train Loss.: 0.1039 | Test Loss.: 0.1022
Train Acc.: 0.8664 | Test Acc.: 0.8690
Epoch: 011/200   | Learning Rate 0.000810
Train Auc.: 0.9444 | Test Auc.: 0.9459
Train Loss.: 0.1024 | Test Loss.: 0.1002
Train Acc.: 0.8696 | Test Acc.: 0.8734
Epoch: 012/200   | Learning Rate 0.000810
Train Auc.: 0.9436 | Test Auc.: 0.9459
Train Loss.: 0.1030 | Test Loss.: 0.1006
Train Acc.: 0.8699 | Test Acc.: 0.8714
Epoch: 013/200   | Learning Rate 0.000810
Train Auc.: 0.9464 | Test Auc.: 0.9484
Train Loss.: 0.1014 | Test Loss.: 0.0993
Train Acc.: 0.8765 | Test Acc.: 0.8767
Epoch: 014/200   | Learning Rate 0.000810
Train Auc.: 0.9451 | Test Auc.: 0.9481
Train Loss.: 0.1017 | Test Loss.: 0.0986
Train Acc.: 0.8715 | Test Acc.: 0.8784
Epoch: 015/200   | Learning Rate 0.000810
Train Auc.: 0.9455 | Test Auc.: 0.9480
Train Loss.: 0.1024 | Test Loss.: 0.1001
Train Acc.: 0.8746 | Test Acc.: 0.8773
Epoch: 016/200   | Learning Rate 0.000810
Train Auc.: 0.9425 | Test Auc.: 0.9466
Train Loss.: 0.1050 | Test Loss.: 0.1015
Train Acc.: 0.8684 | Test Acc.: 0.8734
Epoch: 017/200   | Learning Rate 0.000810
Train Auc.: 0.9462 | Test Auc.: 0.9492
Train Loss.: 0.1011 | Test Loss.: 0.0983
Train Acc.: 0.8726 | Test Acc.: 0.8796
Epoch: 018/200   | Learning Rate 0.000810
Train Auc.: 0.9456 | Test Auc.: 0.9480
Train Loss.: 0.1017 | Test Loss.: 0.0988
Train Acc.: 0.8690 | Test Acc.: 0.8752
Epoch: 019/200   | Learning Rate 0.000810
Train Auc.: 0.9427 | Test Auc.: 0.9462
Train Loss.: 0.1086 | Test Loss.: 0.1047
Train Acc.: 0.8628 | Test Acc.: 0.8697
Epoch: 020/200   | Learning Rate 0.000810
Train Auc.: 0.9455 | Test Auc.: 0.9469
Train Loss.: 0.1020 | Test Loss.: 0.1004
Train Acc.: 0.8743 | Test Acc.: 0.8786
Epoch: 021/200   | Learning Rate 0.000810
Train Auc.: 0.9459 | Test Auc.: 0.9476
Train Loss.: 0.1027 | Test Loss.: 0.1003
Train Acc.: 0.8728 | Test Acc.: 0.8757
Epoch: 022/200   | Learning Rate 0.000810
Train Auc.: 0.9461 | Test Auc.: 0.9479
Train Loss.: 0.1024 | Test Loss.: 0.1003
Train Acc.: 0.8735 | Test Acc.: 0.8751
Epoch: 023/200   | Learning Rate 0.000810
Train Auc.: 0.9459 | Test Auc.: 0.9485
Train Loss.: 0.1034 | Test Loss.: 0.1007
Train Acc.: 0.8711 | Test Acc.: 0.8770
Epoch: 024/200   | Learning Rate 0.000810
Train Auc.: 0.9467 | Test Auc.: 0.9478
Train Loss.: 0.1011 | Test Loss.: 0.0993
Train Acc.: 0.8766 | Test Acc.: 0.8761
Epoch: 025/200   | Learning Rate 0.000810
Train Auc.: 0.9451 | Test Auc.: 0.9470
Train Loss.: 0.1021 | Test Loss.: 0.1003
Train Acc.: 0.8718 | Test Acc.: 0.8764
Epoch: 026/200   | Learning Rate 0.000810
Train Auc.: 0.9458 | Test Auc.: 0.9479
Train Loss.: 0.1022 | Test Loss.: 0.1000
Train Acc.: 0.8687 | Test Acc.: 0.8730
Epoch: 027/200   | Learning Rate 0.000810
Train Auc.: 0.9457 | Test Auc.: 0.9480
Train Loss.: 0.1018 | Test Loss.: 0.0993
Train Acc.: 0.8726 | Test Acc.: 0.8746
Epoch: 028/200   | Learning Rate 0.000810
Train Auc.: 0.9451 | Test Auc.: 0.9481
Train Loss.: 0.1038 | Test Loss.: 0.1006
Train Acc.: 0.8664 | Test Acc.: 0.8750
Epoch: 029/200   | Learning Rate 0.000810
Train Auc.: 0.9458 | Test Auc.: 0.9476
Train Loss.: 0.1016 | Test Loss.: 0.0995
Train Acc.: 0.8726 | Test Acc.: 0.8766
Epoch: 030/200   | Learning Rate 0.000810
Train Auc.: 0.9448 | Test Auc.: 0.9472
Train Loss.: 0.1022 | Test Loss.: 0.0995
Train Acc.: 0.8699 | Test Acc.: 0.8746
Epoch: 031/200   | Learning Rate 0.000810
Train Auc.: 0.9462 | Test Auc.: 0.9487
Train Loss.: 0.1014 | Test Loss.: 0.0988
Train Acc.: 0.8749 | Test Acc.: 0.8780
Epoch: 032/200   | Learning Rate 0.000810
Train Auc.: 0.9460 | Test Auc.: 0.9487
Train Loss.: 0.1020 | Test Loss.: 0.0995
Train Acc.: 0.8733 | Test Acc.: 0.8774
Epoch: 033/200   | Learning Rate 0.000810
Train Auc.: 0.9467 | Test Auc.: 0.9492
Train Loss.: 0.1011 | Test Loss.: 0.0983
Train Acc.: 0.8726 | Test Acc.: 0.8761
Epoch: 034/200   | Learning Rate 0.000810
Train Auc.: 0.9467 | Test Auc.: 0.9498
Train Loss.: 0.1014 | Test Loss.: 0.0985
Train Acc.: 0.8741 | Test Acc.: 0.8812
Epoch: 035/200   | Learning Rate 0.000810
Train Auc.: 0.9453 | Test Auc.: 0.9482
Train Loss.: 0.1028 | Test Loss.: 0.1000
Train Acc.: 0.8722 | Test Acc.: 0.8766
Epoch: 036/200   | Learning Rate 0.000810
Train Auc.: 0.9465 | Test Auc.: 0.9489
Train Loss.: 0.1012 | Test Loss.: 0.0984
Train Acc.: 0.8724 | Test Acc.: 0.8779
Epoch: 037/200   | Learning Rate 0.000810
Train Auc.: 0.9461 | Test Auc.: 0.9462
Train Loss.: 0.1012 | Test Loss.: 0.1000
Train Acc.: 0.8746 | Test Acc.: 0.8756
Epoch: 038/200   | Learning Rate 0.000810
Train Auc.: 0.9451 | Test Auc.: 0.9484
Train Loss.: 0.1022 | Test Loss.: 0.0989
Train Acc.: 0.8709 | Test Acc.: 0.8777
Epoch: 039/200   | Learning Rate 0.000810
Train Auc.: 0.9453 | Test Auc.: 0.9479
Train Loss.: 0.1018 | Test Loss.: 0.0990
Train Acc.: 0.8705 | Test Acc.: 0.8753
Epoch: 040/200   | Learning Rate 0.000810
Train Auc.: 0.9454 | Test Auc.: 0.9485
Train Loss.: 0.1016 | Test Loss.: 0.0988
Train Acc.: 0.8726 | Test Acc.: 0.8769
Epoch: 041/200   | Learning Rate 0.000810
Train Auc.: 0.9461 | Test Auc.: 0.9488
Train Loss.: 0.1010 | Test Loss.: 0.0981
Train Acc.: 0.8736 | Test Acc.: 0.8788
Epoch: 042/200   | Learning Rate 0.000810
Train Auc.: 0.9456 | Test Auc.: 0.9477
Train Loss.: 0.1011 | Test Loss.: 0.0987
Train Acc.: 0.8730 | Test Acc.: 0.8771
Epoch: 043/200   | Learning Rate 0.000810
Train Auc.: 0.9447 | Test Auc.: 0.9476
Train Loss.: 0.1016 | Test Loss.: 0.0987
Train Acc.: 0.8714 | Test Acc.: 0.8760
Epoch: 044/200   | Learning Rate 0.000810
Train Auc.: 0.9461 | Test Auc.: 0.9498
Train Loss.: 0.1011 | Test Loss.: 0.0977
Train Acc.: 0.8715 | Test Acc.: 0.8798
Epoch: 045/200   | Learning Rate 0.000810
Train Auc.: 0.9432 | Test Auc.: 0.9452
Train Loss.: 0.1039 | Test Loss.: 0.1015
Train Acc.: 0.8690 | Test Acc.: 0.8728
Epoch: 046/200   | Learning Rate 0.000810
Train Auc.: 0.9449 | Test Auc.: 0.9485
Train Loss.: 0.1044 | Test Loss.: 0.1016
Train Acc.: 0.8705 | Test Acc.: 0.8749
Epoch: 047/200   | Learning Rate 0.000810
Train Auc.: 0.9444 | Test Auc.: 0.9479
Train Loss.: 0.1022 | Test Loss.: 0.0993
Train Acc.: 0.8712 | Test Acc.: 0.8764
Epoch: 048/200   | Learning Rate 0.000810
Train Auc.: 0.9459 | Test Auc.: 0.9480
Train Loss.: 0.1027 | Test Loss.: 0.0999
Train Acc.: 0.8711 | Test Acc.: 0.8751
Epoch: 049/200   | Learning Rate 0.000810
Train Auc.: 0.9457 | Test Auc.: 0.9480
Train Loss.: 0.1030 | Test Loss.: 0.1000
Train Acc.: 0.8676 | Test Acc.: 0.8743
Epoch: 050/200   | Learning Rate 0.000810
Train Auc.: 0.9467 | Test Auc.: 0.9482
Train Loss.: 0.1007 | Test Loss.: 0.0986
Train Acc.: 0.8740 | Test Acc.: 0.8754
Epoch: 051/200   | Learning Rate 0.000810
Train Auc.: 0.9461 | Test Auc.: 0.9481
Train Loss.: 0.1016 | Test Loss.: 0.0993
Train Acc.: 0.8711 | Test Acc.: 0.8788
Epoch: 052/200   | Learning Rate 0.000810
Train Auc.: 0.9456 | Test Auc.: 0.9488
Train Loss.: 0.1025 | Test Loss.: 0.0996
Train Acc.: 0.8732 | Test Acc.: 0.8755
Epoch: 053/200   | Learning Rate 0.000810
Train Auc.: 0.9478 | Test Auc.: 0.9497
Train Loss.: 0.1000 | Test Loss.: 0.0975
Train Acc.: 0.8784 | Test Acc.: 0.8797
Epoch: 054/200   | Learning Rate 0.000810
Train Auc.: 0.9483 | Test Auc.: 0.9507
Train Loss.: 0.0997 | Test Loss.: 0.0974
Train Acc.: 0.8783 | Test Acc.: 0.8832
Epoch: 055/200   | Learning Rate 0.000810
Train Auc.: 0.9468 | Test Auc.: 0.9486
Train Loss.: 0.1010 | Test Loss.: 0.0987
Train Acc.: 0.8748 | Test Acc.: 0.8803
Epoch: 056/200   | Learning Rate 0.000810
Train Auc.: 0.9463 | Test Auc.: 0.9483
Train Loss.: 0.1026 | Test Loss.: 0.1007
Train Acc.: 0.8717 | Test Acc.: 0.8775
Epoch: 057/200   | Learning Rate 0.000810
Train Auc.: 0.9444 | Test Auc.: 0.9474
Train Loss.: 0.1026 | Test Loss.: 0.0999
Train Acc.: 0.8731 | Test Acc.: 0.8765
Epoch: 058/200   | Learning Rate 0.000810
Train Auc.: 0.9464 | Test Auc.: 0.9489
Train Loss.: 0.1012 | Test Loss.: 0.0983
Train Acc.: 0.8721 | Test Acc.: 0.8751
Epoch: 059/200   | Learning Rate 0.000810
Train Auc.: 0.9464 | Test Auc.: 0.9490
Train Loss.: 0.1016 | Test Loss.: 0.0988
Train Acc.: 0.8744 | Test Acc.: 0.8781
Epoch: 060/200   | Learning Rate 0.000810
Train Auc.: 0.9459 | Test Auc.: 0.9481
Train Loss.: 0.1012 | Test Loss.: 0.0987
Train Acc.: 0.8725 | Test Acc.: 0.8784
Epoch: 061/200   | Learning Rate 0.000810
Train Auc.: 0.9456 | Test Auc.: 0.9483
Train Loss.: 0.1019 | Test Loss.: 0.0991
Train Acc.: 0.8746 | Test Acc.: 0.8788
Epoch: 062/200   | Learning Rate 0.000810
Train Auc.: 0.9446 | Test Auc.: 0.9464
Train Loss.: 0.1029 | Test Loss.: 0.1008
Train Acc.: 0.8649 | Test Acc.: 0.8703
Epoch: 063/200   | Learning Rate 0.000810
Train Auc.: 0.9457 | Test Auc.: 0.9494
Train Loss.: 0.1016 | Test Loss.: 0.0981
Train Acc.: 0.8734 | Test Acc.: 0.8782
Epoch: 064/200   | Learning Rate 0.000810
Train Auc.: 0.9463 | Test Auc.: 0.9491
Train Loss.: 0.1020 | Test Loss.: 0.0994
Train Acc.: 0.8760 | Test Acc.: 0.8791
Epoch: 065/200   | Learning Rate 0.000810
Train Auc.: 0.9471 | Test Auc.: 0.9478
Train Loss.: 0.1005 | Test Loss.: 0.0992
Train Acc.: 0.8750 | Test Acc.: 0.8796
Epoch: 066/200   | Learning Rate 0.000810
Train Auc.: 0.9460 | Test Auc.: 0.9489
Train Loss.: 0.1008 | Test Loss.: 0.0980
Train Acc.: 0.8740 | Test Acc.: 0.8771
Epoch: 067/200   | Learning Rate 0.000810
Train Auc.: 0.9472 | Test Auc.: 0.9507
Train Loss.: 0.1009 | Test Loss.: 0.0977
Train Acc.: 0.8755 | Test Acc.: 0.8799
Epoch: 068/200   | Learning Rate 0.000810
Train Auc.: 0.9462 | Test Auc.: 0.9482
Train Loss.: 0.1018 | Test Loss.: 0.0997
Train Acc.: 0.8736 | Test Acc.: 0.8785
Epoch: 069/200   | Learning Rate 0.000810
Train Auc.: 0.9455 | Test Auc.: 0.9486
Train Loss.: 0.1023 | Test Loss.: 0.0996
Train Acc.: 0.8740 | Test Acc.: 0.8796
Epoch: 070/200   | Learning Rate 0.000810
Train Auc.: 0.9462 | Test Auc.: 0.9486
Train Loss.: 0.1008 | Test Loss.: 0.0982
Train Acc.: 0.8736 | Test Acc.: 0.8787
Epoch: 071/200   | Learning Rate 0.000810
Train Auc.: 0.9445 | Test Auc.: 0.9471
Train Loss.: 0.1030 | Test Loss.: 0.1006
Train Acc.: 0.8698 | Test Acc.: 0.8755
Epoch: 072/200   | Learning Rate 0.000810
Train Auc.: 0.9458 | Test Auc.: 0.9482
Train Loss.: 0.1014 | Test Loss.: 0.0987
Train Acc.: 0.8757 | Test Acc.: 0.8788
Epoch: 073/200   | Learning Rate 0.000810
Train Auc.: 0.9442 | Test Auc.: 0.9479
Train Loss.: 0.1024 | Test Loss.: 0.0987
Train Acc.: 0.8723 | Test Acc.: 0.8757
Epoch: 074/200   | Learning Rate 0.000810
Train Auc.: 0.9448 | Test Auc.: 0.9473
Train Loss.: 0.1024 | Test Loss.: 0.0998
Train Acc.: 0.8686 | Test Acc.: 0.8726
Epoch: 075/200   | Learning Rate 0.000810
Train Auc.: 0.9470 | Test Auc.: 0.9490
Train Loss.: 0.1021 | Test Loss.: 0.0997
Train Acc.: 0.8663 | Test Acc.: 0.8721
Epoch: 076/200   | Learning Rate 0.000810
Train Auc.: 0.9450 | Test Auc.: 0.9492
Train Loss.: 0.1021 | Test Loss.: 0.0982
Train Acc.: 0.8677 | Test Acc.: 0.8778
Epoch: 077/200   | Learning Rate 0.000810
Train Auc.: 0.9470 | Test Auc.: 0.9489
Train Loss.: 0.1000 | Test Loss.: 0.0979
Train Acc.: 0.8756 | Test Acc.: 0.8794
Epoch: 078/200   | Learning Rate 0.000810
Train Auc.: 0.9469 | Test Auc.: 0.9486
Train Loss.: 0.1016 | Test Loss.: 0.0996
Train Acc.: 0.8740 | Test Acc.: 0.8763
Epoch: 079/200   | Learning Rate 0.000810
Train Auc.: 0.9468 | Test Auc.: 0.9485
Train Loss.: 0.1008 | Test Loss.: 0.0992
Train Acc.: 0.8763 | Test Acc.: 0.8775
Epoch: 080/200   | Learning Rate 0.000810
Train Auc.: 0.9467 | Test Auc.: 0.9496
Train Loss.: 0.1019 | Test Loss.: 0.0992
Train Acc.: 0.8740 | Test Acc.: 0.8775
Epoch: 081/200   | Learning Rate 0.000810
Train Auc.: 0.9478 | Test Auc.: 0.9506
Train Loss.: 0.1010 | Test Loss.: 0.0983
Train Acc.: 0.8762 | Test Acc.: 0.8821
Epoch: 082/200   | Learning Rate 0.000810
Train Auc.: 0.9458 | Test Auc.: 0.9485
Train Loss.: 0.1011 | Test Loss.: 0.0984
Train Acc.: 0.8719 | Test Acc.: 0.8765
Epoch: 083/200   | Learning Rate 0.000810
Train Auc.: 0.9475 | Test Auc.: 0.9496
Train Loss.: 0.1000 | Test Loss.: 0.0975
Train Acc.: 0.8727 | Test Acc.: 0.8790
Epoch: 084/200   | Learning Rate 0.000810
Train Auc.: 0.9466 | Test Auc.: 0.9490
Train Loss.: 0.1007 | Test Loss.: 0.0982
Train Acc.: 0.8747 | Test Acc.: 0.8789
Epoch: 085/200   | Learning Rate 0.000810
Train Auc.: 0.9463 | Test Auc.: 0.9490
Train Loss.: 0.1009 | Test Loss.: 0.0981
Train Acc.: 0.8742 | Test Acc.: 0.8773
Epoch: 086/200   | Learning Rate 0.000810
Train Auc.: 0.9472 | Test Auc.: 0.9490
Train Loss.: 0.1005 | Test Loss.: 0.0982
Train Acc.: 0.8734 | Test Acc.: 0.8746
Epoch: 087/200   | Learning Rate 0.000810
Train Auc.: 0.9482 | Test Auc.: 0.9503
Train Loss.: 0.0997 | Test Loss.: 0.0972
Train Acc.: 0.8780 | Test Acc.: 0.8822
Epoch: 088/200   | Learning Rate 0.000810
Train Auc.: 0.9478 | Test Auc.: 0.9503
Train Loss.: 0.1001 | Test Loss.: 0.0974
Train Acc.: 0.8761 | Test Acc.: 0.8817
Epoch: 089/200   | Learning Rate 0.000810
Train Auc.: 0.9476 | Test Auc.: 0.9495
Train Loss.: 0.0999 | Test Loss.: 0.0975
Train Acc.: 0.8762 | Test Acc.: 0.8776
Epoch: 090/200   | Learning Rate 0.000810
Train Auc.: 0.9465 | Test Auc.: 0.9482
Train Loss.: 0.1008 | Test Loss.: 0.0984
Train Acc.: 0.8738 | Test Acc.: 0.8760
Epoch: 091/200   | Learning Rate 0.000810
Train Auc.: 0.9469 | Test Auc.: 0.9492
Train Loss.: 0.1004 | Test Loss.: 0.0982
Train Acc.: 0.8729 | Test Acc.: 0.8781
Epoch: 092/200   | Learning Rate 0.000810
Train Auc.: 0.9445 | Test Auc.: 0.9473
Train Loss.: 0.1021 | Test Loss.: 0.0992
Train Acc.: 0.8717 | Test Acc.: 0.8778
Epoch: 093/200   | Learning Rate 0.000810
Train Auc.: 0.9463 | Test Auc.: 0.9492
Train Loss.: 0.1008 | Test Loss.: 0.0979
Train Acc.: 0.8744 | Test Acc.: 0.8804
Epoch: 094/200   | Learning Rate 0.000810
Train Auc.: 0.9467 | Test Auc.: 0.9492
Train Loss.: 0.1003 | Test Loss.: 0.0978
Train Acc.: 0.8754 | Test Acc.: 0.8809
Epoch: 095/200   | Learning Rate 0.000810
Train Auc.: 0.9466 | Test Auc.: 0.9488
Train Loss.: 0.1008 | Test Loss.: 0.0984
Train Acc.: 0.8747 | Test Acc.: 0.8784
Epoch: 096/200   | Learning Rate 0.000810
Train Auc.: 0.9475 | Test Auc.: 0.9503
Train Loss.: 0.1008 | Test Loss.: 0.0981
Train Acc.: 0.8752 | Test Acc.: 0.8815
Epoch: 097/200   | Learning Rate 0.000810
Train Auc.: 0.9484 | Test Auc.: 0.9512
Train Loss.: 0.0996 | Test Loss.: 0.0969
Train Acc.: 0.8769 | Test Acc.: 0.8843
Epoch: 098/200   | Learning Rate 0.000810
Train Auc.: 0.9447 | Test Auc.: 0.9483
Train Loss.: 0.1024 | Test Loss.: 0.0989
Train Acc.: 0.8738 | Test Acc.: 0.8784
Epoch: 099/200   | Learning Rate 0.000810
Train Auc.: 0.9459 | Test Auc.: 0.9471
Train Loss.: 0.1013 | Test Loss.: 0.0995
Train Acc.: 0.8699 | Test Acc.: 0.8750
Epoch: 100/200   | Learning Rate 0.000810
Train Auc.: 0.9476 | Test Auc.: 0.9502
Train Loss.: 0.1002 | Test Loss.: 0.0973
Train Acc.: 0.8758 | Test Acc.: 0.8799
Epoch: 101/200   | Learning Rate 0.000729
Train Auc.: 0.9473 | Test Auc.: 0.9504
Train Loss.: 0.1018 | Test Loss.: 0.0987
Train Acc.: 0.8721 | Test Acc.: 0.8753
Epoch: 102/200   | Learning Rate 0.000729
Train Auc.: 0.9475 | Test Auc.: 0.9489
Train Loss.: 0.1002 | Test Loss.: 0.0982
Train Acc.: 0.8747 | Test Acc.: 0.8806
Epoch: 103/200   | Learning Rate 0.000729
Train Auc.: 0.9475 | Test Auc.: 0.9498
Train Loss.: 0.0997 | Test Loss.: 0.0975
Train Acc.: 0.8760 | Test Acc.: 0.8786
Epoch: 104/200   | Learning Rate 0.000729
Train Auc.: 0.9486 | Test Auc.: 0.9503
Train Loss.: 0.0994 | Test Loss.: 0.0972
Train Acc.: 0.8761 | Test Acc.: 0.8797
Epoch: 105/200   | Learning Rate 0.000729
Train Auc.: 0.9452 | Test Auc.: 0.9479
Train Loss.: 0.1015 | Test Loss.: 0.0986
Train Acc.: 0.8744 | Test Acc.: 0.8784
Epoch: 106/200   | Learning Rate 0.000729
Train Auc.: 0.9470 | Test Auc.: 0.9494
Train Loss.: 0.1000 | Test Loss.: 0.0975
Train Acc.: 0.8742 | Test Acc.: 0.8797
Epoch: 107/200   | Learning Rate 0.000729
Train Auc.: 0.9472 | Test Auc.: 0.9494
Train Loss.: 0.1005 | Test Loss.: 0.0982
Train Acc.: 0.8767 | Test Acc.: 0.8796
Epoch: 108/200   | Learning Rate 0.000729
Train Auc.: 0.9470 | Test Auc.: 0.9497
Train Loss.: 0.1006 | Test Loss.: 0.0979
Train Acc.: 0.8750 | Test Acc.: 0.8805
Epoch: 109/200   | Learning Rate 0.000729
Train Auc.: 0.9476 | Test Auc.: 0.9487
Train Loss.: 0.1000 | Test Loss.: 0.0983
Train Acc.: 0.8715 | Test Acc.: 0.8770
Epoch: 110/200   | Learning Rate 0.000729
Train Auc.: 0.9472 | Test Auc.: 0.9484
Train Loss.: 0.1000 | Test Loss.: 0.0982
Train Acc.: 0.8746 | Test Acc.: 0.8791
Epoch: 111/200   | Learning Rate 0.000729
Train Auc.: 0.9478 | Test Auc.: 0.9500
Train Loss.: 0.1001 | Test Loss.: 0.0976
Train Acc.: 0.8771 | Test Acc.: 0.8813
Epoch: 112/200   | Learning Rate 0.000729
Train Auc.: 0.9482 | Test Auc.: 0.9499
Train Loss.: 0.0995 | Test Loss.: 0.0972
Train Acc.: 0.8770 | Test Acc.: 0.8836
Epoch: 113/200   | Learning Rate 0.000729
Train Auc.: 0.9476 | Test Auc.: 0.9495
Train Loss.: 0.0999 | Test Loss.: 0.0976
Train Acc.: 0.8744 | Test Acc.: 0.8790
Epoch: 114/200   | Learning Rate 0.000729
Train Auc.: 0.9476 | Test Auc.: 0.9502
Train Loss.: 0.1001 | Test Loss.: 0.0973
Train Acc.: 0.8761 | Test Acc.: 0.8800
Epoch: 115/200   | Learning Rate 0.000729
Train Auc.: 0.9474 | Test Auc.: 0.9491
Train Loss.: 0.1004 | Test Loss.: 0.0984
Train Acc.: 0.8771 | Test Acc.: 0.8786
Epoch: 116/200   | Learning Rate 0.000729
Train Auc.: 0.9475 | Test Auc.: 0.9496
Train Loss.: 0.1001 | Test Loss.: 0.0977
Train Acc.: 0.8750 | Test Acc.: 0.8786
Epoch: 117/200   | Learning Rate 0.000729
Train Auc.: 0.9477 | Test Auc.: 0.9500
Train Loss.: 0.0998 | Test Loss.: 0.0973
Train Acc.: 0.8740 | Test Acc.: 0.8784
Epoch: 118/200   | Learning Rate 0.000729
Train Auc.: 0.9480 | Test Auc.: 0.9503
Train Loss.: 0.0998 | Test Loss.: 0.0971
Train Acc.: 0.8761 | Test Acc.: 0.8822
Epoch: 119/200   | Learning Rate 0.000729
Train Auc.: 0.9457 | Test Auc.: 0.9488
Train Loss.: 0.1012 | Test Loss.: 0.0980
Train Acc.: 0.8703 | Test Acc.: 0.8755
Epoch: 120/200   | Learning Rate 0.000729
Train Auc.: 0.9468 | Test Auc.: 0.9490
Train Loss.: 0.1005 | Test Loss.: 0.0982
Train Acc.: 0.8767 | Test Acc.: 0.8781
Epoch: 121/200   | Learning Rate 0.000729
Train Auc.: 0.9479 | Test Auc.: 0.9508
Train Loss.: 0.0997 | Test Loss.: 0.0968
Train Acc.: 0.8765 | Test Acc.: 0.8817
Epoch: 122/200   | Learning Rate 0.000729
Train Auc.: 0.9467 | Test Auc.: 0.9495
Train Loss.: 0.1003 | Test Loss.: 0.0974
Train Acc.: 0.8752 | Test Acc.: 0.8783
Epoch: 123/200   | Learning Rate 0.000729
Train Auc.: 0.9474 | Test Auc.: 0.9491
Train Loss.: 0.1019 | Test Loss.: 0.1000
Train Acc.: 0.8740 | Test Acc.: 0.8771
Epoch: 124/200   | Learning Rate 0.000729
Train Auc.: 0.9469 | Test Auc.: 0.9495
Train Loss.: 0.1012 | Test Loss.: 0.0987
Train Acc.: 0.8725 | Test Acc.: 0.8780
Epoch: 125/200   | Learning Rate 0.000729
Train Auc.: 0.9471 | Test Auc.: 0.9490
Train Loss.: 0.1016 | Test Loss.: 0.0994
Train Acc.: 0.8739 | Test Acc.: 0.8760
Epoch: 126/200   | Learning Rate 0.000729
Train Auc.: 0.9456 | Test Auc.: 0.9488
Train Loss.: 0.1019 | Test Loss.: 0.0988
Train Acc.: 0.8727 | Test Acc.: 0.8777
Epoch: 127/200   | Learning Rate 0.000729
Train Auc.: 0.9490 | Test Auc.: 0.9507
Train Loss.: 0.0996 | Test Loss.: 0.0973
Train Acc.: 0.8742 | Test Acc.: 0.8779
Epoch: 128/200   | Learning Rate 0.000729
Train Auc.: 0.9466 | Test Auc.: 0.9495
Train Loss.: 0.1007 | Test Loss.: 0.0978
Train Acc.: 0.8739 | Test Acc.: 0.8794
Epoch: 129/200   | Learning Rate 0.000729
Train Auc.: 0.9465 | Test Auc.: 0.9489
Train Loss.: 0.1024 | Test Loss.: 0.0995
Train Acc.: 0.8696 | Test Acc.: 0.8726
Epoch: 130/200   | Learning Rate 0.000729
Train Auc.: 0.9474 | Test Auc.: 0.9486
Train Loss.: 0.1003 | Test Loss.: 0.0982
Train Acc.: 0.8746 | Test Acc.: 0.8792
Epoch: 131/200   | Learning Rate 0.000729
Train Auc.: 0.9478 | Test Auc.: 0.9500
Train Loss.: 0.0996 | Test Loss.: 0.0972
Train Acc.: 0.8775 | Test Acc.: 0.8805
Epoch: 132/200   | Learning Rate 0.000729
Train Auc.: 0.9476 | Test Auc.: 0.9495
Train Loss.: 0.1000 | Test Loss.: 0.0979
Train Acc.: 0.8759 | Test Acc.: 0.8797
Epoch: 133/200   | Learning Rate 0.000729
Train Auc.: 0.9481 | Test Auc.: 0.9502
Train Loss.: 0.0995 | Test Loss.: 0.0969
Train Acc.: 0.8730 | Test Acc.: 0.8774
Epoch: 134/200   | Learning Rate 0.000729
Train Auc.: 0.9470 | Test Auc.: 0.9498
Train Loss.: 0.1001 | Test Loss.: 0.0972
Train Acc.: 0.8754 | Test Acc.: 0.8813
Epoch: 135/200   | Learning Rate 0.000729
Train Auc.: 0.9488 | Test Auc.: 0.9507
Train Loss.: 0.1000 | Test Loss.: 0.0980
Train Acc.: 0.8755 | Test Acc.: 0.8791
Epoch: 136/200   | Learning Rate 0.000729
Train Auc.: 0.9469 | Test Auc.: 0.9490
Train Loss.: 0.1027 | Test Loss.: 0.1005
Train Acc.: 0.8723 | Test Acc.: 0.8757
Epoch: 137/200   | Learning Rate 0.000729
Train Auc.: 0.9485 | Test Auc.: 0.9503
Train Loss.: 0.0994 | Test Loss.: 0.0974
Train Acc.: 0.8750 | Test Acc.: 0.8798
Epoch: 138/200   | Learning Rate 0.000729
Train Auc.: 0.9483 | Test Auc.: 0.9494
Train Loss.: 0.0993 | Test Loss.: 0.0976
Train Acc.: 0.8767 | Test Acc.: 0.8816
Epoch: 139/200   | Learning Rate 0.000729
Train Auc.: 0.9448 | Test Auc.: 0.9477
Train Loss.: 0.1018 | Test Loss.: 0.0989
Train Acc.: 0.8735 | Test Acc.: 0.8763
Epoch: 140/200   | Learning Rate 0.000729
Train Auc.: 0.9462 | Test Auc.: 0.9486
Train Loss.: 0.1009 | Test Loss.: 0.0984
Train Acc.: 0.8731 | Test Acc.: 0.8786
Epoch: 141/200   | Learning Rate 0.000729
Train Auc.: 0.9456 | Test Auc.: 0.9481
Train Loss.: 0.1016 | Test Loss.: 0.0988
Train Acc.: 0.8705 | Test Acc.: 0.8744
Epoch: 142/200   | Learning Rate 0.000729
Train Auc.: 0.9469 | Test Auc.: 0.9487
Train Loss.: 0.1008 | Test Loss.: 0.0984
Train Acc.: 0.8709 | Test Acc.: 0.8753
Epoch: 143/200   | Learning Rate 0.000729
Train Auc.: 0.9473 | Test Auc.: 0.9501
Train Loss.: 0.1001 | Test Loss.: 0.0972
Train Acc.: 0.8776 | Test Acc.: 0.8802
Epoch: 144/200   | Learning Rate 0.000729
Train Auc.: 0.9477 | Test Auc.: 0.9503
Train Loss.: 0.0995 | Test Loss.: 0.0966
Train Acc.: 0.8753 | Test Acc.: 0.8807
Epoch: 145/200   | Learning Rate 0.000729
Train Auc.: 0.9478 | Test Auc.: 0.9495
Train Loss.: 0.1001 | Test Loss.: 0.0979
Train Acc.: 0.8754 | Test Acc.: 0.8788
Epoch: 146/200   | Learning Rate 0.000729
Train Auc.: 0.9487 | Test Auc.: 0.9498
Train Loss.: 0.0989 | Test Loss.: 0.0974
Train Acc.: 0.8772 | Test Acc.: 0.8791
Epoch: 147/200   | Learning Rate 0.000729
Train Auc.: 0.9478 | Test Auc.: 0.9502
Train Loss.: 0.0997 | Test Loss.: 0.0970
Train Acc.: 0.8739 | Test Acc.: 0.8800
Epoch: 148/200   | Learning Rate 0.000729
Train Auc.: 0.9481 | Test Auc.: 0.9498
Train Loss.: 0.1004 | Test Loss.: 0.0984
Train Acc.: 0.8779 | Test Acc.: 0.8794
Epoch: 149/200   | Learning Rate 0.000729
Train Auc.: 0.9471 | Test Auc.: 0.9488
Train Loss.: 0.1003 | Test Loss.: 0.0983
Train Acc.: 0.8754 | Test Acc.: 0.8802
Epoch: 150/200   | Learning Rate 0.000729
Train Auc.: 0.9480 | Test Auc.: 0.9500
Train Loss.: 0.1000 | Test Loss.: 0.0976
Train Acc.: 0.8772 | Test Acc.: 0.8799
Epoch: 151/200   | Learning Rate 0.000729
Train Auc.: 0.9465 | Test Auc.: 0.9484
Train Loss.: 0.1007 | Test Loss.: 0.0987
Train Acc.: 0.8763 | Test Acc.: 0.8797
Epoch: 152/200   | Learning Rate 0.000729
Train Auc.: 0.9475 | Test Auc.: 0.9496
Train Loss.: 0.0998 | Test Loss.: 0.0974
Train Acc.: 0.8744 | Test Acc.: 0.8803
Epoch: 153/200   | Learning Rate 0.000729
Train Auc.: 0.9485 | Test Auc.: 0.9500
Train Loss.: 0.0995 | Test Loss.: 0.0973
Train Acc.: 0.8766 | Test Acc.: 0.8827
Epoch: 154/200   | Learning Rate 0.000729
Train Auc.: 0.9452 | Test Auc.: 0.9473
Train Loss.: 0.1016 | Test Loss.: 0.0993
Train Acc.: 0.8710 | Test Acc.: 0.8736
Epoch: 155/200   | Learning Rate 0.000729
Train Auc.: 0.9479 | Test Auc.: 0.9508
Train Loss.: 0.0999 | Test Loss.: 0.0970
Train Acc.: 0.8728 | Test Acc.: 0.8795
Epoch: 156/200   | Learning Rate 0.000729
Train Auc.: 0.9476 | Test Auc.: 0.9491
Train Loss.: 0.0994 | Test Loss.: 0.0975
Train Acc.: 0.8757 | Test Acc.: 0.8781
Epoch: 157/200   | Learning Rate 0.000729
Train Auc.: 0.9481 | Test Auc.: 0.9499
Train Loss.: 0.0996 | Test Loss.: 0.0973
Train Acc.: 0.8761 | Test Acc.: 0.8795
Epoch: 158/200   | Learning Rate 0.000729
Train Auc.: 0.9468 | Test Auc.: 0.9497
Train Loss.: 0.1018 | Test Loss.: 0.0991
Train Acc.: 0.8733 | Test Acc.: 0.8771
Epoch: 159/200   | Learning Rate 0.000729
Train Auc.: 0.9464 | Test Auc.: 0.9492
Train Loss.: 0.1015 | Test Loss.: 0.0987
Train Acc.: 0.8746 | Test Acc.: 0.8810
Epoch: 160/200   | Learning Rate 0.000729
Train Auc.: 0.9478 | Test Auc.: 0.9492
Train Loss.: 0.1001 | Test Loss.: 0.0981
Train Acc.: 0.8763 | Test Acc.: 0.8783
Epoch: 161/200   | Learning Rate 0.000729
Train Auc.: 0.9470 | Test Auc.: 0.9486
Train Loss.: 0.1006 | Test Loss.: 0.0983
Train Acc.: 0.8754 | Test Acc.: 0.8778
Epoch: 162/200   | Learning Rate 0.000729
Train Auc.: 0.9478 | Test Auc.: 0.9504
Train Loss.: 0.1013 | Test Loss.: 0.0983
Train Acc.: 0.8703 | Test Acc.: 0.8758
Epoch: 163/200   | Learning Rate 0.000729
Train Auc.: 0.9472 | Test Auc.: 0.9492
Train Loss.: 0.1002 | Test Loss.: 0.0981
Train Acc.: 0.8749 | Test Acc.: 0.8775
Epoch: 164/200   | Learning Rate 0.000729
Train Auc.: 0.9468 | Test Auc.: 0.9485
Train Loss.: 0.1006 | Test Loss.: 0.0986
Train Acc.: 0.8698 | Test Acc.: 0.8753
Epoch: 165/200   | Learning Rate 0.000729
Train Auc.: 0.9480 | Test Auc.: 0.9502
Train Loss.: 0.0994 | Test Loss.: 0.0968
Train Acc.: 0.8725 | Test Acc.: 0.8811
Epoch: 166/200   | Learning Rate 0.000729
Train Auc.: 0.9488 | Test Auc.: 0.9505
Train Loss.: 0.0992 | Test Loss.: 0.0971
Train Acc.: 0.8786 | Test Acc.: 0.8825
Epoch: 167/200   | Learning Rate 0.000729
Train Auc.: 0.9475 | Test Auc.: 0.9495
Train Loss.: 0.1020 | Test Loss.: 0.0997
Train Acc.: 0.8757 | Test Acc.: 0.8793
Epoch: 168/200   | Learning Rate 0.000729
Train Auc.: 0.9479 | Test Auc.: 0.9499
Train Loss.: 0.1004 | Test Loss.: 0.0982
Train Acc.: 0.8760 | Test Acc.: 0.8799
Epoch: 169/200   | Learning Rate 0.000729
Train Auc.: 0.9470 | Test Auc.: 0.9493
Train Loss.: 0.1016 | Test Loss.: 0.0990
Train Acc.: 0.8755 | Test Acc.: 0.8798
Epoch: 170/200   | Learning Rate 0.000729
Train Auc.: 0.9465 | Test Auc.: 0.9486
Train Loss.: 0.1016 | Test Loss.: 0.0991
Train Acc.: 0.8734 | Test Acc.: 0.8756
Epoch: 171/200   | Learning Rate 0.000729
Train Auc.: 0.9479 | Test Auc.: 0.9511
Train Loss.: 0.0994 | Test Loss.: 0.0961
Train Acc.: 0.8751 | Test Acc.: 0.8815
Epoch: 172/200   | Learning Rate 0.000729
Train Auc.: 0.9476 | Test Auc.: 0.9499
Train Loss.: 0.1003 | Test Loss.: 0.0978
Train Acc.: 0.8748 | Test Acc.: 0.8782
Epoch: 173/200   | Learning Rate 0.000729
Train Auc.: 0.9478 | Test Auc.: 0.9499
Train Loss.: 0.1000 | Test Loss.: 0.0977
Train Acc.: 0.8717 | Test Acc.: 0.8784
Epoch: 174/200   | Learning Rate 0.000729
Train Auc.: 0.9471 | Test Auc.: 0.9496
Train Loss.: 0.1001 | Test Loss.: 0.0975
Train Acc.: 0.8766 | Test Acc.: 0.8800
Epoch: 175/200   | Learning Rate 0.000729
Train Auc.: 0.9475 | Test Auc.: 0.9494
Train Loss.: 0.1000 | Test Loss.: 0.0977
Train Acc.: 0.8749 | Test Acc.: 0.8771
Epoch: 176/200   | Learning Rate 0.000729
Train Auc.: 0.9477 | Test Auc.: 0.9492
Train Loss.: 0.0998 | Test Loss.: 0.0976
Train Acc.: 0.8763 | Test Acc.: 0.8788
Epoch: 177/200   | Learning Rate 0.000729
Train Auc.: 0.9479 | Test Auc.: 0.9499
Train Loss.: 0.0998 | Test Loss.: 0.0974
Train Acc.: 0.8755 | Test Acc.: 0.8811
Epoch: 178/200   | Learning Rate 0.000729
Train Auc.: 0.9476 | Test Auc.: 0.9495
Train Loss.: 0.0997 | Test Loss.: 0.0973
Train Acc.: 0.8741 | Test Acc.: 0.8763
Epoch: 179/200   | Learning Rate 0.000729
Train Auc.: 0.9473 | Test Auc.: 0.9492
Train Loss.: 0.1016 | Test Loss.: 0.0993
Train Acc.: 0.8731 | Test Acc.: 0.8792
Epoch: 180/200   | Learning Rate 0.000729
Train Auc.: 0.9481 | Test Auc.: 0.9493
Train Loss.: 0.1009 | Test Loss.: 0.0991
Train Acc.: 0.8769 | Test Acc.: 0.8786
Epoch: 181/200   | Learning Rate 0.000729
Train Auc.: 0.9473 | Test Auc.: 0.9499
Train Loss.: 0.0997 | Test Loss.: 0.0969
Train Acc.: 0.8756 | Test Acc.: 0.8788
Epoch: 182/200   | Learning Rate 0.000729
Train Auc.: 0.9488 | Test Auc.: 0.9504
Train Loss.: 0.0989 | Test Loss.: 0.0969
Train Acc.: 0.8800 | Test Acc.: 0.8820
Epoch: 183/200   | Learning Rate 0.000729
Train Auc.: 0.9496 | Test Auc.: 0.9509
Train Loss.: 0.0984 | Test Loss.: 0.0965
Train Acc.: 0.8787 | Test Acc.: 0.8800
Epoch: 184/200   | Learning Rate 0.000729
Train Auc.: 0.9472 | Test Auc.: 0.9498
Train Loss.: 0.1004 | Test Loss.: 0.0978
Train Acc.: 0.8773 | Test Acc.: 0.8796
Epoch: 185/200   | Learning Rate 0.000729
Train Auc.: 0.9488 | Test Auc.: 0.9504
Train Loss.: 0.0988 | Test Loss.: 0.0967
Train Acc.: 0.8792 | Test Acc.: 0.8795
Epoch: 186/200   | Learning Rate 0.000729
Train Auc.: 0.9480 | Test Auc.: 0.9510
Train Loss.: 0.0994 | Test Loss.: 0.0965
Train Acc.: 0.8769 | Test Acc.: 0.8804
Epoch: 187/200   | Learning Rate 0.000729
Train Auc.: 0.9465 | Test Auc.: 0.9499
Train Loss.: 0.1013 | Test Loss.: 0.0982
Train Acc.: 0.8703 | Test Acc.: 0.8736
Epoch: 188/200   | Learning Rate 0.000729
Train Auc.: 0.9464 | Test Auc.: 0.9495
Train Loss.: 0.1008 | Test Loss.: 0.0978
Train Acc.: 0.8720 | Test Acc.: 0.8779
Epoch: 189/200   | Learning Rate 0.000729
Train Auc.: 0.9493 | Test Auc.: 0.9510
Train Loss.: 0.0986 | Test Loss.: 0.0964
Train Acc.: 0.8767 | Test Acc.: 0.8795
Epoch: 190/200   | Learning Rate 0.000729
Train Auc.: 0.9490 | Test Auc.: 0.9507
Train Loss.: 0.0989 | Test Loss.: 0.0968
Train Acc.: 0.8767 | Test Acc.: 0.8819
Epoch: 191/200   | Learning Rate 0.000729
Train Auc.: 0.9480 | Test Auc.: 0.9501
Train Loss.: 0.1004 | Test Loss.: 0.0981
Train Acc.: 0.8774 | Test Acc.: 0.8784
Epoch: 192/200   | Learning Rate 0.000729
Train Auc.: 0.9487 | Test Auc.: 0.9509
Train Loss.: 0.0995 | Test Loss.: 0.0971
Train Acc.: 0.8785 | Test Acc.: 0.8807
Epoch: 193/200   | Learning Rate 0.000729
Train Auc.: 0.9486 | Test Auc.: 0.9510
Train Loss.: 0.0995 | Test Loss.: 0.0971
Train Acc.: 0.8799 | Test Acc.: 0.8819
Epoch: 194/200   | Learning Rate 0.000729
Train Auc.: 0.9491 | Test Auc.: 0.9510
Train Loss.: 0.0987 | Test Loss.: 0.0964
Train Acc.: 0.8779 | Test Acc.: 0.8819
Epoch: 195/200   | Learning Rate 0.000729
Train Auc.: 0.9477 | Test Auc.: 0.9510
Train Loss.: 0.0996 | Test Loss.: 0.0964
Train Acc.: 0.8755 | Test Acc.: 0.8798
Epoch: 196/200   | Learning Rate 0.000729
Train Auc.: 0.9476 | Test Auc.: 0.9497
Train Loss.: 0.0997 | Test Loss.: 0.0972
Train Acc.: 0.8763 | Test Acc.: 0.8786
Epoch: 197/200   | Learning Rate 0.000729
Train Auc.: 0.9488 | Test Auc.: 0.9508
Train Loss.: 0.0990 | Test Loss.: 0.0968
Train Acc.: 0.8771 | Test Acc.: 0.8819
Epoch: 198/200   | Learning Rate 0.000729
Train Auc.: 0.9490 | Test Auc.: 0.9518
Train Loss.: 0.0991 | Test Loss.: 0.0956
Train Acc.: 0.8765 | Test Acc.: 0.8830
Epoch: 199/200   | Learning Rate 0.000729
Train Auc.: 0.9490 | Test Auc.: 0.9514
Train Loss.: 0.0989 | Test Loss.: 0.0964
Train Acc.: 0.8786 | Test Acc.: 0.8832
Epoch: 200/200   | Learning Rate 0.000729
Train Auc.: 0.9484 | Test Auc.: 0.9502
Train Loss.: 0.0995 | Test Loss.: 0.0973
Train Acc.: 0.8758 | Test Acc.: 0.8800
 | Test Auc.: 0.9518
 | Test Auprc.: 0.9506
 | Test Acc.: 0.8830
 | Test F1.: 0.8828
 | Test Recall.: 0.8828
 | Test Precision.: 0.8843
