Epoch: 001/200   | Learning Rate 0.001000
Train Auc.: 0.3697 | Test Auc.: 0.3755
Train Loss.: 0.5635 | Test Loss.: 0.5567
Train Acc.: 0.4969 | Test Acc.: 0.5031
Epoch: 002/200   | Learning Rate 0.001000
Train Auc.: 0.0626 | Test Auc.: 0.0653
Train Loss.: 14.6559 | Test Loss.: 14.7486
Train Acc.: 0.0000 | Test Acc.: 0.0000
Epoch: 003/200   | Learning Rate 0.001000
Train Auc.: 0.9169 | Test Auc.: 0.9146
Train Loss.: 4.3361 | Test Loss.: 4.3299
Train Acc.: 0.0000 | Test Acc.: 0.0000
Epoch: 004/200   | Learning Rate 0.001000
Train Auc.: 0.9222 | Test Auc.: 0.9202
Train Loss.: 3.9248 | Test Loss.: 3.9218
Train Acc.: 0.0000 | Test Acc.: 0.0000
Epoch: 005/200   | Learning Rate 0.001000
Train Auc.: 0.8310 | Test Auc.: 0.8295
Train Loss.: 0.6942 | Test Loss.: 0.6864
Train Acc.: 0.4969 | Test Acc.: 0.5031
Epoch: 006/200   | Learning Rate 0.001000
Train Auc.: 0.0740 | Test Auc.: 0.0790
Train Loss.: 0.4308 | Test Loss.: 0.4328
Train Acc.: 0.5027 | Test Acc.: 0.4968
Epoch: 007/200   | Learning Rate 0.001000
Train Auc.: 0.0741 | Test Auc.: 0.0770
Train Loss.: 0.4640 | Test Loss.: 0.4680
Train Acc.: 0.5031 | Test Acc.: 0.4969
Epoch: 008/200   | Learning Rate 0.001000
Train Auc.: 0.8284 | Test Auc.: 0.8224
Train Loss.: 0.7482 | Test Loss.: 0.7414
Train Acc.: 0.4969 | Test Acc.: 0.5031
Epoch: 009/200   | Learning Rate 0.001000
Train Auc.: 0.8811 | Test Auc.: 0.8799
Train Loss.: 1.3635 | Test Loss.: 1.3517
Train Acc.: 0.0267 | Test Acc.: 0.0269
Epoch: 010/200   | Learning Rate 0.001000
Train Auc.: 0.1276 | Test Auc.: 0.1291
Train Loss.: 0.3786 | Test Loss.: 0.3813
Train Acc.: 0.5028 | Test Acc.: 0.4967
Epoch: 011/200   | Learning Rate 0.001000
Train Auc.: 0.0988 | Test Auc.: 0.0993
Train Loss.: 1.3646 | Test Loss.: 1.3801
Train Acc.: 0.4373 | Test Acc.: 0.4301
Epoch: 012/200   | Learning Rate 0.001000
Train Auc.: 0.8151 | Test Auc.: 0.8110
Train Loss.: 0.5205 | Test Loss.: 0.5143
Train Acc.: 0.4969 | Test Acc.: 0.5031
Epoch: 013/200   | Learning Rate 0.001000
Train Auc.: 0.9195 | Test Auc.: 0.9189
Train Loss.: 1.1548 | Test Loss.: 1.1464
Train Acc.: 0.1046 | Test Acc.: 0.1068
Epoch: 014/200   | Learning Rate 0.001000
Train Auc.: 0.2164 | Test Auc.: 0.2277
Train Loss.: 0.5867 | Test Loss.: 0.5900
Train Acc.: 0.5031 | Test Acc.: 0.4969
Epoch: 015/200   | Learning Rate 0.001000
Train Auc.: 0.3903 | Test Auc.: 0.3936
Train Loss.: 0.9051 | Test Loss.: 0.9134
Train Acc.: 0.4997 | Test Acc.: 0.4933
Epoch: 016/200   | Learning Rate 0.001000
Train Auc.: 0.9256 | Test Auc.: 0.9223
Train Loss.: 0.7796 | Test Loss.: 0.7736
Train Acc.: 0.4280 | Test Acc.: 0.4289
Epoch: 017/200   | Learning Rate 0.001000
Train Auc.: 0.9220 | Test Auc.: 0.9197
Train Loss.: 0.6637 | Test Loss.: 0.6576
Train Acc.: 0.4873 | Test Acc.: 0.4930
Epoch: 018/200   | Learning Rate 0.001000
Train Auc.: 0.5204 | Test Auc.: 0.5120
Train Loss.: 0.6540 | Test Loss.: 0.6595
Train Acc.: 0.5031 | Test Acc.: 0.4969
Epoch: 019/200   | Learning Rate 0.001000
Train Auc.: 0.5597 | Test Auc.: 0.5585
Train Loss.: 0.5274 | Test Loss.: 0.5329
Train Acc.: 0.5031 | Test Acc.: 0.4969
Epoch: 020/200   | Learning Rate 0.001000
Train Auc.: 0.9239 | Test Auc.: 0.9206
Train Loss.: 0.3778 | Test Loss.: 0.3752
Train Acc.: 0.4969 | Test Acc.: 0.5031
Epoch: 021/200   | Learning Rate 0.001000
Train Auc.: 0.9269 | Test Auc.: 0.9220
Train Loss.: 0.5605 | Test Loss.: 0.5580
Train Acc.: 0.4819 | Test Acc.: 0.4887
Epoch: 022/200   | Learning Rate 0.001000
Train Auc.: 0.8438 | Test Auc.: 0.8367
Train Loss.: 0.2083 | Test Loss.: 0.2107
Train Acc.: 0.6589 | Test Acc.: 0.6498
Epoch: 023/200   | Learning Rate 0.001000
Train Auc.: 0.6552 | Test Auc.: 0.6627
Train Loss.: 0.5415 | Test Loss.: 0.5452
Train Acc.: 0.5031 | Test Acc.: 0.4969
Epoch: 024/200   | Learning Rate 0.001000
Train Auc.: 0.8541 | Test Auc.: 0.8509
Train Loss.: 0.2153 | Test Loss.: 0.2177
Train Acc.: 0.5978 | Test Acc.: 0.5921
Epoch: 025/200   | Learning Rate 0.001000
Train Auc.: 0.9241 | Test Auc.: 0.9223
Train Loss.: 0.4044 | Test Loss.: 0.4014
Train Acc.: 0.4966 | Test Acc.: 0.5030
Epoch: 026/200   | Learning Rate 0.001000
Train Auc.: 0.9223 | Test Auc.: 0.9166
Train Loss.: 0.3395 | Test Loss.: 0.3391
Train Acc.: 0.4969 | Test Acc.: 0.5031
Epoch: 027/200   | Learning Rate 0.001000
Train Auc.: 0.8776 | Test Auc.: 0.8726
Train Loss.: 0.2054 | Test Loss.: 0.2082
Train Acc.: 0.6301 | Test Acc.: 0.6295
Epoch: 028/200   | Learning Rate 0.001000
Train Auc.: 0.8379 | Test Auc.: 0.8353
Train Loss.: 0.3653 | Test Loss.: 0.3680
Train Acc.: 0.5033 | Test Acc.: 0.4970
Epoch: 029/200   | Learning Rate 0.001000
Train Auc.: 0.8914 | Test Auc.: 0.8843
Train Loss.: 0.1807 | Test Loss.: 0.1834
Train Acc.: 0.7290 | Test Acc.: 0.7215
Epoch: 030/200   | Learning Rate 0.001000
Train Auc.: 0.9231 | Test Auc.: 0.9219
Train Loss.: 0.2577 | Test Loss.: 0.2573
Train Acc.: 0.5395 | Test Acc.: 0.5471
Epoch: 031/200   | Learning Rate 0.001000
Train Auc.: 0.9248 | Test Auc.: 0.9227
Train Loss.: 0.3373 | Test Loss.: 0.3359
Train Acc.: 0.4976 | Test Acc.: 0.5037
Epoch: 032/200   | Learning Rate 0.001000
Train Auc.: 0.9053 | Test Auc.: 0.8987
Train Loss.: 0.1481 | Test Loss.: 0.1511
Train Acc.: 0.8290 | Test Acc.: 0.8175
Epoch: 033/200   | Learning Rate 0.001000
Train Auc.: 0.8806 | Test Auc.: 0.8787
Train Loss.: 0.2616 | Test Loss.: 0.2651
Train Acc.: 0.5229 | Test Acc.: 0.5163
Epoch: 034/200   | Learning Rate 0.001000
Train Auc.: 0.8799 | Test Auc.: 0.8693
Train Loss.: 0.2349 | Test Loss.: 0.2398
Train Acc.: 0.5572 | Test Acc.: 0.5544
Epoch: 035/200   | Learning Rate 0.001000
Train Auc.: 0.9048 | Test Auc.: 0.9013
Train Loss.: 0.1539 | Test Loss.: 0.1548
Train Acc.: 0.8250 | Test Acc.: 0.8223
Epoch: 036/200   | Learning Rate 0.001000
Train Auc.: 0.9283 | Test Auc.: 0.9265
Train Loss.: 0.2324 | Test Loss.: 0.2319
Train Acc.: 0.5624 | Test Acc.: 0.5677
Epoch: 037/200   | Learning Rate 0.001000
Train Auc.: 0.9194 | Test Auc.: 0.9153
Train Loss.: 0.1921 | Test Loss.: 0.1929
Train Acc.: 0.6953 | Test Acc.: 0.6937
Epoch: 038/200   | Learning Rate 0.001000
Train Auc.: 0.9166 | Test Auc.: 0.9111
Train Loss.: 0.1344 | Test Loss.: 0.1374
Train Acc.: 0.8361 | Test Acc.: 0.8286
Epoch: 039/200   | Learning Rate 0.001000
Train Auc.: 0.9030 | Test Auc.: 0.8973
Train Loss.: 0.1945 | Test Loss.: 0.1972
Train Acc.: 0.6895 | Test Acc.: 0.6829
Epoch: 040/200   | Learning Rate 0.001000
Train Auc.: 0.9002 | Test Auc.: 0.8983
Train Loss.: 0.1673 | Test Loss.: 0.1686
Train Acc.: 0.7606 | Test Acc.: 0.7561
Epoch: 041/200   | Learning Rate 0.001000
Train Auc.: 0.9182 | Test Auc.: 0.9173
Train Loss.: 0.1320 | Test Loss.: 0.1328
Train Acc.: 0.8420 | Test Acc.: 0.8400
Epoch: 042/200   | Learning Rate 0.001000
Train Auc.: 0.9206 | Test Auc.: 0.9180
Train Loss.: 0.1677 | Test Loss.: 0.1689
Train Acc.: 0.7544 | Test Acc.: 0.7513
Epoch: 043/200   | Learning Rate 0.001000
Train Auc.: 0.9252 | Test Auc.: 0.9252
Train Loss.: 0.1628 | Test Loss.: 0.1620
Train Acc.: 0.7713 | Test Acc.: 0.7731
Epoch: 044/200   | Learning Rate 0.001000
Train Auc.: 0.9142 | Test Auc.: 0.9171
Train Loss.: 0.1359 | Test Loss.: 0.1351
Train Acc.: 0.8314 | Test Acc.: 0.8316
Epoch: 045/200   | Learning Rate 0.001000
Train Auc.: 0.9160 | Test Auc.: 0.9098
Train Loss.: 0.1590 | Test Loss.: 0.1624
Train Acc.: 0.7666 | Test Acc.: 0.7616
Epoch: 046/200   | Learning Rate 0.001000
Train Auc.: 0.9130 | Test Auc.: 0.9103
Train Loss.: 0.1548 | Test Loss.: 0.1574
Train Acc.: 0.7783 | Test Acc.: 0.7728
Epoch: 047/200   | Learning Rate 0.001000
Train Auc.: 0.9232 | Test Auc.: 0.9188
Train Loss.: 0.1294 | Test Loss.: 0.1316
Train Acc.: 0.8415 | Test Acc.: 0.8327
Epoch: 048/200   | Learning Rate 0.001000
Train Auc.: 0.9304 | Test Auc.: 0.9276
Train Loss.: 0.1369 | Test Loss.: 0.1386
Train Acc.: 0.8277 | Test Acc.: 0.8243
Epoch: 049/200   | Learning Rate 0.001000
Train Auc.: 0.9248 | Test Auc.: 0.9225
Train Loss.: 0.1392 | Test Loss.: 0.1399
Train Acc.: 0.8163 | Test Acc.: 0.8161
Epoch: 050/200   | Learning Rate 0.001000
Train Auc.: 0.9277 | Test Auc.: 0.9254
Train Loss.: 0.1205 | Test Loss.: 0.1225
Train Acc.: 0.8504 | Test Acc.: 0.8446
Epoch: 051/200   | Learning Rate 0.001000
Train Auc.: 0.9267 | Test Auc.: 0.9220
Train Loss.: 0.1257 | Test Loss.: 0.1293
Train Acc.: 0.8261 | Test Acc.: 0.8169
Epoch: 052/200   | Learning Rate 0.001000
Train Auc.: 0.9148 | Test Auc.: 0.9128
Train Loss.: 0.1512 | Test Loss.: 0.1537
Train Acc.: 0.8022 | Test Acc.: 0.7966
Epoch: 053/200   | Learning Rate 0.001000
Train Auc.: 0.9322 | Test Auc.: 0.9286
Train Loss.: 0.1131 | Test Loss.: 0.1157
Train Acc.: 0.8562 | Test Acc.: 0.8473
Epoch: 054/200   | Learning Rate 0.001000
Train Auc.: 0.9301 | Test Auc.: 0.9243
Train Loss.: 0.1402 | Test Loss.: 0.1446
Train Acc.: 0.8221 | Test Acc.: 0.8157
Epoch: 055/200   | Learning Rate 0.001000
Train Auc.: 0.9307 | Test Auc.: 0.9283
Train Loss.: 0.1303 | Test Loss.: 0.1323
Train Acc.: 0.8344 | Test Acc.: 0.8294
Epoch: 056/200   | Learning Rate 0.001000
Train Auc.: 0.9289 | Test Auc.: 0.9247
Train Loss.: 0.1174 | Test Loss.: 0.1203
Train Acc.: 0.8445 | Test Acc.: 0.8402
Epoch: 057/200   | Learning Rate 0.001000
Train Auc.: 0.9266 | Test Auc.: 0.9213
Train Loss.: 0.1403 | Test Loss.: 0.1440
Train Acc.: 0.8053 | Test Acc.: 0.7971
Epoch: 058/200   | Learning Rate 0.001000
Train Auc.: 0.9274 | Test Auc.: 0.9232
Train Loss.: 0.1255 | Test Loss.: 0.1294
Train Acc.: 0.8367 | Test Acc.: 0.8269
Epoch: 059/200   | Learning Rate 0.001000
Train Auc.: 0.9333 | Test Auc.: 0.9305
Train Loss.: 0.1284 | Test Loss.: 0.1301
Train Acc.: 0.8423 | Test Acc.: 0.8395
Epoch: 060/200   | Learning Rate 0.001000
Train Auc.: 0.9331 | Test Auc.: 0.9304
Train Loss.: 0.1251 | Test Loss.: 0.1277
Train Acc.: 0.8471 | Test Acc.: 0.8406
Epoch: 061/200   | Learning Rate 0.001000
Train Auc.: 0.9302 | Test Auc.: 0.9273
Train Loss.: 0.1188 | Test Loss.: 0.1209
Train Acc.: 0.8521 | Test Acc.: 0.8460
Epoch: 062/200   | Learning Rate 0.001000
Train Auc.: 0.9299 | Test Auc.: 0.9250
Train Loss.: 0.1220 | Test Loss.: 0.1261
Train Acc.: 0.8418 | Test Acc.: 0.8367
Epoch: 063/200   | Learning Rate 0.001000
Train Auc.: 0.9331 | Test Auc.: 0.9286
Train Loss.: 0.1154 | Test Loss.: 0.1187
Train Acc.: 0.8470 | Test Acc.: 0.8404
Epoch: 064/200   | Learning Rate 0.001000
Train Auc.: 0.9309 | Test Auc.: 0.9283
Train Loss.: 0.1240 | Test Loss.: 0.1260
Train Acc.: 0.8425 | Test Acc.: 0.8386
Epoch: 065/200   | Learning Rate 0.001000
Train Auc.: 0.9361 | Test Auc.: 0.9331
Train Loss.: 0.1229 | Test Loss.: 0.1259
Train Acc.: 0.8516 | Test Acc.: 0.8439
Epoch: 066/200   | Learning Rate 0.001000
Train Auc.: 0.9305 | Test Auc.: 0.9252
Train Loss.: 0.1535 | Test Loss.: 0.1563
Train Acc.: 0.7997 | Test Acc.: 0.7956
Epoch: 067/200   | Learning Rate 0.001000
Train Auc.: 0.9284 | Test Auc.: 0.9247
Train Loss.: 0.1169 | Test Loss.: 0.1194
Train Acc.: 0.8473 | Test Acc.: 0.8413
Epoch: 068/200   | Learning Rate 0.001000
Train Auc.: 0.9284 | Test Auc.: 0.9240
Train Loss.: 0.1431 | Test Loss.: 0.1463
Train Acc.: 0.8131 | Test Acc.: 0.8071
Epoch: 069/200   | Learning Rate 0.001000
Train Auc.: 0.9291 | Test Auc.: 0.9265
Train Loss.: 0.1205 | Test Loss.: 0.1223
Train Acc.: 0.8419 | Test Acc.: 0.8388
Epoch: 070/200   | Learning Rate 0.001000
Train Auc.: 0.9337 | Test Auc.: 0.9286
Train Loss.: 0.1183 | Test Loss.: 0.1220
Train Acc.: 0.8555 | Test Acc.: 0.8501
Epoch: 071/200   | Learning Rate 0.001000
Train Auc.: 0.9294 | Test Auc.: 0.9246
Train Loss.: 0.1296 | Test Loss.: 0.1333
Train Acc.: 0.8405 | Test Acc.: 0.8329
Epoch: 072/200   | Learning Rate 0.001000
Train Auc.: 0.9350 | Test Auc.: 0.9303
Train Loss.: 0.1189 | Test Loss.: 0.1215
Train Acc.: 0.8498 | Test Acc.: 0.8423
Epoch: 073/200   | Learning Rate 0.001000
Train Auc.: 0.9265 | Test Auc.: 0.9233
Train Loss.: 0.1272 | Test Loss.: 0.1301
Train Acc.: 0.8414 | Test Acc.: 0.8309
Epoch: 074/200   | Learning Rate 0.001000
Train Auc.: 0.9324 | Test Auc.: 0.9304
Train Loss.: 0.1277 | Test Loss.: 0.1302
Train Acc.: 0.8265 | Test Acc.: 0.8240
Epoch: 075/200   | Learning Rate 0.001000
Train Auc.: 0.9328 | Test Auc.: 0.9303
Train Loss.: 0.1125 | Test Loss.: 0.1149
Train Acc.: 0.8584 | Test Acc.: 0.8541
Epoch: 076/200   | Learning Rate 0.001000
Train Auc.: 0.9366 | Test Auc.: 0.9347
Train Loss.: 0.1284 | Test Loss.: 0.1300
Train Acc.: 0.8368 | Test Acc.: 0.8327
Epoch: 077/200   | Learning Rate 0.001000
Train Auc.: 0.9292 | Test Auc.: 0.9255
Train Loss.: 0.1156 | Test Loss.: 0.1185
Train Acc.: 0.8553 | Test Acc.: 0.8493
Epoch: 078/200   | Learning Rate 0.001000
Train Auc.: 0.9345 | Test Auc.: 0.9303
Train Loss.: 0.1108 | Test Loss.: 0.1140
Train Acc.: 0.8577 | Test Acc.: 0.8495
Epoch: 079/200   | Learning Rate 0.001000
Train Auc.: 0.9309 | Test Auc.: 0.9269
Train Loss.: 0.1157 | Test Loss.: 0.1187
Train Acc.: 0.8575 | Test Acc.: 0.8511
Epoch: 080/200   | Learning Rate 0.001000
Train Auc.: 0.9313 | Test Auc.: 0.9279
Train Loss.: 0.1193 | Test Loss.: 0.1222
Train Acc.: 0.8436 | Test Acc.: 0.8387
Epoch: 081/200   | Learning Rate 0.001000
Train Auc.: 0.9308 | Test Auc.: 0.9287
Train Loss.: 0.1169 | Test Loss.: 0.1185
Train Acc.: 0.8530 | Test Acc.: 0.8518
Epoch: 082/200   | Learning Rate 0.001000
Train Auc.: 0.9349 | Test Auc.: 0.9318
Train Loss.: 0.1119 | Test Loss.: 0.1143
Train Acc.: 0.8599 | Test Acc.: 0.8520
Epoch: 083/200   | Learning Rate 0.001000
Train Auc.: 0.9336 | Test Auc.: 0.9290
Train Loss.: 0.1107 | Test Loss.: 0.1141
Train Acc.: 0.8572 | Test Acc.: 0.8505
Epoch: 084/200   | Learning Rate 0.001000
Train Auc.: 0.9365 | Test Auc.: 0.9323
Train Loss.: 0.1105 | Test Loss.: 0.1135
Train Acc.: 0.8641 | Test Acc.: 0.8538
Epoch: 085/200   | Learning Rate 0.001000
Train Auc.: 0.9341 | Test Auc.: 0.9308
Train Loss.: 0.1101 | Test Loss.: 0.1128
Train Acc.: 0.8539 | Test Acc.: 0.8501
Epoch: 086/200   | Learning Rate 0.001000
Train Auc.: 0.9345 | Test Auc.: 0.9292
Train Loss.: 0.1123 | Test Loss.: 0.1159
Train Acc.: 0.8553 | Test Acc.: 0.8485
Epoch: 087/200   | Learning Rate 0.001000
Train Auc.: 0.9333 | Test Auc.: 0.9311
Train Loss.: 0.1118 | Test Loss.: 0.1139
Train Acc.: 0.8520 | Test Acc.: 0.8503
Epoch: 088/200   | Learning Rate 0.001000
Train Auc.: 0.9383 | Test Auc.: 0.9339
Train Loss.: 0.1082 | Test Loss.: 0.1117
Train Acc.: 0.8651 | Test Acc.: 0.8570
Epoch: 089/200   | Learning Rate 0.001000
Train Auc.: 0.9364 | Test Auc.: 0.9298
Train Loss.: 0.1107 | Test Loss.: 0.1156
Train Acc.: 0.8620 | Test Acc.: 0.8536
Epoch: 090/200   | Learning Rate 0.001000
Train Auc.: 0.9363 | Test Auc.: 0.9317
Train Loss.: 0.1109 | Test Loss.: 0.1140
Train Acc.: 0.8625 | Test Acc.: 0.8572
Epoch: 091/200   | Learning Rate 0.001000
Train Auc.: 0.9354 | Test Auc.: 0.9315
Train Loss.: 0.1097 | Test Loss.: 0.1131
Train Acc.: 0.8626 | Test Acc.: 0.8537
Epoch: 092/200   | Learning Rate 0.001000
Train Auc.: 0.9316 | Test Auc.: 0.9295
Train Loss.: 0.1130 | Test Loss.: 0.1148
Train Acc.: 0.8572 | Test Acc.: 0.8509
Epoch: 093/200   | Learning Rate 0.001000
Train Auc.: 0.9354 | Test Auc.: 0.9316
Train Loss.: 0.1097 | Test Loss.: 0.1128
Train Acc.: 0.8624 | Test Acc.: 0.8549
Epoch: 094/200   | Learning Rate 0.001000
Train Auc.: 0.9312 | Test Auc.: 0.9295
Train Loss.: 0.1234 | Test Loss.: 0.1257
Train Acc.: 0.8461 | Test Acc.: 0.8397
Epoch: 095/200   | Learning Rate 0.001000
Train Auc.: 0.9393 | Test Auc.: 0.9355
Train Loss.: 0.1103 | Test Loss.: 0.1135
Train Acc.: 0.8625 | Test Acc.: 0.8580
Epoch: 096/200   | Learning Rate 0.001000
Train Auc.: 0.9381 | Test Auc.: 0.9342
Train Loss.: 0.1185 | Test Loss.: 0.1218
Train Acc.: 0.8535 | Test Acc.: 0.8492
Epoch: 097/200   | Learning Rate 0.001000
Train Auc.: 0.9357 | Test Auc.: 0.9301
Train Loss.: 0.1138 | Test Loss.: 0.1179
Train Acc.: 0.8571 | Test Acc.: 0.8522
Epoch: 098/200   | Learning Rate 0.001000
Train Auc.: 0.9303 | Test Auc.: 0.9262
Train Loss.: 0.1140 | Test Loss.: 0.1171
Train Acc.: 0.8576 | Test Acc.: 0.8499
Epoch: 099/200   | Learning Rate 0.001000
Train Auc.: 0.9326 | Test Auc.: 0.9308
Train Loss.: 0.1221 | Test Loss.: 0.1237
Train Acc.: 0.8375 | Test Acc.: 0.8310
Epoch: 100/200   | Learning Rate 0.001000
Train Auc.: 0.9344 | Test Auc.: 0.9286
Train Loss.: 0.1340 | Test Loss.: 0.1391
Train Acc.: 0.8216 | Test Acc.: 0.8121
Epoch: 101/200   | Learning Rate 0.000900
Train Auc.: 0.9387 | Test Auc.: 0.9353
Train Loss.: 0.1091 | Test Loss.: 0.1115
Train Acc.: 0.8630 | Test Acc.: 0.8586
Epoch: 102/200   | Learning Rate 0.000900
Train Auc.: 0.9371 | Test Auc.: 0.9332
Train Loss.: 0.1204 | Test Loss.: 0.1236
Train Acc.: 0.8517 | Test Acc.: 0.8446
Epoch: 103/200   | Learning Rate 0.000900
Train Auc.: 0.9402 | Test Auc.: 0.9359
Train Loss.: 0.1218 | Test Loss.: 0.1252
Train Acc.: 0.8502 | Test Acc.: 0.8442
Epoch: 104/200   | Learning Rate 0.000900
Train Auc.: 0.9377 | Test Auc.: 0.9326
Train Loss.: 0.1080 | Test Loss.: 0.1120
Train Acc.: 0.8636 | Test Acc.: 0.8552
Epoch: 105/200   | Learning Rate 0.000900
Train Auc.: 0.9334 | Test Auc.: 0.9289
Train Loss.: 0.1123 | Test Loss.: 0.1154
Train Acc.: 0.8582 | Test Acc.: 0.8528
Epoch: 106/200   | Learning Rate 0.000900
Train Auc.: 0.9309 | Test Auc.: 0.9266
Train Loss.: 0.1365 | Test Loss.: 0.1402
Train Acc.: 0.8236 | Test Acc.: 0.8183
Epoch: 107/200   | Learning Rate 0.000900
Train Auc.: 0.9359 | Test Auc.: 0.9310
Train Loss.: 0.1130 | Test Loss.: 0.1163
Train Acc.: 0.8514 | Test Acc.: 0.8433
Epoch: 108/200   | Learning Rate 0.000900
Train Auc.: 0.9378 | Test Auc.: 0.9341
Train Loss.: 0.1148 | Test Loss.: 0.1173
Train Acc.: 0.8582 | Test Acc.: 0.8530
Epoch: 109/200   | Learning Rate 0.000900
Train Auc.: 0.9387 | Test Auc.: 0.9348
Train Loss.: 0.1130 | Test Loss.: 0.1162
Train Acc.: 0.8624 | Test Acc.: 0.8541
Epoch: 110/200   | Learning Rate 0.000900
Train Auc.: 0.9384 | Test Auc.: 0.9354
Train Loss.: 0.1114 | Test Loss.: 0.1141
Train Acc.: 0.8624 | Test Acc.: 0.8571
Epoch: 111/200   | Learning Rate 0.000900
Train Auc.: 0.9365 | Test Auc.: 0.9328
Train Loss.: 0.1102 | Test Loss.: 0.1133
Train Acc.: 0.8620 | Test Acc.: 0.8569
Epoch: 112/200   | Learning Rate 0.000900
Train Auc.: 0.9336 | Test Auc.: 0.9296
Train Loss.: 0.1151 | Test Loss.: 0.1179
Train Acc.: 0.8491 | Test Acc.: 0.8427
Epoch: 113/200   | Learning Rate 0.000900
Train Auc.: 0.9364 | Test Auc.: 0.9322
Train Loss.: 0.1155 | Test Loss.: 0.1188
Train Acc.: 0.8437 | Test Acc.: 0.8398
Epoch: 114/200   | Learning Rate 0.000900
Train Auc.: 0.9387 | Test Auc.: 0.9349
Train Loss.: 0.1065 | Test Loss.: 0.1098
Train Acc.: 0.8617 | Test Acc.: 0.8553
Epoch: 115/200   | Learning Rate 0.000900
Train Auc.: 0.9405 | Test Auc.: 0.9371
Train Loss.: 0.1074 | Test Loss.: 0.1103
Train Acc.: 0.8679 | Test Acc.: 0.8602
Epoch: 116/200   | Learning Rate 0.000900
Train Auc.: 0.9395 | Test Auc.: 0.9370
Train Loss.: 0.1129 | Test Loss.: 0.1151
Train Acc.: 0.8600 | Test Acc.: 0.8549
Epoch: 117/200   | Learning Rate 0.000900
Train Auc.: 0.9387 | Test Auc.: 0.9360
Train Loss.: 0.1123 | Test Loss.: 0.1145
Train Acc.: 0.8599 | Test Acc.: 0.8543
Epoch: 118/200   | Learning Rate 0.000900
Train Auc.: 0.9409 | Test Auc.: 0.9376
Train Loss.: 0.1056 | Test Loss.: 0.1085
Train Acc.: 0.8686 | Test Acc.: 0.8628
Epoch: 119/200   | Learning Rate 0.000900
Train Auc.: 0.9367 | Test Auc.: 0.9336
Train Loss.: 0.1169 | Test Loss.: 0.1202
Train Acc.: 0.8458 | Test Acc.: 0.8391
Epoch: 120/200   | Learning Rate 0.000900
Train Auc.: 0.9384 | Test Auc.: 0.9343
Train Loss.: 0.1106 | Test Loss.: 0.1139
Train Acc.: 0.8559 | Test Acc.: 0.8493
Epoch: 121/200   | Learning Rate 0.000900
Train Auc.: 0.9406 | Test Auc.: 0.9371
Train Loss.: 0.1059 | Test Loss.: 0.1088
Train Acc.: 0.8669 | Test Acc.: 0.8582
Epoch: 122/200   | Learning Rate 0.000900
Train Auc.: 0.9383 | Test Auc.: 0.9357
Train Loss.: 0.1099 | Test Loss.: 0.1117
Train Acc.: 0.8615 | Test Acc.: 0.8551
Epoch: 123/200   | Learning Rate 0.000900
Train Auc.: 0.9385 | Test Auc.: 0.9365
Train Loss.: 0.1155 | Test Loss.: 0.1177
Train Acc.: 0.8566 | Test Acc.: 0.8520
Epoch: 124/200   | Learning Rate 0.000900
Train Auc.: 0.9404 | Test Auc.: 0.9370
Train Loss.: 0.1074 | Test Loss.: 0.1102
Train Acc.: 0.8669 | Test Acc.: 0.8600
Epoch: 125/200   | Learning Rate 0.000900
Train Auc.: 0.9390 | Test Auc.: 0.9339
Train Loss.: 0.1079 | Test Loss.: 0.1113
Train Acc.: 0.8663 | Test Acc.: 0.8603
Epoch: 126/200   | Learning Rate 0.000900
Train Auc.: 0.9366 | Test Auc.: 0.9333
Train Loss.: 0.1122 | Test Loss.: 0.1155
Train Acc.: 0.8568 | Test Acc.: 0.8439
Epoch: 127/200   | Learning Rate 0.000900
Train Auc.: 0.9358 | Test Auc.: 0.9326
Train Loss.: 0.1146 | Test Loss.: 0.1179
Train Acc.: 0.8519 | Test Acc.: 0.8417
Epoch: 128/200   | Learning Rate 0.000900
Train Auc.: 0.9416 | Test Auc.: 0.9370
Train Loss.: 0.1073 | Test Loss.: 0.1111
Train Acc.: 0.8603 | Test Acc.: 0.8551
Epoch: 129/200   | Learning Rate 0.000900
Train Auc.: 0.9416 | Test Auc.: 0.9386
Train Loss.: 0.1095 | Test Loss.: 0.1123
Train Acc.: 0.8655 | Test Acc.: 0.8622
Epoch: 130/200   | Learning Rate 0.000900
Train Auc.: 0.9384 | Test Auc.: 0.9365
Train Loss.: 0.1149 | Test Loss.: 0.1164
Train Acc.: 0.8586 | Test Acc.: 0.8556
Epoch: 131/200   | Learning Rate 0.000900
Train Auc.: 0.9424 | Test Auc.: 0.9383
Train Loss.: 0.1101 | Test Loss.: 0.1131
Train Acc.: 0.8645 | Test Acc.: 0.8574
Epoch: 132/200   | Learning Rate 0.000900
Train Auc.: 0.9407 | Test Auc.: 0.9355
Train Loss.: 0.1057 | Test Loss.: 0.1103
Train Acc.: 0.8643 | Test Acc.: 0.8566
Epoch: 133/200   | Learning Rate 0.000900
Train Auc.: 0.9382 | Test Auc.: 0.9332
Train Loss.: 0.1107 | Test Loss.: 0.1150
Train Acc.: 0.8568 | Test Acc.: 0.8488
Epoch: 134/200   | Learning Rate 0.000900
Train Auc.: 0.9365 | Test Auc.: 0.9334
Train Loss.: 0.1132 | Test Loss.: 0.1161
Train Acc.: 0.8491 | Test Acc.: 0.8424
Epoch: 135/200   | Learning Rate 0.000900
Train Auc.: 0.9394 | Test Auc.: 0.9362
Train Loss.: 0.1065 | Test Loss.: 0.1092
Train Acc.: 0.8706 | Test Acc.: 0.8605
Epoch: 136/200   | Learning Rate 0.000900
Train Auc.: 0.9392 | Test Auc.: 0.9359
Train Loss.: 0.1072 | Test Loss.: 0.1100
Train Acc.: 0.8645 | Test Acc.: 0.8561
Epoch: 137/200   | Learning Rate 0.000900
Train Auc.: 0.9407 | Test Auc.: 0.9367
Train Loss.: 0.1077 | Test Loss.: 0.1114
Train Acc.: 0.8651 | Test Acc.: 0.8595
Epoch: 138/200   | Learning Rate 0.000900
Train Auc.: 0.9409 | Test Auc.: 0.9381
Train Loss.: 0.1058 | Test Loss.: 0.1080
Train Acc.: 0.8673 | Test Acc.: 0.8647
Epoch: 139/200   | Learning Rate 0.000900
Train Auc.: 0.9401 | Test Auc.: 0.9351
Train Loss.: 0.1065 | Test Loss.: 0.1104
Train Acc.: 0.8655 | Test Acc.: 0.8576
Epoch: 140/200   | Learning Rate 0.000900
Train Auc.: 0.9395 | Test Auc.: 0.9359
Train Loss.: 0.1065 | Test Loss.: 0.1096
Train Acc.: 0.8655 | Test Acc.: 0.8576
Epoch: 141/200   | Learning Rate 0.000900
Train Auc.: 0.9405 | Test Auc.: 0.9348
Train Loss.: 0.1063 | Test Loss.: 0.1103
Train Acc.: 0.8680 | Test Acc.: 0.8561
Epoch: 142/200   | Learning Rate 0.000900
Train Auc.: 0.9383 | Test Auc.: 0.9343
Train Loss.: 0.1092 | Test Loss.: 0.1128
Train Acc.: 0.8544 | Test Acc.: 0.8496
Epoch: 143/200   | Learning Rate 0.000900
Train Auc.: 0.9401 | Test Auc.: 0.9373
Train Loss.: 0.1052 | Test Loss.: 0.1081
Train Acc.: 0.8682 | Test Acc.: 0.8648
Epoch: 144/200   | Learning Rate 0.000900
Train Auc.: 0.9407 | Test Auc.: 0.9366
Train Loss.: 0.1058 | Test Loss.: 0.1092
Train Acc.: 0.8665 | Test Acc.: 0.8607
Epoch: 145/200   | Learning Rate 0.000900
Train Auc.: 0.9409 | Test Auc.: 0.9368
Train Loss.: 0.1062 | Test Loss.: 0.1097
Train Acc.: 0.8713 | Test Acc.: 0.8624
Epoch: 146/200   | Learning Rate 0.000900
Train Auc.: 0.9397 | Test Auc.: 0.9356
Train Loss.: 0.1094 | Test Loss.: 0.1130
Train Acc.: 0.8628 | Test Acc.: 0.8567
Epoch: 147/200   | Learning Rate 0.000900
Train Auc.: 0.9415 | Test Auc.: 0.9369
Train Loss.: 0.1061 | Test Loss.: 0.1097
Train Acc.: 0.8695 | Test Acc.: 0.8617
Epoch: 148/200   | Learning Rate 0.000900
Train Auc.: 0.9407 | Test Auc.: 0.9367
Train Loss.: 0.1059 | Test Loss.: 0.1093
Train Acc.: 0.8654 | Test Acc.: 0.8566
Epoch: 149/200   | Learning Rate 0.000900
Train Auc.: 0.9374 | Test Auc.: 0.9349
Train Loss.: 0.1126 | Test Loss.: 0.1160
Train Acc.: 0.8515 | Test Acc.: 0.8448
Epoch: 150/200   | Learning Rate 0.000900
Train Auc.: 0.9416 | Test Auc.: 0.9384
Train Loss.: 0.1049 | Test Loss.: 0.1077
Train Acc.: 0.8682 | Test Acc.: 0.8654
Epoch: 151/200   | Learning Rate 0.000900
Train Auc.: 0.9429 | Test Auc.: 0.9389
Train Loss.: 0.1035 | Test Loss.: 0.1071
Train Acc.: 0.8679 | Test Acc.: 0.8610
Epoch: 152/200   | Learning Rate 0.000900
Train Auc.: 0.9402 | Test Auc.: 0.9362
Train Loss.: 0.1057 | Test Loss.: 0.1092
Train Acc.: 0.8679 | Test Acc.: 0.8577
Epoch: 153/200   | Learning Rate 0.000900
Train Auc.: 0.9403 | Test Auc.: 0.9367
Train Loss.: 0.1155 | Test Loss.: 0.1181
Train Acc.: 0.8557 | Test Acc.: 0.8519
Epoch: 154/200   | Learning Rate 0.000900
Train Auc.: 0.9425 | Test Auc.: 0.9375
Train Loss.: 0.1075 | Test Loss.: 0.1117
Train Acc.: 0.8684 | Test Acc.: 0.8595
Epoch: 155/200   | Learning Rate 0.000900
Train Auc.: 0.9393 | Test Auc.: 0.9357
Train Loss.: 0.1073 | Test Loss.: 0.1106
Train Acc.: 0.8593 | Test Acc.: 0.8534
Epoch: 156/200   | Learning Rate 0.000900
Train Auc.: 0.9389 | Test Auc.: 0.9370
Train Loss.: 0.1162 | Test Loss.: 0.1182
Train Acc.: 0.8453 | Test Acc.: 0.8381
Epoch: 157/200   | Learning Rate 0.000900
Train Auc.: 0.9400 | Test Auc.: 0.9361
Train Loss.: 0.1071 | Test Loss.: 0.1102
Train Acc.: 0.8644 | Test Acc.: 0.8603
Epoch: 158/200   | Learning Rate 0.000900
Train Auc.: 0.9408 | Test Auc.: 0.9385
Train Loss.: 0.1050 | Test Loss.: 0.1071
Train Acc.: 0.8679 | Test Acc.: 0.8623
Epoch: 159/200   | Learning Rate 0.000900
Train Auc.: 0.9409 | Test Auc.: 0.9369
Train Loss.: 0.1094 | Test Loss.: 0.1127
Train Acc.: 0.8641 | Test Acc.: 0.8566
Epoch: 160/200   | Learning Rate 0.000900
Train Auc.: 0.9423 | Test Auc.: 0.9392
Train Loss.: 0.1080 | Test Loss.: 0.1103
Train Acc.: 0.8663 | Test Acc.: 0.8621
Epoch: 161/200   | Learning Rate 0.000900
Train Auc.: 0.9398 | Test Auc.: 0.9378
Train Loss.: 0.1094 | Test Loss.: 0.1111
Train Acc.: 0.8656 | Test Acc.: 0.8602
Epoch: 162/200   | Learning Rate 0.000900
Train Auc.: 0.9418 | Test Auc.: 0.9377
Train Loss.: 0.1072 | Test Loss.: 0.1107
Train Acc.: 0.8613 | Test Acc.: 0.8508
Epoch: 163/200   | Learning Rate 0.000900
Train Auc.: 0.9408 | Test Auc.: 0.9363
Train Loss.: 0.1070 | Test Loss.: 0.1107
Train Acc.: 0.8621 | Test Acc.: 0.8550
Epoch: 164/200   | Learning Rate 0.000900
Train Auc.: 0.9427 | Test Auc.: 0.9380
Train Loss.: 0.1055 | Test Loss.: 0.1094
Train Acc.: 0.8632 | Test Acc.: 0.8561
Epoch: 165/200   | Learning Rate 0.000900
Train Auc.: 0.9438 | Test Auc.: 0.9388
Train Loss.: 0.1037 | Test Loss.: 0.1075
Train Acc.: 0.8739 | Test Acc.: 0.8628
Epoch: 166/200   | Learning Rate 0.000900
Train Auc.: 0.9421 | Test Auc.: 0.9384
Train Loss.: 0.1044 | Test Loss.: 0.1079
Train Acc.: 0.8688 | Test Acc.: 0.8624
Epoch: 167/200   | Learning Rate 0.000900
Train Auc.: 0.9429 | Test Auc.: 0.9398
Train Loss.: 0.1177 | Test Loss.: 0.1198
Train Acc.: 0.8524 | Test Acc.: 0.8470
Epoch: 168/200   | Learning Rate 0.000900
Train Auc.: 0.9433 | Test Auc.: 0.9403
Train Loss.: 0.1032 | Test Loss.: 0.1058
Train Acc.: 0.8681 | Test Acc.: 0.8644
Epoch: 169/200   | Learning Rate 0.000900
Train Auc.: 0.9401 | Test Auc.: 0.9363
Train Loss.: 0.1057 | Test Loss.: 0.1091
Train Acc.: 0.8696 | Test Acc.: 0.8612
Epoch: 170/200   | Learning Rate 0.000900
Train Auc.: 0.9405 | Test Auc.: 0.9366
Train Loss.: 0.1077 | Test Loss.: 0.1111
Train Acc.: 0.8641 | Test Acc.: 0.8561
Epoch: 171/200   | Learning Rate 0.000900
Train Auc.: 0.9417 | Test Auc.: 0.9369
Train Loss.: 0.1072 | Test Loss.: 0.1111
Train Acc.: 0.8604 | Test Acc.: 0.8512
Epoch: 172/200   | Learning Rate 0.000900
Train Auc.: 0.9419 | Test Auc.: 0.9380
Train Loss.: 0.1047 | Test Loss.: 0.1082
Train Acc.: 0.8659 | Test Acc.: 0.8586
Epoch: 173/200   | Learning Rate 0.000900
Train Auc.: 0.9406 | Test Auc.: 0.9373
Train Loss.: 0.1078 | Test Loss.: 0.1108
Train Acc.: 0.8673 | Test Acc.: 0.8617
Epoch: 174/200   | Learning Rate 0.000900
Train Auc.: 0.9416 | Test Auc.: 0.9383
Train Loss.: 0.1083 | Test Loss.: 0.1113
Train Acc.: 0.8651 | Test Acc.: 0.8613
Epoch: 175/200   | Learning Rate 0.000900
Train Auc.: 0.9423 | Test Auc.: 0.9403
Train Loss.: 0.1076 | Test Loss.: 0.1092
Train Acc.: 0.8678 | Test Acc.: 0.8642
Epoch: 176/200   | Learning Rate 0.000900
Train Auc.: 0.9425 | Test Auc.: 0.9395
Train Loss.: 0.1035 | Test Loss.: 0.1061
Train Acc.: 0.8700 | Test Acc.: 0.8666
Epoch: 177/200   | Learning Rate 0.000900
Train Auc.: 0.9430 | Test Auc.: 0.9376
Train Loss.: 0.1042 | Test Loss.: 0.1084
Train Acc.: 0.8681 | Test Acc.: 0.8547
Epoch: 178/200   | Learning Rate 0.000900
Train Auc.: 0.9399 | Test Auc.: 0.9371
Train Loss.: 0.1082 | Test Loss.: 0.1108
Train Acc.: 0.8605 | Test Acc.: 0.8569
Epoch: 179/200   | Learning Rate 0.000900
Train Auc.: 0.9424 | Test Auc.: 0.9385
Train Loss.: 0.1036 | Test Loss.: 0.1072
Train Acc.: 0.8713 | Test Acc.: 0.8626
Epoch: 180/200   | Learning Rate 0.000900
Train Auc.: 0.9443 | Test Auc.: 0.9400
Train Loss.: 0.1021 | Test Loss.: 0.1058
Train Acc.: 0.8711 | Test Acc.: 0.8614
Epoch: 181/200   | Learning Rate 0.000900
Train Auc.: 0.9435 | Test Auc.: 0.9390
Train Loss.: 0.1032 | Test Loss.: 0.1069
Train Acc.: 0.8760 | Test Acc.: 0.8649
Epoch: 182/200   | Learning Rate 0.000900
Train Auc.: 0.9424 | Test Auc.: 0.9379
Train Loss.: 0.1047 | Test Loss.: 0.1081
Train Acc.: 0.8709 | Test Acc.: 0.8622
Epoch: 183/200   | Learning Rate 0.000900
Train Auc.: 0.9439 | Test Auc.: 0.9395
Train Loss.: 0.1036 | Test Loss.: 0.1073
Train Acc.: 0.8718 | Test Acc.: 0.8645
Epoch: 184/200   | Learning Rate 0.000900
Train Auc.: 0.9430 | Test Auc.: 0.9390
Train Loss.: 0.1042 | Test Loss.: 0.1075
Train Acc.: 0.8726 | Test Acc.: 0.8627
Epoch: 185/200   | Learning Rate 0.000900
Train Auc.: 0.9399 | Test Auc.: 0.9383
Train Loss.: 0.1052 | Test Loss.: 0.1070
Train Acc.: 0.8671 | Test Acc.: 0.8611
Epoch: 186/200   | Learning Rate 0.000900
Train Auc.: 0.9426 | Test Auc.: 0.9374
Train Loss.: 0.1041 | Test Loss.: 0.1082
Train Acc.: 0.8669 | Test Acc.: 0.8597
Epoch: 187/200   | Learning Rate 0.000900
Train Auc.: 0.9417 | Test Auc.: 0.9390
Train Loss.: 0.1045 | Test Loss.: 0.1070
Train Acc.: 0.8697 | Test Acc.: 0.8635
Epoch: 188/200   | Learning Rate 0.000900
Train Auc.: 0.9424 | Test Auc.: 0.9390
Train Loss.: 0.1038 | Test Loss.: 0.1069
Train Acc.: 0.8709 | Test Acc.: 0.8638
Epoch: 189/200   | Learning Rate 0.000900
Train Auc.: 0.9420 | Test Auc.: 0.9385
Train Loss.: 0.1037 | Test Loss.: 0.1067
Train Acc.: 0.8690 | Test Acc.: 0.8648
Epoch: 190/200   | Learning Rate 0.000900
Train Auc.: 0.9444 | Test Auc.: 0.9406
Train Loss.: 0.1033 | Test Loss.: 0.1066
Train Acc.: 0.8721 | Test Acc.: 0.8647
Epoch: 191/200   | Learning Rate 0.000900
Train Auc.: 0.9417 | Test Auc.: 0.9394
Train Loss.: 0.1083 | Test Loss.: 0.1105
Train Acc.: 0.8690 | Test Acc.: 0.8620
Epoch: 192/200   | Learning Rate 0.000900
Train Auc.: 0.9433 | Test Auc.: 0.9386
Train Loss.: 0.1026 | Test Loss.: 0.1066
Train Acc.: 0.8697 | Test Acc.: 0.8639
Epoch: 193/200   | Learning Rate 0.000900
Train Auc.: 0.9416 | Test Auc.: 0.9382
Train Loss.: 0.1068 | Test Loss.: 0.1099
Train Acc.: 0.8606 | Test Acc.: 0.8537
Epoch: 194/200   | Learning Rate 0.000900
Train Auc.: 0.9430 | Test Auc.: 0.9401
Train Loss.: 0.1033 | Test Loss.: 0.1057
Train Acc.: 0.8705 | Test Acc.: 0.8626
Epoch: 195/200   | Learning Rate 0.000900
Train Auc.: 0.9433 | Test Auc.: 0.9399
Train Loss.: 0.1029 | Test Loss.: 0.1061
Train Acc.: 0.8711 | Test Acc.: 0.8628
Epoch: 196/200   | Learning Rate 0.000900
Train Auc.: 0.9398 | Test Auc.: 0.9358
Train Loss.: 0.1078 | Test Loss.: 0.1110
Train Acc.: 0.8636 | Test Acc.: 0.8554
Epoch: 197/200   | Learning Rate 0.000900
Train Auc.: 0.9423 | Test Auc.: 0.9399
Train Loss.: 0.1049 | Test Loss.: 0.1075
Train Acc.: 0.8744 | Test Acc.: 0.8659
Epoch: 198/200   | Learning Rate 0.000900
Train Auc.: 0.9452 | Test Auc.: 0.9421
Train Loss.: 0.1045 | Test Loss.: 0.1073
Train Acc.: 0.8740 | Test Acc.: 0.8686
Epoch: 199/200   | Learning Rate 0.000900
Train Auc.: 0.9438 | Test Auc.: 0.9401
Train Loss.: 0.1072 | Test Loss.: 0.1106
Train Acc.: 0.8699 | Test Acc.: 0.8661
Epoch: 200/200   | Learning Rate 0.000900
Train Auc.: 0.9414 | Test Auc.: 0.9373
Train Loss.: 0.1037 | Test Loss.: 0.1074
Train Acc.: 0.8677 | Test Acc.: 0.8588
Epoch: 001/200   | Learning Rate 0.000810
Train Auc.: 0.9402 | Test Auc.: 0.9445
Train Loss.: 0.1112 | Test Loss.: 0.1072
Train Acc.: 0.8510 | Test Acc.: 0.8599
Epoch: 002/200   | Learning Rate 0.000810
Train Auc.: 0.9399 | Test Auc.: 0.9426
Train Loss.: 0.1088 | Test Loss.: 0.1062
Train Acc.: 0.8583 | Test Acc.: 0.8631
Epoch: 003/200   | Learning Rate 0.000810
Train Auc.: 0.9375 | Test Auc.: 0.9422
Train Loss.: 0.1072 | Test Loss.: 0.1032
Train Acc.: 0.8611 | Test Acc.: 0.8686
Epoch: 004/200   | Learning Rate 0.000810
Train Auc.: 0.9404 | Test Auc.: 0.9445
Train Loss.: 0.1083 | Test Loss.: 0.1047
Train Acc.: 0.8653 | Test Acc.: 0.8716
Epoch: 005/200   | Learning Rate 0.000810
Train Auc.: 0.9416 | Test Auc.: 0.9443
Train Loss.: 0.1130 | Test Loss.: 0.1106
Train Acc.: 0.8609 | Test Acc.: 0.8630
Epoch: 006/200   | Learning Rate 0.000810
Train Auc.: 0.9401 | Test Auc.: 0.9428
Train Loss.: 0.1082 | Test Loss.: 0.1057
Train Acc.: 0.8653 | Test Acc.: 0.8692
Epoch: 007/200   | Learning Rate 0.000810
Train Auc.: 0.9397 | Test Auc.: 0.9427
Train Loss.: 0.1072 | Test Loss.: 0.1044
Train Acc.: 0.8607 | Test Acc.: 0.8660
Epoch: 008/200   | Learning Rate 0.000810
Train Auc.: 0.9380 | Test Auc.: 0.9415
Train Loss.: 0.1097 | Test Loss.: 0.1068
Train Acc.: 0.8551 | Test Acc.: 0.8633
Epoch: 009/200   | Learning Rate 0.000810
Train Auc.: 0.9386 | Test Auc.: 0.9417
Train Loss.: 0.1085 | Test Loss.: 0.1052
Train Acc.: 0.8549 | Test Acc.: 0.8623
Epoch: 010/200   | Learning Rate 0.000810
Train Auc.: 0.9380 | Test Auc.: 0.9429
Train Loss.: 0.1077 | Test Loss.: 0.1034
Train Acc.: 0.8577 | Test Acc.: 0.8659
Epoch: 011/200   | Learning Rate 0.000810
Train Auc.: 0.9393 | Test Auc.: 0.9433
Train Loss.: 0.1077 | Test Loss.: 0.1044
Train Acc.: 0.8644 | Test Acc.: 0.8730
Epoch: 012/200   | Learning Rate 0.000810
Train Auc.: 0.9402 | Test Auc.: 0.9438
Train Loss.: 0.1128 | Test Loss.: 0.1098
Train Acc.: 0.8638 | Test Acc.: 0.8669
Epoch: 013/200   | Learning Rate 0.000810
Train Auc.: 0.9400 | Test Auc.: 0.9430
Train Loss.: 0.1111 | Test Loss.: 0.1084
Train Acc.: 0.8630 | Test Acc.: 0.8687
Epoch: 014/200   | Learning Rate 0.000810
Train Auc.: 0.9405 | Test Auc.: 0.9433
Train Loss.: 0.1055 | Test Loss.: 0.1027
Train Acc.: 0.8661 | Test Acc.: 0.8711
Epoch: 015/200   | Learning Rate 0.000810
Train Auc.: 0.9406 | Test Auc.: 0.9428
Train Loss.: 0.1086 | Test Loss.: 0.1062
Train Acc.: 0.8534 | Test Acc.: 0.8584
Epoch: 016/200   | Learning Rate 0.000810
Train Auc.: 0.9398 | Test Auc.: 0.9444
Train Loss.: 0.1092 | Test Loss.: 0.1050
Train Acc.: 0.8545 | Test Acc.: 0.8627
Epoch: 017/200   | Learning Rate 0.000810
Train Auc.: 0.9402 | Test Auc.: 0.9422
Train Loss.: 0.1074 | Test Loss.: 0.1050
Train Acc.: 0.8580 | Test Acc.: 0.8669
Epoch: 018/200   | Learning Rate 0.000810
Train Auc.: 0.9413 | Test Auc.: 0.9449
Train Loss.: 0.1061 | Test Loss.: 0.1030
Train Acc.: 0.8695 | Test Acc.: 0.8749
Epoch: 019/200   | Learning Rate 0.000810
Train Auc.: 0.9405 | Test Auc.: 0.9447
Train Loss.: 0.1116 | Test Loss.: 0.1078
Train Acc.: 0.8600 | Test Acc.: 0.8682
Epoch: 020/200   | Learning Rate 0.000810
Train Auc.: 0.9406 | Test Auc.: 0.9434
Train Loss.: 0.1097 | Test Loss.: 0.1068
Train Acc.: 0.8649 | Test Acc.: 0.8691
Epoch: 021/200   | Learning Rate 0.000810
Train Auc.: 0.9379 | Test Auc.: 0.9415
Train Loss.: 0.1070 | Test Loss.: 0.1039
Train Acc.: 0.8643 | Test Acc.: 0.8721
Epoch: 022/200   | Learning Rate 0.000810
Train Auc.: 0.9383 | Test Auc.: 0.9412
Train Loss.: 0.1085 | Test Loss.: 0.1058
Train Acc.: 0.8564 | Test Acc.: 0.8647
Epoch: 023/200   | Learning Rate 0.000810
Train Auc.: 0.9392 | Test Auc.: 0.9441
Train Loss.: 0.1101 | Test Loss.: 0.1061
Train Acc.: 0.8537 | Test Acc.: 0.8632
Epoch: 024/200   | Learning Rate 0.000810
Train Auc.: 0.9420 | Test Auc.: 0.9443
Train Loss.: 0.1046 | Test Loss.: 0.1025
Train Acc.: 0.8682 | Test Acc.: 0.8732
Epoch: 025/200   | Learning Rate 0.000810
Train Auc.: 0.9382 | Test Auc.: 0.9435
Train Loss.: 0.1071 | Test Loss.: 0.1030
Train Acc.: 0.8647 | Test Acc.: 0.8758
Epoch: 026/200   | Learning Rate 0.000810
Train Auc.: 0.9383 | Test Auc.: 0.9431
Train Loss.: 0.1098 | Test Loss.: 0.1064
Train Acc.: 0.8611 | Test Acc.: 0.8692
Epoch: 027/200   | Learning Rate 0.000810
Train Auc.: 0.9410 | Test Auc.: 0.9437
Train Loss.: 0.1067 | Test Loss.: 0.1040
Train Acc.: 0.8657 | Test Acc.: 0.8728
Epoch: 028/200   | Learning Rate 0.000810
Train Auc.: 0.9389 | Test Auc.: 0.9435
Train Loss.: 0.1066 | Test Loss.: 0.1028
Train Acc.: 0.8650 | Test Acc.: 0.8695
Epoch: 029/200   | Learning Rate 0.000810
Train Auc.: 0.9383 | Test Auc.: 0.9424
Train Loss.: 0.1091 | Test Loss.: 0.1057
Train Acc.: 0.8643 | Test Acc.: 0.8699
Epoch: 030/200   | Learning Rate 0.000810
Train Auc.: 0.9415 | Test Auc.: 0.9448
Train Loss.: 0.1047 | Test Loss.: 0.1018
Train Acc.: 0.8655 | Test Acc.: 0.8756
Epoch: 031/200   | Learning Rate 0.000810
Train Auc.: 0.9379 | Test Auc.: 0.9413
Train Loss.: 0.1090 | Test Loss.: 0.1062
Train Acc.: 0.8558 | Test Acc.: 0.8651
Epoch: 032/200   | Learning Rate 0.000810
Train Auc.: 0.9396 | Test Auc.: 0.9432
Train Loss.: 0.1085 | Test Loss.: 0.1052
Train Acc.: 0.8555 | Test Acc.: 0.8612
Epoch: 033/200   | Learning Rate 0.000810
Train Auc.: 0.9389 | Test Auc.: 0.9428
Train Loss.: 0.1066 | Test Loss.: 0.1035
Train Acc.: 0.8640 | Test Acc.: 0.8703
Epoch: 034/200   | Learning Rate 0.000810
Train Auc.: 0.9403 | Test Auc.: 0.9431
Train Loss.: 0.1088 | Test Loss.: 0.1063
Train Acc.: 0.8676 | Test Acc.: 0.8703
Epoch: 035/200   | Learning Rate 0.000810
Train Auc.: 0.9414 | Test Auc.: 0.9447
Train Loss.: 0.1079 | Test Loss.: 0.1050
Train Acc.: 0.8690 | Test Acc.: 0.8721
Epoch: 036/200   | Learning Rate 0.000810
Train Auc.: 0.9392 | Test Auc.: 0.9427
Train Loss.: 0.1065 | Test Loss.: 0.1033
Train Acc.: 0.8656 | Test Acc.: 0.8706
Epoch: 037/200   | Learning Rate 0.000810
Train Auc.: 0.9393 | Test Auc.: 0.9419
Train Loss.: 0.1064 | Test Loss.: 0.1038
Train Acc.: 0.8634 | Test Acc.: 0.8701
Epoch: 038/200   | Learning Rate 0.000810
Train Auc.: 0.9367 | Test Auc.: 0.9415
Train Loss.: 0.1097 | Test Loss.: 0.1056
Train Acc.: 0.8520 | Test Acc.: 0.8631
Epoch: 039/200   | Learning Rate 0.000810
Train Auc.: 0.9399 | Test Auc.: 0.9425
Train Loss.: 0.1060 | Test Loss.: 0.1034
Train Acc.: 0.8591 | Test Acc.: 0.8672
Epoch: 040/200   | Learning Rate 0.000810
Train Auc.: 0.9385 | Test Auc.: 0.9426
Train Loss.: 0.1068 | Test Loss.: 0.1032
Train Acc.: 0.8651 | Test Acc.: 0.8723
Epoch: 041/200   | Learning Rate 0.000810
Train Auc.: 0.9407 | Test Auc.: 0.9431
Train Loss.: 0.1072 | Test Loss.: 0.1049
Train Acc.: 0.8667 | Test Acc.: 0.8709
Epoch: 042/200   | Learning Rate 0.000810
Train Auc.: 0.9395 | Test Auc.: 0.9441
Train Loss.: 0.1063 | Test Loss.: 0.1026
Train Acc.: 0.8657 | Test Acc.: 0.8726
Epoch: 043/200   | Learning Rate 0.000810
Train Auc.: 0.9400 | Test Auc.: 0.9428
Train Loss.: 0.1064 | Test Loss.: 0.1038
Train Acc.: 0.8649 | Test Acc.: 0.8742
Epoch: 044/200   | Learning Rate 0.000810
Train Auc.: 0.9403 | Test Auc.: 0.9431
Train Loss.: 0.1055 | Test Loss.: 0.1029
Train Acc.: 0.8652 | Test Acc.: 0.8731
Epoch: 045/200   | Learning Rate 0.000810
Train Auc.: 0.9405 | Test Auc.: 0.9433
Train Loss.: 0.1051 | Test Loss.: 0.1025
Train Acc.: 0.8667 | Test Acc.: 0.8710
Epoch: 046/200   | Learning Rate 0.000810
Train Auc.: 0.9387 | Test Auc.: 0.9423
Train Loss.: 0.1069 | Test Loss.: 0.1040
Train Acc.: 0.8622 | Test Acc.: 0.8690
Epoch: 047/200   | Learning Rate 0.000810
Train Auc.: 0.9399 | Test Auc.: 0.9429
Train Loss.: 0.1055 | Test Loss.: 0.1028
Train Acc.: 0.8622 | Test Acc.: 0.8686
Epoch: 048/200   | Learning Rate 0.000810
Train Auc.: 0.9396 | Test Auc.: 0.9428
Train Loss.: 0.1062 | Test Loss.: 0.1032
Train Acc.: 0.8646 | Test Acc.: 0.8664
Epoch: 049/200   | Learning Rate 0.000810
Train Auc.: 0.9399 | Test Auc.: 0.9448
Train Loss.: 0.1056 | Test Loss.: 0.1018
Train Acc.: 0.8676 | Test Acc.: 0.8755
Epoch: 050/200   | Learning Rate 0.000810
Train Auc.: 0.9403 | Test Auc.: 0.9440
Train Loss.: 0.1069 | Test Loss.: 0.1040
Train Acc.: 0.8668 | Test Acc.: 0.8742
Epoch: 051/200   | Learning Rate 0.000810
Train Auc.: 0.9395 | Test Auc.: 0.9431
Train Loss.: 0.1059 | Test Loss.: 0.1026
Train Acc.: 0.8632 | Test Acc.: 0.8698
Epoch: 052/200   | Learning Rate 0.000810
Train Auc.: 0.9402 | Test Auc.: 0.9447
Train Loss.: 0.1055 | Test Loss.: 0.1015
Train Acc.: 0.8649 | Test Acc.: 0.8725
Epoch: 053/200   | Learning Rate 0.000810
Train Auc.: 0.9410 | Test Auc.: 0.9436
Train Loss.: 0.1049 | Test Loss.: 0.1021
Train Acc.: 0.8661 | Test Acc.: 0.8731
Epoch: 054/200   | Learning Rate 0.000810
Train Auc.: 0.9411 | Test Auc.: 0.9433
Train Loss.: 0.1047 | Test Loss.: 0.1026
Train Acc.: 0.8699 | Test Acc.: 0.8749
Epoch: 055/200   | Learning Rate 0.000810
Train Auc.: 0.9402 | Test Auc.: 0.9435
Train Loss.: 0.1053 | Test Loss.: 0.1023
Train Acc.: 0.8674 | Test Acc.: 0.8715
Epoch: 056/200   | Learning Rate 0.000810
Train Auc.: 0.9398 | Test Auc.: 0.9418
Train Loss.: 0.1063 | Test Loss.: 0.1039
Train Acc.: 0.8611 | Test Acc.: 0.8704
Epoch: 057/200   | Learning Rate 0.000810
Train Auc.: 0.9411 | Test Auc.: 0.9437
Train Loss.: 0.1046 | Test Loss.: 0.1021
Train Acc.: 0.8642 | Test Acc.: 0.8730
Epoch: 058/200   | Learning Rate 0.000810
Train Auc.: 0.9389 | Test Auc.: 0.9428
Train Loss.: 0.1080 | Test Loss.: 0.1050
Train Acc.: 0.8659 | Test Acc.: 0.8730
Epoch: 059/200   | Learning Rate 0.000810
Train Auc.: 0.9390 | Test Auc.: 0.9430
Train Loss.: 0.1072 | Test Loss.: 0.1038
Train Acc.: 0.8651 | Test Acc.: 0.8746
Epoch: 060/200   | Learning Rate 0.000810
Train Auc.: 0.9395 | Test Auc.: 0.9415
Train Loss.: 0.1061 | Test Loss.: 0.1040
Train Acc.: 0.8610 | Test Acc.: 0.8673
Epoch: 061/200   | Learning Rate 0.000810
Train Auc.: 0.9417 | Test Auc.: 0.9447
Train Loss.: 0.1046 | Test Loss.: 0.1017
Train Acc.: 0.8665 | Test Acc.: 0.8723
Epoch: 062/200   | Learning Rate 0.000810
Train Auc.: 0.9411 | Test Auc.: 0.9436
Train Loss.: 0.1049 | Test Loss.: 0.1022
Train Acc.: 0.8654 | Test Acc.: 0.8707
Epoch: 063/200   | Learning Rate 0.000810
Train Auc.: 0.9389 | Test Auc.: 0.9414
Train Loss.: 0.1068 | Test Loss.: 0.1039
Train Acc.: 0.8596 | Test Acc.: 0.8660
Epoch: 064/200   | Learning Rate 0.000810
Train Auc.: 0.9399 | Test Auc.: 0.9438
Train Loss.: 0.1066 | Test Loss.: 0.1034
Train Acc.: 0.8678 | Test Acc.: 0.8738
Epoch: 065/200   | Learning Rate 0.000810
Train Auc.: 0.9404 | Test Auc.: 0.9437
Train Loss.: 0.1056 | Test Loss.: 0.1023
Train Acc.: 0.8656 | Test Acc.: 0.8706
Epoch: 066/200   | Learning Rate 0.000810
Train Auc.: 0.9407 | Test Auc.: 0.9447
Train Loss.: 0.1057 | Test Loss.: 0.1020
Train Acc.: 0.8665 | Test Acc.: 0.8723
Epoch: 067/200   | Learning Rate 0.000810
Train Auc.: 0.9406 | Test Auc.: 0.9447
Train Loss.: 0.1069 | Test Loss.: 0.1035
Train Acc.: 0.8670 | Test Acc.: 0.8740
Epoch: 068/200   | Learning Rate 0.000810
Train Auc.: 0.9415 | Test Auc.: 0.9442
Train Loss.: 0.1044 | Test Loss.: 0.1020
Train Acc.: 0.8706 | Test Acc.: 0.8757
Epoch: 069/200   | Learning Rate 0.000810
Train Auc.: 0.9393 | Test Auc.: 0.9425
Train Loss.: 0.1071 | Test Loss.: 0.1038
Train Acc.: 0.8576 | Test Acc.: 0.8685
Epoch: 070/200   | Learning Rate 0.000810
Train Auc.: 0.9408 | Test Auc.: 0.9447
Train Loss.: 0.1064 | Test Loss.: 0.1029
Train Acc.: 0.8593 | Test Acc.: 0.8663
Epoch: 071/200   | Learning Rate 0.000810
Train Auc.: 0.9418 | Test Auc.: 0.9452
Train Loss.: 0.1042 | Test Loss.: 0.1011
Train Acc.: 0.8693 | Test Acc.: 0.8759
Epoch: 072/200   | Learning Rate 0.000810
Train Auc.: 0.9415 | Test Auc.: 0.9443
Train Loss.: 0.1044 | Test Loss.: 0.1017
Train Acc.: 0.8680 | Test Acc.: 0.8746
Epoch: 073/200   | Learning Rate 0.000810
Train Auc.: 0.9402 | Test Auc.: 0.9442
Train Loss.: 0.1066 | Test Loss.: 0.1031
Train Acc.: 0.8680 | Test Acc.: 0.8740
Epoch: 074/200   | Learning Rate 0.000810
Train Auc.: 0.9395 | Test Auc.: 0.9434
Train Loss.: 0.1071 | Test Loss.: 0.1041
Train Acc.: 0.8667 | Test Acc.: 0.8734
Epoch: 075/200   | Learning Rate 0.000810
Train Auc.: 0.9419 | Test Auc.: 0.9448
Train Loss.: 0.1045 | Test Loss.: 0.1018
Train Acc.: 0.8683 | Test Acc.: 0.8743
Epoch: 076/200   | Learning Rate 0.000810
Train Auc.: 0.9391 | Test Auc.: 0.9436
Train Loss.: 0.1061 | Test Loss.: 0.1024
Train Acc.: 0.8661 | Test Acc.: 0.8746
Epoch: 077/200   | Learning Rate 0.000810
Train Auc.: 0.9412 | Test Auc.: 0.9445
Train Loss.: 0.1048 | Test Loss.: 0.1016
Train Acc.: 0.8636 | Test Acc.: 0.8711
Epoch: 078/200   | Learning Rate 0.000810
Train Auc.: 0.9400 | Test Auc.: 0.9427
Train Loss.: 0.1077 | Test Loss.: 0.1051
Train Acc.: 0.8595 | Test Acc.: 0.8644
Epoch: 079/200   | Learning Rate 0.000810
Train Auc.: 0.9403 | Test Auc.: 0.9426
Train Loss.: 0.1058 | Test Loss.: 0.1033
Train Acc.: 0.8667 | Test Acc.: 0.8734
Epoch: 080/200   | Learning Rate 0.000810
Train Auc.: 0.9416 | Test Auc.: 0.9454
Train Loss.: 0.1053 | Test Loss.: 0.1018
Train Acc.: 0.8695 | Test Acc.: 0.8769
Epoch: 081/200   | Learning Rate 0.000810
Train Auc.: 0.9402 | Test Auc.: 0.9432
Train Loss.: 0.1054 | Test Loss.: 0.1027
Train Acc.: 0.8658 | Test Acc.: 0.8696
Epoch: 082/200   | Learning Rate 0.000810
Train Auc.: 0.9396 | Test Auc.: 0.9430
Train Loss.: 0.1094 | Test Loss.: 0.1069
Train Acc.: 0.8643 | Test Acc.: 0.8707
Epoch: 083/200   | Learning Rate 0.000810
Train Auc.: 0.9386 | Test Auc.: 0.9428
Train Loss.: 0.1069 | Test Loss.: 0.1034
Train Acc.: 0.8636 | Test Acc.: 0.8725
Epoch: 084/200   | Learning Rate 0.000810
Train Auc.: 0.9386 | Test Auc.: 0.9419
Train Loss.: 0.1081 | Test Loss.: 0.1049
Train Acc.: 0.8564 | Test Acc.: 0.8618
Epoch: 085/200   | Learning Rate 0.000810
Train Auc.: 0.9404 | Test Auc.: 0.9445
Train Loss.: 0.1052 | Test Loss.: 0.1015
Train Acc.: 0.8680 | Test Acc.: 0.8742
Epoch: 086/200   | Learning Rate 0.000810
Train Auc.: 0.9405 | Test Auc.: 0.9441
Train Loss.: 0.1052 | Test Loss.: 0.1019
Train Acc.: 0.8641 | Test Acc.: 0.8736
Epoch: 087/200   | Learning Rate 0.000810
Train Auc.: 0.9414 | Test Auc.: 0.9451
Train Loss.: 0.1046 | Test Loss.: 0.1012
Train Acc.: 0.8711 | Test Acc.: 0.8732
Epoch: 088/200   | Learning Rate 0.000810
Train Auc.: 0.9415 | Test Auc.: 0.9448
Train Loss.: 0.1047 | Test Loss.: 0.1014
Train Acc.: 0.8642 | Test Acc.: 0.8701
Epoch: 089/200   | Learning Rate 0.000810
Train Auc.: 0.9404 | Test Auc.: 0.9445
Train Loss.: 0.1054 | Test Loss.: 0.1018
Train Acc.: 0.8650 | Test Acc.: 0.8748
Epoch: 090/200   | Learning Rate 0.000810
Train Auc.: 0.9408 | Test Auc.: 0.9437
Train Loss.: 0.1069 | Test Loss.: 0.1044
Train Acc.: 0.8683 | Test Acc.: 0.8728
Epoch: 091/200   | Learning Rate 0.000810
Train Auc.: 0.9415 | Test Auc.: 0.9445
Train Loss.: 0.1048 | Test Loss.: 0.1016
Train Acc.: 0.8659 | Test Acc.: 0.8727
Epoch: 092/200   | Learning Rate 0.000810
Train Auc.: 0.9405 | Test Auc.: 0.9450
Train Loss.: 0.1049 | Test Loss.: 0.1011
Train Acc.: 0.8645 | Test Acc.: 0.8759
Epoch: 093/200   | Learning Rate 0.000810
Train Auc.: 0.9391 | Test Auc.: 0.9430
Train Loss.: 0.1061 | Test Loss.: 0.1027
Train Acc.: 0.8643 | Test Acc.: 0.8713
Epoch: 094/200   | Learning Rate 0.000810
Train Auc.: 0.9416 | Test Auc.: 0.9449
Train Loss.: 0.1039 | Test Loss.: 0.1013
Train Acc.: 0.8690 | Test Acc.: 0.8742
Epoch: 095/200   | Learning Rate 0.000810
Train Auc.: 0.9413 | Test Auc.: 0.9429
Train Loss.: 0.1048 | Test Loss.: 0.1028
Train Acc.: 0.8669 | Test Acc.: 0.8739
Epoch: 096/200   | Learning Rate 0.000810
Train Auc.: 0.9413 | Test Auc.: 0.9450
Train Loss.: 0.1049 | Test Loss.: 0.1015
Train Acc.: 0.8682 | Test Acc.: 0.8738
Epoch: 097/200   | Learning Rate 0.000810
Train Auc.: 0.9412 | Test Auc.: 0.9435
Train Loss.: 0.1046 | Test Loss.: 0.1022
Train Acc.: 0.8653 | Test Acc.: 0.8724
Epoch: 098/200   | Learning Rate 0.000810
Train Auc.: 0.9421 | Test Auc.: 0.9456
Train Loss.: 0.1043 | Test Loss.: 0.1010
Train Acc.: 0.8664 | Test Acc.: 0.8746
Epoch: 099/200   | Learning Rate 0.000810
Train Auc.: 0.9394 | Test Auc.: 0.9428
Train Loss.: 0.1059 | Test Loss.: 0.1027
Train Acc.: 0.8652 | Test Acc.: 0.8708
Epoch: 100/200   | Learning Rate 0.000810
Train Auc.: 0.9412 | Test Auc.: 0.9443
Train Loss.: 0.1051 | Test Loss.: 0.1021
Train Acc.: 0.8690 | Test Acc.: 0.8767
Epoch: 101/200   | Learning Rate 0.000729
Train Auc.: 0.9411 | Test Auc.: 0.9439
Train Loss.: 0.1060 | Test Loss.: 0.1035
Train Acc.: 0.8678 | Test Acc.: 0.8738
Epoch: 102/200   | Learning Rate 0.000729
Train Auc.: 0.9403 | Test Auc.: 0.9433
Train Loss.: 0.1054 | Test Loss.: 0.1024
Train Acc.: 0.8691 | Test Acc.: 0.8715
Epoch: 103/200   | Learning Rate 0.000729
Train Auc.: 0.9408 | Test Auc.: 0.9441
Train Loss.: 0.1051 | Test Loss.: 0.1018
Train Acc.: 0.8645 | Test Acc.: 0.8686
Epoch: 104/200   | Learning Rate 0.000729
Train Auc.: 0.9410 | Test Auc.: 0.9448
Train Loss.: 0.1050 | Test Loss.: 0.1016
Train Acc.: 0.8644 | Test Acc.: 0.8737
Epoch: 105/200   | Learning Rate 0.000729
Train Auc.: 0.9418 | Test Auc.: 0.9454
Train Loss.: 0.1043 | Test Loss.: 0.1009
Train Acc.: 0.8703 | Test Acc.: 0.8763
Epoch: 106/200   | Learning Rate 0.000729
Train Auc.: 0.9414 | Test Auc.: 0.9440
Train Loss.: 0.1047 | Test Loss.: 0.1021
Train Acc.: 0.8673 | Test Acc.: 0.8736
Epoch: 107/200   | Learning Rate 0.000729
Train Auc.: 0.9419 | Test Auc.: 0.9456
Train Loss.: 0.1046 | Test Loss.: 0.1015
Train Acc.: 0.8684 | Test Acc.: 0.8761
Epoch: 108/200   | Learning Rate 0.000729
Train Auc.: 0.9407 | Test Auc.: 0.9444
Train Loss.: 0.1056 | Test Loss.: 0.1023
Train Acc.: 0.8664 | Test Acc.: 0.8727
Epoch: 109/200   | Learning Rate 0.000729
Train Auc.: 0.9404 | Test Auc.: 0.9437
Train Loss.: 0.1053 | Test Loss.: 0.1022
Train Acc.: 0.8667 | Test Acc.: 0.8734
Epoch: 110/200   | Learning Rate 0.000729
Train Auc.: 0.9405 | Test Auc.: 0.9439
Train Loss.: 0.1052 | Test Loss.: 0.1022
Train Acc.: 0.8663 | Test Acc.: 0.8717
Epoch: 111/200   | Learning Rate 0.000729
Train Auc.: 0.9397 | Test Auc.: 0.9438
Train Loss.: 0.1056 | Test Loss.: 0.1019
Train Acc.: 0.8623 | Test Acc.: 0.8714
Epoch: 112/200   | Learning Rate 0.000729
Train Auc.: 0.9417 | Test Auc.: 0.9451
Train Loss.: 0.1043 | Test Loss.: 0.1014
Train Acc.: 0.8661 | Test Acc.: 0.8755
Epoch: 113/200   | Learning Rate 0.000729
Train Auc.: 0.9414 | Test Auc.: 0.9453
Train Loss.: 0.1046 | Test Loss.: 0.1011
Train Acc.: 0.8659 | Test Acc.: 0.8744
Epoch: 114/200   | Learning Rate 0.000729
Train Auc.: 0.9396 | Test Auc.: 0.9441
Train Loss.: 0.1061 | Test Loss.: 0.1022
Train Acc.: 0.8639 | Test Acc.: 0.8717
Epoch: 115/200   | Learning Rate 0.000729
Train Auc.: 0.9424 | Test Auc.: 0.9450
Train Loss.: 0.1055 | Test Loss.: 0.1031
Train Acc.: 0.8696 | Test Acc.: 0.8753
Epoch: 116/200   | Learning Rate 0.000729
Train Auc.: 0.9411 | Test Auc.: 0.9438
Train Loss.: 0.1048 | Test Loss.: 0.1024
Train Acc.: 0.8668 | Test Acc.: 0.8727
Epoch: 117/200   | Learning Rate 0.000729
Train Auc.: 0.9411 | Test Auc.: 0.9448
Train Loss.: 0.1050 | Test Loss.: 0.1016
Train Acc.: 0.8667 | Test Acc.: 0.8742
Epoch: 118/200   | Learning Rate 0.000729
Train Auc.: 0.9405 | Test Auc.: 0.9427
Train Loss.: 0.1052 | Test Loss.: 0.1027
Train Acc.: 0.8669 | Test Acc.: 0.8706
Epoch: 119/200   | Learning Rate 0.000729
Train Auc.: 0.9378 | Test Auc.: 0.9426
Train Loss.: 0.1098 | Test Loss.: 0.1055
Train Acc.: 0.8545 | Test Acc.: 0.8624
Epoch: 120/200   | Learning Rate 0.000729
Train Auc.: 0.9409 | Test Auc.: 0.9442
Train Loss.: 0.1050 | Test Loss.: 0.1019
Train Acc.: 0.8646 | Test Acc.: 0.8703
Epoch: 121/200   | Learning Rate 0.000729
Train Auc.: 0.9422 | Test Auc.: 0.9457
Train Loss.: 0.1044 | Test Loss.: 0.1011
Train Acc.: 0.8705 | Test Acc.: 0.8767
Epoch: 122/200   | Learning Rate 0.000729
Train Auc.: 0.9410 | Test Auc.: 0.9446
Train Loss.: 0.1075 | Test Loss.: 0.1043
Train Acc.: 0.8680 | Test Acc.: 0.8744
Epoch: 123/200   | Learning Rate 0.000729
Train Auc.: 0.9415 | Test Auc.: 0.9447
Train Loss.: 0.1049 | Test Loss.: 0.1019
Train Acc.: 0.8663 | Test Acc.: 0.8761
Epoch: 124/200   | Learning Rate 0.000729
Train Auc.: 0.9404 | Test Auc.: 0.9446
Train Loss.: 0.1063 | Test Loss.: 0.1029
Train Acc.: 0.8712 | Test Acc.: 0.8769
Epoch: 125/200   | Learning Rate 0.000729
Train Auc.: 0.9404 | Test Auc.: 0.9440
Train Loss.: 0.1052 | Test Loss.: 0.1019
Train Acc.: 0.8672 | Test Acc.: 0.8743
Epoch: 126/200   | Learning Rate 0.000729
Train Auc.: 0.9408 | Test Auc.: 0.9433
Train Loss.: 0.1054 | Test Loss.: 0.1027
Train Acc.: 0.8618 | Test Acc.: 0.8697
Epoch: 127/200   | Learning Rate 0.000729
Train Auc.: 0.9406 | Test Auc.: 0.9439
Train Loss.: 0.1056 | Test Loss.: 0.1027
Train Acc.: 0.8672 | Test Acc.: 0.8743
Epoch: 128/200   | Learning Rate 0.000729
Train Auc.: 0.9402 | Test Auc.: 0.9437
Train Loss.: 0.1058 | Test Loss.: 0.1025
Train Acc.: 0.8609 | Test Acc.: 0.8711
Epoch: 129/200   | Learning Rate 0.000729
Train Auc.: 0.9406 | Test Auc.: 0.9443
Train Loss.: 0.1051 | Test Loss.: 0.1020
Train Acc.: 0.8664 | Test Acc.: 0.8751
Epoch: 130/200   | Learning Rate 0.000729
Train Auc.: 0.9409 | Test Auc.: 0.9447
Train Loss.: 0.1051 | Test Loss.: 0.1019
Train Acc.: 0.8679 | Test Acc.: 0.8732
Epoch: 131/200   | Learning Rate 0.000729
Train Auc.: 0.9409 | Test Auc.: 0.9448
Train Loss.: 0.1048 | Test Loss.: 0.1015
Train Acc.: 0.8640 | Test Acc.: 0.8722
Epoch: 132/200   | Learning Rate 0.000729
Train Auc.: 0.9411 | Test Auc.: 0.9444
Train Loss.: 0.1053 | Test Loss.: 0.1025
Train Acc.: 0.8672 | Test Acc.: 0.8733
Epoch: 133/200   | Learning Rate 0.000729
Train Auc.: 0.9420 | Test Auc.: 0.9452
Train Loss.: 0.1048 | Test Loss.: 0.1021
Train Acc.: 0.8707 | Test Acc.: 0.8769
Epoch: 134/200   | Learning Rate 0.000729
Train Auc.: 0.9404 | Test Auc.: 0.9445
Train Loss.: 0.1056 | Test Loss.: 0.1023
Train Acc.: 0.8662 | Test Acc.: 0.8780
Epoch: 135/200   | Learning Rate 0.000729
Train Auc.: 0.9395 | Test Auc.: 0.9437
Train Loss.: 0.1067 | Test Loss.: 0.1028
Train Acc.: 0.8595 | Test Acc.: 0.8682
Epoch: 136/200   | Learning Rate 0.000729
Train Auc.: 0.9417 | Test Auc.: 0.9439
Train Loss.: 0.1051 | Test Loss.: 0.1029
Train Acc.: 0.8643 | Test Acc.: 0.8695
Epoch: 137/200   | Learning Rate 0.000729
Train Auc.: 0.9418 | Test Auc.: 0.9454
Train Loss.: 0.1046 | Test Loss.: 0.1013
Train Acc.: 0.8694 | Test Acc.: 0.8778
Epoch: 138/200   | Learning Rate 0.000729
Train Auc.: 0.9418 | Test Auc.: 0.9443
Train Loss.: 0.1043 | Test Loss.: 0.1017
Train Acc.: 0.8665 | Test Acc.: 0.8722
Epoch: 139/200   | Learning Rate 0.000729
Train Auc.: 0.9416 | Test Auc.: 0.9460
Train Loss.: 0.1045 | Test Loss.: 0.1006
Train Acc.: 0.8678 | Test Acc.: 0.8769
Epoch: 140/200   | Learning Rate 0.000729
Train Auc.: 0.9398 | Test Auc.: 0.9430
Train Loss.: 0.1060 | Test Loss.: 0.1029
Train Acc.: 0.8628 | Test Acc.: 0.8697
Epoch: 141/200   | Learning Rate 0.000729
Train Auc.: 0.9408 | Test Auc.: 0.9435
Train Loss.: 0.1071 | Test Loss.: 0.1045
Train Acc.: 0.8686 | Test Acc.: 0.8730
Epoch: 142/200   | Learning Rate 0.000729
Train Auc.: 0.9412 | Test Auc.: 0.9444
Train Loss.: 0.1056 | Test Loss.: 0.1031
Train Acc.: 0.8693 | Test Acc.: 0.8780
Epoch: 143/200   | Learning Rate 0.000729
Train Auc.: 0.9417 | Test Auc.: 0.9449
Train Loss.: 0.1046 | Test Loss.: 0.1017
Train Acc.: 0.8675 | Test Acc.: 0.8739
Epoch: 144/200   | Learning Rate 0.000729
Train Auc.: 0.9408 | Test Auc.: 0.9428
Train Loss.: 0.1050 | Test Loss.: 0.1028
Train Acc.: 0.8678 | Test Acc.: 0.8712
Epoch: 145/200   | Learning Rate 0.000729
Train Auc.: 0.9418 | Test Auc.: 0.9445
Train Loss.: 0.1063 | Test Loss.: 0.1034
Train Acc.: 0.8598 | Test Acc.: 0.8663
Epoch: 146/200   | Learning Rate 0.000729
Train Auc.: 0.9401 | Test Auc.: 0.9434
Train Loss.: 0.1057 | Test Loss.: 0.1025
Train Acc.: 0.8640 | Test Acc.: 0.8709
Epoch: 147/200   | Learning Rate 0.000729
Train Auc.: 0.9414 | Test Auc.: 0.9441
Train Loss.: 0.1045 | Test Loss.: 0.1018
Train Acc.: 0.8648 | Test Acc.: 0.8711
Epoch: 148/200   | Learning Rate 0.000729
Train Auc.: 0.9417 | Test Auc.: 0.9450
Train Loss.: 0.1048 | Test Loss.: 0.1018
Train Acc.: 0.8674 | Test Acc.: 0.8754
Epoch: 149/200   | Learning Rate 0.000729
Train Auc.: 0.9418 | Test Auc.: 0.9453
Train Loss.: 0.1056 | Test Loss.: 0.1026
Train Acc.: 0.8702 | Test Acc.: 0.8780
Epoch: 150/200   | Learning Rate 0.000729
Train Auc.: 0.9413 | Test Auc.: 0.9444
Train Loss.: 0.1064 | Test Loss.: 0.1038
Train Acc.: 0.8684 | Test Acc.: 0.8755
Epoch: 151/200   | Learning Rate 0.000729
Train Auc.: 0.9404 | Test Auc.: 0.9434
Train Loss.: 0.1052 | Test Loss.: 0.1027
Train Acc.: 0.8670 | Test Acc.: 0.8732
Epoch: 152/200   | Learning Rate 0.000729
Train Auc.: 0.9399 | Test Auc.: 0.9434
Train Loss.: 0.1056 | Test Loss.: 0.1023
Train Acc.: 0.8649 | Test Acc.: 0.8711
Epoch: 153/200   | Learning Rate 0.000729
Train Auc.: 0.9397 | Test Auc.: 0.9440
Train Loss.: 0.1058 | Test Loss.: 0.1021
Train Acc.: 0.8629 | Test Acc.: 0.8715
Epoch: 154/200   | Learning Rate 0.000729
Train Auc.: 0.9405 | Test Auc.: 0.9434
Train Loss.: 0.1061 | Test Loss.: 0.1030
Train Acc.: 0.8615 | Test Acc.: 0.8694
Epoch: 155/200   | Learning Rate 0.000729
Train Auc.: 0.9420 | Test Auc.: 0.9437
Train Loss.: 0.1041 | Test Loss.: 0.1023
Train Acc.: 0.8715 | Test Acc.: 0.8730
Epoch: 156/200   | Learning Rate 0.000729
Train Auc.: 0.9421 | Test Auc.: 0.9448
Train Loss.: 0.1042 | Test Loss.: 0.1017
Train Acc.: 0.8680 | Test Acc.: 0.8750
Epoch: 157/200   | Learning Rate 0.000729
Train Auc.: 0.9395 | Test Auc.: 0.9440
Train Loss.: 0.1060 | Test Loss.: 0.1023
Train Acc.: 0.8643 | Test Acc.: 0.8719
Epoch: 158/200   | Learning Rate 0.000729
Train Auc.: 0.9426 | Test Auc.: 0.9462
Train Loss.: 0.1062 | Test Loss.: 0.1029
Train Acc.: 0.8714 | Test Acc.: 0.8769
Epoch: 159/200   | Learning Rate 0.000729
Train Auc.: 0.9413 | Test Auc.: 0.9445
Train Loss.: 0.1045 | Test Loss.: 0.1018
Train Acc.: 0.8684 | Test Acc.: 0.8734
Epoch: 160/200   | Learning Rate 0.000729
Train Auc.: 0.9403 | Test Auc.: 0.9436
Train Loss.: 0.1056 | Test Loss.: 0.1025
Train Acc.: 0.8685 | Test Acc.: 0.8752
Epoch: 161/200   | Learning Rate 0.000729
Train Auc.: 0.9389 | Test Auc.: 0.9431
Train Loss.: 0.1067 | Test Loss.: 0.1029
Train Acc.: 0.8585 | Test Acc.: 0.8688
Epoch: 162/200   | Learning Rate 0.000729
Train Auc.: 0.9398 | Test Auc.: 0.9440
Train Loss.: 0.1061 | Test Loss.: 0.1024
Train Acc.: 0.8619 | Test Acc.: 0.8670
Epoch: 163/200   | Learning Rate 0.000729
Train Auc.: 0.9391 | Test Auc.: 0.9437
Train Loss.: 0.1063 | Test Loss.: 0.1026
Train Acc.: 0.8650 | Test Acc.: 0.8742
Epoch: 164/200   | Learning Rate 0.000729
Train Auc.: 0.9405 | Test Auc.: 0.9434
Train Loss.: 0.1053 | Test Loss.: 0.1024
Train Acc.: 0.8622 | Test Acc.: 0.8685
Epoch: 165/200   | Learning Rate 0.000729
Train Auc.: 0.9421 | Test Auc.: 0.9458
Train Loss.: 0.1051 | Test Loss.: 0.1020
Train Acc.: 0.8692 | Test Acc.: 0.8764
Epoch: 166/200   | Learning Rate 0.000729
Train Auc.: 0.9422 | Test Auc.: 0.9449
Train Loss.: 0.1043 | Test Loss.: 0.1019
Train Acc.: 0.8703 | Test Acc.: 0.8740
Epoch: 167/200   | Learning Rate 0.000729
Train Auc.: 0.9407 | Test Auc.: 0.9436
Train Loss.: 0.1053 | Test Loss.: 0.1024
Train Acc.: 0.8651 | Test Acc.: 0.8706
Epoch: 168/200   | Learning Rate 0.000729
Train Auc.: 0.9413 | Test Auc.: 0.9445
Train Loss.: 0.1049 | Test Loss.: 0.1021
Train Acc.: 0.8689 | Test Acc.: 0.8751
Epoch: 169/200   | Learning Rate 0.000729
Train Auc.: 0.9418 | Test Auc.: 0.9449
Train Loss.: 0.1042 | Test Loss.: 0.1014
Train Acc.: 0.8682 | Test Acc.: 0.8738
Epoch: 170/200   | Learning Rate 0.000729
Train Auc.: 0.9395 | Test Auc.: 0.9421
Train Loss.: 0.1061 | Test Loss.: 0.1034
Train Acc.: 0.8609 | Test Acc.: 0.8675
Epoch: 171/200   | Learning Rate 0.000729
Train Auc.: 0.9403 | Test Auc.: 0.9446
Train Loss.: 0.1052 | Test Loss.: 0.1014
Train Acc.: 0.8676 | Test Acc.: 0.8744
Epoch: 172/200   | Learning Rate 0.000729
Train Auc.: 0.9407 | Test Auc.: 0.9446
Train Loss.: 0.1049 | Test Loss.: 0.1014
Train Acc.: 0.8663 | Test Acc.: 0.8736
Epoch: 173/200   | Learning Rate 0.000729
Train Auc.: 0.9407 | Test Auc.: 0.9439
Train Loss.: 0.1048 | Test Loss.: 0.1018
Train Acc.: 0.8667 | Test Acc.: 0.8694
Epoch: 174/200   | Learning Rate 0.000729
Train Auc.: 0.9416 | Test Auc.: 0.9462
Train Loss.: 0.1047 | Test Loss.: 0.1006
Train Acc.: 0.8688 | Test Acc.: 0.8785
Epoch: 175/200   | Learning Rate 0.000729
Train Auc.: 0.9400 | Test Auc.: 0.9431
Train Loss.: 0.1059 | Test Loss.: 0.1032
Train Acc.: 0.8655 | Test Acc.: 0.8709
Epoch: 176/200   | Learning Rate 0.000729
Train Auc.: 0.9403 | Test Auc.: 0.9435
Train Loss.: 0.1057 | Test Loss.: 0.1030
Train Acc.: 0.8684 | Test Acc.: 0.8749
Epoch: 177/200   | Learning Rate 0.000729
Train Auc.: 0.9414 | Test Auc.: 0.9450
Train Loss.: 0.1053 | Test Loss.: 0.1021
Train Acc.: 0.8687 | Test Acc.: 0.8773
Epoch: 178/200   | Learning Rate 0.000729
Train Auc.: 0.9420 | Test Auc.: 0.9451
Train Loss.: 0.1042 | Test Loss.: 0.1013
Train Acc.: 0.8671 | Test Acc.: 0.8744
Epoch: 179/200   | Learning Rate 0.000729
Train Auc.: 0.9391 | Test Auc.: 0.9430
Train Loss.: 0.1074 | Test Loss.: 0.1039
Train Acc.: 0.8561 | Test Acc.: 0.8650
Epoch: 180/200   | Learning Rate 0.000729
Train Auc.: 0.9399 | Test Auc.: 0.9437
Train Loss.: 0.1055 | Test Loss.: 0.1022
Train Acc.: 0.8645 | Test Acc.: 0.8753
Epoch: 181/200   | Learning Rate 0.000729
Train Auc.: 0.9403 | Test Auc.: 0.9428
Train Loss.: 0.1057 | Test Loss.: 0.1033
Train Acc.: 0.8684 | Test Acc.: 0.8713
Epoch: 182/200   | Learning Rate 0.000729
Train Auc.: 0.9404 | Test Auc.: 0.9434
Train Loss.: 0.1061 | Test Loss.: 0.1036
Train Acc.: 0.8682 | Test Acc.: 0.8759
Epoch: 183/200   | Learning Rate 0.000729
Train Auc.: 0.9419 | Test Auc.: 0.9451
Train Loss.: 0.1042 | Test Loss.: 0.1009
Train Acc.: 0.8680 | Test Acc.: 0.8744
Epoch: 184/200   | Learning Rate 0.000729
Train Auc.: 0.9419 | Test Auc.: 0.9451
Train Loss.: 0.1043 | Test Loss.: 0.1014
Train Acc.: 0.8705 | Test Acc.: 0.8764
Epoch: 185/200   | Learning Rate 0.000729
Train Auc.: 0.9414 | Test Auc.: 0.9455
Train Loss.: 0.1042 | Test Loss.: 0.1009
Train Acc.: 0.8660 | Test Acc.: 0.8742
Epoch: 186/200   | Learning Rate 0.000729
Train Auc.: 0.9386 | Test Auc.: 0.9425
Train Loss.: 0.1067 | Test Loss.: 0.1032
Train Acc.: 0.8667 | Test Acc.: 0.8713
Epoch: 187/200   | Learning Rate 0.000729
Train Auc.: 0.9412 | Test Auc.: 0.9441
Train Loss.: 0.1046 | Test Loss.: 0.1022
Train Acc.: 0.8644 | Test Acc.: 0.8737
Epoch: 188/200   | Learning Rate 0.000729
Train Auc.: 0.9409 | Test Auc.: 0.9438
Train Loss.: 0.1051 | Test Loss.: 0.1022
Train Acc.: 0.8665 | Test Acc.: 0.8732
Epoch: 189/200   | Learning Rate 0.000729
Train Auc.: 0.9408 | Test Auc.: 0.9439
Train Loss.: 0.1048 | Test Loss.: 0.1019
Train Acc.: 0.8647 | Test Acc.: 0.8706
Epoch: 190/200   | Learning Rate 0.000729
Train Auc.: 0.9409 | Test Auc.: 0.9440
Train Loss.: 0.1047 | Test Loss.: 0.1018
Train Acc.: 0.8647 | Test Acc.: 0.8728
Epoch: 191/200   | Learning Rate 0.000729
Train Auc.: 0.9413 | Test Auc.: 0.9436
Train Loss.: 0.1048 | Test Loss.: 0.1023
Train Acc.: 0.8703 | Test Acc.: 0.8744
Epoch: 192/200   | Learning Rate 0.000729
Train Auc.: 0.9396 | Test Auc.: 0.9430
Train Loss.: 0.1067 | Test Loss.: 0.1035
Train Acc.: 0.8625 | Test Acc.: 0.8676
Epoch: 193/200   | Learning Rate 0.000729
Train Auc.: 0.9418 | Test Auc.: 0.9444
Train Loss.: 0.1059 | Test Loss.: 0.1034
Train Acc.: 0.8697 | Test Acc.: 0.8741
Epoch: 194/200   | Learning Rate 0.000729
Train Auc.: 0.9403 | Test Auc.: 0.9439
Train Loss.: 0.1057 | Test Loss.: 0.1024
Train Acc.: 0.8666 | Test Acc.: 0.8753
Epoch: 195/200   | Learning Rate 0.000729
Train Auc.: 0.9405 | Test Auc.: 0.9441
Train Loss.: 0.1060 | Test Loss.: 0.1031
Train Acc.: 0.8680 | Test Acc.: 0.8747
Epoch: 196/200   | Learning Rate 0.000729
Train Auc.: 0.9407 | Test Auc.: 0.9447
Train Loss.: 0.1049 | Test Loss.: 0.1015
Train Acc.: 0.8674 | Test Acc.: 0.8747
Epoch: 197/200   | Learning Rate 0.000729
Train Auc.: 0.9404 | Test Auc.: 0.9434
Train Loss.: 0.1056 | Test Loss.: 0.1028
Train Acc.: 0.8605 | Test Acc.: 0.8676
Epoch: 198/200   | Learning Rate 0.000729
Train Auc.: 0.9396 | Test Auc.: 0.9440
Train Loss.: 0.1073 | Test Loss.: 0.1038
Train Acc.: 0.8582 | Test Acc.: 0.8664
Epoch: 199/200   | Learning Rate 0.000729
Train Auc.: 0.9405 | Test Auc.: 0.9437
Train Loss.: 0.1048 | Test Loss.: 0.1018
Train Acc.: 0.8676 | Test Acc.: 0.8739
Epoch: 200/200   | Learning Rate 0.000729
Train Auc.: 0.9423 | Test Auc.: 0.9454
Train Loss.: 0.1048 | Test Loss.: 0.1020
Train Acc.: 0.8713 | Test Acc.: 0.8771
 | Test Auc.: 0.9462
 | Test Auprc.: 0.9439
 | Test Acc.: 0.8785
 | Test F1.: 0.8785
 | Test Recall.: 0.8785
 | Test Precision.: 0.8786
