Epoch: 001/200   | Learning Rate 0.001000
Train Auc.: 0.3209 | Test Auc.: 0.3219
Train Loss.: 0.4785 | Test Loss.: 0.4769
Train Acc.: 0.4995 | Test Acc.: 0.5019
Epoch: 002/200   | Learning Rate 0.001000
Train Auc.: 0.0766 | Test Auc.: 0.0790
Train Loss.: 183.8253 | Test Loss.: 184.5273
Train Acc.: 0.0000 | Test Acc.: 0.0000
Epoch: 003/200   | Learning Rate 0.001000
Train Auc.: 0.9266 | Test Auc.: 0.9265
Train Loss.: 87.6646 | Test Loss.: 87.7391
Train Acc.: 0.0000 | Test Acc.: 0.0000
Epoch: 004/200   | Learning Rate 0.001000
Train Auc.: 0.9279 | Test Auc.: 0.9279
Train Loss.: 46.9423 | Test Loss.: 47.0499
Train Acc.: 0.0000 | Test Acc.: 0.0000
Epoch: 005/200   | Learning Rate 0.001000
Train Auc.: 0.9214 | Test Auc.: 0.9209
Train Loss.: 1.0127 | Test Loss.: 1.0087
Train Acc.: 0.3020 | Test Acc.: 0.2986
Epoch: 006/200   | Learning Rate 0.001000
Train Auc.: 0.0814 | Test Auc.: 0.0824
Train Loss.: 8.0882 | Test Loss.: 8.1329
Train Acc.: 0.0000 | Test Acc.: 0.0000
Epoch: 007/200   | Learning Rate 0.001000
Train Auc.: 0.0800 | Test Auc.: 0.0803
Train Loss.: 3.3343 | Test Loss.: 3.3447
Train Acc.: 0.0000 | Test Acc.: 0.0000
Epoch: 008/200   | Learning Rate 0.001000
Train Auc.: 0.9245 | Test Auc.: 0.9253
Train Loss.: 15.2423 | Test Loss.: 15.2415
Train Acc.: 0.0000 | Test Acc.: 0.0000
Epoch: 009/200   | Learning Rate 0.001000
Train Auc.: 0.9313 | Test Auc.: 0.9324
Train Loss.: 21.3347 | Test Loss.: 21.3330
Train Acc.: 0.0000 | Test Acc.: 0.0000
Epoch: 010/200   | Learning Rate 0.001000
Train Auc.: 0.4063 | Test Auc.: 0.4201
Train Loss.: 0.4303 | Test Loss.: 0.4313
Train Acc.: 0.5005 | Test Acc.: 0.4981
Epoch: 011/200   | Learning Rate 0.001000
Train Auc.: 0.1000 | Test Auc.: 0.1031
Train Loss.: 20.6537 | Test Loss.: 20.6689
Train Acc.: 0.0000 | Test Acc.: 0.0000
Epoch: 012/200   | Learning Rate 0.001000
Train Auc.: 0.1988 | Test Auc.: 0.1863
Train Loss.: 3.9909 | Test Loss.: 4.0185
Train Acc.: 0.0000 | Test Acc.: 0.0000
Epoch: 013/200   | Learning Rate 0.001000
Train Auc.: 0.9440 | Test Auc.: 0.9413
Train Loss.: 9.9525 | Test Loss.: 9.9384
Train Acc.: 0.0000 | Test Acc.: 0.0000
Epoch: 014/200   | Learning Rate 0.001000
Train Auc.: 0.9428 | Test Auc.: 0.9399
Train Loss.: 12.7205 | Test Loss.: 12.7179
Train Acc.: 0.0000 | Test Acc.: 0.0000
Epoch: 015/200   | Learning Rate 0.001000
Train Auc.: 0.8844 | Test Auc.: 0.8852
Train Loss.: 0.3534 | Test Loss.: 0.3528
Train Acc.: 0.5326 | Test Acc.: 0.5328
Epoch: 016/200   | Learning Rate 0.001000
Train Auc.: 0.2939 | Test Auc.: 0.2946
Train Loss.: 11.3678 | Test Loss.: 11.3739
Train Acc.: 0.0000 | Test Acc.: 0.0000
Epoch: 017/200   | Learning Rate 0.001000
Train Auc.: 0.5316 | Test Auc.: 0.5311
Train Loss.: 4.7962 | Test Loss.: 4.8125
Train Acc.: 0.0000 | Test Acc.: 0.0000
Epoch: 018/200   | Learning Rate 0.001000
Train Auc.: 0.9434 | Test Auc.: 0.9400
Train Loss.: 1.1263 | Test Loss.: 1.1325
Train Acc.: 0.0743 | Test Acc.: 0.0762
Epoch: 019/200   | Learning Rate 0.001000
Train Auc.: 0.9475 | Test Auc.: 0.9461
Train Loss.: 7.6038 | Test Loss.: 7.6206
Train Acc.: 0.0000 | Test Acc.: 0.0000
Epoch: 020/200   | Learning Rate 0.001000
Train Auc.: 0.9455 | Test Auc.: 0.9442
Train Loss.: 3.0970 | Test Loss.: 3.0938
Train Acc.: 0.0024 | Test Acc.: 0.0031
Epoch: 021/200   | Learning Rate 0.001000
Train Auc.: 0.8936 | Test Auc.: 0.8890
Train Loss.: 0.5355 | Test Loss.: 0.5363
Train Acc.: 0.4191 | Test Acc.: 0.4130
Epoch: 022/200   | Learning Rate 0.001000
Train Auc.: 0.6228 | Test Auc.: 0.6314
Train Loss.: 4.2188 | Test Loss.: 4.2311
Train Acc.: 0.0000 | Test Acc.: 0.0000
Epoch: 023/200   | Learning Rate 0.001000
Train Auc.: 0.7946 | Test Auc.: 0.7847
Train Loss.: 3.6495 | Test Loss.: 3.6342
Train Acc.: 0.0000 | Test Acc.: 0.0000
Epoch: 024/200   | Learning Rate 0.001000
Train Auc.: 0.9151 | Test Auc.: 0.9123
Train Loss.: 0.3870 | Test Loss.: 0.3924
Train Acc.: 0.4989 | Test Acc.: 0.4937
Epoch: 025/200   | Learning Rate 0.001000
Train Auc.: 0.9428 | Test Auc.: 0.9405
Train Loss.: 1.2242 | Test Loss.: 1.2290
Train Acc.: 0.0656 | Test Acc.: 0.0658
Epoch: 026/200   | Learning Rate 0.001000
Train Auc.: 0.9467 | Test Auc.: 0.9454
Train Loss.: 3.2334 | Test Loss.: 3.2376
Train Acc.: 0.0021 | Test Acc.: 0.0021
Epoch: 027/200   | Learning Rate 0.001000
Train Auc.: 0.9443 | Test Auc.: 0.9449
Train Loss.: 1.7007 | Test Loss.: 1.7051
Train Acc.: 0.0293 | Test Acc.: 0.0303
Epoch: 028/200   | Learning Rate 0.001000
Train Auc.: 0.9379 | Test Auc.: 0.9378
Train Loss.: 0.1899 | Test Loss.: 0.1913
Train Acc.: 0.7480 | Test Acc.: 0.7416
Epoch: 029/200   | Learning Rate 0.001000
Train Auc.: 0.9040 | Test Auc.: 0.9011
Train Loss.: 0.5654 | Test Loss.: 0.5676
Train Acc.: 0.3648 | Test Acc.: 0.3612
Epoch: 030/200   | Learning Rate 0.001000
Train Auc.: 0.8080 | Test Auc.: 0.8037
Train Loss.: 1.4602 | Test Loss.: 1.4627
Train Acc.: 0.0320 | Test Acc.: 0.0319
Epoch: 031/200   | Learning Rate 0.001000
Train Auc.: 0.8360 | Test Auc.: 0.8374
Train Loss.: 1.4762 | Test Loss.: 1.4789
Train Acc.: 0.0377 | Test Acc.: 0.0372
Epoch: 032/200   | Learning Rate 0.001000
Train Auc.: 0.9071 | Test Auc.: 0.9055
Train Loss.: 0.6813 | Test Loss.: 0.6828
Train Acc.: 0.2838 | Test Acc.: 0.2886
Epoch: 033/200   | Learning Rate 0.001000
Train Auc.: 0.9341 | Test Auc.: 0.9328
Train Loss.: 0.1189 | Test Loss.: 0.1199
Train Acc.: 0.8341 | Test Acc.: 0.8298
Epoch: 034/200   | Learning Rate 0.001000
Train Auc.: 0.9388 | Test Auc.: 0.9367
Train Loss.: 0.3957 | Test Loss.: 0.4006
Train Acc.: 0.4222 | Test Acc.: 0.4253
Epoch: 035/200   | Learning Rate 0.001000
Train Auc.: 0.9428 | Test Auc.: 0.9409
Train Loss.: 0.9014 | Test Loss.: 0.9124
Train Acc.: 0.1208 | Test Acc.: 0.1218
Epoch: 036/200   | Learning Rate 0.001000
Train Auc.: 0.9426 | Test Auc.: 0.9408
Train Loss.: 0.9749 | Test Loss.: 0.9791
Train Acc.: 0.1063 | Test Acc.: 0.1026
Epoch: 037/200   | Learning Rate 0.001000
Train Auc.: 0.9382 | Test Auc.: 0.9364
Train Loss.: 0.5717 | Test Loss.: 0.5753
Train Acc.: 0.2444 | Test Acc.: 0.2443
Epoch: 038/200   | Learning Rate 0.001000
Train Auc.: 0.9325 | Test Auc.: 0.9298
Train Loss.: 0.1501 | Test Loss.: 0.1526
Train Acc.: 0.8058 | Test Acc.: 0.8049
Epoch: 039/200   | Learning Rate 0.001000
Train Auc.: 0.9169 | Test Auc.: 0.9149
Train Loss.: 0.1807 | Test Loss.: 0.1799
Train Acc.: 0.7408 | Test Acc.: 0.7430
Epoch: 040/200   | Learning Rate 0.001000
Train Auc.: 0.9126 | Test Auc.: 0.9064
Train Loss.: 0.3745 | Test Loss.: 0.3783
Train Acc.: 0.5187 | Test Acc.: 0.5160
Epoch: 041/200   | Learning Rate 0.001000
Train Auc.: 0.9058 | Test Auc.: 0.9018
Train Loss.: 0.5541 | Test Loss.: 0.5558
Train Acc.: 0.4305 | Test Acc.: 0.4300
Epoch: 042/200   | Learning Rate 0.001000
Train Auc.: 0.8952 | Test Auc.: 0.8936
Train Loss.: 0.4473 | Test Loss.: 0.4479
Train Acc.: 0.4989 | Test Acc.: 0.4963
Epoch: 043/200   | Learning Rate 0.001000
Train Auc.: 0.9088 | Test Auc.: 0.9027
Train Loss.: 0.2952 | Test Loss.: 0.2973
Train Acc.: 0.5518 | Test Acc.: 0.5493
Epoch: 044/200   | Learning Rate 0.001000
Train Auc.: 0.9285 | Test Auc.: 0.9309
Train Loss.: 0.1486 | Test Loss.: 0.1471
Train Acc.: 0.7852 | Test Acc.: 0.7878
Epoch: 045/200   | Learning Rate 0.001000
Train Auc.: 0.9320 | Test Auc.: 0.9286
Train Loss.: 0.1319 | Test Loss.: 0.1327
Train Acc.: 0.8364 | Test Acc.: 0.8379
Epoch: 046/200   | Learning Rate 0.001000
Train Auc.: 0.9351 | Test Auc.: 0.9345
Train Loss.: 0.2168 | Test Loss.: 0.2173
Train Acc.: 0.6791 | Test Acc.: 0.6840
Epoch: 047/200   | Learning Rate 0.001000
Train Auc.: 0.9391 | Test Auc.: 0.9403
Train Loss.: 0.2869 | Test Loss.: 0.2864
Train Acc.: 0.5811 | Test Acc.: 0.5812
Epoch: 048/200   | Learning Rate 0.001000
Train Auc.: 0.9389 | Test Auc.: 0.9375
Train Loss.: 0.3057 | Test Loss.: 0.3080
Train Acc.: 0.5419 | Test Acc.: 0.5411
Epoch: 049/200   | Learning Rate 0.001000
Train Auc.: 0.9383 | Test Auc.: 0.9355
Train Loss.: 0.2409 | Test Loss.: 0.2421
Train Acc.: 0.6479 | Test Acc.: 0.6510
Epoch: 050/200   | Learning Rate 0.001000
Train Auc.: 0.9392 | Test Auc.: 0.9378
Train Loss.: 0.1564 | Test Loss.: 0.1574
Train Acc.: 0.7950 | Test Acc.: 0.7964
Epoch: 051/200   | Learning Rate 0.001000
Train Auc.: 0.9343 | Test Auc.: 0.9303
Train Loss.: 0.1121 | Test Loss.: 0.1144
Train Acc.: 0.8516 | Test Acc.: 0.8495
Epoch: 052/200   | Learning Rate 0.001000
Train Auc.: 0.9258 | Test Auc.: 0.9230
Train Loss.: 0.1279 | Test Loss.: 0.1283
Train Acc.: 0.8283 | Test Acc.: 0.8314
Epoch: 053/200   | Learning Rate 0.001000
Train Auc.: 0.9292 | Test Auc.: 0.9304
Train Loss.: 0.1679 | Test Loss.: 0.1667
Train Acc.: 0.7587 | Test Acc.: 0.7630
Epoch: 054/200   | Learning Rate 0.001000
Train Auc.: 0.9275 | Test Auc.: 0.9285
Train Loss.: 0.1941 | Test Loss.: 0.1949
Train Acc.: 0.7072 | Test Acc.: 0.7067
Epoch: 055/200   | Learning Rate 0.001000
Train Auc.: 0.9263 | Test Auc.: 0.9292
Train Loss.: 0.1785 | Test Loss.: 0.1766
Train Acc.: 0.7351 | Test Acc.: 0.7407
Epoch: 056/200   | Learning Rate 0.001000
Train Auc.: 0.9264 | Test Auc.: 0.9253
Train Loss.: 0.1766 | Test Loss.: 0.1764
Train Acc.: 0.7547 | Test Acc.: 0.7524
Epoch: 057/200   | Learning Rate 0.001000
Train Auc.: 0.9349 | Test Auc.: 0.9327
Train Loss.: 0.1262 | Test Loss.: 0.1276
Train Acc.: 0.8239 | Test Acc.: 0.8181
Epoch: 058/200   | Learning Rate 0.001000
Train Auc.: 0.9338 | Test Auc.: 0.9333
Train Loss.: 0.1124 | Test Loss.: 0.1125
Train Acc.: 0.8548 | Test Acc.: 0.8553
Epoch: 059/200   | Learning Rate 0.001000
Train Auc.: 0.9339 | Test Auc.: 0.9313
Train Loss.: 0.1156 | Test Loss.: 0.1178
Train Acc.: 0.8497 | Test Acc.: 0.8466
Epoch: 060/200   | Learning Rate 0.001000
Train Auc.: 0.9371 | Test Auc.: 0.9370
Train Loss.: 0.1459 | Test Loss.: 0.1471
Train Acc.: 0.8130 | Test Acc.: 0.8092
Epoch: 061/200   | Learning Rate 0.001000
Train Auc.: 0.9366 | Test Auc.: 0.9370
Train Loss.: 0.1470 | Test Loss.: 0.1484
Train Acc.: 0.8137 | Test Acc.: 0.8105
Epoch: 062/200   | Learning Rate 0.001000
Train Auc.: 0.9369 | Test Auc.: 0.9363
Train Loss.: 0.1566 | Test Loss.: 0.1576
Train Acc.: 0.8027 | Test Acc.: 0.8043
Epoch: 063/200   | Learning Rate 0.001000
Train Auc.: 0.9355 | Test Auc.: 0.9364
Train Loss.: 0.1309 | Test Loss.: 0.1313
Train Acc.: 0.8368 | Test Acc.: 0.8382
Epoch: 064/200   | Learning Rate 0.001000
Train Auc.: 0.9336 | Test Auc.: 0.9345
Train Loss.: 0.1202 | Test Loss.: 0.1194
Train Acc.: 0.8445 | Test Acc.: 0.8515
Epoch: 065/200   | Learning Rate 0.001000
Train Auc.: 0.9388 | Test Auc.: 0.9385
Train Loss.: 0.1073 | Test Loss.: 0.1077
Train Acc.: 0.8599 | Test Acc.: 0.8606
Epoch: 066/200   | Learning Rate 0.001000
Train Auc.: 0.9366 | Test Auc.: 0.9321
Train Loss.: 0.1156 | Test Loss.: 0.1179
Train Acc.: 0.8424 | Test Acc.: 0.8393
Epoch: 067/200   | Learning Rate 0.001000
Train Auc.: 0.9300 | Test Auc.: 0.9304
Train Loss.: 0.1279 | Test Loss.: 0.1273
Train Acc.: 0.8281 | Test Acc.: 0.8334
Epoch: 068/200   | Learning Rate 0.001000
Train Auc.: 0.9348 | Test Auc.: 0.9331
Train Loss.: 0.1188 | Test Loss.: 0.1199
Train Acc.: 0.8394 | Test Acc.: 0.8359
Epoch: 069/200   | Learning Rate 0.001000
Train Auc.: 0.9297 | Test Auc.: 0.9272
Train Loss.: 0.1199 | Test Loss.: 0.1217
Train Acc.: 0.8375 | Test Acc.: 0.8280
Epoch: 070/200   | Learning Rate 0.001000
Train Auc.: 0.9366 | Test Auc.: 0.9328
Train Loss.: 0.1177 | Test Loss.: 0.1188
Train Acc.: 0.8418 | Test Acc.: 0.8433
Epoch: 071/200   | Learning Rate 0.001000
Train Auc.: 0.9346 | Test Auc.: 0.9331
Train Loss.: 0.1118 | Test Loss.: 0.1126
Train Acc.: 0.8507 | Test Acc.: 0.8463
Epoch: 072/200   | Learning Rate 0.001000
Train Auc.: 0.9369 | Test Auc.: 0.9342
Train Loss.: 0.1108 | Test Loss.: 0.1124
Train Acc.: 0.8565 | Test Acc.: 0.8486
Epoch: 073/200   | Learning Rate 0.001000
Train Auc.: 0.9377 | Test Auc.: 0.9367
Train Loss.: 0.1088 | Test Loss.: 0.1099
Train Acc.: 0.8625 | Test Acc.: 0.8611
Epoch: 074/200   | Learning Rate 0.001000
Train Auc.: 0.9360 | Test Auc.: 0.9361
Train Loss.: 0.1134 | Test Loss.: 0.1138
Train Acc.: 0.8554 | Test Acc.: 0.8626
Epoch: 075/200   | Learning Rate 0.001000
Train Auc.: 0.9301 | Test Auc.: 0.9285
Train Loss.: 0.1417 | Test Loss.: 0.1436
Train Acc.: 0.8267 | Test Acc.: 0.8235
Epoch: 076/200   | Learning Rate 0.001000
Train Auc.: 0.9398 | Test Auc.: 0.9350
Train Loss.: 0.1148 | Test Loss.: 0.1190
Train Acc.: 0.8614 | Test Acc.: 0.8515
Epoch: 077/200   | Learning Rate 0.001000
Train Auc.: 0.9410 | Test Auc.: 0.9373
Train Loss.: 0.1076 | Test Loss.: 0.1100
Train Acc.: 0.8676 | Test Acc.: 0.8642
Epoch: 078/200   | Learning Rate 0.001000
Train Auc.: 0.9355 | Test Auc.: 0.9347
Train Loss.: 0.1099 | Test Loss.: 0.1111
Train Acc.: 0.8545 | Test Acc.: 0.8599
Epoch: 079/200   | Learning Rate 0.001000
Train Auc.: 0.9357 | Test Auc.: 0.9361
Train Loss.: 0.1103 | Test Loss.: 0.1106
Train Acc.: 0.8609 | Test Acc.: 0.8599
Epoch: 080/200   | Learning Rate 0.001000
Train Auc.: 0.9368 | Test Auc.: 0.9340
Train Loss.: 0.1108 | Test Loss.: 0.1138
Train Acc.: 0.8570 | Test Acc.: 0.8547
Epoch: 081/200   | Learning Rate 0.001000
Train Auc.: 0.9356 | Test Auc.: 0.9347
Train Loss.: 0.1152 | Test Loss.: 0.1163
Train Acc.: 0.8477 | Test Acc.: 0.8495
Epoch: 082/200   | Learning Rate 0.001000
Train Auc.: 0.9411 | Test Auc.: 0.9355
Train Loss.: 0.1109 | Test Loss.: 0.1151
Train Acc.: 0.8564 | Test Acc.: 0.8515
Epoch: 083/200   | Learning Rate 0.001000
Train Auc.: 0.9390 | Test Auc.: 0.9372
Train Loss.: 0.1079 | Test Loss.: 0.1092
Train Acc.: 0.8580 | Test Acc.: 0.8566
Epoch: 084/200   | Learning Rate 0.001000
Train Auc.: 0.9375 | Test Auc.: 0.9366
Train Loss.: 0.1085 | Test Loss.: 0.1094
Train Acc.: 0.8613 | Test Acc.: 0.8624
Epoch: 085/200   | Learning Rate 0.001000
Train Auc.: 0.9370 | Test Auc.: 0.9330
Train Loss.: 0.1088 | Test Loss.: 0.1114
Train Acc.: 0.8598 | Test Acc.: 0.8573
Epoch: 086/200   | Learning Rate 0.001000
Train Auc.: 0.9384 | Test Auc.: 0.9380
Train Loss.: 0.1073 | Test Loss.: 0.1074
Train Acc.: 0.8617 | Test Acc.: 0.8591
Epoch: 087/200   | Learning Rate 0.001000
Train Auc.: 0.9348 | Test Auc.: 0.9347
Train Loss.: 0.1124 | Test Loss.: 0.1136
Train Acc.: 0.8541 | Test Acc.: 0.8555
Epoch: 088/200   | Learning Rate 0.001000
Train Auc.: 0.9369 | Test Auc.: 0.9332
Train Loss.: 0.1129 | Test Loss.: 0.1158
Train Acc.: 0.8592 | Test Acc.: 0.8537
Epoch: 089/200   | Learning Rate 0.001000
Train Auc.: 0.9431 | Test Auc.: 0.9387
Train Loss.: 0.1061 | Test Loss.: 0.1093
Train Acc.: 0.8669 | Test Acc.: 0.8670
Epoch: 090/200   | Learning Rate 0.001000
Train Auc.: 0.9406 | Test Auc.: 0.9388
Train Loss.: 0.1130 | Test Loss.: 0.1147
Train Acc.: 0.8610 | Test Acc.: 0.8573
Epoch: 091/200   | Learning Rate 0.001000
Train Auc.: 0.9378 | Test Auc.: 0.9405
Train Loss.: 0.1099 | Test Loss.: 0.1080
Train Acc.: 0.8627 | Test Acc.: 0.8665
Epoch: 092/200   | Learning Rate 0.001000
Train Auc.: 0.9389 | Test Auc.: 0.9347
Train Loss.: 0.1156 | Test Loss.: 0.1180
Train Acc.: 0.8573 | Test Acc.: 0.8514
Epoch: 093/200   | Learning Rate 0.001000
Train Auc.: 0.9397 | Test Auc.: 0.9401
Train Loss.: 0.1067 | Test Loss.: 0.1065
Train Acc.: 0.8667 | Test Acc.: 0.8634
Epoch: 094/200   | Learning Rate 0.001000
Train Auc.: 0.9379 | Test Auc.: 0.9366
Train Loss.: 0.1100 | Test Loss.: 0.1109
Train Acc.: 0.8545 | Test Acc.: 0.8551
Epoch: 095/200   | Learning Rate 0.001000
Train Auc.: 0.9419 | Test Auc.: 0.9378
Train Loss.: 0.1148 | Test Loss.: 0.1175
Train Acc.: 0.8487 | Test Acc.: 0.8413
Epoch: 096/200   | Learning Rate 0.001000
Train Auc.: 0.9359 | Test Auc.: 0.9340
Train Loss.: 0.1107 | Test Loss.: 0.1123
Train Acc.: 0.8547 | Test Acc.: 0.8533
Epoch: 097/200   | Learning Rate 0.001000
Train Auc.: 0.9401 | Test Auc.: 0.9385
Train Loss.: 0.1086 | Test Loss.: 0.1098
Train Acc.: 0.8615 | Test Acc.: 0.8607
Epoch: 098/200   | Learning Rate 0.001000
Train Auc.: 0.9385 | Test Auc.: 0.9355
Train Loss.: 0.1083 | Test Loss.: 0.1105
Train Acc.: 0.8642 | Test Acc.: 0.8601
Epoch: 099/200   | Learning Rate 0.001000
Train Auc.: 0.9409 | Test Auc.: 0.9402
Train Loss.: 0.1051 | Test Loss.: 0.1059
Train Acc.: 0.8659 | Test Acc.: 0.8673
Epoch: 100/200   | Learning Rate 0.001000
Train Auc.: 0.9402 | Test Auc.: 0.9385
Train Loss.: 0.1093 | Test Loss.: 0.1104
Train Acc.: 0.8623 | Test Acc.: 0.8634
Epoch: 101/200   | Learning Rate 0.000900
Train Auc.: 0.9411 | Test Auc.: 0.9405
Train Loss.: 0.1056 | Test Loss.: 0.1061
Train Acc.: 0.8650 | Test Acc.: 0.8698
Epoch: 102/200   | Learning Rate 0.000900
Train Auc.: 0.9401 | Test Auc.: 0.9362
Train Loss.: 0.1070 | Test Loss.: 0.1097
Train Acc.: 0.8670 | Test Acc.: 0.8596
Epoch: 103/200   | Learning Rate 0.000900
Train Auc.: 0.9387 | Test Auc.: 0.9366
Train Loss.: 0.1068 | Test Loss.: 0.1085
Train Acc.: 0.8610 | Test Acc.: 0.8573
Epoch: 104/200   | Learning Rate 0.000900
Train Auc.: 0.9384 | Test Auc.: 0.9348
Train Loss.: 0.1085 | Test Loss.: 0.1105
Train Acc.: 0.8636 | Test Acc.: 0.8598
Epoch: 105/200   | Learning Rate 0.000900
Train Auc.: 0.9419 | Test Auc.: 0.9399
Train Loss.: 0.1059 | Test Loss.: 0.1071
Train Acc.: 0.8680 | Test Acc.: 0.8621
Epoch: 106/200   | Learning Rate 0.000900
Train Auc.: 0.9428 | Test Auc.: 0.9418
Train Loss.: 0.1040 | Test Loss.: 0.1047
Train Acc.: 0.8683 | Test Acc.: 0.8678
Epoch: 107/200   | Learning Rate 0.000900
Train Auc.: 0.9365 | Test Auc.: 0.9348
Train Loss.: 0.1115 | Test Loss.: 0.1118
Train Acc.: 0.8572 | Test Acc.: 0.8584
Epoch: 108/200   | Learning Rate 0.000900
Train Auc.: 0.9385 | Test Auc.: 0.9355
Train Loss.: 0.1079 | Test Loss.: 0.1097
Train Acc.: 0.8623 | Test Acc.: 0.8589
Epoch: 109/200   | Learning Rate 0.000900
Train Auc.: 0.9401 | Test Auc.: 0.9411
Train Loss.: 0.1056 | Test Loss.: 0.1051
Train Acc.: 0.8635 | Test Acc.: 0.8658
Epoch: 110/200   | Learning Rate 0.000900
Train Auc.: 0.9405 | Test Auc.: 0.9412
Train Loss.: 0.1067 | Test Loss.: 0.1061
Train Acc.: 0.8606 | Test Acc.: 0.8609
Epoch: 111/200   | Learning Rate 0.000900
Train Auc.: 0.9407 | Test Auc.: 0.9395
Train Loss.: 0.1059 | Test Loss.: 0.1065
Train Acc.: 0.8650 | Test Acc.: 0.8624
Epoch: 112/200   | Learning Rate 0.000900
Train Auc.: 0.9421 | Test Auc.: 0.9387
Train Loss.: 0.1061 | Test Loss.: 0.1083
Train Acc.: 0.8613 | Test Acc.: 0.8581
Epoch: 113/200   | Learning Rate 0.000900
Train Auc.: 0.9389 | Test Auc.: 0.9400
Train Loss.: 0.1086 | Test Loss.: 0.1073
Train Acc.: 0.8592 | Test Acc.: 0.8619
Epoch: 114/200   | Learning Rate 0.000900
Train Auc.: 0.9398 | Test Auc.: 0.9399
Train Loss.: 0.1068 | Test Loss.: 0.1068
Train Acc.: 0.8593 | Test Acc.: 0.8596
Epoch: 115/200   | Learning Rate 0.000900
Train Auc.: 0.9408 | Test Auc.: 0.9380
Train Loss.: 0.1063 | Test Loss.: 0.1081
Train Acc.: 0.8663 | Test Acc.: 0.8639
Epoch: 116/200   | Learning Rate 0.000900
Train Auc.: 0.9407 | Test Auc.: 0.9366
Train Loss.: 0.1118 | Test Loss.: 0.1146
Train Acc.: 0.8624 | Test Acc.: 0.8550
Epoch: 117/200   | Learning Rate 0.000900
Train Auc.: 0.9410 | Test Auc.: 0.9398
Train Loss.: 0.1081 | Test Loss.: 0.1085
Train Acc.: 0.8690 | Test Acc.: 0.8647
Epoch: 118/200   | Learning Rate 0.000900
Train Auc.: 0.9408 | Test Auc.: 0.9387
Train Loss.: 0.1095 | Test Loss.: 0.1109
Train Acc.: 0.8638 | Test Acc.: 0.8621
Epoch: 119/200   | Learning Rate 0.000900
Train Auc.: 0.9386 | Test Auc.: 0.9376
Train Loss.: 0.1079 | Test Loss.: 0.1086
Train Acc.: 0.8605 | Test Acc.: 0.8576
Epoch: 120/200   | Learning Rate 0.000900
Train Auc.: 0.9419 | Test Auc.: 0.9396
Train Loss.: 0.1045 | Test Loss.: 0.1061
Train Acc.: 0.8676 | Test Acc.: 0.8634
Epoch: 121/200   | Learning Rate 0.000900
Train Auc.: 0.9414 | Test Auc.: 0.9402
Train Loss.: 0.1074 | Test Loss.: 0.1087
Train Acc.: 0.8686 | Test Acc.: 0.8665
Epoch: 122/200   | Learning Rate 0.000900
Train Auc.: 0.9419 | Test Auc.: 0.9402
Train Loss.: 0.1086 | Test Loss.: 0.1096
Train Acc.: 0.8570 | Test Acc.: 0.8573
Epoch: 123/200   | Learning Rate 0.000900
Train Auc.: 0.9399 | Test Auc.: 0.9379
Train Loss.: 0.1068 | Test Loss.: 0.1084
Train Acc.: 0.8604 | Test Acc.: 0.8619
Epoch: 124/200   | Learning Rate 0.000900
Train Auc.: 0.9399 | Test Auc.: 0.9381
Train Loss.: 0.1085 | Test Loss.: 0.1094
Train Acc.: 0.8567 | Test Acc.: 0.8532
Epoch: 125/200   | Learning Rate 0.000900
Train Auc.: 0.9415 | Test Auc.: 0.9417
Train Loss.: 0.1059 | Test Loss.: 0.1055
Train Acc.: 0.8630 | Test Acc.: 0.8653
Epoch: 126/200   | Learning Rate 0.000900
Train Auc.: 0.9369 | Test Auc.: 0.9359
Train Loss.: 0.1092 | Test Loss.: 0.1099
Train Acc.: 0.8601 | Test Acc.: 0.8611
Epoch: 127/200   | Learning Rate 0.000900
Train Auc.: 0.9420 | Test Auc.: 0.9398
Train Loss.: 0.1064 | Test Loss.: 0.1084
Train Acc.: 0.8632 | Test Acc.: 0.8588
Epoch: 128/200   | Learning Rate 0.000900
Train Auc.: 0.9441 | Test Auc.: 0.9443
Train Loss.: 0.1028 | Test Loss.: 0.1030
Train Acc.: 0.8694 | Test Acc.: 0.8680
Epoch: 129/200   | Learning Rate 0.000900
Train Auc.: 0.9441 | Test Auc.: 0.9437
Train Loss.: 0.1044 | Test Loss.: 0.1051
Train Acc.: 0.8709 | Test Acc.: 0.8680
Epoch: 130/200   | Learning Rate 0.000900
Train Auc.: 0.9416 | Test Auc.: 0.9424
Train Loss.: 0.1066 | Test Loss.: 0.1065
Train Acc.: 0.8671 | Test Acc.: 0.8688
Epoch: 131/200   | Learning Rate 0.000900
Train Auc.: 0.9444 | Test Auc.: 0.9431
Train Loss.: 0.1067 | Test Loss.: 0.1081
Train Acc.: 0.8678 | Test Acc.: 0.8688
Epoch: 132/200   | Learning Rate 0.000900
Train Auc.: 0.9455 | Test Auc.: 0.9419
Train Loss.: 0.1049 | Test Loss.: 0.1074
Train Acc.: 0.8719 | Test Acc.: 0.8612
Epoch: 133/200   | Learning Rate 0.000900
Train Auc.: 0.9425 | Test Auc.: 0.9421
Train Loss.: 0.1054 | Test Loss.: 0.1063
Train Acc.: 0.8670 | Test Acc.: 0.8642
Epoch: 134/200   | Learning Rate 0.000900
Train Auc.: 0.9417 | Test Auc.: 0.9397
Train Loss.: 0.1085 | Test Loss.: 0.1093
Train Acc.: 0.8647 | Test Acc.: 0.8639
Epoch: 135/200   | Learning Rate 0.000900
Train Auc.: 0.9423 | Test Auc.: 0.9379
Train Loss.: 0.1043 | Test Loss.: 0.1072
Train Acc.: 0.8675 | Test Acc.: 0.8622
Epoch: 136/200   | Learning Rate 0.000900
Train Auc.: 0.9416 | Test Auc.: 0.9390
Train Loss.: 0.1054 | Test Loss.: 0.1070
Train Acc.: 0.8625 | Test Acc.: 0.8612
Epoch: 137/200   | Learning Rate 0.000900
Train Auc.: 0.9391 | Test Auc.: 0.9362
Train Loss.: 0.1104 | Test Loss.: 0.1118
Train Acc.: 0.8535 | Test Acc.: 0.8487
Epoch: 138/200   | Learning Rate 0.000900
Train Auc.: 0.9405 | Test Auc.: 0.9384
Train Loss.: 0.1073 | Test Loss.: 0.1082
Train Acc.: 0.8592 | Test Acc.: 0.8583
Epoch: 139/200   | Learning Rate 0.000900
Train Auc.: 0.9441 | Test Auc.: 0.9414
Train Loss.: 0.1040 | Test Loss.: 0.1059
Train Acc.: 0.8641 | Test Acc.: 0.8691
Epoch: 140/200   | Learning Rate 0.000900
Train Auc.: 0.9443 | Test Auc.: 0.9419
Train Loss.: 0.1027 | Test Loss.: 0.1045
Train Acc.: 0.8718 | Test Acc.: 0.8675
Epoch: 141/200   | Learning Rate 0.000900
Train Auc.: 0.9439 | Test Auc.: 0.9428
Train Loss.: 0.1032 | Test Loss.: 0.1040
Train Acc.: 0.8700 | Test Acc.: 0.8672
Epoch: 142/200   | Learning Rate 0.000900
Train Auc.: 0.9429 | Test Auc.: 0.9396
Train Loss.: 0.1058 | Test Loss.: 0.1076
Train Acc.: 0.8697 | Test Acc.: 0.8619
Epoch: 143/200   | Learning Rate 0.000900
Train Auc.: 0.9440 | Test Auc.: 0.9426
Train Loss.: 0.1039 | Test Loss.: 0.1049
Train Acc.: 0.8694 | Test Acc.: 0.8691
Epoch: 144/200   | Learning Rate 0.000900
Train Auc.: 0.9425 | Test Auc.: 0.9403
Train Loss.: 0.1049 | Test Loss.: 0.1066
Train Acc.: 0.8691 | Test Acc.: 0.8680
Epoch: 145/200   | Learning Rate 0.000900
Train Auc.: 0.9442 | Test Auc.: 0.9419
Train Loss.: 0.1048 | Test Loss.: 0.1060
Train Acc.: 0.8700 | Test Acc.: 0.8673
Epoch: 146/200   | Learning Rate 0.000900
Train Auc.: 0.9454 | Test Auc.: 0.9438
Train Loss.: 0.1042 | Test Loss.: 0.1052
Train Acc.: 0.8748 | Test Acc.: 0.8660
Epoch: 147/200   | Learning Rate 0.000900
Train Auc.: 0.9427 | Test Auc.: 0.9416
Train Loss.: 0.1038 | Test Loss.: 0.1048
Train Acc.: 0.8644 | Test Acc.: 0.8670
Epoch: 148/200   | Learning Rate 0.000900
Train Auc.: 0.9438 | Test Auc.: 0.9424
Train Loss.: 0.1034 | Test Loss.: 0.1047
Train Acc.: 0.8685 | Test Acc.: 0.8714
Epoch: 149/200   | Learning Rate 0.000900
Train Auc.: 0.9433 | Test Auc.: 0.9413
Train Loss.: 0.1045 | Test Loss.: 0.1054
Train Acc.: 0.8620 | Test Acc.: 0.8655
Epoch: 150/200   | Learning Rate 0.000900
Train Auc.: 0.9416 | Test Auc.: 0.9379
Train Loss.: 0.1048 | Test Loss.: 0.1075
Train Acc.: 0.8673 | Test Acc.: 0.8594
Epoch: 151/200   | Learning Rate 0.000900
Train Auc.: 0.9434 | Test Auc.: 0.9424
Train Loss.: 0.1032 | Test Loss.: 0.1037
Train Acc.: 0.8713 | Test Acc.: 0.8696
Epoch: 152/200   | Learning Rate 0.000900
Train Auc.: 0.9413 | Test Auc.: 0.9380
Train Loss.: 0.1071 | Test Loss.: 0.1094
Train Acc.: 0.8608 | Test Acc.: 0.8579
Epoch: 153/200   | Learning Rate 0.000900
Train Auc.: 0.9447 | Test Auc.: 0.9432
Train Loss.: 0.1023 | Test Loss.: 0.1032
Train Acc.: 0.8687 | Test Acc.: 0.8657Epoch: 001/200   | Learning Rate 0.001000
Train Auc.: 0.6257 | Test Auc.: 0.6215
Train Loss.: 0.5074 | Test Loss.: 0.5045
Train Acc.: 0.4995 | Test Acc.: 0.5019
Epoch: 002/200   | Learning Rate 0.001000
Train Auc.: 0.0669 | Test Auc.: 0.0696
Train Loss.: 213.8056 | Test Loss.: 215.0280
Train Acc.: 0.0000 | Test Acc.: 0.0000
Epoch: 003/200   | Learning Rate 0.001000
Train Auc.: 0.9309 | Test Auc.: 0.9331
Train Loss.: 97.9551 | Test Loss.: 98.1279
Train Acc.: 0.0000 | Test Acc.: 0.0000
Epoch: 004/200   | Learning Rate 0.001000
Train Auc.: 0.9335 | Test Auc.: 0.9336
Train Loss.: 50.1100 | Test Loss.: 50.3261
Train Acc.: 0.0000 | Test Acc.: 0.0000
Epoch: 005/200   | Learning Rate 0.001000
Train Auc.: 0.9323 | Test Auc.: 0.9325
Train Loss.: 1.0939 | Test Loss.: 1.0871
Train Acc.: 0.1487 | Test Acc.: 0.1531
Epoch: 006/200   | Learning Rate 0.001000
Train Auc.: 0.0794 | Test Auc.: 0.0787
Train Loss.: 7.9478 | Test Loss.: 8.0028
Train Acc.: 0.0000 | Test Acc.: 0.0000
Epoch: 007/200   | Learning Rate 0.001000
Train Auc.: 0.1006 | Test Auc.: 0.1025
Train Loss.: 2.9074 | Test Loss.: 2.9298
Train Acc.: 0.0042 | Test Acc.: 0.0043
Epoch: 008/200   | Learning Rate 0.001000
Train Auc.: 0.9383 | Test Auc.: 0.9387
Train Loss.: 17.6862 | Test Loss.: 17.7029
Train Acc.: 0.0000 | Test Acc.: 0.0000
Epoch: 009/200   | Learning Rate 0.001000
Train Auc.: 0.9375 | Test Auc.: 0.9333
Train Loss.: 20.5438 | Test Loss.: 20.5273
Train Acc.: 0.0000 | Test Acc.: 0.0000
Epoch: 010/200   | Learning Rate 0.001000
Train Auc.: 0.3559 | Test Auc.: 0.3569
Train Loss.: 1.4570 | Test Loss.: 1.4584
Train Acc.: 0.1866 | Test Acc.: 0.1903
Epoch: 011/200   | Learning Rate 0.001000
Train Auc.: 0.1009 | Test Auc.: 0.1040
Train Loss.: 21.6764 | Test Loss.: 21.7022
Train Acc.: 0.0000 | Test Acc.: 0.0000
Epoch: 012/200   | Learning Rate 0.001000
Train Auc.: 0.6806 | Test Auc.: 0.6759
Train Loss.: 1.7831 | Test Loss.: 1.7877
Train Acc.: 0.0145 | Test Acc.: 0.0155
Epoch: 013/200   | Learning Rate 0.001000
Train Auc.: 0.9459 | Test Auc.: 0.9451
Train Loss.: 18.1219 | Test Loss.: 18.1503
Train Acc.: 0.0000 | Test Acc.: 0.0000
Epoch: 014/200   | Learning Rate 0.001000
Train Auc.: 0.9461 | Test Auc.: 0.9450
Train Loss.: 8.1592 | Test Loss.: 8.1762
Train Acc.: 0.0000 | Test Acc.: 0.0000
Epoch: 015/200   | Learning Rate 0.001000
Train Auc.: 0.6167 | Test Auc.: 0.6172
Train Loss.: 4.1452 | Test Loss.: 4.1561
Train Acc.: 0.0000 | Test Acc.: 0.0000
Epoch: 016/200   | Learning Rate 0.001000
Train Auc.: 0.3516 | Test Auc.: 0.3381
Train Loss.: 13.9035 | Test Loss.: 13.9238
Train Acc.: 0.0000 | Test Acc.: 0.0000
Epoch: 017/200   | Learning Rate 0.001000
Train Auc.: 0.8966 | Test Auc.: 0.8895
Train Loss.: 0.8764 | Test Loss.: 0.8786
Train Acc.: 0.1655 | Test Acc.: 0.1697
Epoch: 018/200   | Learning Rate 0.001000
Train Auc.: 0.9492 | Test Auc.: 0.9482
Train Loss.: 7.0402 | Test Loss.: 7.0583
Train Acc.: 0.0000 | Test Acc.: 0.0000
Epoch: 019/200   | Learning Rate 0.001000
Train Auc.: 0.9478 | Test Auc.: 0.9480
Train Loss.: 7.9040 | Test Loss.: 7.9271
Train Acc.: 0.0000 | Test Acc.: 0.0000
Epoch: 020/200   | Learning Rate 0.001000
Train Auc.: 0.9326 | Test Auc.: 0.9322
Train Loss.: 0.1956 | Test Loss.: 0.1966
Train Acc.: 0.7312 | Test Acc.: 0.7282
Epoch: 021/200   | Learning Rate 0.001000
Train Auc.: 0.6773 | Test Auc.: 0.6813
Train Loss.: 4.3007 | Test Loss.: 4.3029
Train Acc.: 0.0000 | Test Acc.: 0.0000
Epoch: 022/200   | Learning Rate 0.001000
Train Auc.: 0.6798 | Test Auc.: 0.6727
Train Loss.: 6.0325 | Test Loss.: 6.0465
Train Acc.: 0.0000 | Test Acc.: 0.0000
Epoch: 023/200   | Learning Rate 0.001000
Train Auc.: 0.8611 | Test Auc.: 0.8643
Train Loss.: 0.7624 | Test Loss.: 0.7548
Train Acc.: 0.3095 | Test Acc.: 0.3090
Epoch: 024/200   | Learning Rate 0.001000
Train Auc.: 0.9424 | Test Auc.: 0.9393
Train Loss.: 1.1579 | Test Loss.: 1.1655
Train Acc.: 0.0723 | Test Acc.: 0.0749
Epoch: 025/200   | Learning Rate 0.001000
Train Auc.: 0.9441 | Test Auc.: 0.9415
Train Loss.: 3.9207 | Test Loss.: 3.9259
Train Acc.: 0.0000 | Test Acc.: 0.0000
Epoch: 026/200   | Learning Rate 0.001000
Train Auc.: 0.9414 | Test Auc.: 0.9392
Train Loss.: 2.3382 | Test Loss.: 2.3560
Train Acc.: 0.0115 | Test Acc.: 0.0105
Epoch: 027/200   | Learning Rate 0.001000
Train Auc.: 0.9342 | Test Auc.: 0.9293
Train Loss.: 0.1932 | Test Loss.: 0.1976
Train Acc.: 0.7479 | Test Acc.: 0.7416
Epoch: 028/200   | Learning Rate 0.001000
Train Auc.: 0.8684 | Test Auc.: 0.8657
Train Loss.: 0.9989 | Test Loss.: 0.9996
Train Acc.: 0.1494 | Test Acc.: 0.1503
Epoch: 029/200   | Learning Rate 0.001000
Train Auc.: 0.7691 | Test Auc.: 0.7824
Train Loss.: 2.3330 | Test Loss.: 2.3309
Train Acc.: 0.0007 | Test Acc.: 0.0008
Epoch: 030/200   | Learning Rate 0.001000
Train Auc.: 0.7491 | Test Auc.: 0.7548
Train Loss.: 1.5425 | Test Loss.: 1.5500
Train Acc.: 0.0433 | Test Acc.: 0.0410
Epoch: 031/200   | Learning Rate 0.001000
Train Auc.: 0.8910 | Test Auc.: 0.8899
Train Loss.: 0.4468 | Test Loss.: 0.4505
Train Acc.: 0.4830 | Test Acc.: 0.4798
Epoch: 032/200   | Learning Rate 0.001000
Train Auc.: 0.9350 | Test Auc.: 0.9307
Train Loss.: 0.1763 | Test Loss.: 0.1799
Train Acc.: 0.7640 | Test Acc.: 0.7574
Epoch: 033/200   | Learning Rate 0.001000
Train Auc.: 0.9402 | Test Auc.: 0.9371
Train Loss.: 0.8125 | Test Loss.: 0.8184
Train Acc.: 0.1417 | Test Acc.: 0.1457
Epoch: 034/200   | Learning Rate 0.001000
Train Auc.: 0.9429 | Test Auc.: 0.9415
Train Loss.: 1.4092 | Test Loss.: 1.4051
Train Acc.: 0.0370 | Test Acc.: 0.0367
Epoch: 035/200   | Learning Rate 0.001000
Train Auc.: 0.9393 | Test Auc.: 0.9362
Train Loss.: 0.9248 | Test Loss.: 0.9279
Train Acc.: 0.1282 | Test Acc.: 0.1312
Epoch: 036/200   | Learning Rate 0.001000
Train Auc.: 0.9354 | Test Auc.: 0.9356
Train Loss.: 0.2844 | Test Loss.: 0.2846
Train Acc.: 0.5553 | Test Acc.: 0.5630
Epoch: 037/200   | Learning Rate 0.001000
Train Auc.: 0.9150 | Test Auc.: 0.9146
Train Loss.: 0.1481 | Test Loss.: 0.1477
Train Acc.: 0.7914 | Test Acc.: 0.7962
Epoch: 038/200   | Learning Rate 0.001000
Train Auc.: 0.8631 | Test Auc.: 0.8603
Train Loss.: 0.4015 | Test Loss.: 0.4036
Train Acc.: 0.5043 | Test Acc.: 0.5007
Epoch: 039/200   | Learning Rate 0.001000
Train Auc.: 0.8357 | Test Auc.: 0.8274
Train Loss.: 0.7005 | Test Loss.: 0.7073
Train Acc.: 0.4384 | Test Acc.: 0.4360
Epoch: 040/200   | Learning Rate 0.001000
Train Auc.: 0.8136 | Test Auc.: 0.8080
Train Loss.: 0.6480 | Test Loss.: 0.6499
Train Acc.: 0.4814 | Test Acc.: 0.4770
Epoch: 041/200   | Learning Rate 0.001000
Train Auc.: 0.8696 | Test Auc.: 0.8647
Train Loss.: 0.4131 | Test Loss.: 0.4154
Train Acc.: 0.5037 | Test Acc.: 0.5014
Epoch: 042/200   | Learning Rate 0.001000
Train Auc.: 0.9149 | Test Auc.: 0.9119
Train Loss.: 0.1766 | Test Loss.: 0.1786
Train Acc.: 0.7236 | Test Acc.: 0.7253
Epoch: 043/200   | Learning Rate 0.001000
Train Auc.: 0.9248 | Test Auc.: 0.9200
Train Loss.: 0.1224 | Test Loss.: 0.1247
Train Acc.: 0.8371 | Test Acc.: 0.8336
Epoch: 044/200   | Learning Rate 0.001000
Train Auc.: 0.9371 | Test Auc.: 0.9356
Train Loss.: 0.2349 | Test Loss.: 0.2371
Train Acc.: 0.6725 | Test Acc.: 0.6726
Epoch: 045/200   | Learning Rate 0.001000
Train Auc.: 0.9421 | Test Auc.: 0.9374
Train Loss.: 0.4335 | Test Loss.: 0.4383
Train Acc.: 0.3683 | Test Acc.: 0.3676
Epoch: 046/200   | Learning Rate 0.001000
Train Auc.: 0.9409 | Test Auc.: 0.9385
Train Loss.: 0.4578 | Test Loss.: 0.4593
Train Acc.: 0.3444 | Test Acc.: 0.3450
Epoch: 047/200   | Learning Rate 0.001000
Train Auc.: 0.9350 | Test Auc.: 0.9332
Train Loss.: 0.3182 | Test Loss.: 0.3212
Train Acc.: 0.4984 | Test Acc.: 0.4938
Epoch: 048/200   | Learning Rate 0.001000
Train Auc.: 0.9348 | Test Auc.: 0.9308
Train Loss.: 0.1804 | Test Loss.: 0.1839
Train Acc.: 0.7322 | Test Acc.: 0.7236
Epoch: 049/200   | Learning Rate 0.001000
Train Auc.: 0.9318 | Test Auc.: 0.9275
Train Loss.: 0.1196 | Test Loss.: 0.1217
Train Acc.: 0.8550 | Test Acc.: 0.8451
Epoch: 050/200   | Learning Rate 0.001000
Train Auc.: 0.9200 | Test Auc.: 0.9155
Train Loss.: 0.1687 | Test Loss.: 0.1690
Train Acc.: 0.7494 | Test Acc.: 0.7521
Epoch: 051/200   | Learning Rate 0.001000
Train Auc.: 0.9182 | Test Auc.: 0.9175
Train Loss.: 0.2772 | Test Loss.: 0.2764
Train Acc.: 0.6235 | Test Acc.: 0.6267
Epoch: 154/200   | Learning Rate 0.000900
Train Auc.: 0.9443 | Test Auc.: 0.9419
Train Loss.: 0.1045 | Test Loss.: 0.1063
Train Acc.: 0.8709 | Test Acc.: 0.8698
Epoch: 155/200   | Learning Rate 0.000900
Train Auc.: 0.9414 | Test Auc.: 0.9379
Train Loss.: 0.1046 | Test Loss.: 0.1073
Train Acc.: 0.8666 | Test Acc.: 0.8647
Epoch: 156/200   | Learning Rate 0.000900
Train Auc.: 0.9457 | Test Auc.: 0.9431
Train Loss.: 0.1044 | Test Loss.: 0.1060
Train Acc.: 0.8725 | Test Acc.: 0.8602
Epoch: 157/200   | Learning Rate 0.000900
Train Auc.: 0.9398 | Test Auc.: 0.9366
Train Loss.: 0.1078 | Test Loss.: 0.1098
Train Acc.: 0.8630 | Test Acc.: 0.8599
Epoch: 158/200   | Learning Rate 0.000900
Train Auc.: 0.9442 | Test Auc.: 0.9405
Train Loss.: 0.1028 | Test Loss.: 0.1053
Train Acc.: 0.8697 | Test Acc.: 0.8626
Epoch: 159/200   | Learning Rate 0.000900
Train Auc.: 0.9415 | Test Auc.: 0.9391
Train Loss.: 0.1049 | Test Loss.: 0.1067
Train Acc.: 0.8637 | Test Acc.: 0.8624
Epoch: 160/200   | Learning Rate 0.000900
Train Auc.: 0.9447 | Test Auc.: 0.9411
Train Loss.: 0.1029 | Test Loss.: 0.1053
Train Acc.: 0.8720 | Test Acc.: 0.8644
Epoch: 161/200   | Learning Rate 0.000900
Train Auc.: 0.9459 | Test Auc.: 0.9431
Train Loss.: 0.1022 | Test Loss.: 0.1046
Train Acc.: 0.8715 | Test Acc.: 0.8691
Epoch: 162/200   | Learning Rate 0.000900
Train Auc.: 0.9439 | Test Auc.: 0.9409
Train Loss.: 0.1033 | Test Loss.: 0.1049
Train Acc.: 0.8717 | Test Acc.: 0.8686
Epoch: 163/200   | Learning Rate 0.000900
Train Auc.: 0.9449 | Test Auc.: 0.9436
Train Loss.: 0.1024 | Test Loss.: 0.1032
Train Acc.: 0.8712 | Test Acc.: 0.8708
Epoch: 164/200   | Learning Rate 0.000900
Train Auc.: 0.9461 | Test Auc.: 0.9442
Train Loss.: 0.1021 | Test Loss.: 0.1036
Train Acc.: 0.8724 | Test Acc.: 0.8693
Epoch: 165/200   | Learning Rate 0.000900
Train Auc.: 0.9449 | Test Auc.: 0.9438
Train Loss.: 0.1025 | Test Loss.: 0.1037
Train Acc.: 0.8704 | Test Acc.: 0.8705
Epoch: 166/200   | Learning Rate 0.000900
Train Auc.: 0.9452 | Test Auc.: 0.9413
Train Loss.: 0.1023 | Test Loss.: 0.1051
Train Acc.: 0.8722 | Test Acc.: 0.8650
Epoch: 167/200   | Learning Rate 0.000900
Train Auc.: 0.9433 | Test Auc.: 0.9411
Train Loss.: 0.1033 | Test Loss.: 0.1048
Train Acc.: 0.8708 | Test Acc.: 0.8658
Epoch: 168/200   | Learning Rate 0.000900
Train Auc.: 0.9417 | Test Auc.: 0.9389
Train Loss.: 0.1039 | Test Loss.: 0.1065
Train Acc.: 0.8654 | Test Acc.: 0.8660
Epoch: 169/200   | Learning Rate 0.000900
Train Auc.: 0.9453 | Test Auc.: 0.9418
Train Loss.: 0.1022 | Test Loss.: 0.1045
Train Acc.: 0.8715 | Test Acc.: 0.8650
Epoch: 170/200   | Learning Rate 0.000900
Train Auc.: 0.9410 | Test Auc.: 0.9402
Train Loss.: 0.1046 | Test Loss.: 0.1051
Train Acc.: 0.8652 | Test Acc.: 0.8627
Epoch: 171/200   | Learning Rate 0.000900
Train Auc.: 0.9445 | Test Auc.: 0.9416
Train Loss.: 0.1021 | Test Loss.: 0.1039
Train Acc.: 0.8742 | Test Acc.: 0.8637
Epoch: 172/200   | Learning Rate 0.000900
Train Auc.: 0.9437 | Test Auc.: 0.9424
Train Loss.: 0.1060 | Test Loss.: 0.1072
Train Acc.: 0.8691 | Test Acc.: 0.8673
Epoch: 173/200   | Learning Rate 0.000900
Train Auc.: 0.9438 | Test Auc.: 0.9436
Train Loss.: 0.1042 | Test Loss.: 0.1043
Train Acc.: 0.8695 | Test Acc.: 0.8657
Epoch: 174/200   | Learning Rate 0.000900
Train Auc.: 0.9460 | Test Auc.: 0.9443
Train Loss.: 0.1014 | Test Loss.: 0.1028
Train Acc.: 0.8729 | Test Acc.: 0.8728
Epoch: 175/200   | Learning Rate 0.000900
Train Auc.: 0.9463 | Test Auc.: 0.9429
Train Loss.: 0.1020 | Test Loss.: 0.1050
Train Acc.: 0.8692 | Test Acc.: 0.8662
Epoch: 176/200   | Learning Rate 0.000900
Train Auc.: 0.9455 | Test Auc.: 0.9434
Train Loss.: 0.1013 | Test Loss.: 0.1028
Train Acc.: 0.8717 | Test Acc.: 0.8668
Epoch: 177/200   | Learning Rate 0.000900
Train Auc.: 0.9460 | Test Auc.: 0.9444
Train Loss.: 0.1007 | Test Loss.: 0.1020
Train Acc.: 0.8743 | Test Acc.: 0.8716
Epoch: 178/200   | Learning Rate 0.000900
Train Auc.: 0.9437 | Test Auc.: 0.9428
Train Loss.: 0.1059 | Test Loss.: 0.1070
Train Acc.: 0.8629 | Test Acc.: 0.8622
Epoch: 179/200   | Learning Rate 0.000900
Train Auc.: 0.9412 | Test Auc.: 0.9387
Train Loss.: 0.1045 | Test Loss.: 0.1063
Train Acc.: 0.8650 | Test Acc.: 0.8642
Epoch: 180/200   | Learning Rate 0.000900
Train Auc.: 0.9452 | Test Auc.: 0.9444
Train Loss.: 0.1030 | Test Loss.: 0.1036
Train Acc.: 0.8711 | Test Acc.: 0.8709
Epoch: 181/200   | Learning Rate 0.000900
Train Auc.: 0.9443 | Test Auc.: 0.9414
Train Loss.: 0.1035 | Test Loss.: 0.1052
Train Acc.: 0.8734 | Test Acc.: 0.8685
Epoch: 182/200   | Learning Rate 0.000900
Train Auc.: 0.9451 | Test Auc.: 0.9438
Train Loss.: 0.1023 | Test Loss.: 0.1031
Train Acc.: 0.8748 | Test Acc.: 0.8708
Epoch: 183/200   | Learning Rate 0.000900
Train Auc.: 0.9435 | Test Auc.: 0.9438
Train Loss.: 0.1049 | Test Loss.: 0.1052
Train Acc.: 0.8676 | Test Acc.: 0.8685
Epoch: 184/200   | Learning Rate 0.000900
Train Auc.: 0.9478 | Test Auc.: 0.9442
Train Loss.: 0.1013 | Test Loss.: 0.1038
Train Acc.: 0.8783 | Test Acc.: 0.8700
Epoch: 185/200   | Learning Rate 0.000900
Train Auc.: 0.9437 | Test Auc.: 0.9427
Train Loss.: 0.1025 | Test Loss.: 0.1035
Train Acc.: 0.8690 | Test Acc.: 0.8653
Epoch: 186/200   | Learning Rate 0.000900
Train Auc.: 0.9444 | Test Auc.: 0.9398
Train Loss.: 0.1053 | Test Loss.: 0.1090
Train Acc.: 0.8609 | Test Acc.: 0.8537
Epoch: 187/200   | Learning Rate 0.000900
Train Auc.: 0.9440 | Test Auc.: 0.9422
Train Loss.: 0.1030 | Test Loss.: 0.1041
Train Acc.: 0.8693 | Test Acc.: 0.8653
Epoch: 188/200   | Learning Rate 0.000900
Train Auc.: 0.9463 | Test Auc.: 0.9450
Train Loss.: 0.1013 | Test Loss.: 0.1019
Train Acc.: 0.8775 | Test Acc.: 0.8726
Epoch: 189/200   | Learning Rate 0.000900
Train Auc.: 0.9480 | Test Auc.: 0.9452
Train Loss.: 0.1003 | Test Loss.: 0.1023
Train Acc.: 0.8772 | Test Acc.: 0.8724
Epoch: 190/200   | Learning Rate 0.000900
Train Auc.: 0.9448 | Test Auc.: 0.9433
Train Loss.: 0.1025 | Test Loss.: 0.1035
Train Acc.: 0.8709 | Test Acc.: 0.8711
Epoch: 191/200   | Learning Rate 0.000900
Train Auc.: 0.9465 | Test Auc.: 0.9442
Train Loss.: 0.1008 | Test Loss.: 0.1026
Train Acc.: 0.8718 | Test Acc.: 0.8709
Epoch: 192/200   | Learning Rate 0.000900
Train Auc.: 0.9466 | Test Auc.: 0.9445
Train Loss.: 0.1009 | Test Loss.: 0.1023
Train Acc.: 0.8755 | Test Acc.: 0.8708
Epoch: 193/200   | Learning Rate 0.000900
Train Auc.: 0.9460 | Test Auc.: 0.9439
Train Loss.: 0.1018 | Test Loss.: 0.1031
Train Acc.: 0.8749 | Test Acc.: 0.8713
Epoch: 194/200   | Learning Rate 0.000900
Train Auc.: 0.9473 | Test Auc.: 0.9433
Train Loss.: 0.1010 | Test Loss.: 0.1036
Train Acc.: 0.8726 | Test Acc.: 0.8642
Epoch: 195/200   | Learning Rate 0.000900
Train Auc.: 0.9472 | Test Auc.: 0.9473
Train Loss.: 0.0999 | Test Loss.: 0.1002
Train Acc.: 0.8761 | Test Acc.: 0.8780
Epoch: 196/200   | Learning Rate 0.000900
Train Auc.: 0.9448 | Test Auc.: 0.9418
Train Loss.: 0.1017 | Test Loss.: 0.1039
Train Acc.: 0.8707 | Test Acc.: 0.8714
Epoch: 197/200   | Learning Rate 0.000900
Train Auc.: 0.9481 | Test Auc.: 0.9454
Train Loss.: 0.1004 | Test Loss.: 0.1020
Train Acc.: 0.8738 | Test Acc.: 0.8718
Epoch: 198/200   | Learning Rate 0.000900
Train Auc.: 0.9471 | Test Auc.: 0.9433
Train Loss.: 0.1014 | Test Loss.: 0.1038
Train Acc.: 0.8763 | Test Acc.: 0.8716
Epoch: 199/200   | Learning Rate 0.000900
Train Auc.: 0.9449 | Test Auc.: 0.9418
Train Loss.: 0.1021 | Test Loss.: 0.1041
Train Acc.: 0.8720 | Test Acc.: 0.8678
Epoch: 200/200   | Learning Rate 0.000900
Train Auc.: 0.9428 | Test Auc.: 0.9416
Train Loss.: 0.1054 | Test Loss.: 0.1069
Train Acc.: 0.8660 | Test Acc.: 0.8660
 | Test Auc.: 0.9473
 | Test Auprc.: 0.9457
 | Test Acc.: 0.8780
 | Test F1.: 0.8780
 | Test Recall.: 0.8781
 | Test Precision.: 0.8784

Epoch: 052/200   | Learning Rate 0.001000
Train Auc.: 0.9171 | Test Auc.: 0.9146
Train Loss.: 0.2508 | Test Loss.: 0.2531
Train Acc.: 0.6106 | Test Acc.: 0.6128
Epoch: 053/200   | Learning Rate 0.001000
Train Auc.: 0.9148 | Test Auc.: 0.9117
Train Loss.: 0.2533 | Test Loss.: 0.2516
Train Acc.: 0.6328 | Test Acc.: 0.6379
Epoch: 054/200   | Learning Rate 0.001000
Train Auc.: 0.9236 | Test Auc.: 0.9226
Train Loss.: 0.1723 | Test Loss.: 0.1726
Train Acc.: 0.7595 | Test Acc.: 0.7597
Epoch: 055/200   | Learning Rate 0.001000
Train Auc.: 0.9247 | Test Auc.: 0.9262
Train Loss.: 0.1278 | Test Loss.: 0.1265
Train Acc.: 0.8285 | Test Acc.: 0.8277
Epoch: 056/200   | Learning Rate 0.001000
Train Auc.: 0.9326 | Test Auc.: 0.9320
Train Loss.: 0.1169 | Test Loss.: 0.1176
Train Acc.: 0.8547 | Test Acc.: 0.8522
Epoch: 057/200   | Learning Rate 0.001000
Train Auc.: 0.9372 | Test Auc.: 0.9368
Train Loss.: 0.1734 | Test Loss.: 0.1725
Train Acc.: 0.7753 | Test Acc.: 0.7783
Epoch: 058/200   | Learning Rate 0.001000
Train Auc.: 0.9361 | Test Auc.: 0.9353
Train Loss.: 0.2201 | Test Loss.: 0.2213
Train Acc.: 0.6909 | Test Acc.: 0.6851
Epoch: 059/200   | Learning Rate 0.001000
Train Auc.: 0.9382 | Test Auc.: 0.9353
Train Loss.: 0.1946 | Test Loss.: 0.1985
Train Acc.: 0.7504 | Test Acc.: 0.7424
Epoch: 060/200   | Learning Rate 0.001000
Train Auc.: 0.9393 | Test Auc.: 0.9381
Train Loss.: 0.1801 | Test Loss.: 0.1823
Train Acc.: 0.7657 | Test Acc.: 0.7597
Epoch: 061/200   | Learning Rate 0.001000
Train Auc.: 0.9299 | Test Auc.: 0.9270
Train Loss.: 0.1339 | Test Loss.: 0.1362
Train Acc.: 0.8271 | Test Acc.: 0.8181
Epoch: 062/200   | Learning Rate 0.001000
Train Auc.: 0.9309 | Test Auc.: 0.9295
Train Loss.: 0.1130 | Test Loss.: 0.1140
Train Acc.: 0.8506 | Test Acc.: 0.8543
Epoch: 063/200   | Learning Rate 0.001000
Train Auc.: 0.9338 | Test Auc.: 0.9322
Train Loss.: 0.1202 | Test Loss.: 0.1214
Train Acc.: 0.8357 | Test Acc.: 0.8316
Epoch: 064/200   | Learning Rate 0.001000
Train Auc.: 0.9275 | Test Auc.: 0.9270
Train Loss.: 0.1504 | Test Loss.: 0.1504
Train Acc.: 0.8000 | Test Acc.: 0.8003
Epoch: 065/200   | Learning Rate 0.001000
Train Auc.: 0.9321 | Test Auc.: 0.9300
Train Loss.: 0.1494 | Test Loss.: 0.1508
Train Acc.: 0.7923 | Test Acc.: 0.7906
Epoch: 066/200   | Learning Rate 0.001000
Train Auc.: 0.9267 | Test Auc.: 0.9278
Train Loss.: 0.1498 | Test Loss.: 0.1489
Train Acc.: 0.7895 | Test Acc.: 0.7923
Epoch: 067/200   | Learning Rate 0.001000
Train Auc.: 0.9340 | Test Auc.: 0.9339
Train Loss.: 0.1370 | Test Loss.: 0.1368
Train Acc.: 0.8151 | Test Acc.: 0.8153
Epoch: 068/200   | Learning Rate 0.001000
Train Auc.: 0.9364 | Test Auc.: 0.9359
Train Loss.: 0.1152 | Test Loss.: 0.1150
Train Acc.: 0.8494 | Test Acc.: 0.8471
Epoch: 069/200   | Learning Rate 0.001000
Train Auc.: 0.9339 | Test Auc.: 0.9293
Train Loss.: 0.1143 | Test Loss.: 0.1176
Train Acc.: 0.8562 | Test Acc.: 0.8558
Epoch: 070/200   | Learning Rate 0.001000
Train Auc.: 0.9365 | Test Auc.: 0.9336
Train Loss.: 0.1190 | Test Loss.: 0.1213
Train Acc.: 0.8534 | Test Acc.: 0.8551
Epoch: 071/200   | Learning Rate 0.001000
Train Auc.: 0.9375 | Test Auc.: 0.9323
Train Loss.: 0.1199 | Test Loss.: 0.1236
Train Acc.: 0.8525 | Test Acc.: 0.8456
Epoch: 072/200   | Learning Rate 0.001000
Train Auc.: 0.9364 | Test Auc.: 0.9361
Train Loss.: 0.1385 | Test Loss.: 0.1383
Train Acc.: 0.8261 | Test Acc.: 0.8273
Epoch: 073/200   | Learning Rate 0.001000
Train Auc.: 0.9425 | Test Auc.: 0.9416
Train Loss.: 0.1278 | Test Loss.: 0.1283
Train Acc.: 0.8414 | Test Acc.: 0.8418
Epoch: 074/200   | Learning Rate 0.001000
Train Auc.: 0.9386 | Test Auc.: 0.9363
Train Loss.: 0.1200 | Test Loss.: 0.1216
Train Acc.: 0.8518 | Test Acc.: 0.8479
Epoch: 075/200   | Learning Rate 0.001000
Train Auc.: 0.9353 | Test Auc.: 0.9314
Train Loss.: 0.1121 | Test Loss.: 0.1146
Train Acc.: 0.8591 | Test Acc.: 0.8540
Epoch: 076/200   | Learning Rate 0.001000
Train Auc.: 0.9361 | Test Auc.: 0.9371
Train Loss.: 0.1099 | Test Loss.: 0.1091
Train Acc.: 0.8554 | Test Acc.: 0.8584
Epoch: 077/200   | Learning Rate 0.001000
Train Auc.: 0.9333 | Test Auc.: 0.9309
Train Loss.: 0.1308 | Test Loss.: 0.1328
Train Acc.: 0.8362 | Test Acc.: 0.8337
Epoch: 078/200   | Learning Rate 0.001000
Train Auc.: 0.9293 | Test Auc.: 0.9267
Train Loss.: 0.1184 | Test Loss.: 0.1205
Train Acc.: 0.8423 | Test Acc.: 0.8416
Epoch: 079/200   | Learning Rate 0.001000
Train Auc.: 0.9322 | Test Auc.: 0.9325
Train Loss.: 0.1180 | Test Loss.: 0.1175
Train Acc.: 0.8387 | Test Acc.: 0.8449
Epoch: 080/200   | Learning Rate 0.001000
Train Auc.: 0.9360 | Test Auc.: 0.9355
Train Loss.: 0.1174 | Test Loss.: 0.1172
Train Acc.: 0.8440 | Test Acc.: 0.8412
Epoch: 081/200   | Learning Rate 0.001000
Train Auc.: 0.9381 | Test Auc.: 0.9401
Train Loss.: 0.1103 | Test Loss.: 0.1092
Train Acc.: 0.8580 | Test Acc.: 0.8594
Epoch: 082/200   | Learning Rate 0.001000
Train Auc.: 0.9358 | Test Auc.: 0.9360
Train Loss.: 0.1100 | Test Loss.: 0.1097
Train Acc.: 0.8574 | Test Acc.: 0.8589
Epoch: 083/200   | Learning Rate 0.001000
Train Auc.: 0.9396 | Test Auc.: 0.9386
Train Loss.: 0.1080 | Test Loss.: 0.1088
Train Acc.: 0.8648 | Test Acc.: 0.8627
Epoch: 084/200   | Learning Rate 0.001000
Train Auc.: 0.9408 | Test Auc.: 0.9382
Train Loss.: 0.1107 | Test Loss.: 0.1120
Train Acc.: 0.8642 | Test Acc.: 0.8606
Epoch: 085/200   | Learning Rate 0.001000
Train Auc.: 0.9396 | Test Auc.: 0.9403
Train Loss.: 0.1163 | Test Loss.: 0.1159
Train Acc.: 0.8555 | Test Acc.: 0.8558
Epoch: 086/200   | Learning Rate 0.001000
Train Auc.: 0.9385 | Test Auc.: 0.9371
Train Loss.: 0.1102 | Test Loss.: 0.1112
Train Acc.: 0.8576 | Test Acc.: 0.8566
Epoch: 087/200   | Learning Rate 0.001000
Train Auc.: 0.9372 | Test Auc.: 0.9359
Train Loss.: 0.1171 | Test Loss.: 0.1183
Train Acc.: 0.8505 | Test Acc.: 0.8500
Epoch: 088/200   | Learning Rate 0.001000
Train Auc.: 0.9378 | Test Auc.: 0.9369
Train Loss.: 0.1100 | Test Loss.: 0.1103
Train Acc.: 0.8589 | Test Acc.: 0.8556
Epoch: 089/200   | Learning Rate 0.001000
Train Auc.: 0.9388 | Test Auc.: 0.9334
Train Loss.: 0.1094 | Test Loss.: 0.1125
Train Acc.: 0.8621 | Test Acc.: 0.8548
Epoch: 090/200   | Learning Rate 0.001000
Train Auc.: 0.9390 | Test Auc.: 0.9382
Train Loss.: 0.1069 | Test Loss.: 0.1073
Train Acc.: 0.8629 | Test Acc.: 0.8602
Epoch: 091/200   | Learning Rate 0.001000
Train Auc.: 0.9344 | Test Auc.: 0.9328
Train Loss.: 0.1221 | Test Loss.: 0.1232
Train Acc.: 0.8431 | Test Acc.: 0.8403
Epoch: 092/200   | Learning Rate 0.001000
Train Auc.: 0.9334 | Test Auc.: 0.9313
Train Loss.: 0.1161 | Test Loss.: 0.1174
Train Acc.: 0.8494 | Test Acc.: 0.8446
Epoch: 093/200   | Learning Rate 0.001000
Train Auc.: 0.9376 | Test Auc.: 0.9343
Train Loss.: 0.1091 | Test Loss.: 0.1111
Train Acc.: 0.8584 | Test Acc.: 0.8533
Epoch: 094/200   | Learning Rate 0.001000
Train Auc.: 0.9388 | Test Auc.: 0.9364
Train Loss.: 0.1075 | Test Loss.: 0.1088
Train Acc.: 0.8666 | Test Acc.: 0.8621
Epoch: 095/200   | Learning Rate 0.001000
Train Auc.: 0.9397 | Test Auc.: 0.9377
Train Loss.: 0.1077 | Test Loss.: 0.1085
Train Acc.: 0.8657 | Test Acc.: 0.8688
Epoch: 096/200   | Learning Rate 0.001000
Train Auc.: 0.9362 | Test Auc.: 0.9348
Train Loss.: 0.1093 | Test Loss.: 0.1106
Train Acc.: 0.8609 | Test Acc.: 0.8617
Epoch: 097/200   | Learning Rate 0.001000
Train Auc.: 0.9401 | Test Auc.: 0.9378
Train Loss.: 0.1086 | Test Loss.: 0.1099
Train Acc.: 0.8635 | Test Acc.: 0.8621
Epoch: 098/200   | Learning Rate 0.001000
Train Auc.: 0.9390 | Test Auc.: 0.9373
Train Loss.: 0.1088 | Test Loss.: 0.1101
Train Acc.: 0.8618 | Test Acc.: 0.8619
Epoch: 099/200   | Learning Rate 0.001000
Train Auc.: 0.9395 | Test Auc.: 0.9352
Train Loss.: 0.1119 | Test Loss.: 0.1152
Train Acc.: 0.8610 | Test Acc.: 0.8583
Epoch: 100/200   | Learning Rate 0.001000
Train Auc.: 0.9381 | Test Auc.: 0.9371
Train Loss.: 0.1086 | Test Loss.: 0.1089
Train Acc.: 0.8612 | Test Acc.: 0.8594
Epoch: 101/200   | Learning Rate 0.000900
Train Auc.: 0.9365 | Test Auc.: 0.9384
Train Loss.: 0.1082 | Test Loss.: 0.1073
Train Acc.: 0.8591 | Test Acc.: 0.8627
Epoch: 102/200   | Learning Rate 0.000900
Train Auc.: 0.9360 | Test Auc.: 0.9343
Train Loss.: 0.1103 | Test Loss.: 0.1117
Train Acc.: 0.8569 | Test Acc.: 0.8507